Log file open, 04/18/17 10:46:40
LogInit:Display: Running engine for game: musicGame04
LogPlatformFile: Not using cached read wrapper
LogInit:Display: RandInit(2087064782) SRandInit(2087064782).
LogTaskGraph: Started task graph with 5 named threads and 6 total threads with 1 sets of task threads.
LogStats: Stats thread started at 0.069632
LogPluginManager: Loaded Plugin Paper2D, From C:/Program Files/Epic Games/UE_4.14/Engine/Plugins/2D/Paper2D/Paper2D.uplugin
LogPluginManager: Loaded Plugin LightPropagationVolume, From C:/Program Files/Epic Games/UE_4.14/Engine/Plugins/Blendables/LightPropagationVolume/LightPropagationVolume.uplugin
LogPluginManager: Loaded Plugin BlankPlugin, From C:/Program Files/Epic Games/UE_4.14/Engine/Plugins/Developer/BlankPlugin/BlankPlugin.uplugin
LogPluginManager: Loaded Plugin CodeLiteSourceCodeAccess, From C:/Program Files/Epic Games/UE_4.14/Engine/Plugins/Developer/CodeLiteSourceCodeAccess/CodeLiteSourceCodeAccess.uplugin
LogPluginManager: Loaded Plugin GitSourceControl, From C:/Program Files/Epic Games/UE_4.14/Engine/Plugins/Developer/GitSourceControl/GitSourceControl.uplugin
LogPluginManager: Loaded Plugin KDevelopSourceCodeAccess, From C:/Program Files/Epic Games/UE_4.14/Engine/Plugins/Developer/KDevelopSourceCodeAccess/KDevelopSourceCodeAccess.uplugin
LogPluginManager: Loaded Plugin NullSourceCodeAccess, From C:/Program Files/Epic Games/UE_4.14/Engine/Plugins/Developer/NullSourceCodeAccess/NullSourceCodeAccess.uplugin
LogPluginManager: Loaded Plugin OneSkyLocalizationService, From C:/Program Files/Epic Games/UE_4.14/Engine/Plugins/Developer/OneSkyLocalizationService/OneSkyLocalizationService.uplugin
LogPluginManager: Loaded Plugin PerforceSourceControl, From C:/Program Files/Epic Games/UE_4.14/Engine/Plugins/Developer/PerforceSourceControl/PerforceSourceControl.uplugin
LogPluginManager: Loaded Plugin SubversionSourceControl, From C:/Program Files/Epic Games/UE_4.14/Engine/Plugins/Developer/SubversionSourceControl/SubversionSourceControl.uplugin
LogPluginManager: Loaded Plugin UObjectPlugin, From C:/Program Files/Epic Games/UE_4.14/Engine/Plugins/Developer/UObjectPlugin/UObjectPlugin.uplugin
LogPluginManager: Loaded Plugin VisualStudioSourceCodeAccess, From C:/Program Files/Epic Games/UE_4.14/Engine/Plugins/Developer/VisualStudioSourceCodeAccess/VisualStudioSourceCodeAccess.uplugin
LogPluginManager: Loaded Plugin XCodeSourceCodeAccess, From C:/Program Files/Epic Games/UE_4.14/Engine/Plugins/Developer/XCodeSourceCodeAccess/XCodeSourceCodeAccess.uplugin
LogPluginManager: Loaded Plugin AudioCapture, From C:/Program Files/Epic Games/UE_4.14/Engine/Plugins/Editor/AudioCapture/AudioCapture.uplugin
LogPluginManager: Loaded Plugin EpicSurvey, From C:/Program Files/Epic Games/UE_4.14/Engine/Plugins/Editor/EpicSurvey/EpicSurvey.uplugin
LogPluginManager: Loaded Plugin MacGraphicsSwitching, From C:/Program Files/Epic Games/UE_4.14/Engine/Plugins/Editor/MacGraphicsSwitching/MacGraphicsSwitching.uplugin
LogPluginManager: Loaded Plugin MobileLauncherProfileWizard, From C:/Program Files/Epic Games/UE_4.14/Engine/Plugins/Editor/MobileLauncherProfileWizard/MobileLauncherProfileWizard.uplugin
LogPluginManager: Loaded Plugin PluginBrowser, From C:/Program Files/Epic Games/UE_4.14/Engine/Plugins/Editor/PluginBrowser/PluginBrowser.uplugin
LogPluginManager: Loaded Plugin SpeedTreeImporter, From C:/Program Files/Epic Games/UE_4.14/Engine/Plugins/Editor/SpeedTreeImporter/SpeedTreeImporter.uplugin
LogPluginManager: Loaded Plugin SuperSearchEditor, From C:/Program Files/Epic Games/UE_4.14/Engine/Plugins/Editor/SuperSearchEditor/SuperSearchEditor.uplugin
LogPluginManager: Loaded Plugin AlembicImporter, From C:/Program Files/Epic Games/UE_4.14/Engine/Plugins/Experimental/AlembicImporter/AlembicImporter.uplugin
LogPluginManager: Loaded Plugin BlueprintStats, From C:/Program Files/Epic Games/UE_4.14/Engine/Plugins/Experimental/BlueprintStats/BlueprintStats.uplugin
LogPluginManager: Loaded Plugin CharacterAI, From C:/Program Files/Epic Games/UE_4.14/Engine/Plugins/Experimental/CharacterAI/CharacterAI.uplugin
LogPluginManager: Loaded Plugin CodeEditor, From C:/Program Files/Epic Games/UE_4.14/Engine/Plugins/Experimental/CodeEditor/CodeEditor.uplugin
LogPluginManager: Loaded Plugin CodeView, From C:/Program Files/Epic Games/UE_4.14/Engine/Plugins/Experimental/CodeView/CodeView.uplugin
LogPluginManager: Loaded Plugin HTML5Networking, From C:/Program Files/Epic Games/UE_4.14/Engine/Plugins/Experimental/HTML5Networking/HTML5Networking.uplugin
LogPluginManager: Loaded Plugin OSVR, From C:/Program Files/Epic Games/UE_4.14/Engine/Plugins/Experimental/OSVR/OSVR.uplugin
LogPluginManager: Loaded Plugin Phya, From C:/Program Files/Epic Games/UE_4.14/Engine/Plugins/Experimental/Phya/Phya.uplugin
LogPluginManager: Loaded Plugin SignificanceManager, From C:/Program Files/Epic Games/UE_4.14/Engine/Plugins/Experimental/SignificanceManager/SignificanceManager.uplugin
LogPluginManager: Loaded Plugin SimpleHMD, From C:/Program Files/Epic Games/UE_4.14/Engine/Plugins/Experimental/SimpleHMD/SimpleHMD.uplugin
LogPluginManager: Loaded Plugin StereoPanorama, From C:/Program Files/Epic Games/UE_4.14/Engine/Plugins/Experimental/StereoPanorama/StereoPanorama.uplugin
LogPluginManager: Loaded Plugin StructBox, From C:/Program Files/Epic Games/UE_4.14/Engine/Plugins/Experimental/StructBox/StructBox.uplugin
LogPluginManager: Loaded Plugin AndroidMedia, From C:/Program Files/Epic Games/UE_4.14/Engine/Plugins/Media/AndroidMedia/AndroidMedia.uplugin
LogPluginManager: Loaded Plugin AvfMedia, From C:/Program Files/Epic Games/UE_4.14/Engine/Plugins/Media/AvfMedia/AvfMedia.uplugin
LogPluginManager: Loaded Plugin MediaPlayerEditor, From C:/Program Files/Epic Games/UE_4.14/Engine/Plugins/Media/MediaPlayerEditor/MediaPlayerEditor.uplugin
LogPluginManager: Loaded Plugin WmfMedia, From C:/Program Files/Epic Games/UE_4.14/Engine/Plugins/Media/WmfMedia/WmfMedia.uplugin
LogPluginManager: Loaded Plugin MessagingDebugger, From C:/Program Files/Epic Games/UE_4.14/Engine/Plugins/Messaging/MessagingDebugger/MessagingDebugger.uplugin
LogPluginManager: Loaded Plugin TcpMessaging, From C:/Program Files/Epic Games/UE_4.14/Engine/Plugins/Messaging/TcpMessaging/TcpMessaging.uplugin
LogPluginManager: Loaded Plugin UdpMessaging, From C:/Program Files/Epic Games/UE_4.14/Engine/Plugins/Messaging/UdpMessaging/UdpMessaging.uplugin
LogPluginManager: Loaded Plugin LevelSequenceEditor, From C:/Program Files/Epic Games/UE_4.14/Engine/Plugins/MovieScene/LevelSequenceEditor/LevelSequenceEditor.uplugin
LogPluginManager: Loaded Plugin MatineeToLevelSequence, From C:/Program Files/Epic Games/UE_4.14/Engine/Plugins/MovieScene/MatineeToLevelSequence/MatineeToLevelSequence.uplugin
LogPluginManager: Loaded Plugin NetcodeUnitTest, From C:/Program Files/Epic Games/UE_4.14/Engine/Plugins/NetcodeUnitTest/NetcodeUnitTest/NetcodeUnitTest.uplugin
LogPluginManager: Loaded Plugin NUTUnrealEngine4, From C:/Program Files/Epic Games/UE_4.14/Engine/Plugins/NetcodeUnitTest/NUTUnrealEngine4/NUTUnrealEngine4.uplugin
LogPluginManager: Loaded Plugin OnlineSubsystemGameCircle, From C:/Program Files/Epic Games/UE_4.14/Engine/Plugins/Online/Android/OnlineSubsystemGameCircle/OnlineSubsystemGameCircle.uplugin
LogPluginManager: Loaded Plugin OnlineSubsystemGooglePlay, From C:/Program Files/Epic Games/UE_4.14/Engine/Plugins/Online/Android/OnlineSubsystemGooglePlay/OnlineSubsystemGooglePlay.uplugin
LogPluginManager: Loaded Plugin OnlineSubsystemIOS, From C:/Program Files/Epic Games/UE_4.14/Engine/Plugins/Online/IOS/OnlineSubsystemIOS/OnlineSubsystemIOS.uplugin
LogPluginManager: Loaded Plugin OnlineFramework, From C:/Program Files/Epic Games/UE_4.14/Engine/Plugins/Online/OnlineFramework/OnlineFramework.uplugin
LogPluginManager: Loaded Plugin OnlineSubsystem, From C:/Program Files/Epic Games/UE_4.14/Engine/Plugins/Online/OnlineSubsystem/OnlineSubsystem.uplugin
LogPluginManager: Loaded Plugin OnlineSubsystemAmazon, From C:/Program Files/Epic Games/UE_4.14/Engine/Plugins/Online/OnlineSubsystemAmazon/OnlineSubsystemAmazon.uplugin
LogPluginManager: Loaded Plugin OnlineSubsystemFacebook, From C:/Program Files/Epic Games/UE_4.14/Engine/Plugins/Online/OnlineSubsystemFacebook/OnlineSubsystemFacebook.uplugin
LogPluginManager: Loaded Plugin OnlineSubsystemNull, From C:/Program Files/Epic Games/UE_4.14/Engine/Plugins/Online/OnlineSubsystemNull/OnlineSubsystemNull.uplugin
LogPluginManager: Loaded Plugin OnlineSubsystemOculus, From C:/Program Files/Epic Games/UE_4.14/Engine/Plugins/Online/OnlineSubsystemOculus/OnlineSubsystemOculus.uplugin
LogPluginManager: Loaded Plugin OnlineSubsystemSteam, From C:/Program Files/Epic Games/UE_4.14/Engine/Plugins/Online/OnlineSubsystemSteam/OnlineSubsystemSteam.uplugin
LogPluginManager: Loaded Plugin OnlineSubsystemUtils, From C:/Program Files/Epic Games/UE_4.14/Engine/Plugins/Online/OnlineSubsystemUtils/OnlineSubsystemUtils.uplugin
LogPluginManager: Loaded Plugin IOSTapJoy, From C:/Program Files/Epic Games/UE_4.14/Engine/Plugins/Runtime/Advertising/IOSTapJoy/IOSTapJoy.uplugin
LogPluginManager: Loaded Plugin AnalyticsBlueprintLibrary, From C:/Program Files/Epic Games/UE_4.14/Engine/Plugins/Runtime/Analytics/AnalyticsBlueprintLibrary/AnalyticsBlueprintLibrary.uplugin
LogPluginManager: Loaded Plugin AnalyticsMulticast, From C:/Program Files/Epic Games/UE_4.14/Engine/Plugins/Runtime/Analytics/AnalyticsMulticast/AnalyticsMulticast.uplugin
LogPluginManager: Loaded Plugin Apsalar, From C:/Program Files/Epic Games/UE_4.14/Engine/Plugins/Runtime/Analytics/Apsalar/Apsalar.uplugin
LogPluginManager: Loaded Plugin FileLogging, From C:/Program Files/Epic Games/UE_4.14/Engine/Plugins/Runtime/Analytics/FileLogging/FileLogging.uplugin
LogPluginManager: Loaded Plugin Flurry, From C:/Program Files/Epic Games/UE_4.14/Engine/Plugins/Runtime/Analytics/Flurry/Flurry.uplugin
LogPluginManager: Loaded Plugin AndroidDeviceProfileSelector, From C:/Program Files/Epic Games/UE_4.14/Engine/Plugins/Runtime/AndroidDeviceProfileSelector/AndroidDeviceProfileSelector.uplugin
LogPluginManager: Loaded Plugin AndroidMoviePlayer, From C:/Program Files/Epic Games/UE_4.14/Engine/Plugins/Runtime/AndroidMoviePlayer/AndroidMoviePlayer.uplugin
LogPluginManager: Loaded Plugin AppleMoviePlayer, From C:/Program Files/Epic Games/UE_4.14/Engine/Plugins/Runtime/AppleMoviePlayer/AppleMoviePlayer.uplugin
LogPluginManager: Loaded Plugin ArchVisCharacter, From C:/Program Files/Epic Games/UE_4.14/Engine/Plugins/Runtime/ArchVisCharacter/ArchVisCharacter.uplugin
LogPluginManager: Loaded Plugin CableComponent, From C:/Program Files/Epic Games/UE_4.14/Engine/Plugins/Runtime/CableComponent/CableComponent.uplugin
LogPluginManager: Loaded Plugin CustomMeshComponent, From C:/Program Files/Epic Games/UE_4.14/Engine/Plugins/Runtime/CustomMeshComponent/CustomMeshComponent.uplugin
LogPluginManager: Loaded Plugin ExampleDeviceProfileSelector, From C:/Program Files/Epic Games/UE_4.14/Engine/Plugins/Runtime/ExampleDeviceProfileSelector/ExampleDeviceProfileSelector.uplugin
LogPluginManager: Loaded Plugin GearVR, From C:/Program Files/Epic Games/UE_4.14/Engine/Plugins/Runtime/GearVR/GearVR.uplugin
LogPluginManager: Loaded Plugin GoogleVRController, From C:/Program Files/Epic Games/UE_4.14/Engine/Plugins/Runtime/GoogleVR/GoogleVRController/GoogleVRController.uplugin
LogPluginManager: Loaded Plugin GoogleVRHMD, From C:/Program Files/Epic Games/UE_4.14/Engine/Plugins/Runtime/GoogleVR/GoogleVRHMD/GoogleVRHMD.uplugin
LogPluginManager: Loaded Plugin IOSDeviceProfileSelector, From C:/Program Files/Epic Games/UE_4.14/Engine/Plugins/Runtime/IOSDeviceProfileSelector/IOSDeviceProfileSelector.uplugin
LogPluginManager: Loaded Plugin LeapMotion, From C:/Program Files/Epic Games/UE_4.14/Engine/Plugins/Runtime/LeapMotion/LeapMotion.uplugin
LogPluginManager: Loaded Plugin LinuxDeviceProfileSelector, From C:/Program Files/Epic Games/UE_4.14/Engine/Plugins/Runtime/LinuxDeviceProfileSelector/LinuxDeviceProfileSelector.uplugin
LogPluginManager: Loaded Plugin MIDIDevice, From C:/Program Files/Epic Games/UE_4.14/Engine/Plugins/Runtime/MIDIDevice/MIDIDevice.uplugin
LogPluginManager: Loaded Plugin MobilePatchingUtils, From C:/Program Files/Epic Games/UE_4.14/Engine/Plugins/Runtime/MobilePatchingUtils/MobilePatchingUtils.uplugin
LogPluginManager: Loaded Plugin Ansel, From C:/Program Files/Epic Games/UE_4.14/Engine/Plugins/Runtime/Nvidia/Ansel/Ansel.uplugin
LogPluginManager: Loaded Plugin OculusAudio, From C:/Program Files/Epic Games/UE_4.14/Engine/Plugins/Runtime/OculusAudio/OculusAudio.uplugin
LogPluginManager: Loaded Plugin OculusInput, From C:/Program Files/Epic Games/UE_4.14/Engine/Plugins/Runtime/OculusInput/OculusInput.uplugin
LogPluginManager: Loaded Plugin OculusLibrary, From C:/Program Files/Epic Games/UE_4.14/Engine/Plugins/Runtime/OculusLibrary/OculusLibrary.uplugin
LogPluginManager: Loaded Plugin OculusRift, From C:/Program Files/Epic Games/UE_4.14/Engine/Plugins/Runtime/OculusRift/OculusRift.uplugin
LogPluginManager: Loaded Plugin Oodle, From C:/Program Files/Epic Games/UE_4.14/Engine/Plugins/Runtime/PacketHandlers/CompressionComponents/Oodle/Oodle.uplugin
LogPluginManager: Loaded Plugin ProceduralMeshComponent, From C:/Program Files/Epic Games/UE_4.14/Engine/Plugins/Runtime/ProceduralMeshComponent/ProceduralMeshComponent.uplugin
LogPluginManager: Loaded Plugin SoundMod, From C:/Program Files/Epic Games/UE_4.14/Engine/Plugins/Runtime/SoundMod/SoundMod.uplugin
LogPluginManager: Loaded Plugin SoundVisualizations, From C:/Program Files/Epic Games/UE_4.14/Engine/Plugins/Runtime/SoundVisualizations/SoundVisualizations.uplugin
LogPluginManager: Loaded Plugin SteamController, From C:/Program Files/Epic Games/UE_4.14/Engine/Plugins/Runtime/Steam/SteamController/SteamController.uplugin
LogPluginManager: Loaded Plugin SteamVR, From C:/Program Files/Epic Games/UE_4.14/Engine/Plugins/Runtime/Steam/SteamVR/SteamVR.uplugin
LogPluginManager: Loaded Plugin WebBrowserWidget, From C:/Program Files/Epic Games/UE_4.14/Engine/Plugins/Runtime/WebBrowserWidget/WebBrowserWidget.uplugin
LogPluginManager: Loaded Plugin WindowsDeviceProfileSelector, From C:/Program Files/Epic Games/UE_4.14/Engine/Plugins/Runtime/WindowsDeviceProfileSelector/WindowsDeviceProfileSelector.uplugin
LogPluginManager: Loaded Plugin WindowsMoviePlayer, From C:/Program Files/Epic Games/UE_4.14/Engine/Plugins/Runtime/WindowsMoviePlayer/WindowsMoviePlayer.uplugin
LogPluginManager: Loaded Plugin ScriptPlugin, From C:/Program Files/Epic Games/UE_4.14/Engine/Plugins/ScriptPlugin/ScriptPlugin.uplugin
LogPluginManager: Loaded Plugin SlateRemote, From C:/Program Files/Epic Games/UE_4.14/Engine/Plugins/Slate/SlateRemote/SlateRemote.uplugin
LogPluginManager: Loaded Plugin EditorTests, From C:/Program Files/Epic Games/UE_4.14/Engine/Plugins/Tests/EditorTests/EditorTests.uplugin
LogPluginManager: Loaded Plugin FbxAutomationTestBuilder, From C:/Program Files/Epic Games/UE_4.14/Engine/Plugins/Tests/FbxAutomationTestBuilder/FbxAutomationTestBuilder.uplugin
LogPluginManager: Loaded Plugin FunctionalTestingEditor, From C:/Program Files/Epic Games/UE_4.14/Engine/Plugins/Tests/FunctionalTestingEditor/FunctionalTestingEditor.uplugin
LogPluginManager: Loaded Plugin RuntimeTests, From C:/Program Files/Epic Games/UE_4.14/Engine/Plugins/Tests/RuntimeTests/RuntimeTests.uplugin
LogPluginManager: Loaded Plugin ScreenshotTools, From C:/Program Files/Epic Games/UE_4.14/Engine/Plugins/Tests/ScreenshotTools/ScreenshotTools.uplugin
LogInit: Using libcurl 7.47.1
LogInit:  - built for x86_64-pc-win32
LogInit:  - supports SSL with OpenSSL/1.0.2g
LogInit:  - supports HTTP deflate (compression) using libz 1.2.8
LogInit:  - other features:
LogInit:      CURL_VERSION_SSL
LogInit:      CURL_VERSION_LIBZ
LogInit:      CURL_VERSION_IPV6
LogInit:      CURL_VERSION_ASYNCHDNS
LogInit:      CURL_VERSION_LARGEFILE
LogInit:      CURL_VERSION_IDN
LogInit:  CurlRequestOptions (configurable via config and command line):
LogInit:  - bVerifyPeer = false  - Libcurl will NOT verify peer certificate
LogInit:  - bUseHttpProxy = false  - Libcurl will NOT use HTTP proxy
LogInit:  - bDontReuseConnections = false  - Libcurl will reuse connections
LogInit:  - CertBundlePath = nullptr  - Libcurl will use whatever was configured at build time.
LogInit: Build: ++UE4+Release-4.14-CL-3249277
LogInit: Engine Version: 4.14.3-3249277+++UE4+Release-4.14
LogInit: Compatible Engine Version: 4.14.0-3195953+++UE4+Release-4.14
LogInit: Net CL: 3195953
LogDevObjectVersion: Number of dev versions registered: 13
LogDevObjectVersion:   Dev-Blueprints (B0D832E4-1F89-4F0D-ACCF-7EB736FD4AA2): 7
LogDevObjectVersion:   Dev-Build (E1C64328-A22C-4D53-A36C-8E866417BD8C): 0
LogDevObjectVersion:   Dev-Core (375EC13C-06E4-48FB-B500-84F0262A717E): 1
LogDevObjectVersion:   Dev-Editor (E4B068ED-F494-42E9-A231-DA0B2E46BB41): 8
LogDevObjectVersion:   Dev-Framework (CFFC743F-43B0-4480-9391-14DF171D2073): 17
LogDevObjectVersion:   Dev-Mobile (B02B49B5-BB20-44E9-A304-32B752E40360): 0
LogDevObjectVersion:   Dev-Networking (A4E4105C-59A1-49B5-A7C5-40C4547EDFEE): 0
LogDevObjectVersion:   Dev-Online (39C831C9-5AE6-47DC-9A44-9C173E1C8E7C): 0
LogDevObjectVersion:   Dev-Physics (78F01B33-EBEA-4F98-B9B4-84EACCB95AA2): 0
LogDevObjectVersion:   Dev-Platform (6631380F-2D4D-43E0-8009-CF276956A95A): 0
LogDevObjectVersion:   Dev-Rendering (12F88B9F-8875-4AFC-A67C-D90C383ABD29): 12
LogDevObjectVersion:   Dev-Sequencer (7B5AE74C-D270-4C10-A958-57980B212A5A): 1
LogDevObjectVersion:   Dev-VR (D7296918-1DD6-4BDD-9DE2-64A83CC13884): 0
LogInit: Compiled (64-bit): Jan  6 2017 10:49:43
LogInit: Compiled with Visual C++: 19.00.23026.00
LogInit: Build Configuration: Development
LogInit: Branch Name: ++UE4+Release-4.14
LogInit: Command line: -EpicPortal 
LogInit: Base directory: C:/Program Files/Epic Games/UE_4.14/Engine/Binaries/Win64/
LogInit: Installed Engine Build: 1
LogInit: Presizing for max 8388607 objects, including 0 objects not considered by GC, pre-allocating 0 bytes for permanent pool.
LogInit: Object subsystem initialized
[2017.04.18-01.16.40:766][  0]LogInit: Selected Device Profile: [Windows]
[2017.04.18-01.16.40:766][  0]LogInit: Applying CVar settings loaded from the selected device profile: [Windows]
[2017.04.18-01.16.40:781][  0]LogInit: Computer: XXXX-PC-X
[2017.04.18-01.16.40:781][  0]LogInit: User: User
[2017.04.18-01.16.40:782][  0]LogInit: CPU Page size=65536, Cores=2
[2017.04.18-01.16.40:782][  0]LogInit: High frequency timer resolution =2.533309 MHz
[2017.04.18-01.16.40:782][  0]LogMemory: Memory total: Physical=11.9GB (12GB approx)
[2017.04.18-01.16.40:782][  0]LogMemory: Platform Memory Stats for Windows
[2017.04.18-01.16.40:782][  0]LogMemory: Process Physical Memory: 266.23 MB used, 266.23 MB peak
[2017.04.18-01.16.40:782][  0]LogMemory: Process Virtual Memory: 262.57 MB used, 262.57 MB peak
[2017.04.18-01.16.40:782][  0]LogMemory: Physical Memory: 2970.95 MB used,  9195.22 MB free, 12166.16 MB total
[2017.04.18-01.16.40:782][  0]LogMemory: Virtual Memory: 698.48 MB used,  9195.22 MB free, 134217728.00 MB total
[2017.04.18-01.16.40:808][  0]LogTextLocalizationManager: No specific translations for ('en-AU') exist, so ('en') translations will be used.
[2017.04.18-01.16.41:496][  0]LogD3D11RHI: D3D11 adapters:
[2017.04.18-01.16.41:500][  0]LogD3D11RHI:    0. 'Intel(R) HD Graphics 4000' (Feature Level 11_0)
[2017.04.18-01.16.41:500][  0]LogD3D11RHI:       32/0/1760 MB DedicatedVideo/DedicatedSystem/SharedSystem, Outputs:1, VendorId:0x8086
[2017.04.18-01.16.41:501][  0]LogD3D11RHI:    1. 'Microsoft Basic Render Driver' (Feature Level 11_0)
[2017.04.18-01.16.41:501][  0]LogD3D11RHI:       0/0/6083 MB DedicatedVideo/DedicatedSystem/SharedSystem, Outputs:0, VendorId:0x1414
[2017.04.18-01.16.41:501][  0]LogD3D11RHI: Chosen D3D11 Adapter: 0
[2017.04.18-01.16.41:505][  0]LogD3D11RHI: Creating new Direct3DDevice
[2017.04.18-01.16.41:505][  0]LogD3D11RHI:     GPU DeviceId: 0x166 (for the marketing name, search the web for "GPU Device Id")
[2017.04.18-01.16.41:505][  0]LogWindows: EnumDisplayDevices:
[2017.04.18-01.16.41:505][  0]LogWindows:    0. 'Intel(R) HD Graphics 4000' (P:1 D:1)
[2017.04.18-01.16.41:506][  0]LogWindows:    1. 'Intel(R) HD Graphics 4000' (P:0 D:0)
[2017.04.18-01.16.41:506][  0]LogWindows:    2. 'Intel(R) HD Graphics 4000' (P:0 D:0)
[2017.04.18-01.16.41:506][  0]LogWindows: DebugString: FoundDriverCount:3 
[2017.04.18-01.16.41:506][  0]LogD3D11RHI:     Adapter Name: Intel(R) HD Graphics 4000
[2017.04.18-01.16.41:506][  0]LogD3D11RHI:   Driver Version: 10.18.10.4358 (internal:10.18.10.4358, unified:10.18.10.4358)
[2017.04.18-01.16.41:506][  0]LogD3D11RHI:      Driver Date: 12-21-2015
[2017.04.18-01.16.41:506][  0]LogRHI: Texture pool is 638 MB (70% of 912 MB)
[2017.04.18-01.16.41:509][  0]LogD3D11RHI: Async texture creation enabled
[2017.04.18-01.16.41:514][  0]LogD3D11RHI: GPU Timing Frequency: 12.500000 (Debug: 2 0)
[2017.04.18-01.16.41:515][  0]LogShaderCompilers: Guid format shader working directory is -32 characters bigger than the processId version (../../../../../../Users/User/Documents/GitHub/musicGame/musicGame/musicGame04/Intermediate/Shaders/WorkingDirectory/9736/).
[2017.04.18-01.16.41:515][  0]LogShaderCompilers: Cleaned the shader compiler working directory 'C:/Users/User/AppData/Local/Temp/UnrealShaderWorkingDir/AF8A97514287DDD93987FA9CB58BC4AF/'.
[2017.04.18-01.16.41:515][  0]LogShaderCompilers:Display: Using Local Shader Compiler.
[2017.04.18-01.16.42:879][  0]LogTemp:Display: Loaded TP AllDesktopTargetPlatform
[2017.04.18-01.16.42:946][  0]LogTemp:Display: Loaded TP MacClientTargetPlatform
[2017.04.18-01.16.43:011][  0]LogTemp:Display: Loaded TP MacNoEditorTargetPlatform
[2017.04.18-01.16.43:078][  0]LogTemp:Display: Loaded TP MacServerTargetPlatform
[2017.04.18-01.16.43:148][  0]LogTemp:Display: Loaded TP MacTargetPlatform
[2017.04.18-01.16.43:219][  0]LogTemp:Display: Loaded TP WindowsClientTargetPlatform
[2017.04.18-01.16.43:289][  0]LogTemp:Display: Loaded TP WindowsNoEditorTargetPlatform
[2017.04.18-01.16.43:356][  0]LogTemp:Display: Loaded TP WindowsServerTargetPlatform
[2017.04.18-01.16.43:410][  0]LogTemp:Display: Loaded TP WindowsTargetPlatform
[2017.04.18-01.16.43:473][  0]LogTemp:Display: Loaded TP AndroidTargetPlatform
[2017.04.18-01.16.43:538][  0]LogTemp:Display: Loaded TP Android_ASTCTargetPlatform
[2017.04.18-01.16.43:602][  0]LogTemp:Display: Loaded TP Android_ATCTargetPlatform
[2017.04.18-01.16.43:666][  0]LogTemp:Display: Loaded TP Android_DXTTargetPlatform
[2017.04.18-01.16.43:734][  0]LogTemp:Display: Loaded TP Android_ETC1TargetPlatform
[2017.04.18-01.16.43:799][  0]LogTemp:Display: Loaded TP Android_ETC2TargetPlatform
[2017.04.18-01.16.43:928][  0]LogTemp:Display: Loaded TP Android_MultiTargetPlatform
[2017.04.18-01.16.43:928][  0]LogTemp:Display: Loaded TP Android_PVRTCTargetPlatform
[2017.04.18-01.16.43:973][  0]LogTemp:Display: Loaded TP HTML5TargetPlatform
[2017.04.18-01.16.44:087][  0]LogTemp:Display: Loaded TP IOSTargetPlatform
[2017.04.18-01.16.44:146][  0]LogTemp:Display: Loaded TP TVOSTargetPlatform
[2017.04.18-01.16.44:235][  0]LogTemp:Display: Loaded TP LinuxClientTargetPlatform
[2017.04.18-01.16.44:299][  0]LogTemp:Display: Loaded TP LinuxNoEditorTargetPlatform
[2017.04.18-01.16.44:362][  0]LogTemp:Display: Loaded TP LinuxServerTargetPlatform
[2017.04.18-01.16.44:426][  0]LogTemp:Display: Loaded TP LinuxTargetPlatform
[2017.04.18-01.16.44:426][  0]LogTargetPlatformManager:Display: Building Assets For Windows
[2017.04.18-01.16.44:893][  0]LogDerivedDataCache:Display: Max Cache Size: 512 MB
[2017.04.18-01.16.44:947][  0]LogDerivedDataCache: Loaded boot cache 0.05s 50MB C:/Users/User/AppData/Local/UnrealEngine/4.14/DerivedDataCache/Boot.ddc.
[2017.04.18-01.16.44:947][  0]LogDerivedDataCache:Display: Loaded Boot cache: C:/Users/User/AppData/Local/UnrealEngine/4.14/DerivedDataCache/Boot.ddc
[2017.04.18-01.16.44:947][  0]LogDerivedDataCache: FDerivedDataBackendGraph:  Pak pak cache file ../../../../../../Users/User/Documents/GitHub/musicGame/musicGame/musicGame04/DerivedDataCache/DDC.ddp not found, will not use a pak cache.
[2017.04.18-01.16.44:947][  0]LogDerivedDataCache: Unable to find inner node Pak for hierarchical cache Hierarchy.
[2017.04.18-01.16.44:947][  0]LogDerivedDataCache: FDerivedDataBackendGraph:  CompressedPak pak cache file ../../../../../../Users/User/Documents/GitHub/musicGame/musicGame/musicGame04/DerivedDataCache/Compressed.ddp not found, will not use a pak cache.
[2017.04.18-01.16.44:947][  0]LogDerivedDataCache: Unable to find inner node CompressedPak for hierarchical cache Hierarchy.
[2017.04.18-01.16.44:965][  0]LogDerivedDataCache:Display: Pak cache opened for reading ../../../Engine/DerivedDataCache/Compressed.ddp.
[2017.04.18-01.16.44:978][  0]LogDerivedDataCache: Using Local data cache path C:/Users/User/AppData/Local/UnrealEngine/Common/DerivedDataCache: Writable
[2017.04.18-01.16.45:234][  0]LogInit: Selected Device Profile: [Windows]
[2017.04.18-01.16.45:238][  0]LogContentStreaming: Texture pool size is 0.00 MB
[2017.04.18-01.16.45:472][  0]LogMeshUtilities: Using QuadricMeshReduction for automatic static mesh reduction
[2017.04.18-01.16.45:523][  0]LogSimplygon: Simplygon DLL not present - disabling.
[2017.04.18-01.16.45:577][  0]LogMeshUtilities: Using SimplygonSwarm for distributed automatic mesh merging
[2017.04.18-01.16.45:577][  0]LogMeshUtilities: No automatic skeletal mesh reduction module available
[2017.04.18-01.16.45:577][  0]LogMeshUtilities: No automatic mesh merging module available
[2017.04.18-01.16.46:195][  0]LogNetVersion: GetLocalNetworkVersion: CL: 3195953, ProjectName: musicgame04, ProjectVersion: , EngineNetworkVersion: 2, GameNetworkVersion: 0, NetworkChecksum: 2475016038
[2017.04.18-01.16.46:258][  0]LogAssetRegistry: FAssetRegistry took 0.0223 seconds to start up
[2017.04.18-01.16.46:322][  0]LogPackageLocalizationCache: Processed 3 localized package path(s) for 2 prioritized culture(s) in 0.030242 seconds
[2017.04.18-01.16.46:328][  0]LogUObjectArray: 31946 objects as part of root set at end of initial load.
[2017.04.18-01.16.46:328][  0]LogUObjectAllocator: 6935848 out of 0 bytes used by permanent object pool.
[2017.04.18-01.16.46:328][  0]LogUObjectArray: CloseDisregardForGC: 0/0 objects in disregard for GC pool
[2017.04.18-01.16.46:410][  0]LogInit: WinSock: version 1.1 (2.2), MaxSocks=32767, MaxUdp=65467
[2017.04.18-01.16.47:453][  0]LogSlate: Using Freetype 2.6.0
[2017.04.18-01.16.47:454][  0]LogSlate: SlateFontCache - WITH_FREETYPE: 1, WITH_HARFBUZZ: 1
[2017.04.18-01.16.47:454][  0]LogSlate: SlateFontCache - WITH_FREETYPE: 1, WITH_HARFBUZZ: 1
[2017.04.18-01.16.48:458][  0]LogTcpMessaging: Initializing TcpMessaging bridge
[2017.04.18-01.16.48:503][  0]LogUdpMessaging: Initializing bridge on interface 0.0.0.0:0 to multicast group 230.0.0.1:6666.
[2017.04.18-01.16.48:929][  0]LogMaterial: Uniform references updated for custom material expression Custom.
[2017.04.18-01.16.49:435][  0]SourceControl: Info Source control is disabled
[2017.04.18-01.16.49:436][  0]SourceControl: Info Source control is disabled
[2017.04.18-01.16.49:490][  0]SourceControl: Info Source control is disabled
[2017.04.18-01.16.49:543][  0]SourceControl: Info Source control is disabled
[2017.04.18-01.16.51:022][  0]LogEngine: Initializing Engine...
[2017.04.18-01.16.51:023][  0]LogHMD: Failed to initialize OpenVR with code 110
[2017.04.18-01.16.51:306][  0]LogAIModule: Creating AISystem for world Untitled
[2017.04.18-01.16.51:315][  0]LogInit: XAudio2 using 'Speakers (3- Realtek High Definition Audio)' : 2 channels at 48 kHz using 32 bits per sample (channel mask 0x3)
[2017.04.18-01.16.51:342][  0]LogInit: FAudioDevice initialized.
[2017.04.18-01.16.51:370][  0]LogDerivedDataCache: Saved boot cache 0.03s 50MB C:/Users/User/AppData/Local/UnrealEngine/4.14/DerivedDataCache/Boot.ddc.
[2017.04.18-01.16.51:379][  0]LogInit: Texture streaming: Enabled
[2017.04.18-01.16.51:598][  0]LogInit: Transaction tracking system initialized
[2017.04.18-01.16.52:048][  0]BlueprintLog: New page: Editor Load
[2017.04.18-01.16.53:162][  0]LocalizationService: Info Localization service is disabled
[2017.04.18-01.16.53:984][  0]LogConsoleResponse:Display: 
[2017.04.18-01.16.54:150][  0]LogCook:Display: Max memory allowance for cook 16384mb min free memory 0mb
[2017.04.18-01.16.54:150][  0]LogCook:Display: Mobile HDR setting 1
[2017.04.18-01.16.54:946][  0]LogFileCache: Scanning file cache for directory 'C:/Users/User/Documents/GitHub/musicGame/musicGame/musicGame04/Content/' took 0.02s
[2017.04.18-01.16.55:289][  0]SourceControl: Info Source control is disabled
[2017.04.18-01.16.55:290][  0]Cmd: MAP LOAD FILE="../../../../../../Users/User/Documents/GitHub/musicGame/musicGame/musicGame04/Content/Level01.umap" TEMPLATE=0 SHOWPROGRESS=1 FEATURELEVEL=3
[2017.04.18-01.16.55:290][  0]LightingResults: New page: Lighting Build
[2017.04.18-01.16.55:338][  0]MapCheck: New page: Map Check
[2017.04.18-01.16.55:338][  0]LightingResults: New page: Lighting Build
[2017.04.18-01.16.56:328][  0]LogAIModule: Creating AISystem for world Level01
[2017.04.18-01.16.56:558][  0]LogEditorServer: Finished looking for orphan Actors (0.000 secs)
[2017.04.18-01.16.56:560][  0]Cmd: MAP CHECKDEP NOCLEARLOG
[2017.04.18-01.16.56:610][  0]MapCheck: Info Map check complete: 0 Error(s), 0 Warning(s), took 50.334ms to complete.
[2017.04.18-01.16.56:610][  0]LogFileHelpers: Loading map 'Level01' took 1.321
[2017.04.18-01.16.56:663][  0]LogWindowsTextInputMethodSystem:Display: IME system now deactivated.
[2017.04.18-01.16.56:791][  0]LogCollectionManager: Loaded 0 collections in 0.001829 seconds
[2017.04.18-01.16.56:876][  0]LogFileCache: Scanning file cache for directory 'C:/Users/User/Documents/GitHub/musicGame/musicGame/musicGame04/Saved/Collections/' took 0.01s
[2017.04.18-01.16.56:876][  0]LogFileCache: Scanning file cache for directory 'C:/Users/User/Documents/GitHub/musicGame/musicGame/musicGame04/Content/Developers/User/Collections/' took 0.01s
[2017.04.18-01.16.56:876][  0]LogFileCache: Scanning file cache for directory 'C:/Users/User/Documents/GitHub/musicGame/musicGame/musicGame04/Content/Collections/' took 0.01s
[2017.04.18-01.16.56:876][  0]LogCollectionManager: Rebuilt the GUID cache for 0 collections in 0.000002 seconds
[2017.04.18-01.16.56:886][  0]LogContentBrowser: Native class hierarchy populated in 0.0100 seconds. Added 2190 classes and 428 folders.
[2017.04.18-01.16.56:936][  0]LogStats: UGameplayTagsManager::ConstructGameplayTagTree: Construct from data asset -  0.000 s
[2017.04.18-01.16.56:936][  0]LogStats: UGameplayTagsManager::ConstructGameplayTagTree: GameplayTagTreeChangedEvent.Broadcast -  0.000 s
[2017.04.18-01.16.56:937][  0]LogContentBrowser: Native class hierarchy updated for 'GameplayTags' in 0.0006 seconds. Added 13 classes and 0 folders.
[2017.04.18-01.16.57:012][  0]LogContentBrowser: Native class hierarchy updated for 'WidgetCarousel' in 0.0005 seconds. Added 0 classes and 0 folders.
[2017.04.18-01.16.57:055][  0]LogContentBrowser: Native class hierarchy updated for 'AddContentDialog' in 0.0005 seconds. Added 0 classes and 0 folders.
[2017.04.18-01.16.57:105][  0]LogContentBrowser: Native class hierarchy updated for 'SceneOutliner' in 0.0006 seconds. Added 1 classes and 2 folders.
[2017.04.18-01.16.57:154][  0]LogCrashTracker: Crashtracker disabled due to settings.
[2017.04.18-01.16.57:158][  0]LogUObjectGlobals:Warning: Failed to find object 'Class None.'
[2017.04.18-01.16.57:236][  0]LogContentBrowser: Native class hierarchy updated for 'HierarchicalLODOutliner' in 0.0006 seconds. Added 1 classes and 2 folders.
[2017.04.18-01.16.57:236][  0]LogLoad: (Engine Initialization) Total time: 20.45 seconds
[2017.04.18-01.16.57:236][  0]LogLoad: (Engine Initialization) Total Blueprint compile time: 0.06 seconds
[2017.04.18-01.16.57:236][  0]LogExternalProfiler: No external profilers were discovered.  External profiling features will not be available.
[2017.04.18-01.16.57:246][  0]LogOcInput: OculusInput pre-init called
[2017.04.18-01.16.57:264][  0]LogContentStreaming: Texture pool size now 1000 MB
[2017.04.18-01.16.57:578][  0]LogRenderer: Reallocating scene render targets to support 888x308 NumSamples 1 (Frame:2).
[2017.04.18-01.16.58:128][  1]Cmd: SELECT NONE
[2017.04.18-01.16.58:144][  1]LogAssetRegistry: Asset discovery search completed in 11.9093 seconds
[2017.04.18-01.16.58:145][  1]LogCollectionManager: Rebuilt the object cache for 0 collections in 0.000005 seconds (found 0 objects)
[2017.04.18-01.16.58:145][  1]LogCollectionManager: Fixed up redirectors for 0 collections in 0.000026 seconds (updated 0 objects)
[2017.04.18-01.17.05:411][ 99]LogContentBrowser: Native class hierarchy updated for 'BlueprintGraph' in 0.0010 seconds. Added 111 classes and 0 folders.
[2017.04.18-01.17.45:662][751]LogRenderer: Reallocating scene render targets to support 940x464 NumSamples 1 (Frame:221).
[2017.04.18-01.17.50:926][918]LogRenderer: Reallocating scene render targets to support 944x464 NumSamples 1 (Frame:348).
[2017.04.18-01.17.58:228][134]Cmd: OBJ SAVEPACKAGE PACKAGE="/Game/blueprints/enemy" FILE="../../../../../../Users/User/Documents/GitHub/musicGame/musicGame/musicGame04/Content/blueprints/enemy.uasset" SILENT=true
[2017.04.18-01.17.58:265][134]LogSavePackage: Save=34.04ms
[2017.04.18-01.17.58:265][134]LogSavePackage: Moving '../../../../../../Users/User/Documents/GitHub/musicGame/musicGame/musicGame04/Saved/enemy6E0F10ED4E532A097DF543AB91527A1F.tmp' to '../../../../../../Users/User/Documents/GitHub/musicGame/musicGame/musicGame04/Content/blueprints/enemy.uasset'
[2017.04.18-01.17.58:271][134]LogSavePackage:Display: Finished SavePackage ../../../../../../Users/User/Documents/GitHub/musicGame/musicGame/musicGame04/Content/blueprints/enemy.uasset
[2017.04.18-01.34.02:753][884]Cmd: OBJ SAVEPACKAGE PACKAGE="/Game/blueprints/enemy" FILE="../../../../../../Users/User/Documents/GitHub/musicGame/musicGame/musicGame04/Content/blueprints/enemy.uasset" SILENT=true
[2017.04.18-01.34.02:794][884]LogSavePackage: Save=27.15ms
[2017.04.18-01.34.02:794][884]LogSavePackage: Moving '../../../../../../Users/User/Documents/GitHub/musicGame/musicGame/musicGame04/Saved/enemyED92EC3E42C63DD01BAB239434FCACA6.tmp' to '../../../../../../Users/User/Documents/GitHub/musicGame/musicGame/musicGame04/Content/blueprints/enemy.uasset'
[2017.04.18-01.34.02:798][884]LogSavePackage:Display: Finished SavePackage ../../../../../../Users/User/Documents/GitHub/musicGame/musicGame/musicGame04/Content/blueprints/enemy.uasset
[2017.04.18-01.34.04:779][  3]BlueprintLog: New page: Compile enemy
[2017.04.18-01.34.46:282][724]BlueprintLog: New page: Compile enemy
[2017.04.18-01.34.47:135][732]Cmd: OBJ SAVEPACKAGE PACKAGE="/Game/blueprints/enemy" FILE="../../../../../../Users/User/Documents/GitHub/musicGame/musicGame/musicGame04/Content/blueprints/enemy.uasset" SILENT=true
[2017.04.18-01.34.47:172][732]LogSavePackage: Save=27.08ms
[2017.04.18-01.34.47:172][732]LogSavePackage: Moving '../../../../../../Users/User/Documents/GitHub/musicGame/musicGame/musicGame04/Saved/enemy8857409046A6E136325BA8A1D6AFB1BC.tmp' to '../../../../../../Users/User/Documents/GitHub/musicGame/musicGame/musicGame04/Content/blueprints/enemy.uasset'
[2017.04.18-01.34.47:176][732]LogSavePackage:Display: Finished SavePackage ../../../../../../Users/User/Documents/GitHub/musicGame/musicGame/musicGame04/Content/blueprints/enemy.uasset
[2017.04.18-01.35.01:440][ 89]Cmd: OBJ SAVEPACKAGE PACKAGE="/Game/blueprints/Player" FILE="../../../../../../Users/User/Documents/GitHub/musicGame/musicGame/musicGame04/Content/blueprints/Player.uasset" SILENT=true
[2017.04.18-01.35.01:510][ 89]LogSavePackage: Save=53.89ms
[2017.04.18-01.35.01:510][ 89]LogSavePackage: Moving '../../../../../../Users/User/Documents/GitHub/musicGame/musicGame/musicGame04/Saved/Player656DF4744B4234505332A6BA211B9B1B.tmp' to '../../../../../../Users/User/Documents/GitHub/musicGame/musicGame/musicGame04/Content/blueprints/Player.uasset'
[2017.04.18-01.35.01:514][ 89]LogSavePackage:Display: Finished SavePackage ../../../../../../Users/User/Documents/GitHub/musicGame/musicGame/musicGame04/Content/blueprints/Player.uasset
[2017.04.18-01.35.05:614][167]LogEditorViewport: Clicking Background
[2017.04.18-01.35.33:733][547]LogEditorViewport: Clicking on Actor (LMB): PaperFlipbookActor (floor1777)
[2017.04.18-01.35.55:569][550]LogEditorViewport: Clicking on Actor (LMB): PaperFlipbookActor (floor2037)
[2017.04.18-01.35.55:804][550]LogEditorViewport: Clicking Background
[2017.04.18-01.36.19:321][551]LogSavePackage: Save=2721.15ms
[2017.04.18-01.36.19:321][551]LogSavePackage: Moving '../../../../../../Users/User/Documents/GitHub/musicGame/musicGame/musicGame04/Saved/Level01_Auto11A975F784E4977F48C236890A4F48B5A.tmp' to '../../../../../../Users/User/Documents/GitHub/musicGame/musicGame/musicGame04/Saved/Autosaves/Game/Level01_Auto1.umap'
[2017.04.18-01.36.19:325][551]LogSavePackage:Display: Finished SavePackage ../../../../../../Users/User/Documents/GitHub/musicGame/musicGame/musicGame04/Saved/Autosaves/Game/Level01_Auto1.umap
[2017.04.18-01.36.19:328][551]LogFileHelpers: Editor autosave (incl. sublevels) for '/Game/Level01' took 2.810
[2017.04.18-01.36.19:328][551]LogFileHelpers: Editor autosave (incl. sublevels) for all levels took 2.810
[2017.04.18-01.36.33:427][721]LogTemp: Repeting last play command: Selected Viewport
[2017.04.18-01.36.33:476][721]LogBlueprintUserMessages: Early PlayInEditor Detection: Level '/Game/Level01.Level01:PersistentLevel' has LevelScriptBlueprint '/Game/Level01.Level01:PersistentLevel.Level01' with GeneratedClass '/Game/Level01.Level01_C' with ClassGeneratedBy '/Game/Level01.Level01:PersistentLevel.Level01'
[2017.04.18-01.36.33:476][721]LogPlayLevel: PlayLevel: No blueprints needed recompiling
[2017.04.18-01.36.33:477][721]PIE: New page: PIE session: Level01 (18 Apr 2017 8:36:33 pm)
[2017.04.18-01.36.33:477][721]LogPlayLevel: Creating play world package: /Game/UEDPIE_0_Level01
[2017.04.18-01.36.33:725][721]LogPlayLevel: PIE: StaticDuplicateObject took: (0.248487s)
[2017.04.18-01.36.33:726][721]LogAIModule: Creating AISystem for world Level01
[2017.04.18-01.36.33:726][721]LogPlayLevel: PIE: World Init took: (0.000988s)
[2017.04.18-01.36.33:728][721]LogPlayLevel: PIE: Created PIE world by copying editor world from /Game/Level01.Level01 to /Game/UEDPIE_0_Level01.Level01 (0.251440s)
[2017.04.18-01.36.33:792][721]LogInit: XAudio2 using 'Speakers (3- Realtek High Definition Audio)' : 2 channels at 48 kHz using 32 bits per sample (channel mask 0x3)
[2017.04.18-01.36.33:802][721]LogInit: FAudioDevice initialized.
[2017.04.18-01.36.33:868][721]LogLoad: Game class is 'BasicLevelMode_C'
[2017.04.18-01.36.34:068][721]LogWorld: Bringing World /Game/UEDPIE_0_Level01.Level01 up for play (max tick rate 60) at 2017.04.18-11.06.34
[2017.04.18-01.36.34:103][721]LogWorld: Bringing up level for play took: 0.233524
[2017.04.18-01.36.34:160][721]LogContentBrowser: Native class hierarchy updated for 'MovieSceneCapture' in 0.0007 seconds. Added 11 classes and 0 folders.
[2017.04.18-01.36.34:160][721]LogGameMode:Display: Match State Changed from EnteringMap to WaitingToStart
[2017.04.18-01.36.34:160][721]LogGameState: Match State Changed from EnteringMap to WaitingToStart
[2017.04.18-01.36.34:160][721]LogGameMode:Display: Match State Changed from WaitingToStart to InProgress
[2017.04.18-01.36.34:167][721]LogGameState: Match State Changed from WaitingToStart to InProgress
[2017.04.18-01.36.34:167][721]PIE: Info Play in editor start time for /Game/UEDPIE_0_Level01 0.091
[2017.04.18-01.36.34:169][721]LogBlueprintUserMessages: Late PlayInEditor Detection: Level '/Game/Level01.Level01:PersistentLevel' has LevelScriptBlueprint '/Game/Level01.Level01:PersistentLevel.Level01' with GeneratedClass '/Game/Level01.Level01_C' with ClassGeneratedBy '/Game/Level01.Level01:PersistentLevel.Level01'
[2017.04.18-01.36.39:718][948]LogBlueprintUserMessages: Early EndPlayMap Detection: Level '/Game/Level01.Level01:PersistentLevel' has LevelScriptBlueprint '/Game/Level01.Level01:PersistentLevel.Level01' with GeneratedClass '/Game/Level01.Level01_C' with ClassGeneratedBy '/Game/Level01.Level01:PersistentLevel.Level01'
[2017.04.18-01.36.39:883][948]LogBlueprintUserMessages: Late EndPlayMap Detection: Level '/Game/Level01.Level01:PersistentLevel' has LevelScriptBlueprint '/Game/Level01.Level01:PersistentLevel.Level01' with GeneratedClass '/Game/Level01.Level01_C' with ClassGeneratedBy '/Game/Level01.Level01:PersistentLevel.Level01'
[2017.04.18-01.37.01:036][337]Cmd: OBJ SAVEPACKAGE PACKAGE="/Game/Level01" FILE="../../../../../../Users/User/Documents/GitHub/musicGame/musicGame/musicGame04/Content/Level01.umap" SILENT=true AUTOSAVING=false KEEPDIRTY=false
[2017.04.18-01.37.03:671][337]LogSavePackage: Save=2581.31ms
[2017.04.18-01.37.03:671][337]LogSavePackage: Moving '../../../../../../Users/User/Documents/GitHub/musicGame/musicGame/musicGame04/Saved/Level013932F7A843905D9A8221D0A6EE3BD3E1.tmp' to '../../../../../../Users/User/Documents/GitHub/musicGame/musicGame/musicGame04/Content/Level01.umap'
[2017.04.18-01.37.03:677][337]LogSavePackage:Display: Finished SavePackage ../../../../../../Users/User/Documents/GitHub/musicGame/musicGame/musicGame04/Content/Level01.umap
[2017.04.18-01.37.03:726][337]Cmd: OBJ SAVEPACKAGE PACKAGE="/Game/Level01_BuiltData" FILE="../../../../../../Users/User/Documents/GitHub/musicGame/musicGame/musicGame04/Content/Level01_BuiltData.uasset" SILENT=true
[2017.04.18-01.37.03:742][337]LogSavePackage: Save=5.43ms
[2017.04.18-01.37.03:742][337]LogSavePackage: Moving '../../../../../../Users/User/Documents/GitHub/musicGame/musicGame/musicGame04/Saved/Level01_BuiltDataFEF92E9942A477FAC6CC4C95A3EEB0BA.tmp' to '../../../../../../Users/User/Documents/GitHub/musicGame/musicGame/musicGame04/Content/Level01_BuiltData.uasset'
[2017.04.18-01.37.03:744][337]LogSavePackage:Display: Finished SavePackage ../../../../../../Users/User/Documents/GitHub/musicGame/musicGame/musicGame04/Content/Level01_BuiltData.uasset
[2017.04.18-01.37.08:731][417]LogEditorViewport: Clicking on Actor (LMB): enemy_C (enemy)
[2017.04.18-01.37.14:231][502]LogTemp: Repeting last play command: Selected Viewport
[2017.04.18-01.37.14:267][502]LogBlueprintUserMessages: Early PlayInEditor Detection: Level '/Game/Level01.Level01:PersistentLevel' has LevelScriptBlueprint '/Game/Level01.Level01:PersistentLevel.Level01' with GeneratedClass '/Game/Level01.Level01_C' with ClassGeneratedBy '/Game/Level01.Level01:PersistentLevel.Level01'
[2017.04.18-01.37.14:267][502]LogPlayLevel: PlayLevel: No blueprints needed recompiling
[2017.04.18-01.37.14:267][502]PIE: New page: PIE session: Level01 (18 Apr 2017 8:37:14 pm)
[2017.04.18-01.37.14:267][502]LogPlayLevel: Creating play world package: /Game/UEDPIE_0_Level01
[2017.04.18-01.37.14:481][502]LogPlayLevel: PIE: StaticDuplicateObject took: (0.212784s)
[2017.04.18-01.37.14:481][502]LogAIModule: Creating AISystem for world Level01
[2017.04.18-01.37.14:481][502]LogPlayLevel: PIE: World Init took: (0.000655s)
[2017.04.18-01.37.14:483][502]LogPlayLevel: PIE: Created PIE world by copying editor world from /Game/Level01.Level01 to /Game/UEDPIE_0_Level01.Level01 (0.215018s)
[2017.04.18-01.37.14:534][502]LogInit: XAudio2 using 'Speakers (3- Realtek High Definition Audio)' : 2 channels at 48 kHz using 32 bits per sample (channel mask 0x3)
[2017.04.18-01.37.14:542][502]LogInit: FAudioDevice initialized.
[2017.04.18-01.37.14:571][502]LogLoad: Game class is 'BasicLevelMode_C'
[2017.04.18-01.37.14:729][502]LogWorld: Bringing World /Game/UEDPIE_0_Level01.Level01 up for play (max tick rate 60) at 2017.04.18-11.07.14
[2017.04.18-01.37.14:753][502]LogWorld: Bringing up level for play took: 0.181720
[2017.04.18-01.37.14:754][502]LogGameMode:Display: Match State Changed from EnteringMap to WaitingToStart
[2017.04.18-01.37.14:754][502]LogGameState: Match State Changed from EnteringMap to WaitingToStart
[2017.04.18-01.37.14:754][502]LogGameMode:Display: Match State Changed from WaitingToStart to InProgress
[2017.04.18-01.37.14:760][502]LogGameState: Match State Changed from WaitingToStart to InProgress
[2017.04.18-01.37.14:760][502]PIE: Info Play in editor start time for /Game/UEDPIE_0_Level01 0.683
[2017.04.18-01.37.14:761][502]LogBlueprintUserMessages: Late PlayInEditor Detection: Level '/Game/Level01.Level01:PersistentLevel' has LevelScriptBlueprint '/Game/Level01.Level01:PersistentLevel.Level01' with GeneratedClass '/Game/Level01.Level01_C' with ClassGeneratedBy '/Game/Level01.Level01:PersistentLevel.Level01'
[2017.04.18-01.37.18:717][663]LogBlueprintUserMessages: Early EndPlayMap Detection: Level '/Game/Level01.Level01:PersistentLevel' has LevelScriptBlueprint '/Game/Level01.Level01:PersistentLevel.Level01' with GeneratedClass '/Game/Level01.Level01_C' with ClassGeneratedBy '/Game/Level01.Level01:PersistentLevel.Level01'
[2017.04.18-01.37.18:923][663]LogBlueprintUserMessages: Late EndPlayMap Detection: Level '/Game/Level01.Level01:PersistentLevel' has LevelScriptBlueprint '/Game/Level01.Level01:PersistentLevel.Level01' with GeneratedClass '/Game/Level01.Level01_C' with ClassGeneratedBy '/Game/Level01.Level01:PersistentLevel.Level01'
[2017.04.18-01.38.51:930][430]BlueprintLog: New page: Compile enemy
[2017.04.18-01.38.53:031][436]Cmd: OBJ SAVEPACKAGE PACKAGE="/Game/blueprints/enemy" FILE="../../../../../../Users/User/Documents/GitHub/musicGame/musicGame/musicGame04/Content/blueprints/enemy.uasset" SILENT=true
[2017.04.18-01.38.53:073][436]LogSavePackage: Save=30.46ms
[2017.04.18-01.38.53:073][436]LogSavePackage: Moving '../../../../../../Users/User/Documents/GitHub/musicGame/musicGame/musicGame04/Saved/enemy6A3049D64D9A9A9329A12BBDA1C1031A.tmp' to '../../../../../../Users/User/Documents/GitHub/musicGame/musicGame/musicGame04/Content/blueprints/enemy.uasset'
[2017.04.18-01.38.53:076][436]LogSavePackage:Display: Finished SavePackage ../../../../../../Users/User/Documents/GitHub/musicGame/musicGame/musicGame04/Content/blueprints/enemy.uasset
[2017.04.18-01.39.34:484][955]LogEditorViewport: Clicking on Actor (LMB): PaperFlipbookActor (floor775)
[2017.04.18-01.39.56:397][961]LogEditorViewport: Clicking on Actor (LMB): PlayerStart (PlayerStart)
[2017.04.18-01.39.56:453][961]Cmd: SELECT NONE
[2017.04.18-01.40.25:525][952]LogTemp: Repeting last play command: Selected Viewport
[2017.04.18-01.40.25:567][952]LogBlueprintUserMessages: Early PlayInEditor Detection: Level '/Game/Level01.Level01:PersistentLevel' has LevelScriptBlueprint '/Game/Level01.Level01:PersistentLevel.Level01' with GeneratedClass '/Game/Level01.Level01_C' with ClassGeneratedBy '/Game/Level01.Level01:PersistentLevel.Level01'
[2017.04.18-01.40.25:568][952]LogPlayLevel: PlayLevel: No blueprints needed recompiling
[2017.04.18-01.40.25:568][952]PIE: New page: PIE session: Level01 (18 Apr 2017 8:40:25 pm)
[2017.04.18-01.40.25:568][952]LogPlayLevel: Creating play world package: /Game/UEDPIE_0_Level01
[2017.04.18-01.40.25:879][952]LogPlayLevel: PIE: StaticDuplicateObject took: (0.310869s)
[2017.04.18-01.40.25:879][952]LogAIModule: Creating AISystem for world Level01
[2017.04.18-01.40.25:880][952]LogPlayLevel: PIE: World Init took: (0.001043s)
[2017.04.18-01.40.25:882][952]LogPlayLevel: PIE: Created PIE world by copying editor world from /Game/Level01.Level01 to /Game/UEDPIE_0_Level01.Level01 (0.313814s)
[2017.04.18-01.40.25:951][952]LogInit: XAudio2 using 'Speakers (3- Realtek High Definition Audio)' : 2 channels at 48 kHz using 32 bits per sample (channel mask 0x3)
[2017.04.18-01.40.25:964][952]LogInit: FAudioDevice initialized.
[2017.04.18-01.40.25:997][952]LogLoad: Game class is 'BasicLevelMode_C'
[2017.04.18-01.40.26:220][952]LogWorld: Bringing World /Game/UEDPIE_0_Level01.Level01 up for play (max tick rate 60) at 2017.04.18-11.10.26
[2017.04.18-01.40.26:253][952]LogWorld: Bringing up level for play took: 0.254627
[2017.04.18-01.40.26:254][952]LogGameMode:Display: Match State Changed from EnteringMap to WaitingToStart
[2017.04.18-01.40.26:254][952]LogGameState: Match State Changed from EnteringMap to WaitingToStart
[2017.04.18-01.40.26:254][952]LogGameMode:Display: Match State Changed from WaitingToStart to InProgress
[2017.04.18-01.40.26:261][952]LogGameState: Match State Changed from WaitingToStart to InProgress
[2017.04.18-01.40.26:262][952]PIE: Info Play in editor start time for /Game/UEDPIE_0_Level01 0.185
[2017.04.18-01.40.26:264][952]LogBlueprintUserMessages: Late PlayInEditor Detection: Level '/Game/Level01.Level01:PersistentLevel' has LevelScriptBlueprint '/Game/Level01.Level01:PersistentLevel.Level01' with GeneratedClass '/Game/Level01.Level01_C' with ClassGeneratedBy '/Game/Level01.Level01:PersistentLevel.Level01'
[2017.04.18-01.40.45:074][749]LogBlueprintUserMessages: Early EndPlayMap Detection: Level '/Game/Level01.Level01:PersistentLevel' has LevelScriptBlueprint '/Game/Level01.Level01:PersistentLevel.Level01' with GeneratedClass '/Game/Level01.Level01_C' with ClassGeneratedBy '/Game/Level01.Level01:PersistentLevel.Level01'
[2017.04.18-01.40.45:287][749]LogBlueprintUserMessages: Late EndPlayMap Detection: Level '/Game/Level01.Level01:PersistentLevel' has LevelScriptBlueprint '/Game/Level01.Level01:PersistentLevel.Level01' with GeneratedClass '/Game/Level01.Level01_C' with ClassGeneratedBy '/Game/Level01.Level01:PersistentLevel.Level01'
[2017.04.18-01.42.05:641][969]Cmd: OBJ SAVEPACKAGE PACKAGE="/Game/blueprints/enemy" FILE="../../../../../../Users/User/Documents/GitHub/musicGame/musicGame/musicGame04/Content/blueprints/enemy.uasset" SILENT=true
[2017.04.18-01.42.05:703][969]LogSavePackage: Save=41.97ms
[2017.04.18-01.42.05:703][969]LogSavePackage: Moving '../../../../../../Users/User/Documents/GitHub/musicGame/musicGame/musicGame04/Saved/enemy16B4E3E14C5DA9C7974C51B1DE76D9A0.tmp' to '../../../../../../Users/User/Documents/GitHub/musicGame/musicGame/musicGame04/Content/blueprints/enemy.uasset'
[2017.04.18-01.42.05:709][969]LogSavePackage:Display: Finished SavePackage ../../../../../../Users/User/Documents/GitHub/musicGame/musicGame/musicGame04/Content/blueprints/enemy.uasset
[2017.04.18-01.42.07:532][ 33]BlueprintLog: New page: Compile enemy
[2017.04.18-01.42.08:420][ 53]Cmd: OBJ SAVEPACKAGE PACKAGE="/Game/blueprints/enemy" FILE="../../../../../../Users/User/Documents/GitHub/musicGame/musicGame/musicGame04/Content/blueprints/enemy.uasset" SILENT=true
[2017.04.18-01.42.08:469][ 53]LogSavePackage: Save=36.35ms
[2017.04.18-01.42.08:469][ 53]LogSavePackage: Moving '../../../../../../Users/User/Documents/GitHub/musicGame/musicGame/musicGame04/Saved/enemy460941744C991FE942956C82EBCB5176.tmp' to '../../../../../../Users/User/Documents/GitHub/musicGame/musicGame/musicGame04/Content/blueprints/enemy.uasset'
[2017.04.18-01.42.08:472][ 53]LogSavePackage:Display: Finished SavePackage ../../../../../../Users/User/Documents/GitHub/musicGame/musicGame/musicGame04/Content/blueprints/enemy.uasset
[2017.04.18-01.42.14:259][252]LogTemp: Repeting last play command: Selected Viewport
[2017.04.18-01.42.14:300][252]LogBlueprintUserMessages: Early PlayInEditor Detection: Level '/Game/Level01.Level01:PersistentLevel' has LevelScriptBlueprint '/Game/Level01.Level01:PersistentLevel.Level01' with GeneratedClass '/Game/Level01.Level01_C' with ClassGeneratedBy '/Game/Level01.Level01:PersistentLevel.Level01'
[2017.04.18-01.42.14:300][252]LogPlayLevel: PlayLevel: No blueprints needed recompiling
[2017.04.18-01.42.14:300][252]PIE: New page: PIE session: Level01 (18 Apr 2017 8:42:14 pm)
[2017.04.18-01.42.14:300][252]LogPlayLevel: Creating play world package: /Game/UEDPIE_0_Level01
[2017.04.18-01.42.14:581][252]LogPlayLevel: PIE: StaticDuplicateObject took: (0.280949s)
[2017.04.18-01.42.14:582][252]LogAIModule: Creating AISystem for world Level01
[2017.04.18-01.42.14:582][252]LogPlayLevel: PIE: World Init took: (0.000870s)
[2017.04.18-01.42.14:584][252]LogPlayLevel: PIE: Created PIE world by copying editor world from /Game/Level01.Level01 to /Game/UEDPIE_0_Level01.Level01 (0.283732s)
[2017.04.18-01.42.14:651][252]LogInit: XAudio2 using 'Speakers (3- Realtek High Definition Audio)' : 2 channels at 48 kHz using 32 bits per sample (channel mask 0x3)
[2017.04.18-01.42.14:663][252]LogInit: FAudioDevice initialized.
[2017.04.18-01.42.14:705][252]LogLoad: Game class is 'BasicLevelMode_C'
[2017.04.18-01.42.14:959][252]LogWorld: Bringing World /Game/UEDPIE_0_Level01.Level01 up for play (max tick rate 60) at 2017.04.18-11.12.14
[2017.04.18-01.42.14:992][252]LogWorld: Bringing up level for play took: 0.285200
[2017.04.18-01.42.14:993][252]LogGameMode:Display: Match State Changed from EnteringMap to WaitingToStart
[2017.04.18-01.42.14:993][252]LogGameState: Match State Changed from EnteringMap to WaitingToStart
[2017.04.18-01.42.14:993][252]LogGameMode:Display: Match State Changed from WaitingToStart to InProgress
[2017.04.18-01.42.15:001][252]LogGameState: Match State Changed from WaitingToStart to InProgress
[2017.04.18-01.42.15:002][252]PIE: Info Play in editor start time for /Game/UEDPIE_0_Level01 0.925
[2017.04.18-01.42.15:004][252]LogBlueprintUserMessages: Late PlayInEditor Detection: Level '/Game/Level01.Level01:PersistentLevel' has LevelScriptBlueprint '/Game/Level01.Level01:PersistentLevel.Level01' with GeneratedClass '/Game/Level01.Level01_C' with ClassGeneratedBy '/Game/Level01.Level01:PersistentLevel.Level01'
[2017.04.18-01.42.22:616][572]LogBlueprintUserMessages: Early EndPlayMap Detection: Level '/Game/Level01.Level01:PersistentLevel' has LevelScriptBlueprint '/Game/Level01.Level01:PersistentLevel.Level01' with GeneratedClass '/Game/Level01.Level01_C' with ClassGeneratedBy '/Game/Level01.Level01:PersistentLevel.Level01'
[2017.04.18-01.42.22:821][572]LogBlueprintUserMessages: Late EndPlayMap Detection: Level '/Game/Level01.Level01:PersistentLevel' has LevelScriptBlueprint '/Game/Level01.Level01:PersistentLevel.Level01' with GeneratedClass '/Game/Level01.Level01_C' with ClassGeneratedBy '/Game/Level01.Level01:PersistentLevel.Level01'
[2017.04.18-01.42.33:687][124]Cmd: OBJ SAVEPACKAGE PACKAGE="/Game/blueprints/enemy" FILE="../../../../../../Users/User/Documents/GitHub/musicGame/musicGame/musicGame04/Content/blueprints/enemy.uasset" SILENT=true
[2017.04.18-01.42.33:723][124]LogSavePackage: Save=27.34ms
[2017.04.18-01.42.33:723][124]LogSavePackage: Moving '../../../../../../Users/User/Documents/GitHub/musicGame/musicGame/musicGame04/Saved/enemy937352564963F91E5534A0BFB1F49C83.tmp' to '../../../../../../Users/User/Documents/GitHub/musicGame/musicGame/musicGame04/Content/blueprints/enemy.uasset'
[2017.04.18-01.42.33:726][124]LogSavePackage:Display: Finished SavePackage ../../../../../../Users/User/Documents/GitHub/musicGame/musicGame/musicGame04/Content/blueprints/enemy.uasset
[2017.04.18-01.42.34:559][174]BlueprintLog: New page: Compile enemy
[2017.04.18-01.42.35:135][196]Cmd: OBJ SAVEPACKAGE PACKAGE="/Game/blueprints/enemy" FILE="../../../../../../Users/User/Documents/GitHub/musicGame/musicGame/musicGame04/Content/blueprints/enemy.uasset" SILENT=true
[2017.04.18-01.42.35:173][196]LogSavePackage: Save=28.34ms
[2017.04.18-01.42.35:173][196]LogSavePackage: Moving '../../../../../../Users/User/Documents/GitHub/musicGame/musicGame/musicGame04/Saved/enemy97FFDABD41E7AE4A754DF39DC1930696.tmp' to '../../../../../../Users/User/Documents/GitHub/musicGame/musicGame/musicGame04/Content/blueprints/enemy.uasset'
[2017.04.18-01.42.35:174][196]LogSavePackage:Display: Finished SavePackage ../../../../../../Users/User/Documents/GitHub/musicGame/musicGame/musicGame04/Content/blueprints/enemy.uasset
[2017.04.18-01.42.37:858][311]LogEditorViewport: Clicking on Actor (LMB): PaperFlipbookActor (floor498)
[2017.04.18-01.42.38:304][311]Cmd: OBJ SAVEPACKAGE PACKAGE="/Game/Level01" FILE="../../../../../../Users/User/Documents/GitHub/musicGame/musicGame/musicGame04/Content/Level01.umap" SILENT=true AUTOSAVING=false KEEPDIRTY=false
[2017.04.18-01.42.40:934][311]LogSavePackage: Save=2566.77ms
[2017.04.18-01.42.40:934][311]LogSavePackage: Moving '../../../../../../Users/User/Documents/GitHub/musicGame/musicGame/musicGame04/Saved/Level01C6F3563E40E497A05CA6838AC3482DD6.tmp' to '../../../../../../Users/User/Documents/GitHub/musicGame/musicGame/musicGame04/Content/Level01.umap'
[2017.04.18-01.42.40:941][311]LogSavePackage:Display: Finished SavePackage ../../../../../../Users/User/Documents/GitHub/musicGame/musicGame/musicGame04/Content/Level01.umap
[2017.04.18-01.42.40:985][311]Cmd: OBJ SAVEPACKAGE PACKAGE="/Game/Level01_BuiltData" FILE="../../../../../../Users/User/Documents/GitHub/musicGame/musicGame/musicGame04/Content/Level01_BuiltData.uasset" SILENT=true
[2017.04.18-01.42.41:002][311]LogSavePackage: Save=6.38ms
[2017.04.18-01.42.41:002][311]LogSavePackage: Moving '../../../../../../Users/User/Documents/GitHub/musicGame/musicGame/musicGame04/Saved/Level01_BuiltData79B9EE0A4A7614ACC9301BA117D13E5E.tmp' to '../../../../../../Users/User/Documents/GitHub/musicGame/musicGame/musicGame04/Content/Level01_BuiltData.uasset'
[2017.04.18-01.42.41:004][311]LogSavePackage:Display: Finished SavePackage ../../../../../../Users/User/Documents/GitHub/musicGame/musicGame/musicGame04/Content/Level01_BuiltData.uasset
[2017.04.18-01.42.42:801][321]LogTemp: Repeting last play command: Selected Viewport
[2017.04.18-01.42.42:836][321]LogBlueprintUserMessages: Early PlayInEditor Detection: Level '/Game/Level01.Level01:PersistentLevel' has LevelScriptBlueprint '/Game/Level01.Level01:PersistentLevel.Level01' with GeneratedClass '/Game/Level01.Level01_C' with ClassGeneratedBy '/Game/Level01.Level01:PersistentLevel.Level01'
[2017.04.18-01.42.42:836][321]LogPlayLevel: PlayLevel: No blueprints needed recompiling
[2017.04.18-01.42.42:836][321]PIE: New page: PIE session: Level01 (18 Apr 2017 8:42:42 pm)
[2017.04.18-01.42.42:836][321]LogPlayLevel: Creating play world package: /Game/UEDPIE_0_Level01
[2017.04.18-01.42.43:035][321]LogPlayLevel: PIE: StaticDuplicateObject took: (0.199087s)
[2017.04.18-01.42.43:036][321]LogAIModule: Creating AISystem for world Level01
[2017.04.18-01.42.43:036][321]LogPlayLevel: PIE: World Init took: (0.000650s)
[2017.04.18-01.42.43:037][321]LogPlayLevel: PIE: Created PIE world by copying editor world from /Game/Level01.Level01 to /Game/UEDPIE_0_Level01.Level01 (0.201275s)
[2017.04.18-01.43.03:183][321]LogInit: XAudio2 using 'Speakers (3- Realtek High Definition Audio)' : 2 channels at 48 kHz using 32 bits per sample (channel mask 0x3)
[2017.04.18-01.43.03:192][321]LogInit: FAudioDevice initialized.
[2017.04.18-01.43.03:227][321]LogLoad: Game class is 'BasicLevelMode_C'
[2017.04.18-01.43.03:421][321]LogWorld: Bringing World /Game/UEDPIE_0_Level01.Level01 up for play (max tick rate 60) at 2017.04.18-11.13.03
[2017.04.18-01.43.03:445][321]LogWorld: Bringing up level for play took: 0.217722
[2017.04.18-01.43.03:446][321]LogGameMode:Display: Match State Changed from EnteringMap to WaitingToStart
[2017.04.18-01.43.03:446][321]LogGameState: Match State Changed from EnteringMap to WaitingToStart
[2017.04.18-01.43.03:446][321]LogGameMode:Display: Match State Changed from WaitingToStart to InProgress
[2017.04.18-01.43.03:452][321]LogGameState: Match State Changed from WaitingToStart to InProgress
[2017.04.18-01.43.03:452][321]PIE: Info Play in editor start time for /Game/UEDPIE_0_Level01 21.375
[2017.04.18-01.43.03:453][321]LogBlueprintUserMessages: Late PlayInEditor Detection: Level '/Game/Level01.Level01:PersistentLevel' has LevelScriptBlueprint '/Game/Level01.Level01:PersistentLevel.Level01' with GeneratedClass '/Game/Level01.Level01_C' with ClassGeneratedBy '/Game/Level01.Level01:PersistentLevel.Level01'
[2017.04.18-01.43.03:509][322]LogCharacterMovement:Warning: GetSimulationTimeStep() - Max iterations 8 hit while remaining time 0.053947 > MaxSimulationTimeStep (0.050) for 'enemy_18', movement 'Walking'
[2017.04.18-01.43.21:409][ 67]LogBlueprintUserMessages: Early EndPlayMap Detection: Level '/Game/Level01.Level01:PersistentLevel' has LevelScriptBlueprint '/Game/Level01.Level01:PersistentLevel.Level01' with GeneratedClass '/Game/Level01.Level01_C' with ClassGeneratedBy '/Game/Level01.Level01:PersistentLevel.Level01'
[2017.04.18-01.43.55:124][ 67]LogBlueprintUserMessages: Late EndPlayMap Detection: Level '/Game/Level01.Level01:PersistentLevel' has LevelScriptBlueprint '/Game/Level01.Level01:PersistentLevel.Level01' with GeneratedClass '/Game/Level01.Level01_C' with ClassGeneratedBy '/Game/Level01.Level01:PersistentLevel.Level01'
[2017.04.18-01.43.55:481][ 68]Cmd: SELECT NONE
[2017.04.18-01.44.15:357][ 68]LogEditorViewport: Clicking on Actor (LMB): PaperFlipbookActor (floor783)
[2017.04.18-01.44.35:666][ 68]LogEditorViewport: Clicking on Actor (LMB): PaperFlipbookActor (floor835)
[2017.04.18-01.45.18:649][302]LogEditorViewport: Clicking on Actor (LMB): PaperFlipbookActor (floor841)
[2017.04.18-01.45.51:795][786]Cmd: OBJ SAVEPACKAGE PACKAGE="/Game/blueprints/enemy" FILE="../../../../../../Users/User/Documents/GitHub/musicGame/musicGame/musicGame04/Content/blueprints/enemy.uasset" SILENT=true
[2017.04.18-01.45.51:838][786]LogSavePackage: Save=31.33ms
[2017.04.18-01.45.51:838][786]LogSavePackage: Moving '../../../../../../Users/User/Documents/GitHub/musicGame/musicGame/musicGame04/Saved/enemy260DA0634F0C89EE72D9E9A0F0F5670A.tmp' to '../../../../../../Users/User/Documents/GitHub/musicGame/musicGame/musicGame04/Content/blueprints/enemy.uasset'
[2017.04.18-01.45.51:841][786]LogSavePackage:Display: Finished SavePackage ../../../../../../Users/User/Documents/GitHub/musicGame/musicGame/musicGame04/Content/blueprints/enemy.uasset
[2017.04.18-01.45.52:803][843]BlueprintLog: New page: Compile enemy
[2017.04.18-01.45.53:443][871]Cmd: OBJ SAVEPACKAGE PACKAGE="/Game/blueprints/enemy" FILE="../../../../../../Users/User/Documents/GitHub/musicGame/musicGame/musicGame04/Content/blueprints/enemy.uasset" SILENT=true
[2017.04.18-01.45.53:480][871]LogSavePackage: Save=27.91ms
[2017.04.18-01.45.53:480][871]LogSavePackage: Moving '../../../../../../Users/User/Documents/GitHub/musicGame/musicGame/musicGame04/Saved/enemy5CEB4D92409626306CD690AB384BF5D9.tmp' to '../../../../../../Users/User/Documents/GitHub/musicGame/musicGame/musicGame04/Content/blueprints/enemy.uasset'
[2017.04.18-01.45.53:482][871]LogSavePackage:Display: Finished SavePackage ../../../../../../Users/User/Documents/GitHub/musicGame/musicGame/musicGame04/Content/blueprints/enemy.uasset
[2017.04.18-01.46.14:811][898]LogEditorViewport: Clicking on Actor (LMB): PaperFlipbookActor (floor505)
[2017.04.18-01.46.14:892][898]Cmd: OBJ SAVEPACKAGE PACKAGE="/Game/Level01" FILE="../../../../../../Users/User/Documents/GitHub/musicGame/musicGame/musicGame04/Content/Level01.umap" SILENT=true AUTOSAVING=false KEEPDIRTY=false
[2017.04.18-01.46.17:630][898]LogSavePackage: Save=2673.29ms
[2017.04.18-01.46.17:630][898]LogSavePackage: Moving '../../../../../../Users/User/Documents/GitHub/musicGame/musicGame/musicGame04/Saved/Level01BBD3721E4DAA4DD8A2D919988412D683.tmp' to '../../../../../../Users/User/Documents/GitHub/musicGame/musicGame/musicGame04/Content/Level01.umap'
[2017.04.18-01.46.17:636][898]LogSavePackage:Display: Finished SavePackage ../../../../../../Users/User/Documents/GitHub/musicGame/musicGame/musicGame04/Content/Level01.umap
[2017.04.18-01.46.17:681][898]Cmd: OBJ SAVEPACKAGE PACKAGE="/Game/Level01_BuiltData" FILE="../../../../../../Users/User/Documents/GitHub/musicGame/musicGame/musicGame04/Content/Level01_BuiltData.uasset" SILENT=true
[2017.04.18-01.46.17:696][898]LogSavePackage: Save=5.01ms
[2017.04.18-01.46.17:696][898]LogSavePackage: Moving '../../../../../../Users/User/Documents/GitHub/musicGame/musicGame/musicGame04/Saved/Level01_BuiltData88DDCA864C67C761CD11F2BCBE1CBDBF.tmp' to '../../../../../../Users/User/Documents/GitHub/musicGame/musicGame/musicGame04/Content/Level01_BuiltData.uasset'
[2017.04.18-01.46.17:698][898]LogSavePackage:Display: Finished SavePackage ../../../../../../Users/User/Documents/GitHub/musicGame/musicGame/musicGame04/Content/Level01_BuiltData.uasset
[2017.04.18-01.46.36:717][ 18]LogTemp: Repeting last play command: Selected Viewport
[2017.04.18-01.46.36:750][ 18]LogBlueprintUserMessages: Early PlayInEditor Detection: Level '/Game/Level01.Level01:PersistentLevel' has LevelScriptBlueprint '/Game/Level01.Level01:PersistentLevel.Level01' with GeneratedClass '/Game/Level01.Level01_C' with ClassGeneratedBy '/Game/Level01.Level01:PersistentLevel.Level01'
[2017.04.18-01.46.36:750][ 18]LogPlayLevel: PlayLevel: No blueprints needed recompiling
[2017.04.18-01.46.36:750][ 18]PIE: New page: PIE session: Level01 (18 Apr 2017 8:46:36 pm)
[2017.04.18-01.46.36:750][ 18]LogPlayLevel: Creating play world package: /Game/UEDPIE_0_Level01
[2017.04.18-01.46.36:964][ 18]LogPlayLevel: PIE: StaticDuplicateObject took: (0.213799s)
[2017.04.18-01.46.36:965][ 18]LogAIModule: Creating AISystem for world Level01
[2017.04.18-01.46.36:965][ 18]LogPlayLevel: PIE: World Init took: (0.000863s)
[2017.04.18-01.46.36:966][ 18]LogPlayLevel: PIE: Created PIE world by copying editor world from /Game/Level01.Level01 to /Game/UEDPIE_0_Level01.Level01 (0.216216s)
[2017.04.18-01.47.02:191][ 18]LogInit: XAudio2 using 'Speakers (3- Realtek High Definition Audio)' : 2 channels at 48 kHz using 32 bits per sample (channel mask 0x3)
[2017.04.18-01.47.02:201][ 18]LogInit: FAudioDevice initialized.
[2017.04.18-01.47.02:235][ 18]LogLoad: Game class is 'BasicLevelMode_C'
[2017.04.18-01.47.02:425][ 18]LogWorld: Bringing World /Game/UEDPIE_0_Level01.Level01 up for play (max tick rate 60) at 2017.04.18-11.17.02
[2017.04.18-01.47.02:452][ 18]LogWorld: Bringing up level for play took: 0.216174
[2017.04.18-01.47.02:453][ 18]LogGameMode:Display: Match State Changed from EnteringMap to WaitingToStart
[2017.04.18-01.47.02:453][ 18]LogGameState: Match State Changed from EnteringMap to WaitingToStart
[2017.04.18-01.47.02:453][ 18]LogGameMode:Display: Match State Changed from WaitingToStart to InProgress
[2017.04.18-01.47.02:459][ 18]LogGameState: Match State Changed from WaitingToStart to InProgress
[2017.04.18-01.47.02:459][ 18]PIE: Info Play in editor start time for /Game/UEDPIE_0_Level01 26.383
[2017.04.18-01.47.02:461][ 18]LogBlueprintUserMessages: Late PlayInEditor Detection: Level '/Game/Level01.Level01:PersistentLevel' has LevelScriptBlueprint '/Game/Level01.Level01:PersistentLevel.Level01' with GeneratedClass '/Game/Level01.Level01_C' with ClassGeneratedBy '/Game/Level01.Level01:PersistentLevel.Level01'
[2017.04.18-01.47.02:520][ 19]LogCharacterMovement:Warning: GetSimulationTimeStep() - Max iterations 8 hit while remaining time 0.093492 > MaxSimulationTimeStep (0.050) for 'enemy_18', movement 'Walking'
[2017.04.18-01.47.31:354][235]LogBlueprintUserMessages: Early EndPlayMap Detection: Level '/Game/Level01.Level01:PersistentLevel' has LevelScriptBlueprint '/Game/Level01.Level01:PersistentLevel.Level01' with GeneratedClass '/Game/Level01.Level01_C' with ClassGeneratedBy '/Game/Level01.Level01:PersistentLevel.Level01'
[2017.04.18-01.48.07:005][235]LogBlueprintUserMessages: Late EndPlayMap Detection: Level '/Game/Level01.Level01:PersistentLevel' has LevelScriptBlueprint '/Game/Level01.Level01:PersistentLevel.Level01' with GeneratedClass '/Game/Level01.Level01_C' with ClassGeneratedBy '/Game/Level01.Level01:PersistentLevel.Level01'
[2017.04.18-01.48.07:347][236]Cmd: SELECT NONE
[2017.04.18-01.48.27:435][236]Cmd: SELECT NONE
[2017.04.18-01.48.27:446][236]LogEditorViewport: Clicking on Actor (LMB): PaperFlipbookActor (floor437)
[2017.04.18-01.51.10:400][509]LogActorComponent: UnregisterComponent: (/Engine/Transient.EditorFloorComp) Not registered. Aborting.
[2017.04.18-01.51.10:721][510]Cmd: QUIT_EDITOR
[2017.04.18-01.51.11:477][510]LogWindowsTextInputMethodSystem:Display: IME system now deactivated.
[2017.04.18-01.51.11:549][510]LogExit: Preparing to exit.
[2017.04.18-01.51.12:209][510]LogDirectoryWatcher: A directory notification for 'C:/Users/User/Documents/GitHub/musicGame/musicGame/musicGame04/Content/' was aborted.
[2017.04.18-01.51.12:328][510]LogExit: Editor shut down
[2017.04.18-01.51.12:329][510]LogExit: Transaction tracking system shut down
[2017.04.18-01.51.12:439][510]LogObj: Freed 0b from 0 cluster array pools.
[2017.04.18-01.51.12:440][510]LogExit: Object subsystem successfully closed.
[2017.04.18-01.51.12:454][510]LogD3D11RHI: Shutdown
[2017.04.18-01.51.12:454][510]LogD3D11RHI: CleanupD3DDevice
[2017.04.18-01.51.12:770][510]LogD3D11RHI: ~FD3D11DynamicRHI
[2017.04.18-01.51.12:790][510]LogHttp:Display: Http module shutting down, but needs to wait on 1 outstanding Http requests:
[2017.04.18-01.51.12:790][510]LogHttp:Display: 	verb=[POST] url=[https://datarouter.ol.epicgames.com/datarouter/api/v1/public/data?SessionID=%7BA948BC06-4199-3953-CD13-FE85A2A4A177%7D&AppID=UEEditor.Rocket.Release&AppVersion=4.14.3-3249277%2B%2B%2BUE4%2BRelease-4.14&UserID=819706684573047120e8f9a1f4d30b52%7Ce348554dd401476fbd2d3c06121ddd5c%7Cf88acf24-752a-48fc-81f4-7d276be83928&AppEnvironment=datacollector-binary&UploadType=eteventstream] status=Processing
[2017.04.18-01.51.12:817][510]LogModuleManager: Shutting down and abandoning module MovieSceneCapture (244)
[2017.04.18-01.51.12:817][510]LogModuleManager: Shutting down and abandoning module BlueprintGraph (243)
[2017.04.18-01.51.12:817][510]LogModuleManager: Shutting down and abandoning module BlueprintProfiler (242)
[2017.04.18-01.51.12:817][510]LogModuleManager: Shutting down and abandoning module HierarchicalLODOutliner (241)
[2017.04.18-01.51.12:817][510]LogModuleManager: Shutting down and abandoning module CrashTracker (240)
[2017.04.18-01.51.12:817][510]LogModuleManager: Shutting down and abandoning module SceneOutliner (239)
[2017.04.18-01.51.12:817][510]LogModuleManager: Shutting down and abandoning module WidgetCarousel (238)
[2017.04.18-01.51.12:817][510]LogModuleManager: Shutting down and abandoning module AddContentDialog (237)
[2017.04.18-01.51.12:817][510]LogDirectoryWatcher: A directory notification for 'C:/Program Files/Epic Games/UE_4.14/FeaturePacks/' was aborted.
[2017.04.18-01.51.12:818][510]LogModuleManager: Shutting down and abandoning module GameplayTags (236)
[2017.04.18-01.51.12:818][510]LogModuleManager: Shutting down and abandoning module EditorWidgets (235)
[2017.04.18-01.51.12:818][510]LogModuleManager: Shutting down and abandoning module CollectionManager (234)
[2017.04.18-01.51.12:818][510]LogDirectoryWatcher: A directory notification for 'C:/Users/User/Documents/GitHub/musicGame/musicGame/musicGame04/Content/Collections/' was aborted.
[2017.04.18-01.51.12:818][510]LogDirectoryWatcher: A directory notification for 'C:/Users/User/Documents/GitHub/musicGame/musicGame/musicGame04/Content/Developers/User/Collections/' was aborted.
[2017.04.18-01.51.12:818][510]LogDirectoryWatcher: A directory notification for 'C:/Users/User/Documents/GitHub/musicGame/musicGame/musicGame04/Saved/Collections/' was aborted.
[2017.04.18-01.51.12:818][510]LogModuleManager: Shutting down and abandoning module StatsViewer (233)
[2017.04.18-01.51.12:818][510]LogModuleManager: Shutting down and abandoning module FoliageEdit (232)
[2017.04.18-01.51.12:818][510]LogModuleManager: Shutting down and abandoning module LandscapeEditor (231)
[2017.04.18-01.51.12:818][510]LogModuleManager: Shutting down and abandoning module SceneDepthPickerMode (230)
[2017.04.18-01.51.12:818][510]LogModuleManager: Shutting down and abandoning module ActorPickerMode (229)
[2017.04.18-01.51.12:818][510]LogModuleManager: Shutting down and abandoning module GeometryMode (228)
[2017.04.18-01.51.12:818][510]LogModuleManager: Shutting down and abandoning module TextureAlignMode (227)
[2017.04.18-01.51.12:819][510]LogModuleManager: Shutting down and abandoning module BspMode (226)
[2017.04.18-01.51.12:819][510]LogModuleManager: Shutting down and abandoning module HardwareSurvey (225)
[2017.04.18-01.51.12:819][510]LogModuleManager: Shutting down and abandoning module SequenceRecorderSections (224)
[2017.04.18-01.51.12:819][510]LogModuleManager: Shutting down and abandoning module AutomationWorker (223)
[2017.04.18-01.51.12:819][510]LogModuleManager: Shutting down and abandoning module MatineeToLevelSequence (222)
[2017.04.18-01.51.12:819][510]LogModuleManager: Shutting down and abandoning module PlacementMode (221)
[2017.04.18-01.51.12:819][510]LogModuleManager: Shutting down and abandoning module LevelSequenceEditor (220)
[2017.04.18-01.51.12:819][510]LogModuleManager: Shutting down and abandoning module WmfMediaFactory (219)
[2017.04.18-01.51.12:819][510]LogModuleManager: Shutting down and abandoning module WmfMediaEditor (218)
[2017.04.18-01.51.12:819][510]LogModuleManager: Shutting down and abandoning module AvfMediaFactory (217)
[2017.04.18-01.51.12:819][510]LogModuleManager: Shutting down and abandoning module AvfMediaEditor (216)
[2017.04.18-01.51.12:819][510]LogModuleManager: Shutting down and abandoning module Media (215)
[2017.04.18-01.51.12:819][510]LogModuleManager: Shutting down and abandoning module AndroidMediaFactory (214)
[2017.04.18-01.51.12:819][510]LogModuleManager: Shutting down and abandoning module AndroidMediaEditor (213)
[2017.04.18-01.51.12:819][510]LogModuleManager: Shutting down and abandoning module CharacterAI (212)
[2017.04.18-01.51.12:819][510]LogModuleManager: Shutting down and abandoning module SequenceRecorder (211)
[2017.04.18-01.51.12:819][510]LogModuleManager: Shutting down and abandoning module AudioCapture (210)
[2017.04.18-01.51.12:819][510]LogModuleManager: Shutting down and abandoning module SmartSnapping (209)
[2017.04.18-01.51.12:819][510]LogModuleManager: Shutting down and abandoning module SessionServices (208)
[2017.04.18-01.51.12:819][510]LogModuleManager: Shutting down and abandoning module ViewportSnapping (207)
[2017.04.18-01.51.12:819][510]LogModuleManager: Shutting down and abandoning module ViewportInteraction (206)
[2017.04.18-01.51.12:819][510]LogModuleManager: Shutting down and abandoning module LogVisualizer (205)
[2017.04.18-01.51.12:819][510]LogModuleManager: Shutting down and abandoning module GameProjectGeneration (204)
[2017.04.18-01.51.12:819][510]LogModuleManager: Shutting down and abandoning module IntroTutorials (203)
[2017.04.18-01.51.12:819][510]LogModuleManager: Shutting down and abandoning module EditorLiveStreaming (202)
[2017.04.18-01.51.12:819][510]LogModuleManager: Shutting down and abandoning module IOSPlatformEditor (201)
[2017.04.18-01.51.12:819][510]LogModuleManager: Shutting down and abandoning module HTML5PlatformEditor (200)
[2017.04.18-01.51.12:819][510]LogModuleManager: Shutting down and abandoning module AndroidDeviceDetection (199)
[2017.04.18-01.51.13:174][510]LogModuleManager: Shutting down and abandoning module AndroidPlatformEditor (198)
[2017.04.18-01.51.13:174][510]LogModuleManager: Shutting down and abandoning module IOSRuntimeSettings (197)
[2017.04.18-01.51.13:174][510]LogModuleManager: Shutting down and abandoning module AndroidRuntimeSettings (196)
[2017.04.18-01.51.13:174][510]LogModuleManager: Shutting down and abandoning module InputBindingEditor (195)
[2017.04.18-01.51.13:174][510]LogModuleManager: Shutting down and abandoning module NiagaraEditor (194)
[2017.04.18-01.51.13:174][510]LogModuleManager: Shutting down and abandoning module MergeActors (193)
[2017.04.18-01.51.13:174][510]LogModuleManager: Shutting down and abandoning module SizeMap (192)
[2017.04.18-01.51.13:174][510]LogModuleManager: Shutting down and abandoning module TreeMap (191)
[2017.04.18-01.51.13:174][510]LogModuleManager: Shutting down and abandoning module ReferenceViewer (190)
[2017.04.18-01.51.13:175][510]LogModuleManager: Shutting down and abandoning module LocalizationService (189)
[2017.04.18-01.51.13:175][510]LogModuleManager: Shutting down and abandoning module LocalizationDashboard (188)
[2017.04.18-01.51.13:175][510]LogModuleManager: Shutting down and abandoning module HardwareTargeting (187)
[2017.04.18-01.51.13:175][510]LogModuleManager: Shutting down and abandoning module DeviceProfileEditor (186)
[2017.04.18-01.51.13:175][510]LogModuleManager: Shutting down and abandoning module UndoHistory (185)
[2017.04.18-01.51.13:175][510]LogModuleManager: Shutting down and abandoning module UserFeedback (184)
[2017.04.18-01.51.13:175][510]LogModuleManager: Shutting down and abandoning module XmlParser (183)
[2017.04.18-01.51.13:175][510]LogModuleManager: Shutting down and abandoning module Blutility (182)
[2017.04.18-01.51.13:175][510]LogModuleManager: Shutting down and abandoning module ProjectTargetPlatformEditor (181)
[2017.04.18-01.51.13:176][510]LogModuleManager: Shutting down and abandoning module ProjectSettingsViewer (180)
[2017.04.18-01.51.13:176][510]LogModuleManager: Shutting down and abandoning module EditorSettingsViewer (179)
[2017.04.18-01.51.13:176][510]LogModuleManager: Shutting down and abandoning module SettingsEditor (178)
[2017.04.18-01.51.13:176][510]LogModuleManager: Shutting down and abandoning module ProjectLauncher (177)
[2017.04.18-01.51.13:176][510]LogModuleManager: Shutting down and abandoning module SessionFrontend (176)
[2017.04.18-01.51.13:176][510]LogModuleManager: Shutting down and abandoning module ProfilerClient (175)
[2017.04.18-01.51.13:176][510]LogModuleManager: Shutting down and abandoning module TargetDeviceServices (174)
[2017.04.18-01.51.13:176][510]LogModuleManager: Shutting down and abandoning module DeviceManager (173)
[2017.04.18-01.51.13:231][510]LogModuleManager: Shutting down and abandoning module AutomationController (172)
[2017.04.18-01.51.13:231][510]LogModuleManager: Shutting down and abandoning module AutomationWindow (171)
[2017.04.18-01.51.13:231][510]LogModuleManager: Shutting down and abandoning module Layers (170)
[2017.04.18-01.51.13:231][510]LogModuleManager: Shutting down and abandoning module ComponentVisualizers (169)
[2017.04.18-01.51.13:231][510]LogModuleManager: Shutting down and abandoning module DetailCustomizations (168)
[2017.04.18-01.51.13:231][510]LogModuleManager: Shutting down and abandoning module PackagesDialog (167)
[2017.04.18-01.51.13:231][510]LogModuleManager: Shutting down and abandoning module AnimGraph (166)
[2017.04.18-01.51.13:231][510]LogModuleManager: Shutting down and abandoning module Persona (165)
[2017.04.18-01.51.13:231][510]LogModuleManager: Shutting down and abandoning module Kismet (164)
[2017.04.18-01.51.13:238][510]LogModuleManager: Shutting down and abandoning module GraphEditor (163)
[2017.04.18-01.51.13:238][510]LogModuleManager: Shutting down and abandoning module ClassViewer (162)
[2017.04.18-01.51.13:239][510]LogModuleManager: Shutting down and abandoning module Toolbox (161)
[2017.04.18-01.51.13:239][510]LogModuleManager: Shutting down and abandoning module ModuleUI (160)
[2017.04.18-01.51.13:239][510]LogModuleManager: Shutting down and abandoning module MovieSceneTools (159)
[2017.04.18-01.51.13:239][510]LogModuleManager: Shutting down and abandoning module OutputLog (158)
[2017.04.18-01.51.13:239][510]LogModuleManager: Shutting down and abandoning module GammaUI (157)
[2017.04.18-01.51.13:239][510]LogModuleManager: Shutting down and abandoning module Documentation (156)
[2017.04.18-01.51.13:239][510]LogModuleManager: Shutting down and abandoning module Niagara (155)
[2017.04.18-01.51.13:239][510]LogModuleManager: Shutting down and abandoning module StreamingPauseRendering (154)
[2017.04.18-01.51.13:239][510]LogModuleManager: Shutting down and abandoning module AnalyticsET (153)
[2017.04.18-01.51.13:239][510]LogModuleManager: Shutting down and abandoning module PortalServices (152)
[2017.04.18-01.51.13:239][510]LogModuleManager: Shutting down and abandoning module PortalRpc (151)
[2017.04.18-01.51.13:239][510]LogModuleManager: Shutting down and abandoning module MessagingRpc (150)
[2017.04.18-01.51.13:239][510]LogModuleManager: Shutting down and abandoning module GameplayDebugger (149)
[2017.04.18-01.51.13:239][510]LogModuleManager: Shutting down and abandoning module AITestSuite (148)
[2017.04.18-01.51.13:239][510]LogModuleManager: Shutting down and abandoning module AIModule (147)
[2017.04.18-01.51.13:239][510]LogModuleManager: Shutting down and abandoning module ProfilerService (146)
[2017.04.18-01.51.13:257][510]LogModuleManager: Shutting down and abandoning module TaskGraph (145)
[2017.04.18-01.51.13:257][510]LogModuleManager: Shutting down and abandoning module SlateRemote (144)
[2017.04.18-01.51.13:257][510]LogModuleManager: Shutting down and abandoning module SteamVRController (143)
[2017.04.18-01.51.13:257][510]LogModuleManager: Shutting down and abandoning module SteamVR (142)
[2017.04.18-01.51.13:257][510]LogModuleManager: Shutting down and abandoning module ProceduralMeshComponentEditor (141)
[2017.04.18-01.51.13:257][510]LogModuleManager: Shutting down and abandoning module ProceduralMeshComponent (140)
[2017.04.18-01.51.13:257][510]LogModuleManager: Shutting down and abandoning module OculusLibrary (139)
[2017.04.18-01.51.13:257][510]LogModuleManager: Shutting down and abandoning module OculusInput (138)
[2017.04.18-01.51.13:257][510]LogModuleManager: Shutting down and abandoning module MobilePatchingUtils (137)
[2017.04.18-01.51.13:257][510]LogModuleManager: Shutting down and abandoning module CustomMeshComponent (136)
[2017.04.18-01.51.13:257][510]LogModuleManager: Shutting down and abandoning module CableComponent (135)
[2017.04.18-01.51.13:257][510]LogModuleManager: Shutting down and abandoning module ArchVisCharacter (134)
[2017.04.18-01.51.13:257][510]LogModuleManager: Shutting down and abandoning module MediaPlayerEditor (132)
[2017.04.18-01.51.13:257][510]LogModuleManager: Shutting down and abandoning module HTML5Networking (131)
[2017.04.18-01.51.13:257][510]LogModuleManager: Shutting down and abandoning module GeometryCacheEd (130)
[2017.04.18-01.51.13:257][510]LogModuleManager: Shutting down and abandoning module GeometryCache (129)
[2017.04.18-01.51.13:257][510]LogModuleManager: Shutting down and abandoning module AlembicLibrary (128)
[2017.04.18-01.51.13:257][510]LogModuleManager: Shutting down and abandoning module AlembicImporter (127)
[2017.04.18-01.51.13:257][510]LogModuleManager: Shutting down and abandoning module SuperSearch (126)
[2017.04.18-01.51.13:257][510]LogModuleManager: Shutting down and abandoning module SuperSearchEditor (125)
[2017.04.18-01.51.13:257][510]LogModuleManager: Shutting down and abandoning module SpeedTreeImporter (124)
[2017.04.18-01.51.13:257][510]LogModuleManager: Shutting down and abandoning module PluginBrowser (123)
[2017.04.18-01.51.13:257][510]LogModuleManager: Shutting down and abandoning module MobileLauncherProfileWizard (122)
[2017.04.18-01.51.13:257][510]LogModuleManager: Shutting down and abandoning module EpicSurvey (121)
[2017.04.18-01.51.13:258][510]LogModuleManager: Shutting down and abandoning module DesktopPlatform (120)
[2017.04.18-01.51.13:258][510]LogModuleManager: Shutting down and abandoning module VisualStudioSourceCodeAccess (119)
[2017.04.18-01.51.13:258][510]LogModuleManager: Shutting down and abandoning module UObjectPlugin (118)
[2017.04.18-01.51.13:258][510]LogModuleManager: Shutting down and abandoning module SubversionSourceControl (117)
[2017.04.18-01.51.13:258][510]LogModuleManager: Shutting down and abandoning module PerforceSourceControl (116)
[2017.04.18-01.51.13:258][510]LogModuleManager: Shutting down and abandoning module SourceControl (115)
[2017.04.18-01.51.13:258][510]LogModuleManager: Shutting down and abandoning module GitSourceControl (114)
[2017.04.18-01.51.13:258][510]LogModuleManager: Shutting down and abandoning module LightPropagationVolumeEditor (113)
[2017.04.18-01.51.13:258][510]LogModuleManager: Shutting down and abandoning module PaperTiledImporter (112)
[2017.04.18-01.51.13:258][510]LogModuleManager: Shutting down and abandoning module PaperSpriteSheetImporter (111)
[2017.04.18-01.51.13:258][510]LogModuleManager: Shutting down and abandoning module MeshPaint (110)
[2017.04.18-01.51.13:258][510]LogModuleManager: Shutting down and abandoning module PixelInspectorModule (109)
[2017.04.18-01.51.13:258][510]LogModuleManager: Shutting down and abandoning module HotReload (108)
[2017.04.18-01.51.13:258][510]LogModuleManager: Shutting down and abandoning module MainFrame (107)
[2017.04.18-01.51.13:258][510]LogModuleManager: Shutting down and abandoning module LevelEditor (106)
[2017.04.18-01.51.13:259][510]LogModuleManager: Shutting down and abandoning module ContentBrowser (105)
[2017.04.18-01.51.13:260][510]LogModuleManager: Shutting down and abandoning module Paper2DEditor (104)
[2017.04.18-01.51.13:261][510]LogModuleManager: Shutting down and abandoning module UdpMessaging (103)
[2017.04.18-01.51.13:362][510]LogModuleManager: Shutting down and abandoning module TcpMessaging (102)
[2017.04.18-01.51.13:462][510]LogModuleManager: Shutting down and abandoning module LightPropagationVolumeRuntime (101)
[2017.04.18-01.51.13:462][510]LogModuleManager: Shutting down and abandoning module Paper2D (100)
[2017.04.18-01.51.13:462][510]LogModuleManager: Shutting down and abandoning module WindowsMoviePlayer (99)
[2017.04.18-01.51.13:462][510]LogModuleManager: Shutting down and abandoning module WmfMedia (98)
[2017.04.18-01.51.13:462][510]LogModuleManager: Shutting down and abandoning module MediaAssets (97)
[2017.04.18-01.51.13:462][510]LogModuleManager: Shutting down and abandoning module GameLiveStreaming (96)
[2017.04.18-01.51.13:462][510]LogModuleManager: Shutting down and abandoning module GameplayTagsEditor (95)
[2017.04.18-01.51.13:462][510]LogModuleManager: Shutting down and abandoning module VREditor (94)
[2017.04.18-01.51.13:462][510]LogModuleManager: Shutting down and abandoning module GameplayTasksEditor (93)
[2017.04.18-01.51.13:462][510]LogModuleManager: Shutting down and abandoning module BehaviorTreeEditor (92)
[2017.04.18-01.51.13:462][510]LogModuleManager: Shutting down and abandoning module FunctionalTesting (91)
[2017.04.18-01.51.13:462][510]LogModuleManager: Shutting down and abandoning module CollisionAnalyzer (90)
[2017.04.18-01.51.13:463][510]LogModuleManager: Shutting down and abandoning module Sequencer (89)
[2017.04.18-01.51.13:463][510]LogModuleManager: Shutting down and abandoning module WorkspaceMenuStructure (88)
[2017.04.18-01.51.13:463][510]LogModuleManager: Shutting down and abandoning module MessageLog (87)
[2017.04.18-01.51.13:463][510]LogModuleManager: Shutting down and abandoning module AssetTools (86)
[2017.04.18-01.51.13:463][510]LogModuleManager: Shutting down and abandoning module UMGEditor (85)
[2017.04.18-01.51.13:463][510]LogModuleManager: Shutting down and abandoning module UMG (84)
[2017.04.18-01.51.13:463][510]LogModuleManager: Shutting down and abandoning module SlateReflector (83)
[2017.04.18-01.51.13:464][510]LogModuleManager: Shutting down and abandoning module Slate (82)
[2017.04.18-01.51.13:464][510]LogModuleManager: Shutting down and abandoning module EditorStyle (81)
[2017.04.18-01.51.13:471][510]LogModuleManager: Shutting down and abandoning module SourceCodeAccess (80)
[2017.04.18-01.51.13:471][510]LogModuleManager: Shutting down and abandoning module HeadMountedDisplay (79)
[2017.04.18-01.51.13:471][510]LogModuleManager: Shutting down and abandoning module XAudio2 (78)
[2017.04.18-01.51.13:471][510]LogModuleManager: Shutting down and abandoning module Networking (76)
[2017.04.18-01.51.13:471][510]LogModuleManager: Shutting down and abandoning module Core (75)
[2017.04.18-01.51.13:471][510]LogModuleManager: Shutting down and abandoning module DirectoryWatcher (74)
[2017.04.18-01.51.13:471][510]LogDirectoryWatcher: A directory notification for '../../../Engine/Content/' was aborted.
[2017.04.18-01.51.13:471][510]LogDirectoryWatcher: A directory notification for '../../../../../../Users/User/Documents/GitHub/musicGame/musicGame/musicGame04/Content/' was aborted.
[2017.04.18-01.51.13:471][510]LogDirectoryWatcher: A directory notification for '../../../Engine/Plugins/2D/Paper2D/Content/' was aborted.
[2017.04.18-01.51.13:472][510]LogModuleManager: Shutting down and abandoning module AssetRegistry (73)
[2017.04.18-01.51.13:739][510]LogModuleManager: Shutting down and abandoning module KismetCompiler (72)
[2017.04.18-01.51.13:739][510]LogModuleManager: Shutting down and abandoning module PhysXFormats (71)
[2017.04.18-01.51.13:739][510]LogModuleManager: Shutting down and abandoning module SimplygonSwarm (70)
[2017.04.18-01.51.13:739][510]LogModuleManager: Shutting down and abandoning module SimplygonMeshReduction (69)
[2017.04.18-01.51.13:739][510]LogModuleManager: Shutting down and abandoning module QuadricMeshReduction (68)
[2017.04.18-01.51.13:739][510]LogModuleManager: Shutting down and abandoning module PropertyEditor (67)
[2017.04.18-01.51.13:739][510]LogModuleManager: Shutting down and abandoning module MeshUtilities (66)
[2017.04.18-01.51.13:739][510]LogModuleManager: Shutting down and abandoning module DerivedDataCache (65)
[2017.04.18-01.51.13:762][510]LogDerivedDataCache: Shutdown
[2017.04.18-01.51.13:762][510]LogModuleManager: Shutting down and abandoning module VulkanShaderFormat (64)
[2017.04.18-01.51.13:762][510]LogModuleManager: Shutting down and abandoning module ShaderFormatOpenGL (63)
[2017.04.18-01.51.13:762][510]LogModuleManager: Shutting down and abandoning module ShaderFormatD3D (62)
[2017.04.18-01.51.13:762][510]LogModuleManager: Shutting down and abandoning module MetalShaderFormat (61)
[2017.04.18-01.51.13:762][510]LogModuleManager: Shutting down and abandoning module TextureFormatUncompressed (60)
[2017.04.18-01.51.13:762][510]LogModuleManager: Shutting down and abandoning module TextureFormatPVR (59)
[2017.04.18-01.51.13:762][510]LogModuleManager: Shutting down and abandoning module TextureFormatDXT (58)
[2017.04.18-01.51.13:762][510]LogModuleManager: Shutting down and abandoning module TextureFormatIntelISPCTexComp (57)
[2017.04.18-01.51.13:762][510]LogModuleManager: Shutting down and abandoning module ImageWrapper (56)
[2017.04.18-01.51.13:762][510]LogModuleManager: Shutting down and abandoning module TextureFormatASTC (55)
[2017.04.18-01.51.13:762][510]LogModuleManager: Shutting down and abandoning module TextureFormatAndroid (54)
[2017.04.18-01.51.13:762][510]LogModuleManager: Shutting down and abandoning module AudioFormatOpus (53)
[2017.04.18-01.51.13:762][510]LogModuleManager: Shutting down and abandoning module AudioFormatOgg (52)
[2017.04.18-01.51.13:762][510]LogModuleManager: Shutting down and abandoning module AudioFormatADPCM (51)
[2017.04.18-01.51.13:762][510]LogModuleManager: Shutting down and abandoning module LinuxTargetPlatform (50)
[2017.04.18-01.51.13:762][510]LogModuleManager: Shutting down and abandoning module LinuxServerTargetPlatform (49)
[2017.04.18-01.51.13:762][510]LogModuleManager: Shutting down and abandoning module LinuxNoEditorTargetPlatform (48)
[2017.04.18-01.51.13:762][510]LogModuleManager: Shutting down and abandoning module LinuxClientTargetPlatform (47)
[2017.04.18-01.51.13:762][510]LogModuleManager: Shutting down and abandoning module TVOSTargetPlatform (46)
[2017.04.18-01.51.13:763][510]LogModuleManager: Shutting down and abandoning module Messaging (45)
[2017.04.18-01.51.13:763][510]LogModuleManager: Shutting down and abandoning module IOSTargetPlatform (44)
[2017.04.18-01.51.13:763][510]LogModuleManager: Shutting down and abandoning module HTML5TargetPlatform (43)
[2017.04.18-01.51.13:763][510]LogModuleManager: Shutting down and abandoning module Android_PVRTCTargetPlatform (42)
[2017.04.18-01.51.13:763][510]LogModuleManager: Shutting down and abandoning module Android_MultiTargetPlatform (41)
[2017.04.18-01.51.13:763][510]LogModuleManager: Shutting down and abandoning module Android_ETC2TargetPlatform (40)
[2017.04.18-01.51.13:763][510]LogModuleManager: Shutting down and abandoning module Android_ETC1TargetPlatform (39)
[2017.04.18-01.51.13:763][510]LogModuleManager: Shutting down and abandoning module Android_DXTTargetPlatform (38)
[2017.04.18-01.51.13:763][510]LogModuleManager: Shutting down and abandoning module Android_ATCTargetPlatform (37)
[2017.04.18-01.51.13:763][510]LogModuleManager: Shutting down and abandoning module Android_ASTCTargetPlatform (36)
[2017.04.18-01.51.13:763][510]LogModuleManager: Shutting down and abandoning module AndroidTargetPlatform (35)
[2017.04.18-01.51.13:763][510]LogModuleManager: Shutting down and abandoning module WindowsTargetPlatform (34)
[2017.04.18-01.51.13:763][510]LogModuleManager: Shutting down and abandoning module WindowsServerTargetPlatform (33)
[2017.04.18-01.51.13:763][510]LogModuleManager: Shutting down and abandoning module WindowsNoEditorTargetPlatform (32)
[2017.04.18-01.51.13:763][510]LogModuleManager: Shutting down and abandoning module WindowsClientTargetPlatform (31)
[2017.04.18-01.51.13:763][510]LogModuleManager: Shutting down and abandoning module MacTargetPlatform (30)
[2017.04.18-01.51.13:763][510]LogModuleManager: Shutting down and abandoning module MacServerTargetPlatform (29)
[2017.04.18-01.51.13:763][510]LogModuleManager: Shutting down and abandoning module MacNoEditorTargetPlatform (28)
[2017.04.18-01.51.13:763][510]LogModuleManager: Shutting down and abandoning module MacClientTargetPlatform (27)
[2017.04.18-01.51.13:763][510]LogModuleManager: Shutting down and abandoning module AllDesktopTargetPlatform (26)
[2017.04.18-01.51.13:763][510]LogModuleManager: Shutting down and abandoning module TargetPlatform (25)
[2017.04.18-01.51.13:763][510]LogModuleManager: Shutting down and abandoning module InputCore (24)
[2017.04.18-01.51.13:763][510]LogModuleManager: Shutting down and abandoning module Settings (23)
[2017.04.18-01.51.13:763][510]LogModuleManager: Shutting down and abandoning module OculusRift (22)
[2017.04.18-01.51.13:763][510]LogModuleManager: Shutting down and abandoning module ExampleDeviceProfileSelector (21)
[2017.04.18-01.51.13:763][510]LogModuleManager: Shutting down and abandoning module OnlineBlueprintSupport (20)
[2017.04.18-01.51.13:763][510]LogModuleManager: Shutting down and abandoning module OnlineSubsystem (18)
[2017.04.18-01.51.13:763][510]LogOnline:Display: Unloading online subsystem: NULL
[2017.04.18-01.51.13:763][510]LogModuleManager: Shutting down and abandoning module SSL (17)
[2017.04.18-01.51.13:764][510]LogModuleManager: Shutting down and abandoning module HTTP (16)
[2017.04.18-01.51.13:765][510]LogModuleManager: Shutting down and abandoning module XMPP (15)
[2017.04.18-01.51.13:765][510]LogModuleManager: Shutting down and abandoning module TextureCompressor (14)
[2017.04.18-01.51.13:765][510]LogModuleManager: Shutting down and abandoning module ShaderCore (13)
[2017.04.18-01.51.13:765][510]LogModuleManager: Shutting down and abandoning module Landscape (12)
[2017.04.18-01.51.13:765][510]LogModuleManager: Shutting down and abandoning module SlateRHIRenderer (11)
[2017.04.18-01.51.13:767][510]LogModuleManager: Shutting down and abandoning module OpenGLDrv (10)
[2017.04.18-01.51.13:767][510]LogModuleManager: Shutting down and abandoning module D3D11RHI (9)
[2017.04.18-01.51.13:767][510]LogModuleManager: Shutting down and abandoning module AnimGraphRuntime (8)
[2017.04.18-01.51.13:767][510]LogModuleManager: Shutting down and abandoning module Renderer (7)
[2017.04.18-01.51.13:767][510]LogModuleManager: Shutting down and abandoning module Engine (6)
[2017.04.18-01.51.13:767][510]LogModuleManager: Shutting down and abandoning module CoreUObject (5)
[2017.04.18-01.51.13:767][510]LogModuleManager: Shutting down and abandoning module NetworkFile (4)
[2017.04.18-01.51.13:767][510]LogModuleManager: Shutting down and abandoning module StreamingFile (3)
[2017.04.18-01.51.13:767][510]LogModuleManager: Shutting down and abandoning module SandboxFile (2)
[2017.04.18-01.51.13:767][510]LogModuleManager: Shutting down and abandoning module PakFile (1)
[2017.04.18-01.51.13:769][510]LogExit: Exiting.
[2017.04.18-01.51.13:770][510]Log file closed, 04/18/17 11:21:13
