Log file open, 04/18/17 10:32:23
LogInit:Display: Running engine for game: musicGame04
LogPlatformFile: Not using cached read wrapper
LogInit:Display: RandInit(-83580073) SRandInit(-83580073).
LogTaskGraph: Started task graph with 5 named threads and 6 total threads with 1 sets of task threads.
LogStats: Stats thread started at 0.063254
LogPluginManager: Loaded Plugin Paper2D, From C:/Program Files/Epic Games/UE_4.14/Engine/Plugins/2D/Paper2D/Paper2D.uplugin
LogPluginManager: Loaded Plugin LightPropagationVolume, From C:/Program Files/Epic Games/UE_4.14/Engine/Plugins/Blendables/LightPropagationVolume/LightPropagationVolume.uplugin
LogPluginManager: Loaded Plugin BlankPlugin, From C:/Program Files/Epic Games/UE_4.14/Engine/Plugins/Developer/BlankPlugin/BlankPlugin.uplugin
LogPluginManager: Loaded Plugin CodeLiteSourceCodeAccess, From C:/Program Files/Epic Games/UE_4.14/Engine/Plugins/Developer/CodeLiteSourceCodeAccess/CodeLiteSourceCodeAccess.uplugin
LogPluginManager: Loaded Plugin GitSourceControl, From C:/Program Files/Epic Games/UE_4.14/Engine/Plugins/Developer/GitSourceControl/GitSourceControl.uplugin
LogPluginManager: Loaded Plugin KDevelopSourceCodeAccess, From C:/Program Files/Epic Games/UE_4.14/Engine/Plugins/Developer/KDevelopSourceCodeAccess/KDevelopSourceCodeAccess.uplugin
LogPluginManager: Loaded Plugin NullSourceCodeAccess, From C:/Program Files/Epic Games/UE_4.14/Engine/Plugins/Developer/NullSourceCodeAccess/NullSourceCodeAccess.uplugin
LogPluginManager: Loaded Plugin OneSkyLocalizationService, From C:/Program Files/Epic Games/UE_4.14/Engine/Plugins/Developer/OneSkyLocalizationService/OneSkyLocalizationService.uplugin
LogPluginManager: Loaded Plugin PerforceSourceControl, From C:/Program Files/Epic Games/UE_4.14/Engine/Plugins/Developer/PerforceSourceControl/PerforceSourceControl.uplugin
LogPluginManager: Loaded Plugin SubversionSourceControl, From C:/Program Files/Epic Games/UE_4.14/Engine/Plugins/Developer/SubversionSourceControl/SubversionSourceControl.uplugin
LogPluginManager: Loaded Plugin UObjectPlugin, From C:/Program Files/Epic Games/UE_4.14/Engine/Plugins/Developer/UObjectPlugin/UObjectPlugin.uplugin
LogPluginManager: Loaded Plugin VisualStudioSourceCodeAccess, From C:/Program Files/Epic Games/UE_4.14/Engine/Plugins/Developer/VisualStudioSourceCodeAccess/VisualStudioSourceCodeAccess.uplugin
LogPluginManager: Loaded Plugin XCodeSourceCodeAccess, From C:/Program Files/Epic Games/UE_4.14/Engine/Plugins/Developer/XCodeSourceCodeAccess/XCodeSourceCodeAccess.uplugin
LogPluginManager: Loaded Plugin AudioCapture, From C:/Program Files/Epic Games/UE_4.14/Engine/Plugins/Editor/AudioCapture/AudioCapture.uplugin
LogPluginManager: Loaded Plugin EpicSurvey, From C:/Program Files/Epic Games/UE_4.14/Engine/Plugins/Editor/EpicSurvey/EpicSurvey.uplugin
LogPluginManager: Loaded Plugin MacGraphicsSwitching, From C:/Program Files/Epic Games/UE_4.14/Engine/Plugins/Editor/MacGraphicsSwitching/MacGraphicsSwitching.uplugin
LogPluginManager: Loaded Plugin MobileLauncherProfileWizard, From C:/Program Files/Epic Games/UE_4.14/Engine/Plugins/Editor/MobileLauncherProfileWizard/MobileLauncherProfileWizard.uplugin
LogPluginManager: Loaded Plugin PluginBrowser, From C:/Program Files/Epic Games/UE_4.14/Engine/Plugins/Editor/PluginBrowser/PluginBrowser.uplugin
LogPluginManager: Loaded Plugin SpeedTreeImporter, From C:/Program Files/Epic Games/UE_4.14/Engine/Plugins/Editor/SpeedTreeImporter/SpeedTreeImporter.uplugin
LogPluginManager: Loaded Plugin SuperSearchEditor, From C:/Program Files/Epic Games/UE_4.14/Engine/Plugins/Editor/SuperSearchEditor/SuperSearchEditor.uplugin
LogPluginManager: Loaded Plugin AlembicImporter, From C:/Program Files/Epic Games/UE_4.14/Engine/Plugins/Experimental/AlembicImporter/AlembicImporter.uplugin
LogPluginManager: Loaded Plugin BlueprintStats, From C:/Program Files/Epic Games/UE_4.14/Engine/Plugins/Experimental/BlueprintStats/BlueprintStats.uplugin
LogPluginManager: Loaded Plugin CharacterAI, From C:/Program Files/Epic Games/UE_4.14/Engine/Plugins/Experimental/CharacterAI/CharacterAI.uplugin
LogPluginManager: Loaded Plugin CodeEditor, From C:/Program Files/Epic Games/UE_4.14/Engine/Plugins/Experimental/CodeEditor/CodeEditor.uplugin
LogPluginManager: Loaded Plugin CodeView, From C:/Program Files/Epic Games/UE_4.14/Engine/Plugins/Experimental/CodeView/CodeView.uplugin
LogPluginManager: Loaded Plugin HTML5Networking, From C:/Program Files/Epic Games/UE_4.14/Engine/Plugins/Experimental/HTML5Networking/HTML5Networking.uplugin
LogPluginManager: Loaded Plugin OSVR, From C:/Program Files/Epic Games/UE_4.14/Engine/Plugins/Experimental/OSVR/OSVR.uplugin
LogPluginManager: Loaded Plugin Phya, From C:/Program Files/Epic Games/UE_4.14/Engine/Plugins/Experimental/Phya/Phya.uplugin
LogPluginManager: Loaded Plugin SignificanceManager, From C:/Program Files/Epic Games/UE_4.14/Engine/Plugins/Experimental/SignificanceManager/SignificanceManager.uplugin
LogPluginManager: Loaded Plugin SimpleHMD, From C:/Program Files/Epic Games/UE_4.14/Engine/Plugins/Experimental/SimpleHMD/SimpleHMD.uplugin
LogPluginManager: Loaded Plugin StereoPanorama, From C:/Program Files/Epic Games/UE_4.14/Engine/Plugins/Experimental/StereoPanorama/StereoPanorama.uplugin
LogPluginManager: Loaded Plugin StructBox, From C:/Program Files/Epic Games/UE_4.14/Engine/Plugins/Experimental/StructBox/StructBox.uplugin
LogPluginManager: Loaded Plugin AndroidMedia, From C:/Program Files/Epic Games/UE_4.14/Engine/Plugins/Media/AndroidMedia/AndroidMedia.uplugin
LogPluginManager: Loaded Plugin AvfMedia, From C:/Program Files/Epic Games/UE_4.14/Engine/Plugins/Media/AvfMedia/AvfMedia.uplugin
LogPluginManager: Loaded Plugin MediaPlayerEditor, From C:/Program Files/Epic Games/UE_4.14/Engine/Plugins/Media/MediaPlayerEditor/MediaPlayerEditor.uplugin
LogPluginManager: Loaded Plugin WmfMedia, From C:/Program Files/Epic Games/UE_4.14/Engine/Plugins/Media/WmfMedia/WmfMedia.uplugin
LogPluginManager: Loaded Plugin MessagingDebugger, From C:/Program Files/Epic Games/UE_4.14/Engine/Plugins/Messaging/MessagingDebugger/MessagingDebugger.uplugin
LogPluginManager: Loaded Plugin TcpMessaging, From C:/Program Files/Epic Games/UE_4.14/Engine/Plugins/Messaging/TcpMessaging/TcpMessaging.uplugin
LogPluginManager: Loaded Plugin UdpMessaging, From C:/Program Files/Epic Games/UE_4.14/Engine/Plugins/Messaging/UdpMessaging/UdpMessaging.uplugin
LogPluginManager: Loaded Plugin LevelSequenceEditor, From C:/Program Files/Epic Games/UE_4.14/Engine/Plugins/MovieScene/LevelSequenceEditor/LevelSequenceEditor.uplugin
LogPluginManager: Loaded Plugin MatineeToLevelSequence, From C:/Program Files/Epic Games/UE_4.14/Engine/Plugins/MovieScene/MatineeToLevelSequence/MatineeToLevelSequence.uplugin
LogPluginManager: Loaded Plugin NetcodeUnitTest, From C:/Program Files/Epic Games/UE_4.14/Engine/Plugins/NetcodeUnitTest/NetcodeUnitTest/NetcodeUnitTest.uplugin
LogPluginManager: Loaded Plugin NUTUnrealEngine4, From C:/Program Files/Epic Games/UE_4.14/Engine/Plugins/NetcodeUnitTest/NUTUnrealEngine4/NUTUnrealEngine4.uplugin
LogPluginManager: Loaded Plugin OnlineSubsystemGameCircle, From C:/Program Files/Epic Games/UE_4.14/Engine/Plugins/Online/Android/OnlineSubsystemGameCircle/OnlineSubsystemGameCircle.uplugin
LogPluginManager: Loaded Plugin OnlineSubsystemGooglePlay, From C:/Program Files/Epic Games/UE_4.14/Engine/Plugins/Online/Android/OnlineSubsystemGooglePlay/OnlineSubsystemGooglePlay.uplugin
LogPluginManager: Loaded Plugin OnlineSubsystemIOS, From C:/Program Files/Epic Games/UE_4.14/Engine/Plugins/Online/IOS/OnlineSubsystemIOS/OnlineSubsystemIOS.uplugin
LogPluginManager: Loaded Plugin OnlineFramework, From C:/Program Files/Epic Games/UE_4.14/Engine/Plugins/Online/OnlineFramework/OnlineFramework.uplugin
LogPluginManager: Loaded Plugin OnlineSubsystem, From C:/Program Files/Epic Games/UE_4.14/Engine/Plugins/Online/OnlineSubsystem/OnlineSubsystem.uplugin
LogPluginManager: Loaded Plugin OnlineSubsystemAmazon, From C:/Program Files/Epic Games/UE_4.14/Engine/Plugins/Online/OnlineSubsystemAmazon/OnlineSubsystemAmazon.uplugin
LogPluginManager: Loaded Plugin OnlineSubsystemFacebook, From C:/Program Files/Epic Games/UE_4.14/Engine/Plugins/Online/OnlineSubsystemFacebook/OnlineSubsystemFacebook.uplugin
LogPluginManager: Loaded Plugin OnlineSubsystemNull, From C:/Program Files/Epic Games/UE_4.14/Engine/Plugins/Online/OnlineSubsystemNull/OnlineSubsystemNull.uplugin
LogPluginManager: Loaded Plugin OnlineSubsystemOculus, From C:/Program Files/Epic Games/UE_4.14/Engine/Plugins/Online/OnlineSubsystemOculus/OnlineSubsystemOculus.uplugin
LogPluginManager: Loaded Plugin OnlineSubsystemSteam, From C:/Program Files/Epic Games/UE_4.14/Engine/Plugins/Online/OnlineSubsystemSteam/OnlineSubsystemSteam.uplugin
LogPluginManager: Loaded Plugin OnlineSubsystemUtils, From C:/Program Files/Epic Games/UE_4.14/Engine/Plugins/Online/OnlineSubsystemUtils/OnlineSubsystemUtils.uplugin
LogPluginManager: Loaded Plugin IOSTapJoy, From C:/Program Files/Epic Games/UE_4.14/Engine/Plugins/Runtime/Advertising/IOSTapJoy/IOSTapJoy.uplugin
LogPluginManager: Loaded Plugin AnalyticsBlueprintLibrary, From C:/Program Files/Epic Games/UE_4.14/Engine/Plugins/Runtime/Analytics/AnalyticsBlueprintLibrary/AnalyticsBlueprintLibrary.uplugin
LogPluginManager: Loaded Plugin AnalyticsMulticast, From C:/Program Files/Epic Games/UE_4.14/Engine/Plugins/Runtime/Analytics/AnalyticsMulticast/AnalyticsMulticast.uplugin
LogPluginManager: Loaded Plugin Apsalar, From C:/Program Files/Epic Games/UE_4.14/Engine/Plugins/Runtime/Analytics/Apsalar/Apsalar.uplugin
LogPluginManager: Loaded Plugin FileLogging, From C:/Program Files/Epic Games/UE_4.14/Engine/Plugins/Runtime/Analytics/FileLogging/FileLogging.uplugin
LogPluginManager: Loaded Plugin Flurry, From C:/Program Files/Epic Games/UE_4.14/Engine/Plugins/Runtime/Analytics/Flurry/Flurry.uplugin
LogPluginManager: Loaded Plugin AndroidDeviceProfileSelector, From C:/Program Files/Epic Games/UE_4.14/Engine/Plugins/Runtime/AndroidDeviceProfileSelector/AndroidDeviceProfileSelector.uplugin
LogPluginManager: Loaded Plugin AndroidMoviePlayer, From C:/Program Files/Epic Games/UE_4.14/Engine/Plugins/Runtime/AndroidMoviePlayer/AndroidMoviePlayer.uplugin
LogPluginManager: Loaded Plugin AppleMoviePlayer, From C:/Program Files/Epic Games/UE_4.14/Engine/Plugins/Runtime/AppleMoviePlayer/AppleMoviePlayer.uplugin
LogPluginManager: Loaded Plugin ArchVisCharacter, From C:/Program Files/Epic Games/UE_4.14/Engine/Plugins/Runtime/ArchVisCharacter/ArchVisCharacter.uplugin
LogPluginManager: Loaded Plugin CableComponent, From C:/Program Files/Epic Games/UE_4.14/Engine/Plugins/Runtime/CableComponent/CableComponent.uplugin
LogPluginManager: Loaded Plugin CustomMeshComponent, From C:/Program Files/Epic Games/UE_4.14/Engine/Plugins/Runtime/CustomMeshComponent/CustomMeshComponent.uplugin
LogPluginManager: Loaded Plugin ExampleDeviceProfileSelector, From C:/Program Files/Epic Games/UE_4.14/Engine/Plugins/Runtime/ExampleDeviceProfileSelector/ExampleDeviceProfileSelector.uplugin
LogPluginManager: Loaded Plugin GearVR, From C:/Program Files/Epic Games/UE_4.14/Engine/Plugins/Runtime/GearVR/GearVR.uplugin
LogPluginManager: Loaded Plugin GoogleVRController, From C:/Program Files/Epic Games/UE_4.14/Engine/Plugins/Runtime/GoogleVR/GoogleVRController/GoogleVRController.uplugin
LogPluginManager: Loaded Plugin GoogleVRHMD, From C:/Program Files/Epic Games/UE_4.14/Engine/Plugins/Runtime/GoogleVR/GoogleVRHMD/GoogleVRHMD.uplugin
LogPluginManager: Loaded Plugin IOSDeviceProfileSelector, From C:/Program Files/Epic Games/UE_4.14/Engine/Plugins/Runtime/IOSDeviceProfileSelector/IOSDeviceProfileSelector.uplugin
LogPluginManager: Loaded Plugin LeapMotion, From C:/Program Files/Epic Games/UE_4.14/Engine/Plugins/Runtime/LeapMotion/LeapMotion.uplugin
LogPluginManager: Loaded Plugin LinuxDeviceProfileSelector, From C:/Program Files/Epic Games/UE_4.14/Engine/Plugins/Runtime/LinuxDeviceProfileSelector/LinuxDeviceProfileSelector.uplugin
LogPluginManager: Loaded Plugin MIDIDevice, From C:/Program Files/Epic Games/UE_4.14/Engine/Plugins/Runtime/MIDIDevice/MIDIDevice.uplugin
LogPluginManager: Loaded Plugin MobilePatchingUtils, From C:/Program Files/Epic Games/UE_4.14/Engine/Plugins/Runtime/MobilePatchingUtils/MobilePatchingUtils.uplugin
LogPluginManager: Loaded Plugin Ansel, From C:/Program Files/Epic Games/UE_4.14/Engine/Plugins/Runtime/Nvidia/Ansel/Ansel.uplugin
LogPluginManager: Loaded Plugin OculusAudio, From C:/Program Files/Epic Games/UE_4.14/Engine/Plugins/Runtime/OculusAudio/OculusAudio.uplugin
LogPluginManager: Loaded Plugin OculusInput, From C:/Program Files/Epic Games/UE_4.14/Engine/Plugins/Runtime/OculusInput/OculusInput.uplugin
LogPluginManager: Loaded Plugin OculusLibrary, From C:/Program Files/Epic Games/UE_4.14/Engine/Plugins/Runtime/OculusLibrary/OculusLibrary.uplugin
LogPluginManager: Loaded Plugin OculusRift, From C:/Program Files/Epic Games/UE_4.14/Engine/Plugins/Runtime/OculusRift/OculusRift.uplugin
LogPluginManager: Loaded Plugin Oodle, From C:/Program Files/Epic Games/UE_4.14/Engine/Plugins/Runtime/PacketHandlers/CompressionComponents/Oodle/Oodle.uplugin
LogPluginManager: Loaded Plugin ProceduralMeshComponent, From C:/Program Files/Epic Games/UE_4.14/Engine/Plugins/Runtime/ProceduralMeshComponent/ProceduralMeshComponent.uplugin
LogPluginManager: Loaded Plugin SoundMod, From C:/Program Files/Epic Games/UE_4.14/Engine/Plugins/Runtime/SoundMod/SoundMod.uplugin
LogPluginManager: Loaded Plugin SoundVisualizations, From C:/Program Files/Epic Games/UE_4.14/Engine/Plugins/Runtime/SoundVisualizations/SoundVisualizations.uplugin
LogPluginManager: Loaded Plugin SteamController, From C:/Program Files/Epic Games/UE_4.14/Engine/Plugins/Runtime/Steam/SteamController/SteamController.uplugin
LogPluginManager: Loaded Plugin SteamVR, From C:/Program Files/Epic Games/UE_4.14/Engine/Plugins/Runtime/Steam/SteamVR/SteamVR.uplugin
LogPluginManager: Loaded Plugin WebBrowserWidget, From C:/Program Files/Epic Games/UE_4.14/Engine/Plugins/Runtime/WebBrowserWidget/WebBrowserWidget.uplugin
LogPluginManager: Loaded Plugin WindowsDeviceProfileSelector, From C:/Program Files/Epic Games/UE_4.14/Engine/Plugins/Runtime/WindowsDeviceProfileSelector/WindowsDeviceProfileSelector.uplugin
LogPluginManager: Loaded Plugin WindowsMoviePlayer, From C:/Program Files/Epic Games/UE_4.14/Engine/Plugins/Runtime/WindowsMoviePlayer/WindowsMoviePlayer.uplugin
LogPluginManager: Loaded Plugin ScriptPlugin, From C:/Program Files/Epic Games/UE_4.14/Engine/Plugins/ScriptPlugin/ScriptPlugin.uplugin
LogPluginManager: Loaded Plugin SlateRemote, From C:/Program Files/Epic Games/UE_4.14/Engine/Plugins/Slate/SlateRemote/SlateRemote.uplugin
LogPluginManager: Loaded Plugin EditorTests, From C:/Program Files/Epic Games/UE_4.14/Engine/Plugins/Tests/EditorTests/EditorTests.uplugin
LogPluginManager: Loaded Plugin FbxAutomationTestBuilder, From C:/Program Files/Epic Games/UE_4.14/Engine/Plugins/Tests/FbxAutomationTestBuilder/FbxAutomationTestBuilder.uplugin
LogPluginManager: Loaded Plugin FunctionalTestingEditor, From C:/Program Files/Epic Games/UE_4.14/Engine/Plugins/Tests/FunctionalTestingEditor/FunctionalTestingEditor.uplugin
LogPluginManager: Loaded Plugin RuntimeTests, From C:/Program Files/Epic Games/UE_4.14/Engine/Plugins/Tests/RuntimeTests/RuntimeTests.uplugin
LogPluginManager: Loaded Plugin ScreenshotTools, From C:/Program Files/Epic Games/UE_4.14/Engine/Plugins/Tests/ScreenshotTools/ScreenshotTools.uplugin
LogInit: Using libcurl 7.47.1
LogInit:  - built for x86_64-pc-win32
LogInit:  - supports SSL with OpenSSL/1.0.2g
LogInit:  - supports HTTP deflate (compression) using libz 1.2.8
LogInit:  - other features:
LogInit:      CURL_VERSION_SSL
LogInit:      CURL_VERSION_LIBZ
LogInit:      CURL_VERSION_IPV6
LogInit:      CURL_VERSION_ASYNCHDNS
LogInit:      CURL_VERSION_LARGEFILE
LogInit:      CURL_VERSION_IDN
LogInit:  CurlRequestOptions (configurable via config and command line):
LogInit:  - bVerifyPeer = false  - Libcurl will NOT verify peer certificate
LogInit:  - bUseHttpProxy = false  - Libcurl will NOT use HTTP proxy
LogInit:  - bDontReuseConnections = false  - Libcurl will reuse connections
LogInit:  - CertBundlePath = nullptr  - Libcurl will use whatever was configured at build time.
LogInit: Build: ++UE4+Release-4.14-CL-3249277
LogInit: Engine Version: 4.14.3-3249277+++UE4+Release-4.14
LogInit: Compatible Engine Version: 4.14.0-3195953+++UE4+Release-4.14
LogInit: Net CL: 3195953
LogDevObjectVersion: Number of dev versions registered: 13
LogDevObjectVersion:   Dev-Blueprints (B0D832E4-1F89-4F0D-ACCF-7EB736FD4AA2): 7
LogDevObjectVersion:   Dev-Build (E1C64328-A22C-4D53-A36C-8E866417BD8C): 0
LogDevObjectVersion:   Dev-Core (375EC13C-06E4-48FB-B500-84F0262A717E): 1
LogDevObjectVersion:   Dev-Editor (E4B068ED-F494-42E9-A231-DA0B2E46BB41): 8
LogDevObjectVersion:   Dev-Framework (CFFC743F-43B0-4480-9391-14DF171D2073): 17
LogDevObjectVersion:   Dev-Mobile (B02B49B5-BB20-44E9-A304-32B752E40360): 0
LogDevObjectVersion:   Dev-Networking (A4E4105C-59A1-49B5-A7C5-40C4547EDFEE): 0
LogDevObjectVersion:   Dev-Online (39C831C9-5AE6-47DC-9A44-9C173E1C8E7C): 0
LogDevObjectVersion:   Dev-Physics (78F01B33-EBEA-4F98-B9B4-84EACCB95AA2): 0
LogDevObjectVersion:   Dev-Platform (6631380F-2D4D-43E0-8009-CF276956A95A): 0
LogDevObjectVersion:   Dev-Rendering (12F88B9F-8875-4AFC-A67C-D90C383ABD29): 12
LogDevObjectVersion:   Dev-Sequencer (7B5AE74C-D270-4C10-A958-57980B212A5A): 1
LogDevObjectVersion:   Dev-VR (D7296918-1DD6-4BDD-9DE2-64A83CC13884): 0
LogInit: Compiled (64-bit): Jan  6 2017 10:49:43
LogInit: Compiled with Visual C++: 19.00.23026.00
LogInit: Build Configuration: Development
LogInit: Branch Name: ++UE4+Release-4.14
LogInit: Command line: -EpicPortal 
LogInit: Base directory: C:/Program Files/Epic Games/UE_4.14/Engine/Binaries/Win64/
LogInit: Installed Engine Build: 1
LogInit: Presizing for max 8388607 objects, including 0 objects not considered by GC, pre-allocating 0 bytes for permanent pool.
LogInit: Object subsystem initialized
[2017.04.18-01.02.24:214][  0]LogInit: Selected Device Profile: [Windows]
[2017.04.18-01.02.24:214][  0]LogInit: Applying CVar settings loaded from the selected device profile: [Windows]
[2017.04.18-01.02.24:228][  0]LogInit: Computer: XXXX-PC-X
[2017.04.18-01.02.24:228][  0]LogInit: User: User
[2017.04.18-01.02.24:228][  0]LogInit: CPU Page size=65536, Cores=2
[2017.04.18-01.02.24:228][  0]LogInit: High frequency timer resolution =2.533309 MHz
[2017.04.18-01.02.24:228][  0]LogMemory: Memory total: Physical=11.9GB (12GB approx)
[2017.04.18-01.02.24:228][  0]LogMemory: Platform Memory Stats for Windows
[2017.04.18-01.02.24:228][  0]LogMemory: Process Physical Memory: 264.86 MB used, 264.86 MB peak
[2017.04.18-01.02.24:228][  0]LogMemory: Process Virtual Memory: 262.46 MB used, 262.46 MB peak
[2017.04.18-01.02.24:228][  0]LogMemory: Physical Memory: 3958.98 MB used,  8207.18 MB free, 12166.16 MB total
[2017.04.18-01.02.24:228][  0]LogMemory: Virtual Memory: 698.48 MB used,  8207.18 MB free, 134217728.00 MB total
[2017.04.18-01.02.24:252][  0]LogTextLocalizationManager: No specific translations for ('en-AU') exist, so ('en') translations will be used.
[2017.04.18-01.02.24:955][  0]LogD3D11RHI: D3D11 adapters:
[2017.04.18-01.02.24:959][  0]LogD3D11RHI:    0. 'Intel(R) HD Graphics 4000' (Feature Level 11_0)
[2017.04.18-01.02.24:959][  0]LogD3D11RHI:       32/0/1760 MB DedicatedVideo/DedicatedSystem/SharedSystem, Outputs:1, VendorId:0x8086
[2017.04.18-01.02.24:960][  0]LogD3D11RHI:    1. 'Microsoft Basic Render Driver' (Feature Level 11_0)
[2017.04.18-01.02.24:960][  0]LogD3D11RHI:       0/0/6083 MB DedicatedVideo/DedicatedSystem/SharedSystem, Outputs:0, VendorId:0x1414
[2017.04.18-01.02.24:960][  0]LogD3D11RHI: Chosen D3D11 Adapter: 0
[2017.04.18-01.02.24:964][  0]LogD3D11RHI: Creating new Direct3DDevice
[2017.04.18-01.02.24:964][  0]LogD3D11RHI:     GPU DeviceId: 0x166 (for the marketing name, search the web for "GPU Device Id")
[2017.04.18-01.02.24:964][  0]LogWindows: EnumDisplayDevices:
[2017.04.18-01.02.24:964][  0]LogWindows:    0. 'Intel(R) HD Graphics 4000' (P:1 D:1)
[2017.04.18-01.02.24:965][  0]LogWindows:    1. 'Intel(R) HD Graphics 4000' (P:0 D:0)
[2017.04.18-01.02.24:965][  0]LogWindows:    2. 'Intel(R) HD Graphics 4000' (P:0 D:0)
[2017.04.18-01.02.24:965][  0]LogWindows: DebugString: FoundDriverCount:3 
[2017.04.18-01.02.24:965][  0]LogD3D11RHI:     Adapter Name: Intel(R) HD Graphics 4000
[2017.04.18-01.02.24:965][  0]LogD3D11RHI:   Driver Version: 10.18.10.4358 (internal:10.18.10.4358, unified:10.18.10.4358)
[2017.04.18-01.02.24:965][  0]LogD3D11RHI:      Driver Date: 12-21-2015
[2017.04.18-01.02.24:965][  0]LogRHI: Texture pool is 638 MB (70% of 912 MB)
[2017.04.18-01.02.24:968][  0]LogD3D11RHI: Async texture creation enabled
[2017.04.18-01.02.24:974][  0]LogD3D11RHI: GPU Timing Frequency: 12.500000 (Debug: 2 0)
[2017.04.18-01.02.24:974][  0]LogShaderCompilers: Guid format shader working directory is -32 characters bigger than the processId version (../../../../../../Users/User/Documents/GitHub/musicGame/musicGame/musicGame04/Intermediate/Shaders/WorkingDirectory/5880/).
[2017.04.18-01.02.24:974][  0]LogShaderCompilers: Cleaned the shader compiler working directory 'C:/Users/User/AppData/Local/Temp/UnrealShaderWorkingDir/EC9870894F25E3DE555224AE8A442741/'.
[2017.04.18-01.02.24:974][  0]LogShaderCompilers:Display: Using Local Shader Compiler.
[2017.04.18-01.02.26:135][  0]LogTemp:Display: Loaded TP AllDesktopTargetPlatform
[2017.04.18-01.02.26:201][  0]LogTemp:Display: Loaded TP MacClientTargetPlatform
[2017.04.18-01.02.26:267][  0]LogTemp:Display: Loaded TP MacNoEditorTargetPlatform
[2017.04.18-01.02.26:332][  0]LogTemp:Display: Loaded TP MacServerTargetPlatform
[2017.04.18-01.02.26:398][  0]LogTemp:Display: Loaded TP MacTargetPlatform
[2017.04.18-01.02.26:463][  0]LogTemp:Display: Loaded TP WindowsClientTargetPlatform
[2017.04.18-01.02.26:528][  0]LogTemp:Display: Loaded TP WindowsNoEditorTargetPlatform
[2017.04.18-01.02.26:593][  0]LogTemp:Display: Loaded TP WindowsServerTargetPlatform
[2017.04.18-01.02.26:648][  0]LogTemp:Display: Loaded TP WindowsTargetPlatform
[2017.04.18-01.02.26:717][  0]LogTemp:Display: Loaded TP AndroidTargetPlatform
[2017.04.18-01.02.26:781][  0]LogTemp:Display: Loaded TP Android_ASTCTargetPlatform
[2017.04.18-01.02.26:844][  0]LogTemp:Display: Loaded TP Android_ATCTargetPlatform
[2017.04.18-01.02.26:908][  0]LogTemp:Display: Loaded TP Android_DXTTargetPlatform
[2017.04.18-01.02.26:972][  0]LogTemp:Display: Loaded TP Android_ETC1TargetPlatform
[2017.04.18-01.02.27:036][  0]LogTemp:Display: Loaded TP Android_ETC2TargetPlatform
[2017.04.18-01.02.27:170][  0]LogTemp:Display: Loaded TP Android_MultiTargetPlatform
[2017.04.18-01.02.27:170][  0]LogTemp:Display: Loaded TP Android_PVRTCTargetPlatform
[2017.04.18-01.02.27:215][  0]LogTemp:Display: Loaded TP HTML5TargetPlatform
[2017.04.18-01.02.27:316][  0]LogTemp:Display: Loaded TP IOSTargetPlatform
[2017.04.18-01.02.27:358][  0]LogTemp:Display: Loaded TP TVOSTargetPlatform
[2017.04.18-01.02.27:421][  0]LogTemp:Display: Loaded TP LinuxClientTargetPlatform
[2017.04.18-01.02.27:486][  0]LogTemp:Display: Loaded TP LinuxNoEditorTargetPlatform
[2017.04.18-01.02.27:550][  0]LogTemp:Display: Loaded TP LinuxServerTargetPlatform
[2017.04.18-01.02.27:613][  0]LogTemp:Display: Loaded TP LinuxTargetPlatform
[2017.04.18-01.02.27:613][  0]LogTargetPlatformManager:Display: Building Assets For Windows
[2017.04.18-01.02.28:083][  0]LogDerivedDataCache:Display: Max Cache Size: 512 MB
[2017.04.18-01.02.28:136][  0]LogDerivedDataCache: Loaded boot cache 0.05s 50MB C:/Users/User/AppData/Local/UnrealEngine/4.14/DerivedDataCache/Boot.ddc.
[2017.04.18-01.02.28:136][  0]LogDerivedDataCache:Display: Loaded Boot cache: C:/Users/User/AppData/Local/UnrealEngine/4.14/DerivedDataCache/Boot.ddc
[2017.04.18-01.02.28:136][  0]LogDerivedDataCache: FDerivedDataBackendGraph:  Pak pak cache file ../../../../../../Users/User/Documents/GitHub/musicGame/musicGame/musicGame04/DerivedDataCache/DDC.ddp not found, will not use a pak cache.
[2017.04.18-01.02.28:136][  0]LogDerivedDataCache: Unable to find inner node Pak for hierarchical cache Hierarchy.
[2017.04.18-01.02.28:137][  0]LogDerivedDataCache: FDerivedDataBackendGraph:  CompressedPak pak cache file ../../../../../../Users/User/Documents/GitHub/musicGame/musicGame/musicGame04/DerivedDataCache/Compressed.ddp not found, will not use a pak cache.
[2017.04.18-01.02.28:137][  0]LogDerivedDataCache: Unable to find inner node CompressedPak for hierarchical cache Hierarchy.
[2017.04.18-01.02.28:155][  0]LogDerivedDataCache:Display: Pak cache opened for reading ../../../Engine/DerivedDataCache/Compressed.ddp.
[2017.04.18-01.02.28:167][  0]LogDerivedDataCache: Using Local data cache path C:/Users/User/AppData/Local/UnrealEngine/Common/DerivedDataCache: Writable
[2017.04.18-01.02.28:420][  0]LogInit: Selected Device Profile: [Windows]
[2017.04.18-01.02.28:424][  0]LogContentStreaming: Texture pool size is 0.00 MB
[2017.04.18-01.02.28:659][  0]LogMeshUtilities: Using QuadricMeshReduction for automatic static mesh reduction
[2017.04.18-01.02.28:711][  0]LogSimplygon: Simplygon DLL not present - disabling.
[2017.04.18-01.02.28:765][  0]LogMeshUtilities: Using SimplygonSwarm for distributed automatic mesh merging
[2017.04.18-01.02.28:765][  0]LogMeshUtilities: No automatic skeletal mesh reduction module available
[2017.04.18-01.02.28:765][  0]LogMeshUtilities: No automatic mesh merging module available
[2017.04.18-01.02.29:385][  0]LogNetVersion: GetLocalNetworkVersion: CL: 3195953, ProjectName: musicgame04, ProjectVersion: , EngineNetworkVersion: 2, GameNetworkVersion: 0, NetworkChecksum: 2475016038
[2017.04.18-01.02.29:447][  0]LogAssetRegistry: FAssetRegistry took 0.0223 seconds to start up
[2017.04.18-01.02.29:516][  0]LogPackageLocalizationCache: Processed 3 localized package path(s) for 2 prioritized culture(s) in 0.034999 seconds
[2017.04.18-01.02.29:523][  0]LogUObjectArray: 31946 objects as part of root set at end of initial load.
[2017.04.18-01.02.29:523][  0]LogUObjectAllocator: 6935848 out of 0 bytes used by permanent object pool.
[2017.04.18-01.02.29:523][  0]LogUObjectArray: CloseDisregardForGC: 0/0 objects in disregard for GC pool
[2017.04.18-01.02.29:607][  0]LogInit: WinSock: version 1.1 (2.2), MaxSocks=32767, MaxUdp=65467
[2017.04.18-01.02.30:616][  0]LogSlate: Using Freetype 2.6.0
[2017.04.18-01.02.30:617][  0]LogSlate: SlateFontCache - WITH_FREETYPE: 1, WITH_HARFBUZZ: 1
[2017.04.18-01.02.30:617][  0]LogSlate: SlateFontCache - WITH_FREETYPE: 1, WITH_HARFBUZZ: 1
[2017.04.18-01.02.31:585][  0]LogTcpMessaging: Initializing TcpMessaging bridge
[2017.04.18-01.02.31:692][  0]LogUdpMessaging: Initializing bridge on interface 0.0.0.0:0 to multicast group 230.0.0.1:6666.
[2017.04.18-01.02.32:120][  0]LogMaterial: Uniform references updated for custom material expression Custom.
[2017.04.18-01.02.32:629][  0]SourceControl: Info Source control is disabled
[2017.04.18-01.02.32:631][  0]SourceControl: Info Source control is disabled
[2017.04.18-01.02.32:705][  0]SourceControl: Info Source control is disabled
[2017.04.18-01.02.32:770][  0]SourceControl: Info Source control is disabled
[2017.04.18-01.02.34:511][  0]LogEngine: Initializing Engine...
[2017.04.18-01.02.34:512][  0]LogHMD: Failed to initialize OpenVR with code 110
[2017.04.18-01.02.34:873][  0]LogAIModule: Creating AISystem for world Untitled
[2017.04.18-01.02.34:889][  0]LogInit: XAudio2 using 'Speakers (3- Realtek High Definition Audio)' : 2 channels at 48 kHz using 32 bits per sample (channel mask 0x3)
[2017.04.18-01.02.34:936][  0]LogInit: FAudioDevice initialized.
[2017.04.18-01.02.34:978][  0]LogDerivedDataCache: Saved boot cache 0.04s 50MB C:/Users/User/AppData/Local/UnrealEngine/4.14/DerivedDataCache/Boot.ddc.
[2017.04.18-01.02.34:988][  0]LogInit: Texture streaming: Enabled
[2017.04.18-01.02.35:291][  0]LogInit: Transaction tracking system initialized
[2017.04.18-01.02.35:793][  0]BlueprintLog: New page: Editor Load
[2017.04.18-01.02.37:077][  0]LocalizationService: Info Localization service is disabled
[2017.04.18-01.02.38:113][  0]LogConsoleResponse:Display: 
[2017.04.18-01.02.38:294][  0]LogCook:Display: Max memory allowance for cook 16384mb min free memory 0mb
[2017.04.18-01.02.38:294][  0]LogCook:Display: Mobile HDR setting 1
[2017.04.18-01.02.39:389][  0]LogFileCache: Scanning file cache for directory 'C:/Users/User/Documents/GitHub/musicGame/musicGame/musicGame04/Content/' took 0.02s
[2017.04.18-01.02.39:443][  0]SourceControl: Info Source control is disabled
[2017.04.18-01.02.39:443][  0]Cmd: MAP LOAD FILE="../../../../../../Users/User/Documents/GitHub/musicGame/musicGame/musicGame04/Content/Level01.umap" TEMPLATE=0 SHOWPROGRESS=1 FEATURELEVEL=3
[2017.04.18-01.02.39:444][  0]LightingResults: New page: Lighting Build
[2017.04.18-01.02.39:495][  0]MapCheck: New page: Map Check
[2017.04.18-01.02.39:495][  0]LightingResults: New page: Lighting Build
[2017.04.18-01.02.40:465][  0]LogTexture:Display: Building textures: pink (AutoDXT)
[2017.04.18-01.02.40:468][  0]LogTexture:Display: Building textures: yellow (AutoDXT)
[2017.04.18-01.02.40:470][  0]LogTexture:Display: Building textures: blue (AutoDXT)
[2017.04.18-01.02.40:471][  0]LogTexture:Display: Building textures: orange (AutoDXT)
[2017.04.18-01.02.40:472][  0]LogAIModule: Creating AISystem for world Level01
[2017.04.18-01.02.40:741][  0]LogEditorServer: Finished looking for orphan Actors (0.001 secs)
[2017.04.18-01.02.40:745][  0]Cmd: MAP CHECKDEP NOCLEARLOG
[2017.04.18-01.02.40:796][  0]MapCheck: Info Map check complete: 0 Error(s), 0 Warning(s), took 51.699ms to complete.
[2017.04.18-01.02.40:796][  0]LogFileHelpers: Loading map 'Level01' took 1.353
[2017.04.18-01.02.40:856][  0]LogWindowsTextInputMethodSystem:Display: IME system now deactivated.
[2017.04.18-01.02.41:126][  0]LogCollectionManager: Loaded 0 collections in 0.001493 seconds
[2017.04.18-01.02.41:236][  0]LogFileCache: Scanning file cache for directory 'C:/Users/User/Documents/GitHub/musicGame/musicGame/musicGame04/Saved/Collections/' took 0.01s
[2017.04.18-01.02.41:236][  0]LogFileCache: Scanning file cache for directory 'C:/Users/User/Documents/GitHub/musicGame/musicGame/musicGame04/Content/Developers/User/Collections/' took 0.01s
[2017.04.18-01.02.41:236][  0]LogFileCache: Scanning file cache for directory 'C:/Users/User/Documents/GitHub/musicGame/musicGame/musicGame04/Content/Collections/' took 0.01s
[2017.04.18-01.02.41:236][  0]LogCollectionManager: Rebuilt the GUID cache for 0 collections in 0.000006 seconds
[2017.04.18-01.02.41:251][  0]LogContentBrowser: Native class hierarchy populated in 0.0123 seconds. Added 2190 classes and 428 folders.
[2017.04.18-01.02.41:309][  0]LogStats: UGameplayTagsManager::ConstructGameplayTagTree: Construct from data asset -  0.000 s
[2017.04.18-01.02.41:309][  0]LogStats: UGameplayTagsManager::ConstructGameplayTagTree: GameplayTagTreeChangedEvent.Broadcast -  0.000 s
[2017.04.18-01.02.41:310][  0]LogContentBrowser: Native class hierarchy updated for 'GameplayTags' in 0.0006 seconds. Added 13 classes and 0 folders.
[2017.04.18-01.02.41:386][  0]LogContentBrowser: Native class hierarchy updated for 'WidgetCarousel' in 0.0005 seconds. Added 0 classes and 0 folders.
[2017.04.18-01.02.41:731][  0]LogContentBrowser: Native class hierarchy updated for 'AddContentDialog' in 0.0006 seconds. Added 0 classes and 0 folders.
[2017.04.18-01.02.41:789][  0]LogContentBrowser: Native class hierarchy updated for 'SceneOutliner' in 0.0006 seconds. Added 1 classes and 2 folders.
[2017.04.18-01.02.41:895][  0]LogCrashTracker: Crashtracker disabled due to settings.
[2017.04.18-01.02.41:918][  0]LogUObjectGlobals:Warning: Failed to find object 'Class None.'
[2017.04.18-01.02.41:999][  0]LogContentBrowser: Native class hierarchy updated for 'HierarchicalLODOutliner' in 0.0010 seconds. Added 1 classes and 2 folders.
[2017.04.18-01.02.42:000][  0]LogLoad: (Engine Initialization) Total time: 22.05 seconds
[2017.04.18-01.02.42:000][  0]LogLoad: (Engine Initialization) Total Blueprint compile time: 0.06 seconds
[2017.04.18-01.02.42:000][  0]LogExternalProfiler: No external profilers were discovered.  External profiling features will not be available.
[2017.04.18-01.02.42:009][  0]LogOcInput: OculusInput pre-init called
[2017.04.18-01.02.42:037][  0]LogContentStreaming: Texture pool size now 1000 MB
[2017.04.18-01.02.42:440][  0]LogRenderer: Reallocating scene render targets to support 808x368 NumSamples 1 (Frame:2).
[2017.04.18-01.02.43:213][  1]LogAssetRegistry: Asset discovery search completed in 13.7884 seconds
[2017.04.18-01.02.43:213][  1]LogCollectionManager: Rebuilt the object cache for 0 collections in 0.000001 seconds (found 0 objects)
[2017.04.18-01.02.43:213][  1]LogCollectionManager: Fixed up redirectors for 0 collections in 0.000021 seconds (updated 0 objects)
[2017.04.18-01.03.06:953][310]LogTemp: Repeting last play command: Selected Viewport
[2017.04.18-01.03.06:987][310]LogBlueprintUserMessages: Early PlayInEditor Detection: Level '/Game/Level01.Level01:PersistentLevel' has LevelScriptBlueprint '/Game/Level01.Level01:PersistentLevel.Level01' with GeneratedClass '/Game/Level01.Level01_C' with ClassGeneratedBy '/Game/Level01.Level01:PersistentLevel.Level01'
[2017.04.18-01.03.06:988][310]LogPlayLevel: PlayLevel: No blueprints needed recompiling
[2017.04.18-01.03.06:993][310]PIE: New page: PIE session: Level01 (18 Apr 2017 8:03:06 pm)
[2017.04.18-01.03.06:993][310]LogPlayLevel: Creating play world package: /Game/UEDPIE_0_Level01
[2017.04.18-01.03.07:231][310]LogPlayLevel: PIE: StaticDuplicateObject took: (0.237511s)
[2017.04.18-01.03.07:231][310]LogAIModule: Creating AISystem for world Level01
[2017.04.18-01.03.07:232][310]LogPlayLevel: PIE: World Init took: (0.001852s)
[2017.04.18-01.03.07:235][310]LogPlayLevel: PIE: Created PIE world by copying editor world from /Game/Level01.Level01 to /Game/UEDPIE_0_Level01.Level01 (0.241613s)
[2017.04.18-01.03.07:276][310]LogInit: XAudio2 using 'Speakers (3- Realtek High Definition Audio)' : 2 channels at 48 kHz using 32 bits per sample (channel mask 0x3)
[2017.04.18-01.03.07:286][310]LogInit: FAudioDevice initialized.
[2017.04.18-01.03.07:472][310]LogBlueprint:Warning: [Compiler Player] Warning InputAction Event references unknown Action 'Attack' for  K2Node_InputAction_12
[2017.04.18-01.03.07:482][310]LogBlueprint:Warning: [Compiler Player] Warning [0047.53] Compile of Player successful, but with 1 Warning(s) [in 16 ms] (/Game/blueprints/Player.Player)
[2017.04.18-01.03.07:482][310]LogBlueprint:Warning: [Compiler Player] Warning [0047.53] Compile of Player successful, but with 2 Warning(s) [in 0 ms] (/Game/blueprints/Player.Player)
[2017.04.18-01.03.07:482][310]LogBlueprint:Warning: [Compiler Player] Warning [0047.53] Compile of Player successful, but with 3 Warning(s) [in 0 ms] (/Game/blueprints/Player.Player)
[2017.04.18-01.03.07:492][310]LogBlueprint:Warning: [Compiler Player] Warning InputAction Event references unknown Action 'Attack' for  K2Node_InputAction_12
[2017.04.18-01.03.07:498][310]LogBlueprint:Warning: [Compiler Player] Warning [0047.55] Compile of Player successful, but with 1 Warning(s) [in 9 ms] (/Game/blueprints/Player.Player)
[2017.04.18-01.03.07:499][310]LogBlueprint:Warning: [Compiler Player] Warning [0047.55] Compile of Player successful, but with 2 Warning(s) [in 0 ms] (/Game/blueprints/Player.Player)
[2017.04.18-01.03.07:499][310]LogBlueprint:Warning: [Compiler Player] Warning [0047.55] Compile of Player successful, but with 3 Warning(s) [in 0 ms] (/Game/blueprints/Player.Player)
[2017.04.18-01.03.07:523][310]LogLoad: Game class is 'BasicLevelMode_C'
[2017.04.18-01.03.07:690][310]LogWorld: Bringing World /Game/UEDPIE_0_Level01.Level01 up for play (max tick rate 0) at 2017.04.18-10.33.07
[2017.04.18-01.03.07:719][310]LogWorld: Bringing up level for play took: 0.185472
[2017.04.18-01.03.07:784][310]LogContentBrowser: Native class hierarchy updated for 'MovieSceneCapture' in 0.0006 seconds. Added 11 classes and 0 folders.
[2017.04.18-01.03.07:785][310]LogGameMode:Display: Match State Changed from EnteringMap to WaitingToStart
[2017.04.18-01.03.07:785][310]LogGameState: Match State Changed from EnteringMap to WaitingToStart
[2017.04.18-01.03.07:785][310]LogGameMode:Display: Match State Changed from WaitingToStart to InProgress
[2017.04.18-01.03.07:800][310]LogGameState: Match State Changed from WaitingToStart to InProgress
[2017.04.18-01.03.07:801][310]PIE: Info Play in editor start time for /Game/UEDPIE_0_Level01 1.725
[2017.04.18-01.03.07:803][310]LogBlueprintUserMessages: Late PlayInEditor Detection: Level '/Game/Level01.Level01:PersistentLevel' has LevelScriptBlueprint '/Game/Level01.Level01:PersistentLevel.Level01' with GeneratedClass '/Game/Level01.Level01_C' with ClassGeneratedBy '/Game/Level01.Level01:PersistentLevel.Level01'
[2017.04.18-01.03.34:011][937]LogBlueprintUserMessages: Early EndPlayMap Detection: Level '/Game/Level01.Level01:PersistentLevel' has LevelScriptBlueprint '/Game/Level01.Level01:PersistentLevel.Level01' with GeneratedClass '/Game/Level01.Level01_C' with ClassGeneratedBy '/Game/Level01.Level01:PersistentLevel.Level01'
[2017.04.18-01.03.34:156][937]LogBlueprintUserMessages: Late EndPlayMap Detection: Level '/Game/Level01.Level01:PersistentLevel' has LevelScriptBlueprint '/Game/Level01.Level01:PersistentLevel.Level01' with GeneratedClass '/Game/Level01.Level01_C' with ClassGeneratedBy '/Game/Level01.Level01:PersistentLevel.Level01'
[2017.04.18-01.03.43:858][ 16]LogContentBrowser: Native class hierarchy updated for 'BlueprintGraph' in 0.0010 seconds. Added 111 classes and 0 folders.
[2017.04.18-01.04.45:618][652]LogEditorViewport: Clicking Background
[2017.04.18-01.05.24:949][708]LogEditorViewport: Clicking Background
[2017.04.18-01.07.02:018][994]Cmd: ACTOR HIDE SELECTED
[2017.04.18-01.07.03:515][ 37]LogEditorViewport: Clicking Background
[2017.04.18-01.07.04:188][ 58]LogTemp: Repeting last play command: Selected Viewport
[2017.04.18-01.07.04:253][ 58]LogBlueprintUserMessages: Early PlayInEditor Detection: Level '/Game/Level01.Level01:PersistentLevel' has LevelScriptBlueprint '/Game/Level01.Level01:PersistentLevel.Level01' with GeneratedClass '/Game/Level01.Level01_C' with ClassGeneratedBy '/Game/Level01.Level01:PersistentLevel.Level01'
[2017.04.18-01.07.04:253][ 58]LogPlayLevel: PlayLevel: No blueprints needed recompiling
[2017.04.18-01.07.04:253][ 58]PIE: New page: PIE session: Level01 (18 Apr 2017 8:07:04 pm)
[2017.04.18-01.07.04:253][ 58]LogPlayLevel: Creating play world package: /Game/UEDPIE_0_Level01
[2017.04.18-01.07.04:458][ 58]LogPlayLevel: PIE: StaticDuplicateObject took: (0.204611s)
[2017.04.18-01.07.04:459][ 58]LogAIModule: Creating AISystem for world Level01
[2017.04.18-01.07.04:459][ 58]LogPlayLevel: PIE: World Init took: (0.000778s)
[2017.04.18-01.07.04:460][ 58]LogPlayLevel: PIE: Created PIE world by copying editor world from /Game/Level01.Level01 to /Game/UEDPIE_0_Level01.Level01 (0.206881s)
[2017.04.18-01.07.04:523][ 58]LogInit: XAudio2 using 'Speakers (3- Realtek High Definition Audio)' : 2 channels at 48 kHz using 32 bits per sample (channel mask 0x3)
[2017.04.18-01.07.04:532][ 58]LogInit: FAudioDevice initialized.
[2017.04.18-01.07.04:563][ 58]LogLoad: Game class is 'BasicLevelMode_C'
[2017.04.18-01.07.04:720][ 58]LogWorld: Bringing World /Game/UEDPIE_0_Level01.Level01 up for play (max tick rate 0) at 2017.04.18-10.37.04
[2017.04.18-01.07.04:742][ 58]LogWorld: Bringing up level for play took: 0.178525
[2017.04.18-01.07.04:744][ 58]LogGameMode:Display: Match State Changed from EnteringMap to WaitingToStart
[2017.04.18-01.07.04:744][ 58]LogGameState: Match State Changed from EnteringMap to WaitingToStart
[2017.04.18-01.07.04:744][ 58]LogGameMode:Display: Match State Changed from WaitingToStart to InProgress
[2017.04.18-01.07.04:751][ 58]LogGameState: Match State Changed from WaitingToStart to InProgress
[2017.04.18-01.07.04:751][ 58]PIE: Info Play in editor start time for /Game/UEDPIE_0_Level01 0.675
[2017.04.18-01.07.04:753][ 58]LogBlueprintUserMessages: Late PlayInEditor Detection: Level '/Game/Level01.Level01:PersistentLevel' has LevelScriptBlueprint '/Game/Level01.Level01:PersistentLevel.Level01' with GeneratedClass '/Game/Level01.Level01_C' with ClassGeneratedBy '/Game/Level01.Level01:PersistentLevel.Level01'
[2017.04.18-01.07.07:464][111]LogBlueprintUserMessages: Early EndPlayMap Detection: Level '/Game/Level01.Level01:PersistentLevel' has LevelScriptBlueprint '/Game/Level01.Level01:PersistentLevel.Level01' with GeneratedClass '/Game/Level01.Level01_C' with ClassGeneratedBy '/Game/Level01.Level01:PersistentLevel.Level01'
[2017.04.18-01.07.07:583][111]LogBlueprintUserMessages: Late EndPlayMap Detection: Level '/Game/Level01.Level01:PersistentLevel' has LevelScriptBlueprint '/Game/Level01.Level01:PersistentLevel.Level01' with GeneratedClass '/Game/Level01.Level01_C' with ClassGeneratedBy '/Game/Level01.Level01:PersistentLevel.Level01'
[2017.04.18-01.07.08:906][140]LogEditorViewport: Clicking Background
[2017.04.18-01.07.14:486][327]LogRenderer: Reallocating scene render targets to support 816x368 NumSamples 1 (Frame:1903).
[2017.04.18-01.07.14:551][328]LogRenderer: Reallocating scene render targets to support 824x368 NumSamples 1 (Frame:1905).
[2017.04.18-01.07.14:645][329]LogRenderer: Reallocating scene render targets to support 864x368 NumSamples 1 (Frame:1907).
[2017.04.18-01.07.14:717][330]LogRenderer: Reallocating scene render targets to support 888x368 NumSamples 1 (Frame:1909).
[2017.04.18-01.07.16:956][398]LogTemp: Repeting last play command: Selected Viewport
[2017.04.18-01.07.17:002][398]LogBlueprintUserMessages: Early PlayInEditor Detection: Level '/Game/Level01.Level01:PersistentLevel' has LevelScriptBlueprint '/Game/Level01.Level01:PersistentLevel.Level01' with GeneratedClass '/Game/Level01.Level01_C' with ClassGeneratedBy '/Game/Level01.Level01:PersistentLevel.Level01'
[2017.04.18-01.07.17:002][398]LogPlayLevel: PlayLevel: No blueprints needed recompiling
[2017.04.18-01.07.17:003][398]PIE: New page: PIE session: Level01 (18 Apr 2017 8:07:17 pm)
[2017.04.18-01.07.17:003][398]LogPlayLevel: Creating play world package: /Game/UEDPIE_0_Level01
[2017.04.18-01.07.17:266][398]LogPlayLevel: PIE: StaticDuplicateObject took: (0.263212s)
[2017.04.18-01.07.17:267][398]LogAIModule: Creating AISystem for world Level01
[2017.04.18-01.07.17:267][398]LogPlayLevel: PIE: World Init took: (0.000675s)
[2017.04.18-01.07.17:268][398]LogPlayLevel: PIE: Created PIE world by copying editor world from /Game/Level01.Level01 to /Game/UEDPIE_0_Level01.Level01 (0.265370s)
[2017.04.18-01.07.17:319][398]LogInit: XAudio2 using 'Speakers (3- Realtek High Definition Audio)' : 2 channels at 48 kHz using 32 bits per sample (channel mask 0x3)
[2017.04.18-01.07.17:329][398]LogInit: FAudioDevice initialized.
[2017.04.18-01.07.17:364][398]LogLoad: Game class is 'BasicLevelMode_C'
[2017.04.18-01.07.17:523][398]LogWorld: Bringing World /Game/UEDPIE_0_Level01.Level01 up for play (max tick rate 0) at 2017.04.18-10.37.17
[2017.04.18-01.07.17:546][398]LogWorld: Bringing up level for play took: 0.181266
[2017.04.18-01.07.17:547][398]LogGameMode:Display: Match State Changed from EnteringMap to WaitingToStart
[2017.04.18-01.07.17:547][398]LogGameState: Match State Changed from EnteringMap to WaitingToStart
[2017.04.18-01.07.17:547][398]LogGameMode:Display: Match State Changed from WaitingToStart to InProgress
[2017.04.18-01.07.17:553][398]LogGameState: Match State Changed from WaitingToStart to InProgress
[2017.04.18-01.07.17:553][398]PIE: Info Play in editor start time for /Game/UEDPIE_0_Level01 1.476
[2017.04.18-01.07.17:554][398]LogBlueprintUserMessages: Late PlayInEditor Detection: Level '/Game/Level01.Level01:PersistentLevel' has LevelScriptBlueprint '/Game/Level01.Level01:PersistentLevel.Level01' with GeneratedClass '/Game/Level01.Level01_C' with ClassGeneratedBy '/Game/Level01.Level01:PersistentLevel.Level01'
[2017.04.18-01.07.22:435][506]LogBlueprintUserMessages: Early EndPlayMap Detection: Level '/Game/Level01.Level01:PersistentLevel' has LevelScriptBlueprint '/Game/Level01.Level01:PersistentLevel.Level01' with GeneratedClass '/Game/Level01.Level01_C' with ClassGeneratedBy '/Game/Level01.Level01:PersistentLevel.Level01'
[2017.04.18-01.07.22:553][506]LogBlueprintUserMessages: Late EndPlayMap Detection: Level '/Game/Level01.Level01:PersistentLevel' has LevelScriptBlueprint '/Game/Level01.Level01:PersistentLevel.Level01' with GeneratedClass '/Game/Level01.Level01_C' with ClassGeneratedBy '/Game/Level01.Level01:PersistentLevel.Level01'
[2017.04.18-01.08.31:001][700]LogEditorViewport: Clicking Background
[2017.04.18-01.08.38:309][700]LogTemp: Repeting last play command: Selected Viewport
[2017.04.18-01.08.38:336][700]LogBlueprintUserMessages: Early PlayInEditor Detection: Level '/Game/Level01.Level01:PersistentLevel' has LevelScriptBlueprint '/Game/Level01.Level01:PersistentLevel.Level01' with GeneratedClass '/Game/Level01.Level01_C' with ClassGeneratedBy '/Game/Level01.Level01:PersistentLevel.Level01'
[2017.04.18-01.08.38:336][700]LogPlayLevel: PlayLevel: No blueprints needed recompiling
[2017.04.18-01.08.38:336][700]PIE: New page: PIE session: Level01 (18 Apr 2017 8:08:38 pm)
[2017.04.18-01.08.38:337][700]LogPlayLevel: Creating play world package: /Game/UEDPIE_0_Level01
[2017.04.18-01.08.38:537][700]LogPlayLevel: PIE: StaticDuplicateObject took: (0.200203s)
[2017.04.18-01.08.38:538][700]LogAIModule: Creating AISystem for world Level01
[2017.04.18-01.08.38:538][700]LogPlayLevel: PIE: World Init took: (0.000653s)
[2017.04.18-01.08.38:539][700]LogPlayLevel: PIE: Created PIE world by copying editor world from /Game/Level01.Level01 to /Game/UEDPIE_0_Level01.Level01 (0.202277s)
[2017.04.18-01.08.38:593][700]LogInit: XAudio2 using 'Speakers (3- Realtek High Definition Audio)' : 2 channels at 48 kHz using 32 bits per sample (channel mask 0x3)
[2017.04.18-01.08.38:601][700]LogInit: FAudioDevice initialized.
[2017.04.18-01.08.38:633][700]LogLoad: Game class is 'BasicLevelMode_C'
[2017.04.18-01.08.38:788][700]LogWorld: Bringing World /Game/UEDPIE_0_Level01.Level01 up for play (max tick rate 0) at 2017.04.18-10.38.38
[2017.04.18-01.08.38:810][700]LogWorld: Bringing up level for play took: 0.176629
[2017.04.18-01.08.38:811][700]LogGameMode:Display: Match State Changed from EnteringMap to WaitingToStart
[2017.04.18-01.08.38:811][700]LogGameState: Match State Changed from EnteringMap to WaitingToStart
[2017.04.18-01.08.38:811][700]LogGameMode:Display: Match State Changed from WaitingToStart to InProgress
[2017.04.18-01.08.38:817][700]LogGameState: Match State Changed from WaitingToStart to InProgress
[2017.04.18-01.08.38:817][700]PIE: Info Play in editor start time for /Game/UEDPIE_0_Level01 0.741
[2017.04.18-01.08.38:819][700]LogBlueprintUserMessages: Late PlayInEditor Detection: Level '/Game/Level01.Level01:PersistentLevel' has LevelScriptBlueprint '/Game/Level01.Level01:PersistentLevel.Level01' with GeneratedClass '/Game/Level01.Level01_C' with ClassGeneratedBy '/Game/Level01.Level01:PersistentLevel.Level01'
[2017.04.18-01.08.53:502][306]LogBlueprintUserMessages: Early EndPlayMap Detection: Level '/Game/Level01.Level01:PersistentLevel' has LevelScriptBlueprint '/Game/Level01.Level01:PersistentLevel.Level01' with GeneratedClass '/Game/Level01.Level01_C' with ClassGeneratedBy '/Game/Level01.Level01:PersistentLevel.Level01'
[2017.04.18-01.08.53:667][306]LogBlueprintUserMessages: Late EndPlayMap Detection: Level '/Game/Level01.Level01:PersistentLevel' has LevelScriptBlueprint '/Game/Level01.Level01:PersistentLevel.Level01' with GeneratedClass '/Game/Level01.Level01_C' with ClassGeneratedBy '/Game/Level01.Level01:PersistentLevel.Level01'
[2017.04.18-01.09.47:052][ 81]LogTemp: Repeting last play command: Selected Viewport
[2017.04.18-01.09.47:096][ 81]LogBlueprintUserMessages: Early PlayInEditor Detection: Level '/Game/Level01.Level01:PersistentLevel' has LevelScriptBlueprint '/Game/Level01.Level01:PersistentLevel.Level01' with GeneratedClass '/Game/Level01.Level01_C' with ClassGeneratedBy '/Game/Level01.Level01:PersistentLevel.Level01'
[2017.04.18-01.09.47:096][ 81]LogPlayLevel: PlayLevel: No blueprints needed recompiling
[2017.04.18-01.09.47:096][ 81]PIE: New page: PIE session: Level01 (18 Apr 2017 8:09:47 pm)
[2017.04.18-01.09.47:096][ 81]LogPlayLevel: Creating play world package: /Game/UEDPIE_0_Level01
[2017.04.18-01.09.47:371][ 81]LogPlayLevel: PIE: StaticDuplicateObject took: (0.275148s)
[2017.04.18-01.09.47:372][ 81]LogAIModule: Creating AISystem for world Level01
[2017.04.18-01.09.47:372][ 81]LogPlayLevel: PIE: World Init took: (0.000827s)
[2017.04.18-01.09.47:374][ 81]LogPlayLevel: PIE: Created PIE world by copying editor world from /Game/Level01.Level01 to /Game/UEDPIE_0_Level01.Level01 (0.277834s)
[2017.04.18-01.09.47:444][ 81]LogInit: XAudio2 using 'Speakers (3- Realtek High Definition Audio)' : 2 channels at 48 kHz using 32 bits per sample (channel mask 0x3)
[2017.04.18-01.09.47:455][ 81]LogInit: FAudioDevice initialized.
[2017.04.18-01.09.47:488][ 81]LogLoad: Game class is 'BasicLevelMode_C'
[2017.04.18-01.09.47:703][ 81]LogWorld: Bringing World /Game/UEDPIE_0_Level01.Level01 up for play (max tick rate 0) at 2017.04.18-10.39.47
[2017.04.18-01.09.47:734][ 81]LogWorld: Bringing up level for play took: 0.245827
[2017.04.18-01.09.47:736][ 81]LogGameMode:Display: Match State Changed from EnteringMap to WaitingToStart
[2017.04.18-01.09.47:736][ 81]LogGameState: Match State Changed from EnteringMap to WaitingToStart
[2017.04.18-01.09.47:736][ 81]LogGameMode:Display: Match State Changed from WaitingToStart to InProgress
[2017.04.18-01.09.47:743][ 81]LogGameState: Match State Changed from WaitingToStart to InProgress
[2017.04.18-01.09.47:743][ 81]PIE: Info Play in editor start time for /Game/UEDPIE_0_Level01 -0.334
[2017.04.18-01.09.47:745][ 81]LogBlueprintUserMessages: Late PlayInEditor Detection: Level '/Game/Level01.Level01:PersistentLevel' has LevelScriptBlueprint '/Game/Level01.Level01:PersistentLevel.Level01' with GeneratedClass '/Game/Level01.Level01_C' with ClassGeneratedBy '/Game/Level01.Level01:PersistentLevel.Level01'
[2017.04.18-01.09.59:289][562]LogBlueprintUserMessages: Early EndPlayMap Detection: Level '/Game/Level01.Level01:PersistentLevel' has LevelScriptBlueprint '/Game/Level01.Level01:PersistentLevel.Level01' with GeneratedClass '/Game/Level01.Level01_C' with ClassGeneratedBy '/Game/Level01.Level01:PersistentLevel.Level01'
[2017.04.18-01.09.59:450][562]LogBlueprintUserMessages: Late EndPlayMap Detection: Level '/Game/Level01.Level01:PersistentLevel' has LevelScriptBlueprint '/Game/Level01.Level01:PersistentLevel.Level01' with GeneratedClass '/Game/Level01.Level01_C' with ClassGeneratedBy '/Game/Level01.Level01:PersistentLevel.Level01'
[2017.04.18-01.10.02:574][675]Cmd: OBJ SAVEPACKAGE PACKAGE="/Game/Level01" FILE="../../../../../../Users/User/Documents/GitHub/musicGame/musicGame/musicGame04/Content/Level01.umap" SILENT=true AUTOSAVING=false KEEPDIRTY=false
[2017.04.18-01.10.05:285][675]LogSavePackage: Save=2629.70ms
[2017.04.18-01.10.05:285][675]LogSavePackage: Moving '../../../../../../Users/User/Documents/GitHub/musicGame/musicGame/musicGame04/Saved/Level0188ED9B054B94E4DBEE5172A8752DD9D7.tmp' to '../../../../../../Users/User/Documents/GitHub/musicGame/musicGame/musicGame04/Content/Level01.umap'
[2017.04.18-01.10.05:294][675]LogSavePackage:Display: Finished SavePackage ../../../../../../Users/User/Documents/GitHub/musicGame/musicGame/musicGame04/Content/Level01.umap
[2017.04.18-01.10.05:352][675]Cmd: OBJ SAVEPACKAGE PACKAGE="/Game/Level01_BuiltData" FILE="../../../../../../Users/User/Documents/GitHub/musicGame/musicGame/musicGame04/Content/Level01_BuiltData.uasset" SILENT=true
[2017.04.18-01.10.05:374][675]LogSavePackage: Save=5.96ms
[2017.04.18-01.10.05:374][675]LogSavePackage: Moving '../../../../../../Users/User/Documents/GitHub/musicGame/musicGame/musicGame04/Saved/Level01_BuiltDataAA810260412BC1975B2F4C977E57565F.tmp' to '../../../../../../Users/User/Documents/GitHub/musicGame/musicGame/musicGame04/Content/Level01_BuiltData.uasset'
[2017.04.18-01.10.05:376][675]LogSavePackage:Display: Finished SavePackage ../../../../../../Users/User/Documents/GitHub/musicGame/musicGame/musicGame04/Content/Level01_BuiltData.uasset
[2017.04.18-01.10.09:451][781]LogSlate: Only BGRA pngs, bmps or icos are supported in by External Image Picker
[2017.04.18-01.10.09:570][784]LogTemp:Display: Executing iPhonePackager certificates Engine -bundlename com.YourCompany.musicGame04

[2017.04.18-01.10.09:570][784]LogTemp:Display: CWD: C:\Program Files\Epic Games\UE_4.14\Engine\Binaries\DotNet\IOS

[2017.04.18-01.10.09:570][784]LogTemp:Display: Initial Dir: C:\Program Files\Epic Games\UE_4.14

[2017.04.18-01.10.09:570][784]LogTemp:Display: Env CWD: C:\Program Files\Epic Games\UE_4.14\Engine\Binaries\DotNet\IOS

[2017.04.18-01.10.09:570][784]LogTemp:Display: BranchPath = XXXX-PC-X/C/Program Files/Epic Games/UE_4.14/Engine/Binaries --- GameBranchPath = XXXX-PC-X/C/Program Files/Epic Games/UE_4.14/Engine/Binaries

[2017.04.18-01.10.09:652][787]LogTemp:Display: IPP ERROR: Application exception: System.IO.DirectoryNotFoundException: Could not find a part of the path 'C:\Users\User\AppData\Local\Apple Computer\MobileDevice\Provisioning Profiles'.

[2017.04.18-01.10.09:652][787]LogTemp:Display:    at System.IO.__Error.WinIOError(Int32 errorCode, String maybeFullPath)

[2017.04.18-01.10.09:652][787]LogTemp:Display:    at System.IO.FileSystemEnumerableIterator`1.CommonInit()

[2017.04.18-01.10.09:652][787]LogTemp:Display:    at System.IO.Directory.EnumerateFiles(String path, String searchPattern)

[2017.04.18-01.10.09:652][787]LogTemp:Display:    at iPhonePackager.CodeSignatureBuilder.FindProvisions(String CFBundleIdentifier)

[2017.04.18-01.10.09:652][787]LogTemp:Display:    at iPhonePackager.Program.Main(String[] args)

[2017.04.18-01.10.46:907][826]LogSlate: Only BGRA pngs, bmps or icos are supported in by External Image Picker
[2017.04.18-01.10.46:986][828]LogTemp:Display: Executing iPhonePackager certificates Engine -bundlename com.YourCompany.musicGame04

[2017.04.18-01.10.46:986][828]LogTemp:Display: CWD: C:\Program Files\Epic Games\UE_4.14\Engine\Binaries\DotNet\IOS

[2017.04.18-01.10.46:986][828]LogTemp:Display: Initial Dir: C:\Program Files\Epic Games\UE_4.14

[2017.04.18-01.10.46:986][828]LogTemp:Display: Env CWD: C:\Program Files\Epic Games\UE_4.14\Engine\Binaries\DotNet\IOS

[2017.04.18-01.10.46:986][828]LogTemp:Display: BranchPath = XXXX-PC-X/C/Program Files/Epic Games/UE_4.14/Engine/Binaries --- GameBranchPath = XXXX-PC-X/C/Program Files/Epic Games/UE_4.14/Engine/Binaries

[2017.04.18-01.10.47:048][830]LogTemp:Display: IPP ERROR: Application exception: System.IO.DirectoryNotFoundException: Could not find a part of the path 'C:\Users\User\AppData\Local\Apple Computer\MobileDevice\Provisioning Profiles'.

[2017.04.18-01.10.47:048][830]LogTemp:Display:    at System.IO.__Error.WinIOError(Int32 errorCode, String maybeFullPath)

[2017.04.18-01.10.47:048][830]LogTemp:Display:    at System.IO.FileSystemEnumerableIterator`1.CommonInit()

[2017.04.18-01.10.47:048][830]LogTemp:Display:    at System.IO.Directory.EnumerateFiles(String path, String searchPattern)

[2017.04.18-01.10.47:048][830]LogTemp:Display:    at iPhonePackager.CodeSignatureBuilder.FindProvisions(String CFBundleIdentifier)

[2017.04.18-01.10.47:048][830]LogTemp:Display:    at iPhonePackager.Program.Main(String[] args)

[2017.04.18-01.11.11:801][145]LogRenderer: Reallocating scene render targets to support 888x376 NumSamples 1 (Frame:6611).
[2017.04.18-01.11.11:867][146]LogRenderer: Reallocating scene render targets to support 888x384 NumSamples 1 (Frame:6613).
[2017.04.18-01.11.11:978][148]LogRenderer: Reallocating scene render targets to support 888x388 NumSamples 1 (Frame:6616).
[2017.04.18-01.11.12:056][149]LogRenderer: Reallocating scene render targets to support 888x396 NumSamples 1 (Frame:6618).
[2017.04.18-01.11.12:134][150]LogRenderer: Reallocating scene render targets to support 888x404 NumSamples 1 (Frame:6620).
[2017.04.18-01.11.12:200][151]LogRenderer: Reallocating scene render targets to support 888x408 NumSamples 1 (Frame:6622).
[2017.04.18-01.11.12:284][152]LogRenderer: Reallocating scene render targets to support 888x412 NumSamples 1 (Frame:6624).
[2017.04.18-01.11.12:357][153]LogRenderer: Reallocating scene render targets to support 888x428 NumSamples 1 (Frame:6626).
[2017.04.18-01.11.16:989][283]LogSlate: Only BGRA pngs, bmps or icos are supported in by External Image Picker
[2017.04.18-01.11.17:072][285]LogTemp:Display: Executing iPhonePackager certificates Engine -bundlename com.YourCompany.musicGame04

[2017.04.18-01.11.17:072][285]LogTemp:Display: CWD: C:\Program Files\Epic Games\UE_4.14\Engine\Binaries\DotNet\IOS

[2017.04.18-01.11.17:072][285]LogTemp:Display: Initial Dir: C:\Program Files\Epic Games\UE_4.14

[2017.04.18-01.11.17:072][285]LogTemp:Display: Env CWD: C:\Program Files\Epic Games\UE_4.14\Engine\Binaries\DotNet\IOS

[2017.04.18-01.11.17:072][285]LogTemp:Display: BranchPath = XXXX-PC-X/C/Program Files/Epic Games/UE_4.14/Engine/Binaries --- GameBranchPath = XXXX-PC-X/C/Program Files/Epic Games/UE_4.14/Engine/Binaries

[2017.04.18-01.11.17:101][286]LogTemp:Display: IPP ERROR: Application exception: System.IO.DirectoryNotFoundException: Could not find a part of the path 'C:\Users\User\AppData\Local\Apple Computer\MobileDevice\Provisioning Profiles'.

[2017.04.18-01.11.17:101][286]LogTemp:Display:    at System.IO.__Error.WinIOError(Int32 errorCode, String maybeFullPath)

[2017.04.18-01.11.17:101][286]LogTemp:Display:    at System.IO.FileSystemEnumerableIterator`1.CommonInit()

[2017.04.18-01.11.17:102][286]LogTemp:Display:    at System.IO.Directory.EnumerateFiles(String path, String searchPattern)

[2017.04.18-01.11.17:102][286]LogTemp:Display:    at iPhonePackager.CodeSignatureBuilder.FindProvisions(String CFBundleIdentifier)

[2017.04.18-01.11.17:102][286]LogTemp:Display:    at iPhonePackager.Program.Main(String[] args)

[2017.04.18-01.12.48:432][115]BlueprintLog: New page: Compile Player
[2017.04.18-01.12.48:455][115]LogBlueprint:Warning: [Compiler Player] Warning InputAction Event references unknown Action 'Attack' for  K2Node_InputAction_12
[2017.04.18-01.12.48:605][115]BlueprintEditorCompileResults:Warning: Warning InputAction Event references unknown Action 'Attack' for  K2Node_InputAction_12
[2017.04.18-01.12.48:605][115]LogBlueprint:Warning: [Compiler Player] Warning [0628.65] Compile of Player successful, but with 1 Warning(s) [in 172 ms] (/Game/blueprints/Player.Player)
[2017.04.18-01.13.25:407][786]BlueprintLog: New page: Compile Player
[2017.04.18-01.13.27:583][937]Cmd: OBJ SAVEPACKAGE PACKAGE="/Game/blueprints/Player" FILE="../../../../../../Users/User/Documents/GitHub/musicGame/musicGame/musicGame04/Content/blueprints/Player.uasset" SILENT=true
[2017.04.18-01.13.27:651][937]LogSavePackage: Save=51.24ms
[2017.04.18-01.13.27:651][937]LogSavePackage: Moving '../../../../../../Users/User/Documents/GitHub/musicGame/musicGame/musicGame04/Saved/PlayerE0009C9349BDD682DE2312AB997514F4.tmp' to '../../../../../../Users/User/Documents/GitHub/musicGame/musicGame/musicGame04/Content/blueprints/Player.uasset'
[2017.04.18-01.13.27:652][937]LogSavePackage:Display: Finished SavePackage ../../../../../../Users/User/Documents/GitHub/musicGame/musicGame/musicGame04/Content/blueprints/Player.uasset
[2017.04.18-01.13.29:284][ 33]LogTemp: Repeting last play command: Selected Viewport
[2017.04.18-01.13.29:335][ 33]LogBlueprintUserMessages: Early PlayInEditor Detection: Level '/Game/Level01.Level01:PersistentLevel' has LevelScriptBlueprint '/Game/Level01.Level01:PersistentLevel.Level01' with GeneratedClass '/Game/Level01.Level01_C' with ClassGeneratedBy '/Game/Level01.Level01:PersistentLevel.Level01'
[2017.04.18-01.13.29:335][ 33]LogPlayLevel: PlayLevel: No blueprints needed recompiling
[2017.04.18-01.13.29:335][ 33]PIE: New page: PIE session: Level01 (18 Apr 2017 8:13:29 pm)
[2017.04.18-01.13.29:335][ 33]LogPlayLevel: Creating play world package: /Game/UEDPIE_0_Level01
[2017.04.18-01.13.29:544][ 33]LogPlayLevel: PIE: StaticDuplicateObject took: (0.208198s)
[2017.04.18-01.13.29:544][ 33]LogAIModule: Creating AISystem for world Level01
[2017.04.18-01.13.29:544][ 33]LogPlayLevel: PIE: World Init took: (0.000753s)
[2017.04.18-01.13.29:546][ 33]LogPlayLevel: PIE: Created PIE world by copying editor world from /Game/Level01.Level01 to /Game/UEDPIE_0_Level01.Level01 (0.210423s)
[2017.04.18-01.13.29:594][ 33]LogInit: XAudio2 using 'Speakers (3- Realtek High Definition Audio)' : 2 channels at 48 kHz using 32 bits per sample (channel mask 0x3)
[2017.04.18-01.13.29:604][ 33]LogInit: FAudioDevice initialized.
[2017.04.18-01.13.29:635][ 33]LogLoad: Game class is 'BasicLevelMode_C'
[2017.04.18-01.13.29:784][ 33]LogWorld: Bringing World /Game/UEDPIE_0_Level01.Level01 up for play (max tick rate 0) at 2017.04.18-10.43.29
[2017.04.18-01.13.29:807][ 33]LogWorld: Bringing up level for play took: 0.172093
[2017.04.18-01.13.29:808][ 33]LogGameMode:Display: Match State Changed from EnteringMap to WaitingToStart
[2017.04.18-01.13.29:808][ 33]LogGameState: Match State Changed from EnteringMap to WaitingToStart
[2017.04.18-01.13.29:808][ 33]LogGameMode:Display: Match State Changed from WaitingToStart to InProgress
[2017.04.18-01.13.29:815][ 33]LogGameState: Match State Changed from WaitingToStart to InProgress
[2017.04.18-01.13.29:815][ 33]PIE: Info Play in editor start time for /Game/UEDPIE_0_Level01 -0.262
[2017.04.18-01.13.29:817][ 33]LogBlueprintUserMessages: Late PlayInEditor Detection: Level '/Game/Level01.Level01:PersistentLevel' has LevelScriptBlueprint '/Game/Level01.Level01:PersistentLevel.Level01' with GeneratedClass '/Game/Level01.Level01_C' with ClassGeneratedBy '/Game/Level01.Level01:PersistentLevel.Level01'
[2017.04.18-01.13.58:658][ 63]LogBlueprintUserMessages: Early EndPlayMap Detection: Level '/Game/Level01.Level01:PersistentLevel' has LevelScriptBlueprint '/Game/Level01.Level01:PersistentLevel.Level01' with GeneratedClass '/Game/Level01.Level01_C' with ClassGeneratedBy '/Game/Level01.Level01:PersistentLevel.Level01'
[2017.04.18-01.13.58:821][ 63]LogBlueprintUserMessages: Late EndPlayMap Detection: Level '/Game/Level01.Level01:PersistentLevel' has LevelScriptBlueprint '/Game/Level01.Level01:PersistentLevel.Level01' with GeneratedClass '/Game/Level01.Level01_C' with ClassGeneratedBy '/Game/Level01.Level01:PersistentLevel.Level01'
[2017.04.18-01.14.10:731][526]LogEditorViewport: Clicking Background
[2017.04.18-01.14.28:807][100]Cmd: ACTOR UNHIDE SELECTED
[2017.04.18-01.14.30:466][105]LogEditorViewport: Clicking Background
[2017.04.18-01.14.53:612][105]Cmd: SELECT NONE
[2017.04.18-01.14.58:578][133]LogEditorViewport: Clicking on Actor (LMB): PaperFlipbookActor (floor3146)
[2017.04.18-01.14.59:603][136]LogTemp: Repeting last play command: Selected Viewport
[2017.04.18-01.14.59:636][136]LogBlueprintUserMessages: Early PlayInEditor Detection: Level '/Game/Level01.Level01:PersistentLevel' has LevelScriptBlueprint '/Game/Level01.Level01:PersistentLevel.Level01' with GeneratedClass '/Game/Level01.Level01_C' with ClassGeneratedBy '/Game/Level01.Level01:PersistentLevel.Level01'
[2017.04.18-01.14.59:636][136]LogPlayLevel: PlayLevel: No blueprints needed recompiling
[2017.04.18-01.14.59:636][136]PIE: New page: PIE session: Level01 (18 Apr 2017 8:14:59 pm)
[2017.04.18-01.14.59:636][136]LogPlayLevel: Creating play world package: /Game/UEDPIE_0_Level01
[2017.04.18-01.14.59:847][136]LogPlayLevel: PIE: StaticDuplicateObject took: (0.210525s)
[2017.04.18-01.14.59:847][136]LogAIModule: Creating AISystem for world Level01
[2017.04.18-01.14.59:848][136]LogPlayLevel: PIE: World Init took: (0.000864s)
[2017.04.18-01.14.59:849][136]LogPlayLevel: PIE: Created PIE world by copying editor world from /Game/Level01.Level01 to /Game/UEDPIE_0_Level01.Level01 (0.212991s)
[2017.04.18-01.15.22:767][136]LogInit: XAudio2 using 'Speakers (3- Realtek High Definition Audio)' : 2 channels at 48 kHz using 32 bits per sample (channel mask 0x3)
[2017.04.18-01.15.22:776][136]LogInit: FAudioDevice initialized.
[2017.04.18-01.15.22:812][136]LogLoad: Game class is 'BasicLevelMode_C'
[2017.04.18-01.15.23:025][136]LogWorld: Bringing World /Game/UEDPIE_0_Level01.Level01 up for play (max tick rate 3) at 2017.04.18-10.45.23
[2017.04.18-01.15.23:048][136]LogWorld: Bringing up level for play took: 0.234600
[2017.04.18-01.15.23:049][136]LogGameMode:Display: Match State Changed from EnteringMap to WaitingToStart
[2017.04.18-01.15.23:049][136]LogGameState: Match State Changed from EnteringMap to WaitingToStart
[2017.04.18-01.15.23:049][136]LogGameMode:Display: Match State Changed from WaitingToStart to InProgress
[2017.04.18-01.15.23:055][136]LogGameState: Match State Changed from WaitingToStart to InProgress
[2017.04.18-01.15.23:055][136]PIE: Info Play in editor start time for /Game/UEDPIE_0_Level01 22.978
[2017.04.18-01.15.23:056][136]LogBlueprintUserMessages: Late PlayInEditor Detection: Level '/Game/Level01.Level01:PersistentLevel' has LevelScriptBlueprint '/Game/Level01.Level01:PersistentLevel.Level01' with GeneratedClass '/Game/Level01.Level01_C' with ClassGeneratedBy '/Game/Level01.Level01:PersistentLevel.Level01'
[2017.04.18-01.15.28:923][322]Set new viewmode: Wireframe
[2017.04.18-01.15.29:974][384]Set new viewmode: Wireframe
[2017.04.18-01.15.30:538][420]Set new viewmode: Unlit
[2017.04.18-01.15.31:220][461]LogBlueprintUserMessages: Early EndPlayMap Detection: Level '/Game/Level01.Level01:PersistentLevel' has LevelScriptBlueprint '/Game/Level01.Level01:PersistentLevel.Level01' with GeneratedClass '/Game/Level01.Level01_C' with ClassGeneratedBy '/Game/Level01.Level01:PersistentLevel.Level01'
[2017.04.18-01.16.06:096][461]LogBlueprintUserMessages: Late EndPlayMap Detection: Level '/Game/Level01.Level01:PersistentLevel' has LevelScriptBlueprint '/Game/Level01.Level01:PersistentLevel.Level01' with GeneratedClass '/Game/Level01.Level01_C' with ClassGeneratedBy '/Game/Level01.Level01:PersistentLevel.Level01'
[2017.04.18-01.16.06:853][463]Cmd: QUIT_EDITOR
[2017.04.18-01.16.07:193][463]LogWindowsTextInputMethodSystem:Display: IME system now deactivated.
[2017.04.18-01.16.07:291][463]LogExit: Preparing to exit.
[2017.04.18-01.16.08:146][463]LogDirectoryWatcher: A directory notification for 'C:/Users/User/Documents/GitHub/musicGame/musicGame/musicGame04/Content/' was aborted.
[2017.04.18-01.16.08:261][463]LogExit: Editor shut down
[2017.04.18-01.16.08:261][463]LogExit: Transaction tracking system shut down
[2017.04.18-01.16.08:544][463]LogObj: Freed 0b from 0 cluster array pools.
[2017.04.18-01.16.08:544][463]LogExit: Object subsystem successfully closed.
[2017.04.18-01.16.08:559][463]LogD3D11RHI: Shutdown
[2017.04.18-01.16.08:559][463]LogD3D11RHI: CleanupD3DDevice
[2017.04.18-01.16.09:106][463]LogD3D11RHI: ~FD3D11DynamicRHI
[2017.04.18-01.16.09:130][463]LogHttp:Display: Http module shutting down, but needs to wait on 2 outstanding Http requests:
[2017.04.18-01.16.09:130][463]LogHttp:Display: 	verb=[POST] url=[https://datarouter.ol.epicgames.com/datarouter/api/v1/public/data?SessionID=%7B753A864F-4B9F-5E9F-BC01-C5B5A58FCA5B%7D&AppID=UEEditor.Rocket.Release&AppVersion=4.14.3-3249277%2B%2B%2BUE4%2BRelease-4.14&UserID=819706684573047120e8f9a1f4d30b52%7Ce348554dd401476fbd2d3c06121ddd5c%7Cf88acf24-752a-48fc-81f4-7d276be83928&AppEnvironment=datacollector-binary&UploadType=eteventstream] status=Processing
[2017.04.18-01.16.09:130][463]LogHttp:Display: 	verb=[POST] url=[https://datarouter.ol.epicgames.com/datarouter/api/v1/public/data?SessionID=%7B753A864F-4B9F-5E9F-BC01-C5B5A58FCA5B%7D&AppID=UEEditor.Rocket.Release&AppVersion=4.14.3-3249277%2B%2B%2BUE4%2BRelease-4.14&UserID=819706684573047120e8f9a1f4d30b52%7Ce348554dd401476fbd2d3c06121ddd5c%7Cf88acf24-752a-48fc-81f4-7d276be83928&AppEnvironment=datacollector-binary&UploadType=eteventstream] status=Processing
[2017.04.18-01.16.09:146][463]LogModuleManager: Shutting down and abandoning module ExternalImagePicker (245)
[2017.04.18-01.16.09:146][463]LogModuleManager: Shutting down and abandoning module BlueprintGraph (244)
[2017.04.18-01.16.09:146][463]LogModuleManager: Shutting down and abandoning module BlueprintProfiler (243)
[2017.04.18-01.16.09:148][463]LogModuleManager: Shutting down and abandoning module MovieSceneCapture (242)
[2017.04.18-01.16.09:148][463]LogModuleManager: Shutting down and abandoning module HierarchicalLODOutliner (241)
[2017.04.18-01.16.09:148][463]LogModuleManager: Shutting down and abandoning module CrashTracker (240)
[2017.04.18-01.16.09:148][463]LogModuleManager: Shutting down and abandoning module SceneOutliner (239)
[2017.04.18-01.16.09:148][463]LogModuleManager: Shutting down and abandoning module WidgetCarousel (238)
[2017.04.18-01.16.09:148][463]LogModuleManager: Shutting down and abandoning module AddContentDialog (237)
[2017.04.18-01.16.09:149][463]LogDirectoryWatcher: A directory notification for 'C:/Program Files/Epic Games/UE_4.14/FeaturePacks/' was aborted.
[2017.04.18-01.16.09:150][463]LogModuleManager: Shutting down and abandoning module GameplayTags (236)
[2017.04.18-01.16.09:150][463]LogModuleManager: Shutting down and abandoning module EditorWidgets (235)
[2017.04.18-01.16.09:150][463]LogModuleManager: Shutting down and abandoning module CollectionManager (234)
[2017.04.18-01.16.09:150][463]LogDirectoryWatcher: A directory notification for 'C:/Users/User/Documents/GitHub/musicGame/musicGame/musicGame04/Content/Collections/' was aborted.
[2017.04.18-01.16.09:150][463]LogDirectoryWatcher: A directory notification for 'C:/Users/User/Documents/GitHub/musicGame/musicGame/musicGame04/Content/Developers/User/Collections/' was aborted.
[2017.04.18-01.16.09:150][463]LogDirectoryWatcher: A directory notification for 'C:/Users/User/Documents/GitHub/musicGame/musicGame/musicGame04/Saved/Collections/' was aborted.
[2017.04.18-01.16.09:150][463]LogModuleManager: Shutting down and abandoning module StatsViewer (233)
[2017.04.18-01.16.09:150][463]LogModuleManager: Shutting down and abandoning module FoliageEdit (232)
[2017.04.18-01.16.09:150][463]LogModuleManager: Shutting down and abandoning module LandscapeEditor (231)
[2017.04.18-01.16.09:150][463]LogModuleManager: Shutting down and abandoning module SceneDepthPickerMode (230)
[2017.04.18-01.16.09:150][463]LogModuleManager: Shutting down and abandoning module ActorPickerMode (229)
[2017.04.18-01.16.09:150][463]LogModuleManager: Shutting down and abandoning module GeometryMode (228)
[2017.04.18-01.16.09:150][463]LogModuleManager: Shutting down and abandoning module TextureAlignMode (227)
[2017.04.18-01.16.09:150][463]LogModuleManager: Shutting down and abandoning module BspMode (226)
[2017.04.18-01.16.09:150][463]LogModuleManager: Shutting down and abandoning module HardwareSurvey (225)
[2017.04.18-01.16.09:150][463]LogModuleManager: Shutting down and abandoning module SequenceRecorderSections (224)
[2017.04.18-01.16.09:150][463]LogModuleManager: Shutting down and abandoning module AutomationWorker (223)
[2017.04.18-01.16.09:150][463]LogModuleManager: Shutting down and abandoning module MatineeToLevelSequence (222)
[2017.04.18-01.16.09:151][463]LogModuleManager: Shutting down and abandoning module PlacementMode (221)
[2017.04.18-01.16.09:151][463]LogModuleManager: Shutting down and abandoning module LevelSequenceEditor (220)
[2017.04.18-01.16.09:151][463]LogModuleManager: Shutting down and abandoning module WmfMediaFactory (219)
[2017.04.18-01.16.09:151][463]LogModuleManager: Shutting down and abandoning module WmfMediaEditor (218)
[2017.04.18-01.16.09:151][463]LogModuleManager: Shutting down and abandoning module AvfMediaFactory (217)
[2017.04.18-01.16.09:151][463]LogModuleManager: Shutting down and abandoning module AvfMediaEditor (216)
[2017.04.18-01.16.09:151][463]LogModuleManager: Shutting down and abandoning module Media (215)
[2017.04.18-01.16.09:151][463]LogModuleManager: Shutting down and abandoning module AndroidMediaFactory (214)
[2017.04.18-01.16.09:151][463]LogModuleManager: Shutting down and abandoning module AndroidMediaEditor (213)
[2017.04.18-01.16.09:151][463]LogModuleManager: Shutting down and abandoning module CharacterAI (212)
[2017.04.18-01.16.09:151][463]LogModuleManager: Shutting down and abandoning module SequenceRecorder (211)
[2017.04.18-01.16.09:151][463]LogModuleManager: Shutting down and abandoning module AudioCapture (210)
[2017.04.18-01.16.09:151][463]LogModuleManager: Shutting down and abandoning module SmartSnapping (209)
[2017.04.18-01.16.09:151][463]LogModuleManager: Shutting down and abandoning module SessionServices (208)
[2017.04.18-01.16.09:151][463]LogModuleManager: Shutting down and abandoning module ViewportSnapping (207)
[2017.04.18-01.16.09:151][463]LogModuleManager: Shutting down and abandoning module ViewportInteraction (206)
[2017.04.18-01.16.09:151][463]LogModuleManager: Shutting down and abandoning module LogVisualizer (205)
[2017.04.18-01.16.09:151][463]LogModuleManager: Shutting down and abandoning module GameProjectGeneration (204)
[2017.04.18-01.16.09:151][463]LogModuleManager: Shutting down and abandoning module IntroTutorials (203)
[2017.04.18-01.16.09:151][463]LogModuleManager: Shutting down and abandoning module EditorLiveStreaming (202)
[2017.04.18-01.16.09:151][463]LogModuleManager: Shutting down and abandoning module IOSPlatformEditor (201)
[2017.04.18-01.16.09:151][463]LogModuleManager: Shutting down and abandoning module HTML5PlatformEditor (200)
[2017.04.18-01.16.09:151][463]LogModuleManager: Shutting down and abandoning module AndroidDeviceDetection (199)
[2017.04.18-01.16.09:857][463]LogModuleManager: Shutting down and abandoning module AndroidPlatformEditor (198)
[2017.04.18-01.16.09:857][463]LogModuleManager: Shutting down and abandoning module IOSRuntimeSettings (197)
[2017.04.18-01.16.09:857][463]LogModuleManager: Shutting down and abandoning module AndroidRuntimeSettings (196)
[2017.04.18-01.16.09:857][463]LogModuleManager: Shutting down and abandoning module InputBindingEditor (195)
[2017.04.18-01.16.09:857][463]LogModuleManager: Shutting down and abandoning module NiagaraEditor (194)
[2017.04.18-01.16.09:857][463]LogModuleManager: Shutting down and abandoning module MergeActors (193)
[2017.04.18-01.16.09:857][463]LogModuleManager: Shutting down and abandoning module SizeMap (192)
[2017.04.18-01.16.09:857][463]LogModuleManager: Shutting down and abandoning module TreeMap (191)
[2017.04.18-01.16.09:857][463]LogModuleManager: Shutting down and abandoning module ReferenceViewer (190)
[2017.04.18-01.16.09:857][463]LogModuleManager: Shutting down and abandoning module LocalizationService (189)
[2017.04.18-01.16.09:858][463]LogModuleManager: Shutting down and abandoning module LocalizationDashboard (188)
[2017.04.18-01.16.09:858][463]LogModuleManager: Shutting down and abandoning module HardwareTargeting (187)
[2017.04.18-01.16.09:858][463]LogModuleManager: Shutting down and abandoning module DeviceProfileEditor (186)
[2017.04.18-01.16.09:858][463]LogModuleManager: Shutting down and abandoning module UndoHistory (185)
[2017.04.18-01.16.09:858][463]LogModuleManager: Shutting down and abandoning module UserFeedback (184)
[2017.04.18-01.16.09:858][463]LogModuleManager: Shutting down and abandoning module XmlParser (183)
[2017.04.18-01.16.09:858][463]LogModuleManager: Shutting down and abandoning module Blutility (182)
[2017.04.18-01.16.09:858][463]LogModuleManager: Shutting down and abandoning module ProjectTargetPlatformEditor (181)
[2017.04.18-01.16.09:858][463]LogModuleManager: Shutting down and abandoning module ProjectSettingsViewer (180)
[2017.04.18-01.16.09:858][463]LogModuleManager: Shutting down and abandoning module EditorSettingsViewer (179)
[2017.04.18-01.16.09:859][463]LogModuleManager: Shutting down and abandoning module SettingsEditor (178)
[2017.04.18-01.16.09:859][463]LogModuleManager: Shutting down and abandoning module ProjectLauncher (177)
[2017.04.18-01.16.09:859][463]LogModuleManager: Shutting down and abandoning module SessionFrontend (176)
[2017.04.18-01.16.09:859][463]LogModuleManager: Shutting down and abandoning module ProfilerClient (175)
[2017.04.18-01.16.09:859][463]LogModuleManager: Shutting down and abandoning module TargetDeviceServices (174)
[2017.04.18-01.16.09:859][463]LogModuleManager: Shutting down and abandoning module DeviceManager (173)
[2017.04.18-01.16.09:914][463]LogModuleManager: Shutting down and abandoning module AutomationController (172)
[2017.04.18-01.16.09:914][463]LogModuleManager: Shutting down and abandoning module AutomationWindow (171)
[2017.04.18-01.16.09:914][463]LogModuleManager: Shutting down and abandoning module Layers (170)
[2017.04.18-01.16.09:915][463]LogModuleManager: Shutting down and abandoning module ComponentVisualizers (169)
[2017.04.18-01.16.09:915][463]LogModuleManager: Shutting down and abandoning module DetailCustomizations (168)
[2017.04.18-01.16.09:915][463]LogModuleManager: Shutting down and abandoning module PackagesDialog (167)
[2017.04.18-01.16.09:916][463]LogModuleManager: Shutting down and abandoning module AnimGraph (166)
[2017.04.18-01.16.09:916][463]LogModuleManager: Shutting down and abandoning module Persona (165)
[2017.04.18-01.16.09:916][463]LogModuleManager: Shutting down and abandoning module Kismet (164)
[2017.04.18-01.16.09:934][463]LogModuleManager: Shutting down and abandoning module GraphEditor (163)
[2017.04.18-01.16.09:934][463]LogModuleManager: Shutting down and abandoning module ClassViewer (162)
[2017.04.18-01.16.09:934][463]LogModuleManager: Shutting down and abandoning module Toolbox (161)
[2017.04.18-01.16.09:934][463]LogModuleManager: Shutting down and abandoning module ModuleUI (160)
[2017.04.18-01.16.09:934][463]LogModuleManager: Shutting down and abandoning module MovieSceneTools (159)
[2017.04.18-01.16.09:935][463]LogModuleManager: Shutting down and abandoning module OutputLog (158)
[2017.04.18-01.16.09:935][463]LogModuleManager: Shutting down and abandoning module GammaUI (157)
[2017.04.18-01.16.09:935][463]LogModuleManager: Shutting down and abandoning module Documentation (156)
[2017.04.18-01.16.09:935][463]LogModuleManager: Shutting down and abandoning module Niagara (155)
[2017.04.18-01.16.09:935][463]LogModuleManager: Shutting down and abandoning module StreamingPauseRendering (154)
[2017.04.18-01.16.09:935][463]LogModuleManager: Shutting down and abandoning module AnalyticsET (153)
[2017.04.18-01.16.09:935][463]LogModuleManager: Shutting down and abandoning module PortalServices (152)
[2017.04.18-01.16.09:935][463]LogModuleManager: Shutting down and abandoning module PortalRpc (151)
[2017.04.18-01.16.09:935][463]LogModuleManager: Shutting down and abandoning module MessagingRpc (150)
[2017.04.18-01.16.09:935][463]LogModuleManager: Shutting down and abandoning module GameplayDebugger (149)
[2017.04.18-01.16.09:935][463]LogModuleManager: Shutting down and abandoning module AITestSuite (148)
[2017.04.18-01.16.09:935][463]LogModuleManager: Shutting down and abandoning module AIModule (147)
[2017.04.18-01.16.09:935][463]LogModuleManager: Shutting down and abandoning module ProfilerService (146)
[2017.04.18-01.16.10:061][463]LogModuleManager: Shutting down and abandoning module TaskGraph (145)
[2017.04.18-01.16.10:061][463]LogModuleManager: Shutting down and abandoning module SlateRemote (144)
[2017.04.18-01.16.10:061][463]LogModuleManager: Shutting down and abandoning module SteamVRController (143)
[2017.04.18-01.16.10:061][463]LogModuleManager: Shutting down and abandoning module SteamVR (142)
[2017.04.18-01.16.10:061][463]LogModuleManager: Shutting down and abandoning module ProceduralMeshComponentEditor (141)
[2017.04.18-01.16.10:061][463]LogModuleManager: Shutting down and abandoning module ProceduralMeshComponent (140)
[2017.04.18-01.16.10:061][463]LogModuleManager: Shutting down and abandoning module OculusLibrary (139)
[2017.04.18-01.16.10:061][463]LogModuleManager: Shutting down and abandoning module OculusInput (138)
[2017.04.18-01.16.10:061][463]LogModuleManager: Shutting down and abandoning module MobilePatchingUtils (137)
[2017.04.18-01.16.10:061][463]LogModuleManager: Shutting down and abandoning module CustomMeshComponent (136)
[2017.04.18-01.16.10:061][463]LogModuleManager: Shutting down and abandoning module CableComponent (135)
[2017.04.18-01.16.10:061][463]LogModuleManager: Shutting down and abandoning module ArchVisCharacter (134)
[2017.04.18-01.16.10:061][463]LogModuleManager: Shutting down and abandoning module MediaPlayerEditor (132)
[2017.04.18-01.16.10:062][463]LogModuleManager: Shutting down and abandoning module HTML5Networking (131)
[2017.04.18-01.16.10:062][463]LogModuleManager: Shutting down and abandoning module GeometryCacheEd (130)
[2017.04.18-01.16.10:062][463]LogModuleManager: Shutting down and abandoning module GeometryCache (129)
[2017.04.18-01.16.10:062][463]LogModuleManager: Shutting down and abandoning module AlembicLibrary (128)
[2017.04.18-01.16.10:062][463]LogModuleManager: Shutting down and abandoning module AlembicImporter (127)
[2017.04.18-01.16.10:062][463]LogModuleManager: Shutting down and abandoning module SuperSearch (126)
[2017.04.18-01.16.10:062][463]LogModuleManager: Shutting down and abandoning module SuperSearchEditor (125)
[2017.04.18-01.16.10:062][463]LogModuleManager: Shutting down and abandoning module SpeedTreeImporter (124)
[2017.04.18-01.16.10:062][463]LogModuleManager: Shutting down and abandoning module PluginBrowser (123)
[2017.04.18-01.16.10:062][463]LogModuleManager: Shutting down and abandoning module MobileLauncherProfileWizard (122)
[2017.04.18-01.16.10:062][463]LogModuleManager: Shutting down and abandoning module EpicSurvey (121)
[2017.04.18-01.16.10:063][463]LogModuleManager: Shutting down and abandoning module DesktopPlatform (120)
[2017.04.18-01.16.10:063][463]LogModuleManager: Shutting down and abandoning module VisualStudioSourceCodeAccess (119)
[2017.04.18-01.16.10:063][463]LogModuleManager: Shutting down and abandoning module UObjectPlugin (118)
[2017.04.18-01.16.10:063][463]LogModuleManager: Shutting down and abandoning module SubversionSourceControl (117)
[2017.04.18-01.16.10:064][463]LogModuleManager: Shutting down and abandoning module PerforceSourceControl (116)
[2017.04.18-01.16.10:064][463]LogModuleManager: Shutting down and abandoning module SourceControl (115)
[2017.04.18-01.16.10:064][463]LogModuleManager: Shutting down and abandoning module GitSourceControl (114)
[2017.04.18-01.16.10:064][463]LogModuleManager: Shutting down and abandoning module LightPropagationVolumeEditor (113)
[2017.04.18-01.16.10:064][463]LogModuleManager: Shutting down and abandoning module PaperTiledImporter (112)
[2017.04.18-01.16.10:064][463]LogModuleManager: Shutting down and abandoning module PaperSpriteSheetImporter (111)
[2017.04.18-01.16.10:064][463]LogModuleManager: Shutting down and abandoning module MeshPaint (110)
[2017.04.18-01.16.10:064][463]LogModuleManager: Shutting down and abandoning module PixelInspectorModule (109)
[2017.04.18-01.16.10:064][463]LogModuleManager: Shutting down and abandoning module HotReload (108)
[2017.04.18-01.16.10:066][463]LogModuleManager: Shutting down and abandoning module MainFrame (107)
[2017.04.18-01.16.10:066][463]LogModuleManager: Shutting down and abandoning module LevelEditor (106)
[2017.04.18-01.16.10:068][463]LogModuleManager: Shutting down and abandoning module ContentBrowser (105)
[2017.04.18-01.16.10:071][463]LogModuleManager: Shutting down and abandoning module Paper2DEditor (104)
[2017.04.18-01.16.10:071][463]LogModuleManager: Shutting down and abandoning module UdpMessaging (103)
[2017.04.18-01.16.10:173][463]LogModuleManager: Shutting down and abandoning module TcpMessaging (102)
[2017.04.18-01.16.10:273][463]LogModuleManager: Shutting down and abandoning module LightPropagationVolumeRuntime (101)
[2017.04.18-01.16.10:273][463]LogModuleManager: Shutting down and abandoning module Paper2D (100)
[2017.04.18-01.16.10:273][463]LogModuleManager: Shutting down and abandoning module WindowsMoviePlayer (99)
[2017.04.18-01.16.10:273][463]LogModuleManager: Shutting down and abandoning module WmfMedia (98)
[2017.04.18-01.16.10:273][463]LogModuleManager: Shutting down and abandoning module MediaAssets (97)
[2017.04.18-01.16.10:273][463]LogModuleManager: Shutting down and abandoning module GameLiveStreaming (96)
[2017.04.18-01.16.10:273][463]LogModuleManager: Shutting down and abandoning module GameplayTagsEditor (95)
[2017.04.18-01.16.10:273][463]LogModuleManager: Shutting down and abandoning module VREditor (94)
[2017.04.18-01.16.10:274][463]LogModuleManager: Shutting down and abandoning module GameplayTasksEditor (93)
[2017.04.18-01.16.10:274][463]LogModuleManager: Shutting down and abandoning module BehaviorTreeEditor (92)
[2017.04.18-01.16.10:274][463]LogModuleManager: Shutting down and abandoning module FunctionalTesting (91)
[2017.04.18-01.16.10:274][463]LogModuleManager: Shutting down and abandoning module CollisionAnalyzer (90)
[2017.04.18-01.16.10:274][463]LogModuleManager: Shutting down and abandoning module Sequencer (89)
[2017.04.18-01.16.10:275][463]LogModuleManager: Shutting down and abandoning module WorkspaceMenuStructure (88)
[2017.04.18-01.16.10:275][463]LogModuleManager: Shutting down and abandoning module MessageLog (87)
[2017.04.18-01.16.10:275][463]LogModuleManager: Shutting down and abandoning module AssetTools (86)
[2017.04.18-01.16.10:275][463]LogModuleManager: Shutting down and abandoning module UMGEditor (85)
[2017.04.18-01.16.10:275][463]LogModuleManager: Shutting down and abandoning module UMG (84)
[2017.04.18-01.16.10:276][463]LogModuleManager: Shutting down and abandoning module SlateReflector (83)
[2017.04.18-01.16.10:276][463]LogModuleManager: Shutting down and abandoning module Slate (82)
[2017.04.18-01.16.10:276][463]LogModuleManager: Shutting down and abandoning module EditorStyle (81)
[2017.04.18-01.16.10:283][463]LogModuleManager: Shutting down and abandoning module SourceCodeAccess (80)
[2017.04.18-01.16.10:283][463]LogModuleManager: Shutting down and abandoning module HeadMountedDisplay (79)
[2017.04.18-01.16.10:283][463]LogModuleManager: Shutting down and abandoning module XAudio2 (78)
[2017.04.18-01.16.10:283][463]LogModuleManager: Shutting down and abandoning module Networking (76)
[2017.04.18-01.16.10:283][463]LogModuleManager: Shutting down and abandoning module Core (75)
[2017.04.18-01.16.10:283][463]LogModuleManager: Shutting down and abandoning module DirectoryWatcher (74)
[2017.04.18-01.16.10:283][463]LogDirectoryWatcher: A directory notification for '../../../Engine/Content/' was aborted.
[2017.04.18-01.16.10:283][463]LogDirectoryWatcher: A directory notification for '../../../../../../Users/User/Documents/GitHub/musicGame/musicGame/musicGame04/Content/' was aborted.
[2017.04.18-01.16.10:283][463]LogDirectoryWatcher: A directory notification for '../../../Engine/Plugins/2D/Paper2D/Content/' was aborted.
[2017.04.18-01.16.10:284][463]LogModuleManager: Shutting down and abandoning module AssetRegistry (73)
[2017.04.18-01.16.10:381][463]LogModuleManager: Shutting down and abandoning module KismetCompiler (72)
[2017.04.18-01.16.10:381][463]LogModuleManager: Shutting down and abandoning module PhysXFormats (71)
[2017.04.18-01.16.10:381][463]LogModuleManager: Shutting down and abandoning module SimplygonSwarm (70)
[2017.04.18-01.16.10:382][463]LogModuleManager: Shutting down and abandoning module SimplygonMeshReduction (69)
[2017.04.18-01.16.10:382][463]LogModuleManager: Shutting down and abandoning module QuadricMeshReduction (68)
[2017.04.18-01.16.10:382][463]LogModuleManager: Shutting down and abandoning module PropertyEditor (67)
[2017.04.18-01.16.10:382][463]LogModuleManager: Shutting down and abandoning module MeshUtilities (66)
[2017.04.18-01.16.10:382][463]LogModuleManager: Shutting down and abandoning module DerivedDataCache (65)
[2017.04.18-01.16.10:403][463]LogDerivedDataCache: Shutdown
[2017.04.18-01.16.10:403][463]LogModuleManager: Shutting down and abandoning module VulkanShaderFormat (64)
[2017.04.18-01.16.10:403][463]LogModuleManager: Shutting down and abandoning module ShaderFormatOpenGL (63)
[2017.04.18-01.16.10:403][463]LogModuleManager: Shutting down and abandoning module ShaderFormatD3D (62)
[2017.04.18-01.16.10:403][463]LogModuleManager: Shutting down and abandoning module MetalShaderFormat (61)
[2017.04.18-01.16.10:403][463]LogModuleManager: Shutting down and abandoning module TextureFormatUncompressed (60)
[2017.04.18-01.16.10:403][463]LogModuleManager: Shutting down and abandoning module TextureFormatPVR (59)
[2017.04.18-01.16.10:403][463]LogModuleManager: Shutting down and abandoning module TextureFormatDXT (58)
[2017.04.18-01.16.10:404][463]LogModuleManager: Shutting down and abandoning module TextureFormatIntelISPCTexComp (57)
[2017.04.18-01.16.10:404][463]LogModuleManager: Shutting down and abandoning module ImageWrapper (56)
[2017.04.18-01.16.10:404][463]LogModuleManager: Shutting down and abandoning module TextureFormatASTC (55)
[2017.04.18-01.16.10:404][463]LogModuleManager: Shutting down and abandoning module TextureFormatAndroid (54)
[2017.04.18-01.16.10:404][463]LogModuleManager: Shutting down and abandoning module AudioFormatOpus (53)
[2017.04.18-01.16.10:404][463]LogModuleManager: Shutting down and abandoning module AudioFormatOgg (52)
[2017.04.18-01.16.10:404][463]LogModuleManager: Shutting down and abandoning module AudioFormatADPCM (51)
[2017.04.18-01.16.10:404][463]LogModuleManager: Shutting down and abandoning module LinuxTargetPlatform (50)
[2017.04.18-01.16.10:404][463]LogModuleManager: Shutting down and abandoning module LinuxServerTargetPlatform (49)
[2017.04.18-01.16.10:404][463]LogModuleManager: Shutting down and abandoning module LinuxNoEditorTargetPlatform (48)
[2017.04.18-01.16.10:404][463]LogModuleManager: Shutting down and abandoning module LinuxClientTargetPlatform (47)
[2017.04.18-01.16.10:404][463]LogModuleManager: Shutting down and abandoning module TVOSTargetPlatform (46)
[2017.04.18-01.16.10:404][463]LogModuleManager: Shutting down and abandoning module Messaging (45)
[2017.04.18-01.16.10:404][463]LogModuleManager: Shutting down and abandoning module IOSTargetPlatform (44)
[2017.04.18-01.16.10:404][463]LogModuleManager: Shutting down and abandoning module HTML5TargetPlatform (43)
[2017.04.18-01.16.10:404][463]LogModuleManager: Shutting down and abandoning module Android_PVRTCTargetPlatform (42)
[2017.04.18-01.16.10:404][463]LogModuleManager: Shutting down and abandoning module Android_MultiTargetPlatform (41)
[2017.04.18-01.16.10:404][463]LogModuleManager: Shutting down and abandoning module Android_ETC2TargetPlatform (40)
[2017.04.18-01.16.10:404][463]LogModuleManager: Shutting down and abandoning module Android_ETC1TargetPlatform (39)
[2017.04.18-01.16.10:404][463]LogModuleManager: Shutting down and abandoning module Android_DXTTargetPlatform (38)
[2017.04.18-01.16.10:404][463]LogModuleManager: Shutting down and abandoning module Android_ATCTargetPlatform (37)
[2017.04.18-01.16.10:404][463]LogModuleManager: Shutting down and abandoning module Android_ASTCTargetPlatform (36)
[2017.04.18-01.16.10:404][463]LogModuleManager: Shutting down and abandoning module AndroidTargetPlatform (35)
[2017.04.18-01.16.10:404][463]LogModuleManager: Shutting down and abandoning module WindowsTargetPlatform (34)
[2017.04.18-01.16.10:404][463]LogModuleManager: Shutting down and abandoning module WindowsServerTargetPlatform (33)
[2017.04.18-01.16.10:404][463]LogModuleManager: Shutting down and abandoning module WindowsNoEditorTargetPlatform (32)
[2017.04.18-01.16.10:404][463]LogModuleManager: Shutting down and abandoning module WindowsClientTargetPlatform (31)
[2017.04.18-01.16.10:404][463]LogModuleManager: Shutting down and abandoning module MacTargetPlatform (30)
[2017.04.18-01.16.10:404][463]LogModuleManager: Shutting down and abandoning module MacServerTargetPlatform (29)
[2017.04.18-01.16.10:404][463]LogModuleManager: Shutting down and abandoning module MacNoEditorTargetPlatform (28)
[2017.04.18-01.16.10:404][463]LogModuleManager: Shutting down and abandoning module MacClientTargetPlatform (27)
[2017.04.18-01.16.10:404][463]LogModuleManager: Shutting down and abandoning module AllDesktopTargetPlatform (26)
[2017.04.18-01.16.10:404][463]LogModuleManager: Shutting down and abandoning module TargetPlatform (25)
[2017.04.18-01.16.10:404][463]LogModuleManager: Shutting down and abandoning module InputCore (24)
[2017.04.18-01.16.10:404][463]LogModuleManager: Shutting down and abandoning module Settings (23)
[2017.04.18-01.16.10:404][463]LogModuleManager: Shutting down and abandoning module OculusRift (22)
[2017.04.18-01.16.10:405][463]LogModuleManager: Shutting down and abandoning module ExampleDeviceProfileSelector (21)
[2017.04.18-01.16.10:405][463]LogModuleManager: Shutting down and abandoning module OnlineBlueprintSupport (20)
[2017.04.18-01.16.10:405][463]LogModuleManager: Shutting down and abandoning module OnlineSubsystem (18)
[2017.04.18-01.16.10:405][463]LogOnline:Display: Unloading online subsystem: NULL
[2017.04.18-01.16.10:405][463]LogModuleManager: Shutting down and abandoning module SSL (17)
[2017.04.18-01.16.10:409][463]LogModuleManager: Shutting down and abandoning module HTTP (16)
[2017.04.18-01.16.10:409][463]LogModuleManager: Shutting down and abandoning module XMPP (15)
[2017.04.18-01.16.10:409][463]LogModuleManager: Shutting down and abandoning module TextureCompressor (14)
[2017.04.18-01.16.10:409][463]LogModuleManager: Shutting down and abandoning module ShaderCore (13)
[2017.04.18-01.16.10:410][463]LogModuleManager: Shutting down and abandoning module Landscape (12)
[2017.04.18-01.16.10:410][463]LogModuleManager: Shutting down and abandoning module SlateRHIRenderer (11)
[2017.04.18-01.16.10:416][463]LogModuleManager: Shutting down and abandoning module OpenGLDrv (10)
[2017.04.18-01.16.10:416][463]LogModuleManager: Shutting down and abandoning module D3D11RHI (9)
[2017.04.18-01.16.10:416][463]LogModuleManager: Shutting down and abandoning module AnimGraphRuntime (8)
[2017.04.18-01.16.10:416][463]LogModuleManager: Shutting down and abandoning module Renderer (7)
[2017.04.18-01.16.10:416][463]LogModuleManager: Shutting down and abandoning module Engine (6)
[2017.04.18-01.16.10:416][463]LogModuleManager: Shutting down and abandoning module CoreUObject (5)
[2017.04.18-01.16.10:416][463]LogModuleManager: Shutting down and abandoning module NetworkFile (4)
[2017.04.18-01.16.10:416][463]LogModuleManager: Shutting down and abandoning module StreamingFile (3)
[2017.04.18-01.16.10:416][463]LogModuleManager: Shutting down and abandoning module SandboxFile (2)
[2017.04.18-01.16.10:416][463]LogModuleManager: Shutting down and abandoning module PakFile (1)
[2017.04.18-01.16.10:473][463]LogExit: Exiting.
[2017.04.18-01.16.10:494][463]Log file closed, 04/18/17 10:46:10
