Log file open, 05/14/17 14:37:24
LogInit:Display: Running engine for game: musicGame04
LogPlatformFile: Not using cached read wrapper
LogInit:Display: RandInit(33595486) SRandInit(33595486).
LogTaskGraph: Started task graph with 5 named threads and 8 total threads with 1 sets of task threads.
LogStats: Stats thread started at 0.067989
LogPluginManager: Loaded Plugin Paper2D, From E:/Epic Games/Epic Games/UE_4.14/Engine/Plugins/2D/Paper2D/Paper2D.uplugin
LogPluginManager: Loaded Plugin LightPropagationVolume, From E:/Epic Games/Epic Games/UE_4.14/Engine/Plugins/Blendables/LightPropagationVolume/LightPropagationVolume.uplugin
LogPluginManager: Loaded Plugin BlankPlugin, From E:/Epic Games/Epic Games/UE_4.14/Engine/Plugins/Developer/BlankPlugin/BlankPlugin.uplugin
LogPluginManager: Loaded Plugin CodeLiteSourceCodeAccess, From E:/Epic Games/Epic Games/UE_4.14/Engine/Plugins/Developer/CodeLiteSourceCodeAccess/CodeLiteSourceCodeAccess.uplugin
LogPluginManager: Loaded Plugin GitSourceControl, From E:/Epic Games/Epic Games/UE_4.14/Engine/Plugins/Developer/GitSourceControl/GitSourceControl.uplugin
LogPluginManager: Loaded Plugin KDevelopSourceCodeAccess, From E:/Epic Games/Epic Games/UE_4.14/Engine/Plugins/Developer/KDevelopSourceCodeAccess/KDevelopSourceCodeAccess.uplugin
LogPluginManager: Loaded Plugin NullSourceCodeAccess, From E:/Epic Games/Epic Games/UE_4.14/Engine/Plugins/Developer/NullSourceCodeAccess/NullSourceCodeAccess.uplugin
LogPluginManager: Loaded Plugin OneSkyLocalizationService, From E:/Epic Games/Epic Games/UE_4.14/Engine/Plugins/Developer/OneSkyLocalizationService/OneSkyLocalizationService.uplugin
LogPluginManager: Loaded Plugin PerforceSourceControl, From E:/Epic Games/Epic Games/UE_4.14/Engine/Plugins/Developer/PerforceSourceControl/PerforceSourceControl.uplugin
LogPluginManager: Loaded Plugin SubversionSourceControl, From E:/Epic Games/Epic Games/UE_4.14/Engine/Plugins/Developer/SubversionSourceControl/SubversionSourceControl.uplugin
LogPluginManager: Loaded Plugin UObjectPlugin, From E:/Epic Games/Epic Games/UE_4.14/Engine/Plugins/Developer/UObjectPlugin/UObjectPlugin.uplugin
LogPluginManager: Loaded Plugin VisualStudioSourceCodeAccess, From E:/Epic Games/Epic Games/UE_4.14/Engine/Plugins/Developer/VisualStudioSourceCodeAccess/VisualStudioSourceCodeAccess.uplugin
LogPluginManager: Loaded Plugin XCodeSourceCodeAccess, From E:/Epic Games/Epic Games/UE_4.14/Engine/Plugins/Developer/XCodeSourceCodeAccess/XCodeSourceCodeAccess.uplugin
LogPluginManager: Loaded Plugin AudioCapture, From E:/Epic Games/Epic Games/UE_4.14/Engine/Plugins/Editor/AudioCapture/AudioCapture.uplugin
LogPluginManager: Loaded Plugin EpicSurvey, From E:/Epic Games/Epic Games/UE_4.14/Engine/Plugins/Editor/EpicSurvey/EpicSurvey.uplugin
LogPluginManager: Loaded Plugin MacGraphicsSwitching, From E:/Epic Games/Epic Games/UE_4.14/Engine/Plugins/Editor/MacGraphicsSwitching/MacGraphicsSwitching.uplugin
LogPluginManager: Loaded Plugin MobileLauncherProfileWizard, From E:/Epic Games/Epic Games/UE_4.14/Engine/Plugins/Editor/MobileLauncherProfileWizard/MobileLauncherProfileWizard.uplugin
LogPluginManager: Loaded Plugin PluginBrowser, From E:/Epic Games/Epic Games/UE_4.14/Engine/Plugins/Editor/PluginBrowser/PluginBrowser.uplugin
LogPluginManager: Loaded Plugin SpeedTreeImporter, From E:/Epic Games/Epic Games/UE_4.14/Engine/Plugins/Editor/SpeedTreeImporter/SpeedTreeImporter.uplugin
LogPluginManager: Loaded Plugin SuperSearchEditor, From E:/Epic Games/Epic Games/UE_4.14/Engine/Plugins/Editor/SuperSearchEditor/SuperSearchEditor.uplugin
LogPluginManager: Loaded Plugin AlembicImporter, From E:/Epic Games/Epic Games/UE_4.14/Engine/Plugins/Experimental/AlembicImporter/AlembicImporter.uplugin
LogPluginManager: Loaded Plugin BlueprintStats, From E:/Epic Games/Epic Games/UE_4.14/Engine/Plugins/Experimental/BlueprintStats/BlueprintStats.uplugin
LogPluginManager: Loaded Plugin CharacterAI, From E:/Epic Games/Epic Games/UE_4.14/Engine/Plugins/Experimental/CharacterAI/CharacterAI.uplugin
LogPluginManager: Loaded Plugin CodeEditor, From E:/Epic Games/Epic Games/UE_4.14/Engine/Plugins/Experimental/CodeEditor/CodeEditor.uplugin
LogPluginManager: Loaded Plugin CodeView, From E:/Epic Games/Epic Games/UE_4.14/Engine/Plugins/Experimental/CodeView/CodeView.uplugin
LogPluginManager: Loaded Plugin HTML5Networking, From E:/Epic Games/Epic Games/UE_4.14/Engine/Plugins/Experimental/HTML5Networking/HTML5Networking.uplugin
LogPluginManager: Loaded Plugin OSVR, From E:/Epic Games/Epic Games/UE_4.14/Engine/Plugins/Experimental/OSVR/OSVR.uplugin
LogPluginManager: Loaded Plugin Phya, From E:/Epic Games/Epic Games/UE_4.14/Engine/Plugins/Experimental/Phya/Phya.uplugin
LogPluginManager: Loaded Plugin SignificanceManager, From E:/Epic Games/Epic Games/UE_4.14/Engine/Plugins/Experimental/SignificanceManager/SignificanceManager.uplugin
LogPluginManager: Loaded Plugin SimpleHMD, From E:/Epic Games/Epic Games/UE_4.14/Engine/Plugins/Experimental/SimpleHMD/SimpleHMD.uplugin
LogPluginManager: Loaded Plugin StereoPanorama, From E:/Epic Games/Epic Games/UE_4.14/Engine/Plugins/Experimental/StereoPanorama/StereoPanorama.uplugin
LogPluginManager: Loaded Plugin StructBox, From E:/Epic Games/Epic Games/UE_4.14/Engine/Plugins/Experimental/StructBox/StructBox.uplugin
LogPluginManager: Loaded Plugin AndroidMedia, From E:/Epic Games/Epic Games/UE_4.14/Engine/Plugins/Media/AndroidMedia/AndroidMedia.uplugin
LogPluginManager: Loaded Plugin AvfMedia, From E:/Epic Games/Epic Games/UE_4.14/Engine/Plugins/Media/AvfMedia/AvfMedia.uplugin
LogPluginManager: Loaded Plugin MediaPlayerEditor, From E:/Epic Games/Epic Games/UE_4.14/Engine/Plugins/Media/MediaPlayerEditor/MediaPlayerEditor.uplugin
LogPluginManager: Loaded Plugin WmfMedia, From E:/Epic Games/Epic Games/UE_4.14/Engine/Plugins/Media/WmfMedia/WmfMedia.uplugin
LogPluginManager: Loaded Plugin MessagingDebugger, From E:/Epic Games/Epic Games/UE_4.14/Engine/Plugins/Messaging/MessagingDebugger/MessagingDebugger.uplugin
LogPluginManager: Loaded Plugin TcpMessaging, From E:/Epic Games/Epic Games/UE_4.14/Engine/Plugins/Messaging/TcpMessaging/TcpMessaging.uplugin
LogPluginManager: Loaded Plugin UdpMessaging, From E:/Epic Games/Epic Games/UE_4.14/Engine/Plugins/Messaging/UdpMessaging/UdpMessaging.uplugin
LogPluginManager: Loaded Plugin LevelSequenceEditor, From E:/Epic Games/Epic Games/UE_4.14/Engine/Plugins/MovieScene/LevelSequenceEditor/LevelSequenceEditor.uplugin
LogPluginManager: Loaded Plugin MatineeToLevelSequence, From E:/Epic Games/Epic Games/UE_4.14/Engine/Plugins/MovieScene/MatineeToLevelSequence/MatineeToLevelSequence.uplugin
LogPluginManager: Loaded Plugin NetcodeUnitTest, From E:/Epic Games/Epic Games/UE_4.14/Engine/Plugins/NetcodeUnitTest/NetcodeUnitTest/NetcodeUnitTest.uplugin
LogPluginManager: Loaded Plugin NUTUnrealEngine4, From E:/Epic Games/Epic Games/UE_4.14/Engine/Plugins/NetcodeUnitTest/NUTUnrealEngine4/NUTUnrealEngine4.uplugin
LogPluginManager: Loaded Plugin OnlineSubsystemGameCircle, From E:/Epic Games/Epic Games/UE_4.14/Engine/Plugins/Online/Android/OnlineSubsystemGameCircle/OnlineSubsystemGameCircle.uplugin
LogPluginManager: Loaded Plugin OnlineSubsystemGooglePlay, From E:/Epic Games/Epic Games/UE_4.14/Engine/Plugins/Online/Android/OnlineSubsystemGooglePlay/OnlineSubsystemGooglePlay.uplugin
LogPluginManager: Loaded Plugin OnlineSubsystemIOS, From E:/Epic Games/Epic Games/UE_4.14/Engine/Plugins/Online/IOS/OnlineSubsystemIOS/OnlineSubsystemIOS.uplugin
LogPluginManager: Loaded Plugin OnlineFramework, From E:/Epic Games/Epic Games/UE_4.14/Engine/Plugins/Online/OnlineFramework/OnlineFramework.uplugin
LogPluginManager: Loaded Plugin OnlineSubsystem, From E:/Epic Games/Epic Games/UE_4.14/Engine/Plugins/Online/OnlineSubsystem/OnlineSubsystem.uplugin
LogPluginManager: Loaded Plugin OnlineSubsystemAmazon, From E:/Epic Games/Epic Games/UE_4.14/Engine/Plugins/Online/OnlineSubsystemAmazon/OnlineSubsystemAmazon.uplugin
LogPluginManager: Loaded Plugin OnlineSubsystemFacebook, From E:/Epic Games/Epic Games/UE_4.14/Engine/Plugins/Online/OnlineSubsystemFacebook/OnlineSubsystemFacebook.uplugin
LogPluginManager: Loaded Plugin OnlineSubsystemNull, From E:/Epic Games/Epic Games/UE_4.14/Engine/Plugins/Online/OnlineSubsystemNull/OnlineSubsystemNull.uplugin
LogPluginManager: Loaded Plugin OnlineSubsystemOculus, From E:/Epic Games/Epic Games/UE_4.14/Engine/Plugins/Online/OnlineSubsystemOculus/OnlineSubsystemOculus.uplugin
LogPluginManager: Loaded Plugin OnlineSubsystemSteam, From E:/Epic Games/Epic Games/UE_4.14/Engine/Plugins/Online/OnlineSubsystemSteam/OnlineSubsystemSteam.uplugin
LogPluginManager: Loaded Plugin OnlineSubsystemUtils, From E:/Epic Games/Epic Games/UE_4.14/Engine/Plugins/Online/OnlineSubsystemUtils/OnlineSubsystemUtils.uplugin
LogPluginManager: Loaded Plugin IOSTapJoy, From E:/Epic Games/Epic Games/UE_4.14/Engine/Plugins/Runtime/Advertising/IOSTapJoy/IOSTapJoy.uplugin
LogPluginManager: Loaded Plugin AnalyticsBlueprintLibrary, From E:/Epic Games/Epic Games/UE_4.14/Engine/Plugins/Runtime/Analytics/AnalyticsBlueprintLibrary/AnalyticsBlueprintLibrary.uplugin
LogPluginManager: Loaded Plugin AnalyticsMulticast, From E:/Epic Games/Epic Games/UE_4.14/Engine/Plugins/Runtime/Analytics/AnalyticsMulticast/AnalyticsMulticast.uplugin
LogPluginManager: Loaded Plugin Apsalar, From E:/Epic Games/Epic Games/UE_4.14/Engine/Plugins/Runtime/Analytics/Apsalar/Apsalar.uplugin
LogPluginManager: Loaded Plugin FileLogging, From E:/Epic Games/Epic Games/UE_4.14/Engine/Plugins/Runtime/Analytics/FileLogging/FileLogging.uplugin
LogPluginManager: Loaded Plugin Flurry, From E:/Epic Games/Epic Games/UE_4.14/Engine/Plugins/Runtime/Analytics/Flurry/Flurry.uplugin
LogPluginManager: Loaded Plugin AndroidDeviceProfileSelector, From E:/Epic Games/Epic Games/UE_4.14/Engine/Plugins/Runtime/AndroidDeviceProfileSelector/AndroidDeviceProfileSelector.uplugin
LogPluginManager: Loaded Plugin AndroidMoviePlayer, From E:/Epic Games/Epic Games/UE_4.14/Engine/Plugins/Runtime/AndroidMoviePlayer/AndroidMoviePlayer.uplugin
LogPluginManager: Loaded Plugin AppleMoviePlayer, From E:/Epic Games/Epic Games/UE_4.14/Engine/Plugins/Runtime/AppleMoviePlayer/AppleMoviePlayer.uplugin
LogPluginManager: Loaded Plugin ArchVisCharacter, From E:/Epic Games/Epic Games/UE_4.14/Engine/Plugins/Runtime/ArchVisCharacter/ArchVisCharacter.uplugin
LogPluginManager: Loaded Plugin CableComponent, From E:/Epic Games/Epic Games/UE_4.14/Engine/Plugins/Runtime/CableComponent/CableComponent.uplugin
LogPluginManager: Loaded Plugin CustomMeshComponent, From E:/Epic Games/Epic Games/UE_4.14/Engine/Plugins/Runtime/CustomMeshComponent/CustomMeshComponent.uplugin
LogPluginManager: Loaded Plugin ExampleDeviceProfileSelector, From E:/Epic Games/Epic Games/UE_4.14/Engine/Plugins/Runtime/ExampleDeviceProfileSelector/ExampleDeviceProfileSelector.uplugin
LogPluginManager: Loaded Plugin GearVR, From E:/Epic Games/Epic Games/UE_4.14/Engine/Plugins/Runtime/GearVR/GearVR.uplugin
LogPluginManager: Loaded Plugin GoogleVRController, From E:/Epic Games/Epic Games/UE_4.14/Engine/Plugins/Runtime/GoogleVR/GoogleVRController/GoogleVRController.uplugin
LogPluginManager: Loaded Plugin GoogleVRHMD, From E:/Epic Games/Epic Games/UE_4.14/Engine/Plugins/Runtime/GoogleVR/GoogleVRHMD/GoogleVRHMD.uplugin
LogPluginManager: Loaded Plugin IOSDeviceProfileSelector, From E:/Epic Games/Epic Games/UE_4.14/Engine/Plugins/Runtime/IOSDeviceProfileSelector/IOSDeviceProfileSelector.uplugin
LogPluginManager: Loaded Plugin LeapMotion, From E:/Epic Games/Epic Games/UE_4.14/Engine/Plugins/Runtime/LeapMotion/LeapMotion.uplugin
LogPluginManager: Loaded Plugin LinuxDeviceProfileSelector, From E:/Epic Games/Epic Games/UE_4.14/Engine/Plugins/Runtime/LinuxDeviceProfileSelector/LinuxDeviceProfileSelector.uplugin
LogPluginManager: Loaded Plugin MIDIDevice, From E:/Epic Games/Epic Games/UE_4.14/Engine/Plugins/Runtime/MIDIDevice/MIDIDevice.uplugin
LogPluginManager: Loaded Plugin MobilePatchingUtils, From E:/Epic Games/Epic Games/UE_4.14/Engine/Plugins/Runtime/MobilePatchingUtils/MobilePatchingUtils.uplugin
LogPluginManager: Loaded Plugin Ansel, From E:/Epic Games/Epic Games/UE_4.14/Engine/Plugins/Runtime/Nvidia/Ansel/Ansel.uplugin
LogPluginManager: Loaded Plugin OculusAudio, From E:/Epic Games/Epic Games/UE_4.14/Engine/Plugins/Runtime/OculusAudio/OculusAudio.uplugin
LogPluginManager: Loaded Plugin OculusInput, From E:/Epic Games/Epic Games/UE_4.14/Engine/Plugins/Runtime/OculusInput/OculusInput.uplugin
LogPluginManager: Loaded Plugin OculusLibrary, From E:/Epic Games/Epic Games/UE_4.14/Engine/Plugins/Runtime/OculusLibrary/OculusLibrary.uplugin
LogPluginManager: Loaded Plugin OculusRift, From E:/Epic Games/Epic Games/UE_4.14/Engine/Plugins/Runtime/OculusRift/OculusRift.uplugin
LogPluginManager: Loaded Plugin Oodle, From E:/Epic Games/Epic Games/UE_4.14/Engine/Plugins/Runtime/PacketHandlers/CompressionComponents/Oodle/Oodle.uplugin
LogPluginManager: Loaded Plugin ProceduralMeshComponent, From E:/Epic Games/Epic Games/UE_4.14/Engine/Plugins/Runtime/ProceduralMeshComponent/ProceduralMeshComponent.uplugin
LogPluginManager: Loaded Plugin SoundMod, From E:/Epic Games/Epic Games/UE_4.14/Engine/Plugins/Runtime/SoundMod/SoundMod.uplugin
LogPluginManager: Loaded Plugin SoundVisualizations, From E:/Epic Games/Epic Games/UE_4.14/Engine/Plugins/Runtime/SoundVisualizations/SoundVisualizations.uplugin
LogPluginManager: Loaded Plugin SteamController, From E:/Epic Games/Epic Games/UE_4.14/Engine/Plugins/Runtime/Steam/SteamController/SteamController.uplugin
LogPluginManager: Loaded Plugin SteamVR, From E:/Epic Games/Epic Games/UE_4.14/Engine/Plugins/Runtime/Steam/SteamVR/SteamVR.uplugin
LogPluginManager: Loaded Plugin WebBrowserWidget, From E:/Epic Games/Epic Games/UE_4.14/Engine/Plugins/Runtime/WebBrowserWidget/WebBrowserWidget.uplugin
LogPluginManager: Loaded Plugin WindowsDeviceProfileSelector, From E:/Epic Games/Epic Games/UE_4.14/Engine/Plugins/Runtime/WindowsDeviceProfileSelector/WindowsDeviceProfileSelector.uplugin
LogPluginManager: Loaded Plugin WindowsMoviePlayer, From E:/Epic Games/Epic Games/UE_4.14/Engine/Plugins/Runtime/WindowsMoviePlayer/WindowsMoviePlayer.uplugin
LogPluginManager: Loaded Plugin ScriptPlugin, From E:/Epic Games/Epic Games/UE_4.14/Engine/Plugins/ScriptPlugin/ScriptPlugin.uplugin
LogPluginManager: Loaded Plugin SlateRemote, From E:/Epic Games/Epic Games/UE_4.14/Engine/Plugins/Slate/SlateRemote/SlateRemote.uplugin
LogPluginManager: Loaded Plugin EditorTests, From E:/Epic Games/Epic Games/UE_4.14/Engine/Plugins/Tests/EditorTests/EditorTests.uplugin
LogPluginManager: Loaded Plugin FbxAutomationTestBuilder, From E:/Epic Games/Epic Games/UE_4.14/Engine/Plugins/Tests/FbxAutomationTestBuilder/FbxAutomationTestBuilder.uplugin
LogPluginManager: Loaded Plugin FunctionalTestingEditor, From E:/Epic Games/Epic Games/UE_4.14/Engine/Plugins/Tests/FunctionalTestingEditor/FunctionalTestingEditor.uplugin
LogPluginManager: Loaded Plugin RuntimeTests, From E:/Epic Games/Epic Games/UE_4.14/Engine/Plugins/Tests/RuntimeTests/RuntimeTests.uplugin
LogPluginManager: Loaded Plugin ScreenshotTools, From E:/Epic Games/Epic Games/UE_4.14/Engine/Plugins/Tests/ScreenshotTools/ScreenshotTools.uplugin
LogInit: Using libcurl 7.47.1
LogInit:  - built for x86_64-pc-win32
LogInit:  - supports SSL with OpenSSL/1.0.2g
LogInit:  - supports HTTP deflate (compression) using libz 1.2.8
LogInit:  - other features:
LogInit:      CURL_VERSION_SSL
LogInit:      CURL_VERSION_LIBZ
LogInit:      CURL_VERSION_IPV6
LogInit:      CURL_VERSION_ASYNCHDNS
LogInit:      CURL_VERSION_LARGEFILE
LogInit:      CURL_VERSION_IDN
LogInit:  CurlRequestOptions (configurable via config and command line):
LogInit:  - bVerifyPeer = false  - Libcurl will NOT verify peer certificate
LogInit:  - bUseHttpProxy = false  - Libcurl will NOT use HTTP proxy
LogInit:  - bDontReuseConnections = false  - Libcurl will reuse connections
LogInit:  - CertBundlePath = nullptr  - Libcurl will use whatever was configured at build time.
LogInit: Build: ++UE4+Release-4.14-CL-3249277
LogInit: Engine Version: 4.14.3-3249277+++UE4+Release-4.14
LogInit: Compatible Engine Version: 4.14.0-3195953+++UE4+Release-4.14
LogInit: Net CL: 3195953
LogDevObjectVersion: Number of dev versions registered: 13
LogDevObjectVersion:   Dev-Blueprints (B0D832E4-1F89-4F0D-ACCF-7EB736FD4AA2): 7
LogDevObjectVersion:   Dev-Build (E1C64328-A22C-4D53-A36C-8E866417BD8C): 0
LogDevObjectVersion:   Dev-Core (375EC13C-06E4-48FB-B500-84F0262A717E): 1
LogDevObjectVersion:   Dev-Editor (E4B068ED-F494-42E9-A231-DA0B2E46BB41): 8
LogDevObjectVersion:   Dev-Framework (CFFC743F-43B0-4480-9391-14DF171D2073): 17
LogDevObjectVersion:   Dev-Mobile (B02B49B5-BB20-44E9-A304-32B752E40360): 0
LogDevObjectVersion:   Dev-Networking (A4E4105C-59A1-49B5-A7C5-40C4547EDFEE): 0
LogDevObjectVersion:   Dev-Online (39C831C9-5AE6-47DC-9A44-9C173E1C8E7C): 0
LogDevObjectVersion:   Dev-Physics (78F01B33-EBEA-4F98-B9B4-84EACCB95AA2): 0
LogDevObjectVersion:   Dev-Platform (6631380F-2D4D-43E0-8009-CF276956A95A): 0
LogDevObjectVersion:   Dev-Rendering (12F88B9F-8875-4AFC-A67C-D90C383ABD29): 12
LogDevObjectVersion:   Dev-Sequencer (7B5AE74C-D270-4C10-A958-57980B212A5A): 1
LogDevObjectVersion:   Dev-VR (D7296918-1DD6-4BDD-9DE2-64A83CC13884): 0
LogInit: Compiled (64-bit): Jan  6 2017 10:49:43
LogInit: Compiled with Visual C++: 19.00.23026.00
LogInit: Build Configuration: Development
LogInit: Branch Name: ++UE4+Release-4.14
LogInit: Command line:  
LogInit: Base directory: E:/Epic Games/Epic Games/UE_4.14/Engine/Binaries/Win64/
LogInit: Installed Engine Build: 1
LogInit: Presizing for max 8388607 objects, including 0 objects not considered by GC, pre-allocating 0 bytes for permanent pool.
LogInit: Object subsystem initialized
[2017.05.14-05.07.24:495][  0]LogInit: Selected Device Profile: [Windows]
[2017.05.14-05.07.24:495][  0]LogInit: Applying CVar settings loaded from the selected device profile: [Windows]
[2017.05.14-05.07.24:518][  0]LogInit: Computer: DESKTOP-57H6M94
[2017.05.14-05.07.24:518][  0]LogInit: User: lordz
[2017.05.14-05.07.24:518][  0]LogInit: CPU Page size=65536, Cores=4
[2017.05.14-05.07.24:518][  0]LogInit: High frequency timer resolution =3.703132 MHz
[2017.05.14-05.07.24:518][  0]LogMemory: Memory total: Physical=15.9GB (16GB approx)
[2017.05.14-05.07.24:518][  0]LogMemory: Platform Memory Stats for Windows
[2017.05.14-05.07.24:518][  0]LogMemory: Process Physical Memory: 267.21 MB used, 267.21 MB peak
[2017.05.14-05.07.24:518][  0]LogMemory: Process Virtual Memory: 263.84 MB used, 263.84 MB peak
[2017.05.14-05.07.24:518][  0]LogMemory: Physical Memory: 6464.21 MB used,  9850.50 MB free, 16314.71 MB total
[2017.05.14-05.07.24:518][  0]LogMemory: Virtual Memory: 694.63 MB used,  9850.50 MB free, 134217728.00 MB total
[2017.05.14-05.07.24:544][  0]LogTextLocalizationManager: No specific translations for ('en-AU') exist, so ('en') translations will be used.
[2017.05.14-05.07.25:056][  0]LogD3D11RHI: D3D11 adapters:
[2017.05.14-05.07.25:454][  0]LogD3D11RHI:    0. 'NVIDIA GeForce GTX 970' (Feature Level 11_0)
[2017.05.14-05.07.25:454][  0]LogD3D11RHI:       4059/0/8157 MB DedicatedVideo/DedicatedSystem/SharedSystem, Outputs:2, VendorId:0x10de
[2017.05.14-05.07.25:455][  0]LogD3D11RHI:    1. 'Microsoft Basic Render Driver' (Feature Level 11_0)
[2017.05.14-05.07.25:455][  0]LogD3D11RHI:       0/0/8157 MB DedicatedVideo/DedicatedSystem/SharedSystem, Outputs:0, VendorId:0x1414
[2017.05.14-05.07.25:455][  0]LogD3D11RHI: Chosen D3D11 Adapter: 0
[2017.05.14-05.07.25:459][  0]LogD3D11RHI: Creating new Direct3DDevice
[2017.05.14-05.07.25:459][  0]LogD3D11RHI:     GPU DeviceId: 0x13c2 (for the marketing name, search the web for "GPU Device Id")
[2017.05.14-05.07.25:459][  0]LogWindows: EnumDisplayDevices:
[2017.05.14-05.07.25:459][  0]LogWindows:    0. 'NVIDIA GeForce GTX 970' (P:1 D:1)
[2017.05.14-05.07.25:459][  0]LogWindows:    1. 'NVIDIA GeForce GTX 970' (P:0 D:1)
[2017.05.14-05.07.25:459][  0]LogWindows:    2. 'NVIDIA GeForce GTX 970' (P:0 D:0)
[2017.05.14-05.07.25:459][  0]LogWindows:    3. 'NVIDIA GeForce GTX 970' (P:0 D:0)
[2017.05.14-05.07.25:459][  0]LogWindows: DebugString: FoundDriverCount:4 
[2017.05.14-05.07.25:459][  0]LogD3D11RHI:     Adapter Name: NVIDIA GeForce GTX 970
[2017.05.14-05.07.25:459][  0]LogD3D11RHI:   Driver Version: 382.05 (internal:22.21.13.8205, unified:382.05)
[2017.05.14-05.07.25:459][  0]LogD3D11RHI:      Driver Date: 5-1-2017
[2017.05.14-05.07.25:459][  0]LogRHI: Texture pool is 1361 MB (70% of 1945 MB)
[2017.05.14-05.07.25:850][  0]LogD3D11RHI: Async texture creation enabled
[2017.05.14-05.07.25:875][  0]LogD3D11RHI: GPU Timing Frequency: 1000.000000 (Debug: 2 1)
[2017.05.14-05.07.25:875][  0]LogShaderCompilers: Guid format shader working directory is -10 characters bigger than the processId version (../../../../../../GitHub/musicGame/musicGame/musicGame04/Intermediate/Shaders/WorkingDirectory/3232/).
[2017.05.14-05.07.25:875][  0]LogShaderCompilers: Cleaned the shader compiler working directory 'C:/Users/lordz/AppData/Local/Temp/UnrealShaderWorkingDir/5905A8A5443DDBCC2CCF3E8F789B0D6E/'.
[2017.05.14-05.07.25:875][  0]LogShaderCompilers:Display: Using Local Shader Compiler.
[2017.05.14-05.07.27:442][  0]LogTemp:Display: Loaded TP AllDesktopTargetPlatform
[2017.05.14-05.07.27:474][  0]LogTemp:Display: Loaded TP MacClientTargetPlatform
[2017.05.14-05.07.27:506][  0]LogTemp:Display: Loaded TP MacNoEditorTargetPlatform
[2017.05.14-05.07.27:540][  0]LogTemp:Display: Loaded TP MacServerTargetPlatform
[2017.05.14-05.07.27:573][  0]LogTemp:Display: Loaded TP MacTargetPlatform
[2017.05.14-05.07.27:606][  0]LogTemp:Display: Loaded TP WindowsClientTargetPlatform
[2017.05.14-05.07.27:639][  0]LogTemp:Display: Loaded TP WindowsNoEditorTargetPlatform
[2017.05.14-05.07.27:672][  0]LogTemp:Display: Loaded TP WindowsServerTargetPlatform
[2017.05.14-05.07.27:699][  0]LogTemp:Display: Loaded TP WindowsTargetPlatform
[2017.05.14-05.07.27:731][  0]LogTemp:Display: Loaded TP AndroidTargetPlatform
[2017.05.14-05.07.27:763][  0]LogTemp:Display: Loaded TP Android_ASTCTargetPlatform
[2017.05.14-05.07.27:796][  0]LogTemp:Display: Loaded TP Android_ATCTargetPlatform
[2017.05.14-05.07.27:829][  0]LogTemp:Display: Loaded TP Android_DXTTargetPlatform
[2017.05.14-05.07.27:863][  0]LogTemp:Display: Loaded TP Android_ETC1TargetPlatform
[2017.05.14-05.07.27:898][  0]LogTemp:Display: Loaded TP Android_ETC2TargetPlatform
[2017.05.14-05.07.27:966][  0]LogTemp:Display: Loaded TP Android_MultiTargetPlatform
[2017.05.14-05.07.27:966][  0]LogTemp:Display: Loaded TP Android_PVRTCTargetPlatform
[2017.05.14-05.07.27:988][  0]LogTemp:Display: Loaded TP HTML5TargetPlatform
[2017.05.14-05.07.28:042][  0]LogTemp:Display: Loaded TP IOSTargetPlatform
[2017.05.14-05.07.28:062][  0]LogTemp:Display: Loaded TP TVOSTargetPlatform
[2017.05.14-05.07.28:094][  0]LogTemp:Display: Loaded TP LinuxClientTargetPlatform
[2017.05.14-05.07.28:126][  0]LogTemp:Display: Loaded TP LinuxNoEditorTargetPlatform
[2017.05.14-05.07.28:158][  0]LogTemp:Display: Loaded TP LinuxServerTargetPlatform
[2017.05.14-05.07.28:190][  0]LogTemp:Display: Loaded TP LinuxTargetPlatform
[2017.05.14-05.07.28:190][  0]LogTargetPlatformManager:Display: Building Assets For Windows
[2017.05.14-05.07.28:406][  0]LogDerivedDataCache:Display: Max Cache Size: 512 MB
[2017.05.14-05.07.28:439][  0]LogDerivedDataCache: Loaded boot cache 0.03s 50MB C:/Users/lordz/AppData/Local/UnrealEngine/4.14/DerivedDataCache/Boot.ddc.
[2017.05.14-05.07.28:439][  0]LogDerivedDataCache:Display: Loaded Boot cache: C:/Users/lordz/AppData/Local/UnrealEngine/4.14/DerivedDataCache/Boot.ddc
[2017.05.14-05.07.28:439][  0]LogDerivedDataCache: FDerivedDataBackendGraph:  Pak pak cache file ../../../../../../GitHub/musicGame/musicGame/musicGame04/DerivedDataCache/DDC.ddp not found, will not use a pak cache.
[2017.05.14-05.07.28:439][  0]LogDerivedDataCache: Unable to find inner node Pak for hierarchical cache Hierarchy.
[2017.05.14-05.07.28:439][  0]LogDerivedDataCache: FDerivedDataBackendGraph:  CompressedPak pak cache file ../../../../../../GitHub/musicGame/musicGame/musicGame04/DerivedDataCache/Compressed.ddp not found, will not use a pak cache.
[2017.05.14-05.07.28:439][  0]LogDerivedDataCache: Unable to find inner node CompressedPak for hierarchical cache Hierarchy.
[2017.05.14-05.07.28:450][  0]LogDerivedDataCache:Display: Pak cache opened for reading ../../../Engine/DerivedDataCache/Compressed.ddp.
[2017.05.14-05.07.28:461][  0]LogDerivedDataCache: Using Local data cache path C:/Users/lordz/AppData/Local/UnrealEngine/Common/DerivedDataCache: Writable
[2017.05.14-05.07.28:598][  0]LogInit: Selected Device Profile: [Windows]
[2017.05.14-05.07.28:599][  0]LogContentStreaming: Texture pool size is 0.00 MB
[2017.05.14-05.07.28:729][  0]LogMeshUtilities: Using QuadricMeshReduction for automatic static mesh reduction
[2017.05.14-05.07.28:753][  0]LogSimplygon: Simplygon DLL not present - disabling.
[2017.05.14-05.07.28:783][  0]LogMeshUtilities: Using SimplygonSwarm for distributed automatic mesh merging
[2017.05.14-05.07.28:783][  0]LogMeshUtilities: No automatic skeletal mesh reduction module available
[2017.05.14-05.07.28:783][  0]LogMeshUtilities: No automatic mesh merging module available
[2017.05.14-05.07.29:116][  0]LogNetVersion: GetLocalNetworkVersion: CL: 3195953, ProjectName: musicgame04, ProjectVersion: , EngineNetworkVersion: 2, GameNetworkVersion: 0, NetworkChecksum: 2475016038
[2017.05.14-05.07.29:157][  0]LogAssetRegistry: FAssetRegistry took 0.0210 seconds to start up
[2017.05.14-05.07.29:350][  0]LogPackageLocalizationCache: Processed 3 localized package path(s) for 2 prioritized culture(s) in 0.181894 seconds
[2017.05.14-05.07.29:353][  0]LogUObjectArray: 31946 objects as part of root set at end of initial load.
[2017.05.14-05.07.29:353][  0]LogUObjectAllocator: 6935840 out of 0 bytes used by permanent object pool.
[2017.05.14-05.07.29:353][  0]LogUObjectArray: CloseDisregardForGC: 0/0 objects in disregard for GC pool
[2017.05.14-05.07.29:384][  0]LogInit: WinSock: version 1.1 (2.2), MaxSocks=32767, MaxUdp=65467
[2017.05.14-05.07.29:815][  0]LogSlate: Using Freetype 2.6.0
[2017.05.14-05.07.29:815][  0]LogSlate: SlateFontCache - WITH_FREETYPE: 1, WITH_HARFBUZZ: 1
[2017.05.14-05.07.29:815][  0]LogSlate: SlateFontCache - WITH_FREETYPE: 1, WITH_HARFBUZZ: 1
[2017.05.14-05.07.30:417][  0]LogTcpMessaging: Initializing TcpMessaging bridge
[2017.05.14-05.07.30:445][  0]LogUdpMessaging: Initializing bridge on interface 0.0.0.0:0 to multicast group 230.0.0.1:6666.
[2017.05.14-05.07.30:777][  0]LogMaterial: Uniform references updated for custom material expression Custom.
[2017.05.14-05.07.31:020][  0]SourceControl: Info Source control is disabled
[2017.05.14-05.07.31:021][  0]SourceControl: Info Source control is disabled
[2017.05.14-05.07.31:051][  0]SourceControl: Info Source control is disabled
[2017.05.14-05.07.31:079][  0]SourceControl: Info Source control is disabled
[2017.05.14-05.07.31:866][  0]LogEngine: Initializing Engine...
[2017.05.14-05.07.32:923][  0]LogHMD: Failed to initialize OpenVR with code 108
[2017.05.14-05.07.33:078][  0]LogAIModule: Creating AISystem for world Untitled
[2017.05.14-05.07.33:086][  0]LogInit: XAudio2 using 'Speakers (Realtek High Definition Audio)' : 2 channels at 48 kHz using 32 bits per sample (channel mask 0x3)
[2017.05.14-05.07.33:118][  0]LogInit: FAudioDevice initialized.
[2017.05.14-05.07.33:138][  0]LogDerivedDataCache: Saved boot cache 0.02s 50MB C:/Users/lordz/AppData/Local/UnrealEngine/4.14/DerivedDataCache/Boot.ddc.
[2017.05.14-05.07.33:143][  0]LogInit: Texture streaming: Enabled
[2017.05.14-05.07.33:258][  0]LogInit: Transaction tracking system initialized
[2017.05.14-05.07.33:461][  0]BlueprintLog: New page: Editor Load
[2017.05.14-05.07.33:974][  0]LocalizationService: Info Localization service is disabled
[2017.05.14-05.07.34:412][  0]LogConsoleResponse:Display: 
[2017.05.14-05.07.34:522][  0]LogCook:Display: Max memory allowance for cook 16384mb min free memory 0mb
[2017.05.14-05.07.34:522][  0]LogCook:Display: Mobile HDR setting 1
[2017.05.14-05.07.35:115][  0]LogFileCache: Scanning file cache for directory 'E:/GitHub/musicGame/musicGame/musicGame04/Content/' took 0.01s
[2017.05.14-05.07.35:115][  0]SourceControl: Info Source control is disabled
[2017.05.14-05.07.35:116][  0]Cmd: MAP LOAD FILE="../../../../../../GitHub/musicGame/musicGame/musicGame04/Content/Level01.umap" TEMPLATE=0 SHOWPROGRESS=1 FEATURELEVEL=3
[2017.05.14-05.07.35:116][  0]LightingResults: New page: Lighting Build
[2017.05.14-05.07.35:139][  0]MapCheck: New page: Map Check
[2017.05.14-05.07.35:139][  0]LightingResults: New page: Lighting Build
[2017.05.14-05.07.35:581][  0]LogBlueprint:Warning: [enemy] 'LastMovement' variable not found. Base class was probably changed.
[2017.05.14-05.07.35:581][  0]LogBlueprint:Warning: [enemy] 'LastMovement' variable not found. Base class was probably changed.
[2017.05.14-05.07.35:581][  0]LogBlueprint:Warning: [enemy] 'Sprite' variable not found. Base class was probably changed.
[2017.05.14-05.07.35:581][  0]LogBlueprint:Warning: [enemy] 'LastMovement' variable not found. Base class was probably changed.
[2017.05.14-05.07.35:581][  0]LogBlueprint:Warning: [enemy] 'Atacked' variable not found. Base class was probably changed.
[2017.05.14-05.07.35:581][  0]LogBlueprint:Warning: [enemy] 'LastMovement' variable not found. Base class was probably changed.
[2017.05.14-05.07.35:663][  0]LogBlueprint:Warning: [pathEnemy] 'moveEnemyV' variable not found. Base class was probably changed.
[2017.05.14-05.07.35:663][  0]LogBlueprint:Warning: [pathEnemy] 'moveEnemyV' variable not found. Base class was probably changed.
[2017.05.14-05.07.35:738][  0]LogTexture:Display: Building textures: goal (AutoDXT)
[2017.05.14-05.07.36:081][  0]LogTexture:Display: Building textures: player (AutoDXT)
[2017.05.14-05.07.36:216][  0]LogAIModule: Creating AISystem for world Level01
[2017.05.14-05.07.36:219][  0]LogEditorServer: Finished looking for orphan Actors (0.000 secs)
[2017.05.14-05.07.36:219][  0]Cmd: MAP CHECKDEP NOCLEARLOG
[2017.05.14-05.07.36:257][  0]MapCheck: Info Map check complete: 0 Error(s), 0 Warning(s), took 38.152ms to complete.
[2017.05.14-05.07.36:257][  0]LogFileHelpers: Loading map 'Level01' took 1.142
[2017.05.14-05.07.36:301][  0]LogWindowsTextInputMethodSystem:Display: IME system now deactivated.
[2017.05.14-05.07.36:349][  0]LogCollectionManager: Loaded 0 collections in 0.001084 seconds
[2017.05.14-05.07.36:477][  0]LogFileCache: Scanning file cache for directory 'E:/GitHub/musicGame/musicGame/musicGame04/Saved/Collections/' took 0.01s
[2017.05.14-05.07.36:477][  0]LogFileCache: Scanning file cache for directory 'E:/GitHub/musicGame/musicGame/musicGame04/Content/Developers/lordz/Collections/' took 0.01s
[2017.05.14-05.07.36:477][  0]LogFileCache: Scanning file cache for directory 'E:/GitHub/musicGame/musicGame/musicGame04/Content/Collections/' took 0.01s
[2017.05.14-05.07.36:477][  0]LogCollectionManager: Rebuilt the GUID cache for 0 collections in 0.000001 seconds
[2017.05.14-05.07.36:483][  0]LogContentBrowser: Native class hierarchy populated in 0.0061 seconds. Added 2190 classes and 428 folders.
[2017.05.14-05.07.36:509][  0]LogStats: UGameplayTagsManager::ConstructGameplayTagTree: Construct from data asset -  0.000 s
[2017.05.14-05.07.36:509][  0]LogStats: UGameplayTagsManager::ConstructGameplayTagTree: GameplayTagTreeChangedEvent.Broadcast -  0.000 s
[2017.05.14-05.07.36:510][  0]LogContentBrowser: Native class hierarchy updated for 'GameplayTags' in 0.0005 seconds. Added 13 classes and 0 folders.
[2017.05.14-05.07.36:545][  0]LogContentBrowser: Native class hierarchy updated for 'WidgetCarousel' in 0.0004 seconds. Added 0 classes and 0 folders.
[2017.05.14-05.07.36:588][  0]LogContentBrowser: Native class hierarchy updated for 'AddContentDialog' in 0.0004 seconds. Added 0 classes and 0 folders.
[2017.05.14-05.07.36:615][  0]LogContentBrowser: Native class hierarchy updated for 'SceneOutliner' in 0.0004 seconds. Added 1 classes and 2 folders.
[2017.05.14-05.07.36:637][  0]LogCrashTracker: Crashtracker disabled due to settings.
[2017.05.14-05.07.36:641][  0]LogUObjectGlobals:Warning: Failed to find object 'Class None.'
[2017.05.14-05.07.36:689][  0]LogContentBrowser: Native class hierarchy updated for 'HierarchicalLODOutliner' in 0.0005 seconds. Added 1 classes and 2 folders.
[2017.05.14-05.07.36:689][  0]LogLoad: (Engine Initialization) Total time: 15.37 seconds
[2017.05.14-05.07.36:689][  0]LogLoad: (Engine Initialization) Total Blueprint compile time: 0.18 seconds
[2017.05.14-05.07.36:689][  0]LogExternalProfiler: Found external profiler: VSPerf
[2017.05.14-05.07.36:689][  0]LogExternalProfiler: Using external profiler: VSPerf
[2017.05.14-05.07.36:698][  0]LogOcInput: OculusInput pre-init called
[2017.05.14-05.07.36:723][  0]LogContentStreaming: Texture pool size now 1000 MB
[2017.05.14-05.07.36:820][  0]LogRenderer: Reallocating scene render targets to support 1208x576 NumSamples 1 (Frame:2).
[2017.05.14-05.07.37:324][ 57]LogAssetRegistry: Asset discovery search completed in 8.1878 seconds
[2017.05.14-05.07.37:324][ 57]LogCollectionManager: Rebuilt the object cache for 0 collections in 0.000001 seconds (found 0 objects)
[2017.05.14-05.07.37:324][ 57]LogCollectionManager: Fixed up redirectors for 0 collections in 0.000016 seconds (updated 0 objects)
[2017.05.14-05.07.41:135][512]LogTemp: Repeting last play command: New Editor Window (PIE)
[2017.05.14-05.07.41:145][512]LogBlueprintUserMessages: Early PlayInEditor Detection: Level '/Game/Level01.Level01:PersistentLevel' has LevelScriptBlueprint '/Game/Level01.Level01:PersistentLevel.Level01' with GeneratedClass '/Game/Level01.Level01_C' with ClassGeneratedBy '/Game/Level01.Level01:PersistentLevel.Level01'
[2017.05.14-05.07.41:145][512]LogPlayLevel: PlayLevel: No blueprints needed recompiling
[2017.05.14-05.07.41:145][512]PIE: New page: PIE session: Level01 (15 May 2017 12:07:41 am)
[2017.05.14-05.07.41:145][512]LogPlayLevel: Creating play world package: /Game/UEDPIE_0_Level01
[2017.05.14-05.07.41:147][512]LogPlayLevel: PIE: StaticDuplicateObject took: (0.001833s)
[2017.05.14-05.07.41:148][512]LogAIModule: Creating AISystem for world Level01
[2017.05.14-05.07.41:148][512]LogPlayLevel: PIE: World Init took: (0.000373s)
[2017.05.14-05.07.41:148][512]LogPlayLevel: PIE: Created PIE world by copying editor world from /Game/Level01.Level01 to /Game/UEDPIE_0_Level01.Level01 (0.002372s)
[2017.05.14-05.07.41:161][512]LogInit: XAudio2 using 'Speakers (Realtek High Definition Audio)' : 2 channels at 48 kHz using 32 bits per sample (channel mask 0x3)
[2017.05.14-05.07.41:178][512]LogInit: FAudioDevice initialized.
[2017.05.14-05.07.41:238][512]LogLoad: Game class is 'BasicLevelMode_C'
[2017.05.14-05.07.41:239][512]LogWorld: Bringing World /Game/UEDPIE_0_Level01.Level01 up for play (max tick rate 0) at 2017.05.14-14.37.41
[2017.05.14-05.07.41:240][512]LogWorld: Bringing up level for play took: 0.001599
[2017.05.14-05.07.41:265][512]LogContentBrowser: Native class hierarchy updated for 'MovieSceneCapture' in 0.0005 seconds. Added 11 classes and 0 folders.
[2017.05.14-05.07.41:265][512]LogGameMode:Display: Match State Changed from EnteringMap to WaitingToStart
[2017.05.14-05.07.41:265][512]LogGameState: Match State Changed from EnteringMap to WaitingToStart
[2017.05.14-05.07.41:265][512]LogGameMode:Display: Match State Changed from WaitingToStart to InProgress
[2017.05.14-05.07.41:266][512]LogBlueprintUserMessages: [Player_C_0] right
[2017.05.14-05.07.41:266][512]LogBlueprintUserMessages: [Player_C_0] right
[2017.05.14-05.07.41:266][512]LogBlueprintUserMessages: [Player_C_0] left
[2017.05.14-05.07.41:266][512]LogBlueprintUserMessages: [Player_C_0] right
[2017.05.14-05.07.41:266][512]LogBlueprintUserMessages: [Player_C_0] up
[2017.05.14-05.07.41:266][512]LogBlueprintUserMessages: [Player_C_0] right
[2017.05.14-05.07.41:266][512]LogBlueprintUserMessages: [Player_C_0] down
[2017.05.14-05.07.41:266][512]LogBlueprintUserMessages: [Player_C_0] left
[2017.05.14-05.07.41:266][512]LogBlueprintUserMessages: [Player_C_0] left
[2017.05.14-05.07.41:266][512]LogBlueprintUserMessages: [Player_C_0] down
[2017.05.14-05.07.41:266][512]LogBlueprintUserMessages: [Player_C_0] left
[2017.05.14-05.07.41:266][512]LogBlueprintUserMessages: [Player_C_0] up
[2017.05.14-05.07.41:266][512]LogBlueprintUserMessages: [Player_C_0] up
[2017.05.14-05.07.41:266][512]LogBlueprintUserMessages: [Player_C_0] up
[2017.05.14-05.07.41:266][512]LogBlueprintUserMessages: [Player_C_0] down
[2017.05.14-05.07.41:266][512]LogBlueprintUserMessages: [Player_C_0] down
[2017.05.14-05.07.41:267][512]LogGameState: Match State Changed from WaitingToStart to InProgress
[2017.05.14-05.07.41:270][512]PIE: Info Play in editor start time for /Game/UEDPIE_0_Level01 0.524
[2017.05.14-05.07.41:270][512]LogBlueprintUserMessages: Late PlayInEditor Detection: Level '/Game/Level01.Level01:PersistentLevel' has LevelScriptBlueprint '/Game/Level01.Level01:PersistentLevel.Level01' with GeneratedClass '/Game/Level01.Level01_C' with ClassGeneratedBy '/Game/Level01.Level01:PersistentLevel.Level01'
[2017.05.14-05.07.41:289][512]LogRenderer: Reallocating scene render targets to support 1292x756 NumSamples 1 (Frame:505).
[2017.05.14-05.07.41:664][553]LogBlueprintUserMessages: [enemy3_72] Hello
[2017.05.14-05.07.41:664][553]LogBlueprintUserMessages: [enemy3_72] Hello
[2017.05.14-05.07.41:856][576]LogFileCache: Retrieving MD5 hashes for directory 'E:/GitHub/musicGame/musicGame/musicGame04/Content/' took 5.15s
[2017.05.14-05.07.41:914][583]LogBlueprintUserMessages: [enemy4_98] Hello
[2017.05.14-05.07.41:956][588]LogBlueprintUserMessages: [enemy2_42] Hello
[2017.05.14-05.07.42:181][615]LogCharacterMovement: Player_C_0 is stuck and failed to move! Velocity: X=0.00 Y=17.07 Z=0.00 Location: X=-0.00 Y=-4.44 Z=-155.34 Normal: X=0.00 Y=-1.00 Z=-0.00 PenetrationDepth:0.203 Actor:enemy2_42 Component:character_Sprite_31 BoneName:None (0 other events since notify)
[2017.05.14-05.07.42:431][645]LogBlueprintUserMessages: [fireballEnemy_35] FIREBALL
[2017.05.14-05.07.42:521][646]LogBlueprintUserMessages: [Player_C_0] 0
[2017.05.14-05.07.42:521][646]LogBlueprintUserMessages: [enemy_22] Hello
[2017.05.14-05.07.42:548][649]LogBlueprintUserMessages: [Player_C_0] -2
[2017.05.14-05.07.42:548][649]LogBlueprintUserMessages: [enemy_22] Hello
[2017.05.14-05.07.42:565][651]LogBlueprintUserMessages: [Player_C_0] -4
[2017.05.14-05.07.42:565][651]LogBlueprintUserMessages: [enemy2_42] Hello
[2017.05.14-05.07.42:565][651]LogBlueprintUserMessages: [Player_C_0] left
[2017.05.14-05.07.42:565][651]LogBlueprintUserMessages: [Player_C_0] left
[2017.05.14-05.07.42:565][651]LogBlueprintUserMessages: [Player_C_0] left
[2017.05.14-05.07.42:566][651]LogBlueprintUserMessages: [Player_C_0] left
[2017.05.14-05.07.42:573][652]LogBlueprintUserMessages: [Player_C_0] -6
[2017.05.14-05.07.42:573][652]LogBlueprintUserMessages: [enemy_22] Hello
[2017.05.14-05.07.42:582][653]LogBlueprintUserMessages: [Player_C_0] -8
[2017.05.14-05.07.42:582][653]LogBlueprintUserMessages: [enemy_22] Hello
[2017.05.14-05.07.42:590][654]LogBlueprintUserMessages: [Player_C_0] -10
[2017.05.14-05.07.42:590][654]LogBlueprintUserMessages: [enemy_22] Hello
[2017.05.14-05.07.42:997][702]LogBlueprintUserMessages: [Player_C_0] -12
[2017.05.14-05.07.42:997][702]LogBlueprintUserMessages: [enemy_22] Hello
[2017.05.14-05.07.43:005][703]LogBlueprintUserMessages: [Player_C_0] -14
[2017.05.14-05.07.43:005][703]LogBlueprintUserMessages: [enemy_22] Hello
[2017.05.14-05.07.43:014][704]LogBlueprintUserMessages: [Player_C_0] -16
[2017.05.14-05.07.43:014][704]LogBlueprintUserMessages: [enemy_22] Hello
[2017.05.14-05.07.43:189][725]LogBlueprintUserMessages: [Player_C_0] -18
[2017.05.14-05.07.43:189][725]LogBlueprintUserMessages: [enemy_22] Hello
[2017.05.14-05.07.43:197][726]LogBlueprintUserMessages: [Player_C_0] -20
[2017.05.14-05.07.43:197][726]LogBlueprintUserMessages: [enemy_22] Hello
[2017.05.14-05.07.43:738][790]LogBlueprintUserMessages: [fireballEnemy_35] FIREBALL
[2017.05.14-05.07.44:413][871]LogBlueprintUserMessages: [Player_C_0] -22
[2017.05.14-05.07.44:413][871]LogBlueprintUserMessages: [enemy_22] Hello
[2017.05.14-05.07.44:421][872]LogBlueprintUserMessages: [Player_C_0] -24
[2017.05.14-05.07.44:421][872]LogBlueprintUserMessages: [enemy_22] Hello
[2017.05.14-05.07.44:993][939]LogBlueprintUserMessages: [Player_C_0] -26
[2017.05.14-05.07.44:993][939]LogBlueprintUserMessages: [enemy_22] Hello
[2017.05.14-05.07.45:043][945]LogBlueprintUserMessages: [fireballEnemy_35] FIREBALL
[2017.05.14-05.07.45:268][972]LogBlueprintUserMessages: [Player_C_0] -28
[2017.05.14-05.07.45:268][972]LogBlueprintUserMessages: [enemy_22] Hello
[2017.05.14-05.07.45:576][  9]LogBlueprintUserMessages: [Player_C_0] -33
[2017.05.14-05.07.45:576][  9]LogBlueprintUserMessages: [enemySpell_C_1] get fireballed kiddo
[2017.05.14-05.07.45:584][ 10]LogBlueprintUserMessages: [Player_C_0] -35
[2017.05.14-05.07.45:584][ 10]LogBlueprintUserMessages: [enemy_22] Hello
[2017.05.14-05.07.45:593][ 11]LogBlueprintUserMessages: [Player_C_0] -37
[2017.05.14-05.07.45:593][ 11]LogBlueprintUserMessages: [enemy_22] Hello
[2017.05.14-05.07.45:601][ 12]LogBlueprintUserMessages: [Player_C_0] -39
[2017.05.14-05.07.45:601][ 12]LogBlueprintUserMessages: [enemy_22] Hello
[2017.05.14-05.07.45:676][ 21]LogBlueprintUserMessages: [Player_C_0] -41
[2017.05.14-05.07.45:676][ 21]LogBlueprintUserMessages: [enemy_22] Hello
[2017.05.14-05.07.45:684][ 22]LogBlueprintUserMessages: [Player_C_0] -43
[2017.05.14-05.07.45:685][ 22]LogBlueprintUserMessages: [enemy_22] Hello
[2017.05.14-05.07.45:693][ 23]LogBlueprintUserMessages: [Player_C_0] -45
[2017.05.14-05.07.45:693][ 23]LogBlueprintUserMessages: [enemy_22] Hello
[2017.05.14-05.07.46:343][101]LogBlueprintUserMessages: [fireballEnemy_35] FIREBALL
[2017.05.14-05.07.47:238][208]LogBlueprintUserMessages: [Player_C_0] -47
[2017.05.14-05.07.47:238][208]LogBlueprintUserMessages: [enemy_22] Hello
[2017.05.14-05.07.47:246][209]LogBlueprintUserMessages: [Player_C_0] -49
[2017.05.14-05.07.47:247][209]LogBlueprintUserMessages: [enemy_22] Hello
[2017.05.14-05.07.47:255][210]LogBlueprintUserMessages: [Player_C_0] -51
[2017.05.14-05.07.47:255][210]LogBlueprintUserMessages: [enemy_22] Hello
[2017.05.14-05.07.47:263][211]LogBlueprintUserMessages: [Player_C_0] -53
[2017.05.14-05.07.47:263][211]LogBlueprintUserMessages: [enemy_22] Hello
[2017.05.14-05.07.47:488][238]LogBlueprintUserMessages: [Player_C_0] -55
[2017.05.14-05.07.47:488][238]LogBlueprintUserMessages: [enemy_22] Hello
[2017.05.14-05.07.47:497][239]LogBlueprintUserMessages: [Player_C_0] -57
[2017.05.14-05.07.47:497][239]LogBlueprintUserMessages: [enemy_22] Hello
[2017.05.14-05.07.47:505][240]LogBlueprintUserMessages: [Player_C_0] -59
[2017.05.14-05.07.47:505][240]LogBlueprintUserMessages: [enemy_22] Hello
[2017.05.14-05.07.47:513][241]LogBlueprintUserMessages: [Player_C_0] -61
[2017.05.14-05.07.47:513][241]LogBlueprintUserMessages: [enemy_22] Hello
[2017.05.14-05.07.47:522][242]LogBlueprintUserMessages: [Player_C_0] -63
[2017.05.14-05.07.47:522][242]LogBlueprintUserMessages: [enemy_22] Hello
[2017.05.14-05.07.47:530][243]LogBlueprintUserMessages: [Player_C_0] -65
[2017.05.14-05.07.47:530][243]LogBlueprintUserMessages: [enemy_22] Hello
[2017.05.14-05.07.47:538][244]LogBlueprintUserMessages: [Player_C_0] -67
[2017.05.14-05.07.47:538][244]LogBlueprintUserMessages: [enemy_22] Hello
[2017.05.14-05.07.47:547][245]LogBlueprintUserMessages: [Player_C_0] -69
[2017.05.14-05.07.47:547][245]LogBlueprintUserMessages: [enemy_22] Hello
[2017.05.14-05.07.47:555][246]LogBlueprintUserMessages: [Player_C_0] -71
[2017.05.14-05.07.47:555][246]LogBlueprintUserMessages: [enemy_22] Hello
[2017.05.14-05.07.47:563][247]LogBlueprintUserMessages: [Player_C_0] -73
[2017.05.14-05.07.47:563][247]LogBlueprintUserMessages: [enemy_22] Hello
[2017.05.14-05.07.47:572][248]LogBlueprintUserMessages: [Player_C_0] -75
[2017.05.14-05.07.47:572][248]LogBlueprintUserMessages: [enemy_22] Hello
[2017.05.14-05.07.47:580][249]LogBlueprintUserMessages: [Player_C_0] -77
[2017.05.14-05.07.47:580][249]LogBlueprintUserMessages: [enemy_22] Hello
[2017.05.14-05.07.47:588][250]LogBlueprintUserMessages: [Player_C_0] -79
[2017.05.14-05.07.47:589][250]LogBlueprintUserMessages: [enemy_22] Hello
[2017.05.14-05.07.47:647][257]LogBlueprintUserMessages: [fireballEnemy_35] FIREBALL
[2017.05.14-05.07.47:780][273]LogBlueprintUserMessages: [Player_C_0] -81
[2017.05.14-05.07.47:781][273]LogBlueprintUserMessages: [enemy_22] Hello
[2017.05.14-05.07.47:789][274]LogBlueprintUserMessages: [Player_C_0] -83
[2017.05.14-05.07.47:789][274]LogBlueprintUserMessages: [enemy_22] Hello
[2017.05.14-05.07.47:797][275]LogBlueprintUserMessages: [Player_C_0] -85
[2017.05.14-05.07.47:797][275]LogBlueprintUserMessages: [enemy_22] Hello
[2017.05.14-05.07.48:954][413]LogBlueprintUserMessages: [fireballEnemy_35] FIREBALL
[2017.05.14-05.07.49:388][465]LogBlueprintUserMessages: [Player_C_0] -87
[2017.05.14-05.07.49:388][465]LogBlueprintUserMessages: [enemy_22] Hello
[2017.05.14-05.07.49:396][466]LogBlueprintUserMessages: [Player_C_0] -89
[2017.05.14-05.07.49:396][466]LogBlueprintUserMessages: [enemy_22] Hello
[2017.05.14-05.07.49:404][467]LogBlueprintUserMessages: [Player_C_0] -91
[2017.05.14-05.07.49:404][467]LogBlueprintUserMessages: [enemy_22] Hello
[2017.05.14-05.07.49:413][468]LogBlueprintUserMessages: [Player_C_0] -93
[2017.05.14-05.07.49:413][468]LogBlueprintUserMessages: [enemy_22] Hello
[2017.05.14-05.07.49:421][469]LogBlueprintUserMessages: [Player_C_0] -95
[2017.05.14-05.07.49:421][469]LogBlueprintUserMessages: [enemy_22] Hello
[2017.05.14-05.07.50:079][547]LogBlueprintUserMessages: [Player_C_0] -97
[2017.05.14-05.07.50:079][547]LogBlueprintUserMessages: [enemy_22] Hello
[2017.05.14-05.07.50:254][568]LogBlueprintUserMessages: [fireballEnemy_35] FIREBALL
[2017.05.14-05.07.50:529][601]LogBlueprintUserMessages: [Player_C_0] -99
[2017.05.14-05.07.50:529][601]LogBlueprintUserMessages: [enemy_22] Hello
[2017.05.14-05.07.50:538][602]LogBlueprintUserMessages: [Player_C_0] -101
[2017.05.14-05.07.50:538][602]LogBlueprintUserMessages: [enemy_22] Hello
[2017.05.14-05.07.50:613][611]LogBlueprintUserMessages: [Player_C_0] -103
[2017.05.14-05.07.50:613][611]LogBlueprintUserMessages: [enemy_22] Hello
[2017.05.14-05.07.50:621][612]LogBlueprintUserMessages: [Player_C_0] -105
[2017.05.14-05.07.50:621][612]LogBlueprintUserMessages: [enemy_22] Hello
[2017.05.14-05.07.51:438][709]LogBlueprintUserMessages: [Player_C_0] -107
[2017.05.14-05.07.51:438][709]LogBlueprintUserMessages: [enemy_22] Hello
[2017.05.14-05.07.51:446][710]LogBlueprintUserMessages: [Player_C_0] -109
[2017.05.14-05.07.51:446][710]LogBlueprintUserMessages: [enemy_22] Hello
[2017.05.14-05.07.51:455][711]LogBlueprintUserMessages: [Player_C_0] -111
[2017.05.14-05.07.51:455][711]LogBlueprintUserMessages: [enemy_22] Hello
[2017.05.14-05.07.51:563][724]LogBlueprintUserMessages: [fireballEnemy_35] FIREBALL
[2017.05.14-05.07.51:863][760]LogBlueprintUserMessages: [Player_C_0] -113
[2017.05.14-05.07.51:863][760]LogBlueprintUserMessages: [enemy_22] Hello
[2017.05.14-05.07.51:871][761]LogBlueprintUserMessages: [Player_C_0] -115
[2017.05.14-05.07.51:871][761]LogBlueprintUserMessages: [enemy_22] Hello
[2017.05.14-05.07.51:879][762]LogBlueprintUserMessages: [Player_C_0] -117
[2017.05.14-05.07.51:879][762]LogBlueprintUserMessages: [enemy_22] Hello
[2017.05.14-05.07.52:867][879]LogBlueprintUserMessages: [fireballEnemy_35] FIREBALL
[2017.05.14-05.07.52:900][883]LogBlueprintUserMessages: [Player_C_0] -119
[2017.05.14-05.07.52:900][883]LogBlueprintUserMessages: [enemy_22] Hello
[2017.05.14-05.07.53:326][934]LogBlueprintUserMessages: [Player_C_0] -124
[2017.05.14-05.07.53:326][934]LogBlueprintUserMessages: [enemySpell_C_8] get fireballed kiddo
[2017.05.14-05.07.53:434][947]LogBlueprintUserMessages: [Player_C_0] -126
[2017.05.14-05.07.53:434][947]LogBlueprintUserMessages: [enemy_22] Hello
[2017.05.14-05.07.54:017][ 17]LogBlueprintUserMessages: [Player_C_0] -128
[2017.05.14-05.07.54:017][ 17]LogBlueprintUserMessages: [enemy_22] Hello
[2017.05.14-05.07.54:025][ 18]LogBlueprintUserMessages: [Player_C_0] -130
[2017.05.14-05.07.54:025][ 18]LogBlueprintUserMessages: [enemy_22] Hello
[2017.05.14-05.07.54:167][ 35]LogBlueprintUserMessages: [fireballEnemy_35] FIREBALL
[2017.05.14-05.07.54:242][ 44]LogBlueprintUserMessages: [Player_C_0] -132
[2017.05.14-05.07.54:242][ 44]LogBlueprintUserMessages: [enemy_22] Hello
[2017.05.14-05.07.55:467][191]LogBlueprintUserMessages: [fireballEnemy_35] FIREBALL
[2017.05.14-05.07.55:924][245]LogBlueprintUserMessages: [Player_C_0] -137
[2017.05.14-05.07.55:924][245]LogBlueprintUserMessages: [enemySpell_C_10] get fireballed kiddo
[2017.05.14-05.07.56:498][314]LogBlueprintUserMessages: [Player_C_0] -139
[2017.05.14-05.07.56:498][314]LogBlueprintUserMessages: [enemy_22] Hello
[2017.05.14-05.07.56:507][315]LogBlueprintUserMessages: [Player_C_0] -141
[2017.05.14-05.07.56:507][315]LogBlueprintUserMessages: [enemy_22] Hello
[2017.05.14-05.07.56:557][321]LogBlueprintUserMessages: [Player_C_0] -143
[2017.05.14-05.07.56:557][321]LogBlueprintUserMessages: [enemy_22] Hello
[2017.05.14-05.07.56:565][322]LogBlueprintUserMessages: [Player_C_0] -145
[2017.05.14-05.07.56:565][322]LogBlueprintUserMessages: [enemy_22] Hello
[2017.05.14-05.07.56:574][323]LogBlueprintUserMessages: [Player_C_0] -147
[2017.05.14-05.07.56:574][323]LogBlueprintUserMessages: [enemy_22] Hello
[2017.05.14-05.07.56:582][324]LogBlueprintUserMessages: [Player_C_0] -149
[2017.05.14-05.07.56:582][324]LogBlueprintUserMessages: [enemy_22] Hello
[2017.05.14-05.07.56:771][345]LogBlueprintUserMessages: [fireballEnemy_35] FIREBALL
[2017.05.14-05.07.57:312][410]LogBlueprintUserMessages: [Player_C_0] -151
[2017.05.14-05.07.57:312][410]LogBlueprintUserMessages: [enemy_22] Hello
[2017.05.14-05.07.57:321][411]LogBlueprintUserMessages: [Player_C_0] -153
[2017.05.14-05.07.57:321][411]LogBlueprintUserMessages: [enemy_22] Hello
[2017.05.14-05.07.57:779][464]LogBlueprintUserMessages: [Player_C_0] -155
[2017.05.14-05.07.57:779][464]LogBlueprintUserMessages: [enemy_22] Hello
[2017.05.14-05.07.58:071][499]LogBlueprintUserMessages: [fireballEnemy_35] FIREBALL
[2017.05.14-05.07.58:605][563]LogBlueprintUserMessages: [Player_C_0] -160
[2017.05.14-05.07.58:605][563]LogBlueprintUserMessages: [enemySpell_C_11] get fireballed kiddo
[2017.05.14-05.07.58:613][564]LogBlueprintUserMessages: [Player_C_0] -165
[2017.05.14-05.07.58:613][564]LogBlueprintUserMessages: [enemySpell_C_11] get fireballed kiddo
[2017.05.14-05.07.58:654][569]LogBlueprintUserMessages: [Player_C_0] -167
[2017.05.14-05.07.58:654][569]LogBlueprintUserMessages: [enemy_22] Hello
[2017.05.14-05.07.58:663][570]LogBlueprintUserMessages: [Player_C_0] -169
[2017.05.14-05.07.58:663][570]LogBlueprintUserMessages: [enemy_22] Hello
[2017.05.14-05.07.58:671][571]LogBlueprintUserMessages: [Player_C_0] -171
[2017.05.14-05.07.58:671][571]LogBlueprintUserMessages: [enemy_22] Hello
[2017.05.14-05.07.58:679][572]LogBlueprintUserMessages: [Player_C_0] -173
[2017.05.14-05.07.58:679][572]LogBlueprintUserMessages: [enemy_22] Hello
[2017.05.14-05.07.59:074][619]LogBlueprintUserMessages: [Player_C_0] -175
[2017.05.14-05.07.59:074][619]LogBlueprintUserMessages: [enemy_22] Hello
[2017.05.14-05.07.59:375][655]LogBlueprintUserMessages: [fireballEnemy_35] FIREBALL
[2017.05.14-05.07.59:871][713]LogBlueprintUserMessages: [Player_C_0] -177
[2017.05.14-05.07.59:871][713]LogBlueprintUserMessages: [enemy_22] Hello
[2017.05.14-05.07.59:879][714]LogBlueprintUserMessages: [Player_C_0] -179
[2017.05.14-05.07.59:879][714]LogBlueprintUserMessages: [enemy_22] Hello
[2017.05.14-05.07.59:887][715]LogBlueprintUserMessages: [Player_C_0] -181
[2017.05.14-05.07.59:887][715]LogBlueprintUserMessages: [enemy_22] Hello
[2017.05.14-05.07.59:895][716]LogBlueprintUserMessages: [Player_C_0] -183
[2017.05.14-05.07.59:895][716]LogBlueprintUserMessages: [enemy_22] Hello
[2017.05.14-05.07.59:904][717]LogBlueprintUserMessages: [Player_C_0] -185
[2017.05.14-05.07.59:904][717]LogBlueprintUserMessages: [enemy_22] Hello
[2017.05.14-05.08.00:087][739]LogBlueprintUserMessages: [Player_C_0] -187
[2017.05.14-05.08.00:088][739]LogBlueprintUserMessages: [enemy_22] Hello
[2017.05.14-05.08.00:096][740]LogBlueprintUserMessages: [Player_C_0] -189
[2017.05.14-05.08.00:096][740]LogBlueprintUserMessages: [enemy_22] Hello
[2017.05.14-05.08.00:104][741]LogBlueprintUserMessages: [Player_C_0] -191
[2017.05.14-05.08.00:104][741]LogBlueprintUserMessages: [enemy_22] Hello
[2017.05.14-05.08.00:679][810]LogBlueprintUserMessages: [fireballEnemy_35] FIREBALL
[2017.05.14-05.08.01:512][910]LogBlueprintUserMessages: [Player_C_0] -193
[2017.05.14-05.08.01:512][910]LogBlueprintUserMessages: [enemy_22] Hello
[2017.05.14-05.08.01:521][911]LogBlueprintUserMessages: [Player_C_0] -195
[2017.05.14-05.08.01:521][911]LogBlueprintUserMessages: [enemy_22] Hello
[2017.05.14-05.08.01:529][912]LogBlueprintUserMessages: [Player_C_0] -197
[2017.05.14-05.08.01:529][912]LogBlueprintUserMessages: [enemy_22] Hello
[2017.05.14-05.08.01:537][913]LogBlueprintUserMessages: [Player_C_0] -199
[2017.05.14-05.08.01:537][913]LogBlueprintUserMessages: [enemy_22] Hello
[2017.05.14-05.08.01:546][914]LogBlueprintUserMessages: [Player_C_0] -201
[2017.05.14-05.08.01:546][914]LogBlueprintUserMessages: [enemy_22] Hello
[2017.05.14-05.08.01:554][915]LogBlueprintUserMessages: [Player_C_0] -203
[2017.05.14-05.08.01:554][915]LogBlueprintUserMessages: [enemy_22] Hello
[2017.05.14-05.08.01:562][916]LogBlueprintUserMessages: [Player_C_0] -205
[2017.05.14-05.08.01:562][916]LogBlueprintUserMessages: [enemy_22] Hello
[2017.05.14-05.08.01:571][917]LogBlueprintUserMessages: [Player_C_0] -207
[2017.05.14-05.08.01:571][917]LogBlueprintUserMessages: [enemy_22] Hello
[2017.05.14-05.08.01:579][918]LogBlueprintUserMessages: [Player_C_0] -209
[2017.05.14-05.08.01:579][918]LogBlueprintUserMessages: [enemy_22] Hello
[2017.05.14-05.08.01:587][919]LogBlueprintUserMessages: [Player_C_0] -211
[2017.05.14-05.08.01:587][919]LogBlueprintUserMessages: [enemy_22] Hello
[2017.05.14-05.08.01:596][920]LogBlueprintUserMessages: [Player_C_0] -213
[2017.05.14-05.08.01:596][920]LogBlueprintUserMessages: [enemy_22] Hello
[2017.05.14-05.08.01:604][921]LogBlueprintUserMessages: [Player_C_0] -215
[2017.05.14-05.08.01:604][921]LogBlueprintUserMessages: [enemy_22] Hello
[2017.05.14-05.08.01:613][922]LogBlueprintUserMessages: [Player_C_0] -217
[2017.05.14-05.08.01:613][922]LogBlueprintUserMessages: [enemy_22] Hello
[2017.05.14-05.08.01:621][923]LogBlueprintUserMessages: [Player_C_0] -219
[2017.05.14-05.08.01:621][923]LogBlueprintUserMessages: [enemy_22] Hello
[2017.05.14-05.08.01:629][924]LogBlueprintUserMessages: [Player_C_0] -221
[2017.05.14-05.08.01:629][924]LogBlueprintUserMessages: [enemy_22] Hello
[2017.05.14-05.08.01:637][925]LogBlueprintUserMessages: [Player_C_0] -223
[2017.05.14-05.08.01:637][925]LogBlueprintUserMessages: [enemy_22] Hello
[2017.05.14-05.08.01:646][926]LogBlueprintUserMessages: [Player_C_0] -225
[2017.05.14-05.08.01:646][926]LogBlueprintUserMessages: [enemy_22] Hello
[2017.05.14-05.08.01:942][960]LogBlueprintUserMessages: [Player_C_0] -227
[2017.05.14-05.08.01:942][960]LogBlueprintUserMessages: [enemy_22] Hello
[2017.05.14-05.08.01:950][961]LogBlueprintUserMessages: [Player_C_0] -229
[2017.05.14-05.08.01:950][961]LogBlueprintUserMessages: [enemy_22] Hello
[2017.05.14-05.08.01:959][962]LogBlueprintUserMessages: [Player_C_0] -231
[2017.05.14-05.08.01:959][962]LogBlueprintUserMessages: [enemy_22] Hello
[2017.05.14-05.08.01:984][965]LogBlueprintUserMessages: [fireballEnemy_35] FIREBALL
[2017.05.14-05.08.03:288][121]LogBlueprintUserMessages: [fireballEnemy_35] FIREBALL
[2017.05.14-05.08.04:394][252]LogBlueprintUserMessages: [Player_C_0] -233
[2017.05.14-05.08.04:394][252]LogBlueprintUserMessages: [enemy_22] Hello
[2017.05.14-05.08.04:402][253]LogBlueprintUserMessages: [Player_C_0] -235
[2017.05.14-05.08.04:402][253]LogBlueprintUserMessages: [enemy_22] Hello
[2017.05.14-05.08.04:410][254]LogBlueprintUserMessages: [Player_C_0] -237
[2017.05.14-05.08.04:410][254]LogBlueprintUserMessages: [enemy_22] Hello
[2017.05.14-05.08.04:419][255]LogBlueprintUserMessages: [Player_C_0] -239
[2017.05.14-05.08.04:419][255]LogBlueprintUserMessages: [enemy_22] Hello
[2017.05.14-05.08.04:428][256]LogBlueprintUserMessages: [Player_C_0] -241
[2017.05.14-05.08.04:428][256]LogBlueprintUserMessages: [enemy_22] Hello
[2017.05.14-05.08.04:544][270]LogBlueprintUserMessages: [Player_C_0] -243
[2017.05.14-05.08.04:544][270]LogBlueprintUserMessages: [enemy_22] Hello
[2017.05.14-05.08.04:552][271]LogBlueprintUserMessages: [Player_C_0] -245
[2017.05.14-05.08.04:552][271]LogBlueprintUserMessages: [enemy_22] Hello
[2017.05.14-05.08.04:561][272]LogBlueprintUserMessages: [Player_C_0] -247
[2017.05.14-05.08.04:561][272]LogBlueprintUserMessages: [enemy_22] Hello
[2017.05.14-05.08.04:569][273]LogBlueprintUserMessages: [Player_C_0] -249
[2017.05.14-05.08.04:569][273]LogBlueprintUserMessages: [enemy_22] Hello
[2017.05.14-05.08.04:577][274]LogBlueprintUserMessages: [Player_C_0] -251
[2017.05.14-05.08.04:577][274]LogBlueprintUserMessages: [enemy_22] Hello
[2017.05.14-05.08.04:585][275]LogBlueprintUserMessages: [Player_C_0] -253
[2017.05.14-05.08.04:585][275]LogBlueprintUserMessages: [enemy_22] Hello
[2017.05.14-05.08.04:594][276]LogBlueprintUserMessages: [fireballEnemy_35] FIREBALL
[2017.05.14-05.08.05:899][432]LogBlueprintUserMessages: [fireballEnemy_35] FIREBALL
[2017.05.14-05.08.06:420][494]LogBlueprintUserMessages: [Player_C_0] -255
[2017.05.14-05.08.06:420][494]LogBlueprintUserMessages: [enemy_22] Hello
[2017.05.14-05.08.06:428][495]LogBlueprintUserMessages: [Player_C_0] -257
[2017.05.14-05.08.06:428][495]LogBlueprintUserMessages: [enemy_22] Hello
[2017.05.14-05.08.06:786][538]LogBlueprintUserMessages: [Player_C_0] -259
[2017.05.14-05.08.06:786][538]LogBlueprintUserMessages: [enemy_22] Hello
[2017.05.14-05.08.07:170][584]LogBlueprintUserMessages: [Player_C_0] -261
[2017.05.14-05.08.07:170][584]LogBlueprintUserMessages: [enemy_22] Hello
[2017.05.14-05.08.07:178][585]LogBlueprintUserMessages: [Player_C_0] -263
[2017.05.14-05.08.07:178][585]LogBlueprintUserMessages: [enemy_22] Hello
[2017.05.14-05.08.07:186][586]LogBlueprintUserMessages: [Player_C_0] -265
[2017.05.14-05.08.07:186][586]LogBlueprintUserMessages: [enemy_22] Hello
[2017.05.14-05.08.07:203][588]LogBlueprintUserMessages: [fireballEnemy_35] FIREBALL
[2017.05.14-05.08.07:211][589]LogBlueprintUserMessages: [Player_C_0] -267
[2017.05.14-05.08.07:211][589]LogBlueprintUserMessages: [enemy_22] Hello
[2017.05.14-05.08.07:219][590]LogBlueprintUserMessages: [Player_C_0] -269
[2017.05.14-05.08.07:219][590]LogBlueprintUserMessages: [enemy_22] Hello
[2017.05.14-05.08.07:228][591]LogBlueprintUserMessages: [Player_C_0] -271
[2017.05.14-05.08.07:228][591]LogBlueprintUserMessages: [enemy_22] Hello
[2017.05.14-05.08.08:291][717]LogBlueprintUserMessages: [Player_C_0] -276
[2017.05.14-05.08.08:291][717]LogBlueprintUserMessages: [enemySpell_C_19] get fireballed kiddo
[2017.05.14-05.08.08:508][743]LogBlueprintUserMessages: [fireballEnemy_35] FIREBALL
[2017.05.14-05.08.09:179][823]LogBlueprintUserMessages: [Player_C_0] -278
[2017.05.14-05.08.09:179][823]LogBlueprintUserMessages: [enemy_22] Hello
[2017.05.14-05.08.09:188][824]LogBlueprintUserMessages: [Player_C_0] -280
[2017.05.14-05.08.09:188][824]LogBlueprintUserMessages: [enemy_22] Hello
[2017.05.14-05.08.09:196][825]LogBlueprintUserMessages: [Player_C_0] -282
[2017.05.14-05.08.09:196][825]LogBlueprintUserMessages: [enemy_22] Hello
[2017.05.14-05.08.09:204][826]LogBlueprintUserMessages: [Player_C_0] -284
[2017.05.14-05.08.09:204][826]LogBlueprintUserMessages: [enemy_22] Hello
[2017.05.14-05.08.09:213][827]LogBlueprintUserMessages: [Player_C_0] -286
[2017.05.14-05.08.09:213][827]LogBlueprintUserMessages: [enemy_22] Hello
[2017.05.14-05.08.09:454][856]LogBlueprintUserMessages: [Player_C_0] -288
[2017.05.14-05.08.09:454][856]LogBlueprintUserMessages: [enemy_22] Hello
[2017.05.14-05.08.09:771][894]LogBlueprintUserMessages: [Player_C_0] right
[2017.05.14-05.08.09:771][894]LogBlueprintUserMessages: [Player_C_0] right
[2017.05.14-05.08.09:813][899]LogBlueprintUserMessages: [fireballEnemy_35] FIREBALL
[2017.05.14-05.08.11:119][ 54]LogBlueprintUserMessages: [fireballEnemy_35] FIREBALL
[2017.05.14-05.08.12:421][210]LogBlueprintUserMessages: [fireballEnemy_35] FIREBALL
[2017.05.14-05.08.13:729][365]LogBlueprintUserMessages: [Player_C_0] -293
[2017.05.14-05.08.13:729][365]LogBlueprintUserMessages: [enemySpell_C_23] get fireballed kiddo
[2017.05.14-05.08.13:729][365]LogBlueprintUserMessages: [fireballEnemy_35] FIREBALL
[2017.05.14-05.08.15:037][520]LogBlueprintUserMessages: [fireballEnemy_35] FIREBALL
[2017.05.14-05.08.15:629][591]LogBlueprintUserMessages: Early EndPlayMap Detection: Level '/Game/Level01.Level01:PersistentLevel' has LevelScriptBlueprint '/Game/Level01.Level01:PersistentLevel.Level01' with GeneratedClass '/Game/Level01.Level01_C' with ClassGeneratedBy '/Game/Level01.Level01:PersistentLevel.Level01'
[2017.05.14-05.08.15:670][591]LogBlueprintUserMessages: Late EndPlayMap Detection: Level '/Game/Level01.Level01:PersistentLevel' has LevelScriptBlueprint '/Game/Level01.Level01:PersistentLevel.Level01' with GeneratedClass '/Game/Level01.Level01_C' with ClassGeneratedBy '/Game/Level01.Level01:PersistentLevel.Level01'
[2017.05.14-05.08.17:892][852]LogEditorViewport: Clicking on Actor (LMB): chargeEnemy_C (chargeEnemy)
[2017.05.14-05.08.24:739][597]LogContentBrowser: Native class hierarchy updated for 'BlueprintGraph' in 0.0008 seconds. Added 111 classes and 0 folders.
[2017.05.14-05.20.11:113][192]Cmd: QUIT_EDITOR
[2017.05.14-05.20.11:734][192]LogWindowsTextInputMethodSystem:Display: IME system now deactivated.
[2017.05.14-05.20.11:748][192]LogExit: Preparing to exit.
[2017.05.14-05.20.12:680][192]LogDirectoryWatcher: A directory notification for 'E:/GitHub/musicGame/musicGame/musicGame04/Content/' was aborted.
[2017.05.14-05.20.12:701][192]LogExit: Editor shut down
[2017.05.14-05.20.12:701][192]LogExit: Transaction tracking system shut down
[2017.05.14-05.20.12:750][192]LogObj: Freed 0b from 0 cluster array pools.
[2017.05.14-05.20.12:750][192]LogExit: Object subsystem successfully closed.
[2017.05.14-05.20.12:763][192]LogD3D11RHI: Shutdown
[2017.05.14-05.20.12:763][192]LogD3D11RHI: CleanupD3DDevice
[2017.05.14-05.20.12:819][192]LogD3D11RHI: ~FD3D11DynamicRHI
[2017.05.14-05.20.12:824][192]LogHttp:Display: Http module shutting down, but needs to wait on 1 outstanding Http requests:
[2017.05.14-05.20.12:824][192]LogHttp:Display: 	verb=[POST] url=[https://datarouter.ol.epicgames.com/datarouter/api/v1/public/data?SessionID=%7BB9763036-43A5-D792-A1CA-DDBE312BB53C%7D&AppID=UEEditor.Rocket.Release&AppVersion=4.14.3-3249277%2B%2B%2BUE4%2BRelease-4.14&UserID=9638255e47524c402774439580c5d2a4%7C7cabc173f4c94224882b4e1e7c8204b2%7C26fd4af3-dc48-4c1d-b8f7-08189fde4079&AppEnvironment=datacollector-binary&UploadType=eteventstream] status=Processing
[2017.05.14-05.20.12:828][192]LogModuleManager: Shutting down and abandoning module BlueprintGraph (244)
[2017.05.14-05.20.12:828][192]LogModuleManager: Shutting down and abandoning module BlueprintProfiler (243)
[2017.05.14-05.20.12:828][192]LogModuleManager: Shutting down and abandoning module MovieSceneCapture (242)
[2017.05.14-05.20.12:828][192]LogModuleManager: Shutting down and abandoning module HierarchicalLODOutliner (241)
[2017.05.14-05.20.12:828][192]LogModuleManager: Shutting down and abandoning module CrashTracker (240)
[2017.05.14-05.20.12:828][192]LogModuleManager: Shutting down and abandoning module SceneOutliner (239)
[2017.05.14-05.20.12:828][192]LogModuleManager: Shutting down and abandoning module WidgetCarousel (238)
[2017.05.14-05.20.12:828][192]LogModuleManager: Shutting down and abandoning module AddContentDialog (237)
[2017.05.14-05.20.12:828][192]LogDirectoryWatcher: A directory notification for 'E:/Epic Games/Epic Games/UE_4.14/FeaturePacks/' was aborted.
[2017.05.14-05.20.12:828][192]LogModuleManager: Shutting down and abandoning module GameplayTags (236)
[2017.05.14-05.20.12:828][192]LogModuleManager: Shutting down and abandoning module EditorWidgets (235)
[2017.05.14-05.20.12:828][192]LogModuleManager: Shutting down and abandoning module CollectionManager (234)
[2017.05.14-05.20.12:828][192]LogDirectoryWatcher: A directory notification for 'E:/GitHub/musicGame/musicGame/musicGame04/Content/Collections/' was aborted.
[2017.05.14-05.20.12:829][192]LogDirectoryWatcher: A directory notification for 'E:/GitHub/musicGame/musicGame/musicGame04/Content/Developers/lordz/Collections/' was aborted.
[2017.05.14-05.20.12:829][192]LogDirectoryWatcher: A directory notification for 'E:/GitHub/musicGame/musicGame/musicGame04/Saved/Collections/' was aborted.
[2017.05.14-05.20.12:829][192]LogModuleManager: Shutting down and abandoning module StatsViewer (233)
[2017.05.14-05.20.12:829][192]LogModuleManager: Shutting down and abandoning module FoliageEdit (232)
[2017.05.14-05.20.12:829][192]LogModuleManager: Shutting down and abandoning module LandscapeEditor (231)
[2017.05.14-05.20.12:829][192]LogModuleManager: Shutting down and abandoning module SceneDepthPickerMode (230)
[2017.05.14-05.20.12:829][192]LogModuleManager: Shutting down and abandoning module ActorPickerMode (229)
[2017.05.14-05.20.12:829][192]LogModuleManager: Shutting down and abandoning module GeometryMode (228)
[2017.05.14-05.20.12:829][192]LogModuleManager: Shutting down and abandoning module TextureAlignMode (227)
[2017.05.14-05.20.12:829][192]LogModuleManager: Shutting down and abandoning module BspMode (226)
[2017.05.14-05.20.12:829][192]LogModuleManager: Shutting down and abandoning module HardwareSurvey (225)
[2017.05.14-05.20.12:829][192]LogModuleManager: Shutting down and abandoning module SequenceRecorderSections (224)
[2017.05.14-05.20.12:829][192]LogModuleManager: Shutting down and abandoning module AutomationWorker (223)
[2017.05.14-05.20.12:829][192]LogModuleManager: Shutting down and abandoning module MatineeToLevelSequence (222)
[2017.05.14-05.20.12:829][192]LogModuleManager: Shutting down and abandoning module PlacementMode (221)
[2017.05.14-05.20.12:829][192]LogModuleManager: Shutting down and abandoning module LevelSequenceEditor (220)
[2017.05.14-05.20.12:829][192]LogModuleManager: Shutting down and abandoning module WmfMediaFactory (219)
[2017.05.14-05.20.12:829][192]LogModuleManager: Shutting down and abandoning module WmfMediaEditor (218)
[2017.05.14-05.20.12:829][192]LogModuleManager: Shutting down and abandoning module AvfMediaFactory (217)
[2017.05.14-05.20.12:829][192]LogModuleManager: Shutting down and abandoning module AvfMediaEditor (216)
[2017.05.14-05.20.12:829][192]LogModuleManager: Shutting down and abandoning module Media (215)
[2017.05.14-05.20.12:829][192]LogModuleManager: Shutting down and abandoning module AndroidMediaFactory (214)
[2017.05.14-05.20.12:829][192]LogModuleManager: Shutting down and abandoning module AndroidMediaEditor (213)
[2017.05.14-05.20.12:829][192]LogModuleManager: Shutting down and abandoning module CharacterAI (212)
[2017.05.14-05.20.12:829][192]LogModuleManager: Shutting down and abandoning module SequenceRecorder (211)
[2017.05.14-05.20.12:829][192]LogModuleManager: Shutting down and abandoning module AudioCapture (210)
[2017.05.14-05.20.12:829][192]LogModuleManager: Shutting down and abandoning module SmartSnapping (209)
[2017.05.14-05.20.12:829][192]LogModuleManager: Shutting down and abandoning module SessionServices (208)
[2017.05.14-05.20.12:829][192]LogModuleManager: Shutting down and abandoning module ViewportSnapping (207)
[2017.05.14-05.20.12:829][192]LogModuleManager: Shutting down and abandoning module ViewportInteraction (206)
[2017.05.14-05.20.12:829][192]LogModuleManager: Shutting down and abandoning module LogVisualizer (205)
[2017.05.14-05.20.12:829][192]LogModuleManager: Shutting down and abandoning module GameProjectGeneration (204)
[2017.05.14-05.20.12:829][192]LogModuleManager: Shutting down and abandoning module IntroTutorials (203)
[2017.05.14-05.20.12:829][192]LogModuleManager: Shutting down and abandoning module EditorLiveStreaming (202)
[2017.05.14-05.20.12:829][192]LogModuleManager: Shutting down and abandoning module IOSPlatformEditor (201)
[2017.05.14-05.20.12:829][192]LogModuleManager: Shutting down and abandoning module HTML5PlatformEditor (200)
[2017.05.14-05.20.12:829][192]LogModuleManager: Shutting down and abandoning module AndroidDeviceDetection (199)
[2017.05.14-05.20.13:324][192]LogModuleManager: Shutting down and abandoning module AndroidPlatformEditor (198)
[2017.05.14-05.20.13:324][192]LogModuleManager: Shutting down and abandoning module IOSRuntimeSettings (197)
[2017.05.14-05.20.13:324][192]LogModuleManager: Shutting down and abandoning module AndroidRuntimeSettings (196)
[2017.05.14-05.20.13:324][192]LogModuleManager: Shutting down and abandoning module InputBindingEditor (195)
[2017.05.14-05.20.13:324][192]LogModuleManager: Shutting down and abandoning module NiagaraEditor (194)
[2017.05.14-05.20.13:324][192]LogModuleManager: Shutting down and abandoning module MergeActors (193)
[2017.05.14-05.20.13:324][192]LogModuleManager: Shutting down and abandoning module SizeMap (192)
[2017.05.14-05.20.13:324][192]LogModuleManager: Shutting down and abandoning module TreeMap (191)
[2017.05.14-05.20.13:324][192]LogModuleManager: Shutting down and abandoning module ReferenceViewer (190)
[2017.05.14-05.20.13:324][192]LogModuleManager: Shutting down and abandoning module LocalizationService (189)
[2017.05.14-05.20.13:324][192]LogModuleManager: Shutting down and abandoning module LocalizationDashboard (188)
[2017.05.14-05.20.13:324][192]LogModuleManager: Shutting down and abandoning module HardwareTargeting (187)
[2017.05.14-05.20.13:324][192]LogModuleManager: Shutting down and abandoning module DeviceProfileEditor (186)
[2017.05.14-05.20.13:324][192]LogModuleManager: Shutting down and abandoning module UndoHistory (185)
[2017.05.14-05.20.13:324][192]LogModuleManager: Shutting down and abandoning module UserFeedback (184)
[2017.05.14-05.20.13:324][192]LogModuleManager: Shutting down and abandoning module XmlParser (183)
[2017.05.14-05.20.13:324][192]LogModuleManager: Shutting down and abandoning module Blutility (182)
[2017.05.14-05.20.13:324][192]LogModuleManager: Shutting down and abandoning module ProjectTargetPlatformEditor (181)
[2017.05.14-05.20.13:324][192]LogModuleManager: Shutting down and abandoning module ProjectSettingsViewer (180)
[2017.05.14-05.20.13:324][192]LogModuleManager: Shutting down and abandoning module EditorSettingsViewer (179)
[2017.05.14-05.20.13:324][192]LogModuleManager: Shutting down and abandoning module SettingsEditor (178)
[2017.05.14-05.20.13:324][192]LogModuleManager: Shutting down and abandoning module ProjectLauncher (177)
[2017.05.14-05.20.13:324][192]LogModuleManager: Shutting down and abandoning module SessionFrontend (176)
[2017.05.14-05.20.13:324][192]LogModuleManager: Shutting down and abandoning module ProfilerClient (175)
[2017.05.14-05.20.13:324][192]LogModuleManager: Shutting down and abandoning module TargetDeviceServices (174)
[2017.05.14-05.20.13:324][192]LogModuleManager: Shutting down and abandoning module DeviceManager (173)
[2017.05.14-05.20.13:365][192]LogModuleManager: Shutting down and abandoning module AutomationController (172)
[2017.05.14-05.20.13:365][192]LogModuleManager: Shutting down and abandoning module AutomationWindow (171)
[2017.05.14-05.20.13:365][192]LogModuleManager: Shutting down and abandoning module Layers (170)
[2017.05.14-05.20.13:365][192]LogModuleManager: Shutting down and abandoning module ComponentVisualizers (169)
[2017.05.14-05.20.13:365][192]LogModuleManager: Shutting down and abandoning module DetailCustomizations (168)
[2017.05.14-05.20.13:365][192]LogModuleManager: Shutting down and abandoning module PackagesDialog (167)
[2017.05.14-05.20.13:365][192]LogModuleManager: Shutting down and abandoning module AnimGraph (166)
[2017.05.14-05.20.13:365][192]LogModuleManager: Shutting down and abandoning module Persona (165)
[2017.05.14-05.20.13:365][192]LogModuleManager: Shutting down and abandoning module Kismet (164)
[2017.05.14-05.20.13:368][192]LogModuleManager: Shutting down and abandoning module GraphEditor (163)
[2017.05.14-05.20.13:368][192]LogModuleManager: Shutting down and abandoning module ClassViewer (162)
[2017.05.14-05.20.13:368][192]LogModuleManager: Shutting down and abandoning module Toolbox (161)
[2017.05.14-05.20.13:368][192]LogModuleManager: Shutting down and abandoning module ModuleUI (160)
[2017.05.14-05.20.13:368][192]LogModuleManager: Shutting down and abandoning module MovieSceneTools (159)
[2017.05.14-05.20.13:368][192]LogModuleManager: Shutting down and abandoning module OutputLog (158)
[2017.05.14-05.20.13:368][192]LogModuleManager: Shutting down and abandoning module GammaUI (157)
[2017.05.14-05.20.13:368][192]LogModuleManager: Shutting down and abandoning module Documentation (156)
[2017.05.14-05.20.13:368][192]LogModuleManager: Shutting down and abandoning module Niagara (155)
[2017.05.14-05.20.13:368][192]LogModuleManager: Shutting down and abandoning module StreamingPauseRendering (154)
[2017.05.14-05.20.13:368][192]LogModuleManager: Shutting down and abandoning module AnalyticsET (153)
[2017.05.14-05.20.13:368][192]LogModuleManager: Shutting down and abandoning module PortalServices (152)
[2017.05.14-05.20.13:368][192]LogModuleManager: Shutting down and abandoning module PortalRpc (151)
[2017.05.14-05.20.13:368][192]LogModuleManager: Shutting down and abandoning module MessagingRpc (150)
[2017.05.14-05.20.13:368][192]LogModuleManager: Shutting down and abandoning module GameplayDebugger (149)
[2017.05.14-05.20.13:368][192]LogModuleManager: Shutting down and abandoning module AITestSuite (148)
[2017.05.14-05.20.13:368][192]LogModuleManager: Shutting down and abandoning module AIModule (147)
[2017.05.14-05.20.13:368][192]LogModuleManager: Shutting down and abandoning module ProfilerService (146)
[2017.05.14-05.20.13:606][192]LogModuleManager: Shutting down and abandoning module TaskGraph (145)
[2017.05.14-05.20.13:606][192]LogModuleManager: Shutting down and abandoning module SlateRemote (144)
[2017.05.14-05.20.13:606][192]LogModuleManager: Shutting down and abandoning module SteamVRController (143)
[2017.05.14-05.20.13:606][192]LogModuleManager: Shutting down and abandoning module SteamVR (142)
[2017.05.14-05.20.13:606][192]LogModuleManager: Shutting down and abandoning module ProceduralMeshComponentEditor (141)
[2017.05.14-05.20.13:606][192]LogModuleManager: Shutting down and abandoning module ProceduralMeshComponent (140)
[2017.05.14-05.20.13:606][192]LogModuleManager: Shutting down and abandoning module OculusLibrary (139)
[2017.05.14-05.20.13:606][192]LogModuleManager: Shutting down and abandoning module OculusInput (138)
[2017.05.14-05.20.13:606][192]LogModuleManager: Shutting down and abandoning module MobilePatchingUtils (137)
[2017.05.14-05.20.13:606][192]LogModuleManager: Shutting down and abandoning module CustomMeshComponent (136)
[2017.05.14-05.20.13:606][192]LogModuleManager: Shutting down and abandoning module CableComponent (135)
[2017.05.14-05.20.13:606][192]LogModuleManager: Shutting down and abandoning module ArchVisCharacter (134)
[2017.05.14-05.20.13:606][192]LogModuleManager: Shutting down and abandoning module MediaPlayerEditor (132)
[2017.05.14-05.20.13:606][192]LogModuleManager: Shutting down and abandoning module HTML5Networking (131)
[2017.05.14-05.20.13:606][192]LogModuleManager: Shutting down and abandoning module GeometryCacheEd (130)
[2017.05.14-05.20.13:606][192]LogModuleManager: Shutting down and abandoning module GeometryCache (129)
[2017.05.14-05.20.13:606][192]LogModuleManager: Shutting down and abandoning module AlembicLibrary (128)
[2017.05.14-05.20.13:606][192]LogModuleManager: Shutting down and abandoning module AlembicImporter (127)
[2017.05.14-05.20.13:606][192]LogModuleManager: Shutting down and abandoning module SuperSearch (126)
[2017.05.14-05.20.13:606][192]LogModuleManager: Shutting down and abandoning module SuperSearchEditor (125)
[2017.05.14-05.20.13:606][192]LogModuleManager: Shutting down and abandoning module SpeedTreeImporter (124)
[2017.05.14-05.20.13:606][192]LogModuleManager: Shutting down and abandoning module PluginBrowser (123)
[2017.05.14-05.20.13:606][192]LogModuleManager: Shutting down and abandoning module MobileLauncherProfileWizard (122)
[2017.05.14-05.20.13:606][192]LogModuleManager: Shutting down and abandoning module EpicSurvey (121)
[2017.05.14-05.20.13:606][192]LogModuleManager: Shutting down and abandoning module DesktopPlatform (120)
[2017.05.14-05.20.13:606][192]LogModuleManager: Shutting down and abandoning module VisualStudioSourceCodeAccess (119)
[2017.05.14-05.20.13:606][192]LogModuleManager: Shutting down and abandoning module UObjectPlugin (118)
[2017.05.14-05.20.13:606][192]LogModuleManager: Shutting down and abandoning module SubversionSourceControl (117)
[2017.05.14-05.20.13:606][192]LogModuleManager: Shutting down and abandoning module PerforceSourceControl (116)
[2017.05.14-05.20.13:606][192]LogModuleManager: Shutting down and abandoning module SourceControl (115)
[2017.05.14-05.20.13:606][192]LogModuleManager: Shutting down and abandoning module GitSourceControl (114)
[2017.05.14-05.20.13:606][192]LogModuleManager: Shutting down and abandoning module LightPropagationVolumeEditor (113)
[2017.05.14-05.20.13:606][192]LogModuleManager: Shutting down and abandoning module PaperTiledImporter (112)
[2017.05.14-05.20.13:606][192]LogModuleManager: Shutting down and abandoning module PaperSpriteSheetImporter (111)
[2017.05.14-05.20.13:606][192]LogModuleManager: Shutting down and abandoning module MeshPaint (110)
[2017.05.14-05.20.13:606][192]LogModuleManager: Shutting down and abandoning module PixelInspectorModule (109)
[2017.05.14-05.20.13:606][192]LogModuleManager: Shutting down and abandoning module HotReload (108)
[2017.05.14-05.20.13:607][192]LogModuleManager: Shutting down and abandoning module MainFrame (107)
[2017.05.14-05.20.13:607][192]LogModuleManager: Shutting down and abandoning module LevelEditor (106)
[2017.05.14-05.20.13:607][192]LogModuleManager: Shutting down and abandoning module ContentBrowser (105)
[2017.05.14-05.20.13:607][192]LogModuleManager: Shutting down and abandoning module Paper2DEditor (104)
[2017.05.14-05.20.13:608][192]LogModuleManager: Shutting down and abandoning module UdpMessaging (103)
[2017.05.14-05.20.13:724][192]LogModuleManager: Shutting down and abandoning module TcpMessaging (102)
[2017.05.14-05.20.13:836][192]LogModuleManager: Shutting down and abandoning module LightPropagationVolumeRuntime (101)
[2017.05.14-05.20.13:836][192]LogModuleManager: Shutting down and abandoning module Paper2D (100)
[2017.05.14-05.20.13:836][192]LogModuleManager: Shutting down and abandoning module WindowsMoviePlayer (99)
[2017.05.14-05.20.13:836][192]LogModuleManager: Shutting down and abandoning module WmfMedia (98)
[2017.05.14-05.20.13:836][192]LogModuleManager: Shutting down and abandoning module MediaAssets (97)
[2017.05.14-05.20.13:836][192]LogModuleManager: Shutting down and abandoning module GameLiveStreaming (96)
[2017.05.14-05.20.13:837][192]LogModuleManager: Shutting down and abandoning module GameplayTagsEditor (95)
[2017.05.14-05.20.13:837][192]LogModuleManager: Shutting down and abandoning module VREditor (94)
[2017.05.14-05.20.13:837][192]LogModuleManager: Shutting down and abandoning module GameplayTasksEditor (93)
[2017.05.14-05.20.13:837][192]LogModuleManager: Shutting down and abandoning module BehaviorTreeEditor (92)
[2017.05.14-05.20.13:837][192]LogModuleManager: Shutting down and abandoning module FunctionalTesting (91)
[2017.05.14-05.20.13:837][192]LogModuleManager: Shutting down and abandoning module CollisionAnalyzer (90)
[2017.05.14-05.20.13:837][192]LogModuleManager: Shutting down and abandoning module Sequencer (89)
[2017.05.14-05.20.13:837][192]LogModuleManager: Shutting down and abandoning module WorkspaceMenuStructure (88)
[2017.05.14-05.20.13:837][192]LogModuleManager: Shutting down and abandoning module MessageLog (87)
[2017.05.14-05.20.13:837][192]LogModuleManager: Shutting down and abandoning module AssetTools (86)
[2017.05.14-05.20.13:837][192]LogModuleManager: Shutting down and abandoning module UMGEditor (85)
[2017.05.14-05.20.13:837][192]LogModuleManager: Shutting down and abandoning module UMG (84)
[2017.05.14-05.20.13:837][192]LogModuleManager: Shutting down and abandoning module SlateReflector (83)
[2017.05.14-05.20.13:837][192]LogModuleManager: Shutting down and abandoning module Slate (82)
[2017.05.14-05.20.13:837][192]LogModuleManager: Shutting down and abandoning module EditorStyle (81)
[2017.05.14-05.20.13:838][192]LogModuleManager: Shutting down and abandoning module SourceCodeAccess (80)
[2017.05.14-05.20.13:838][192]LogModuleManager: Shutting down and abandoning module HeadMountedDisplay (79)
[2017.05.14-05.20.13:838][192]LogModuleManager: Shutting down and abandoning module XAudio2 (78)
[2017.05.14-05.20.13:838][192]LogModuleManager: Shutting down and abandoning module Networking (76)
[2017.05.14-05.20.13:838][192]LogModuleManager: Shutting down and abandoning module Core (75)
[2017.05.14-05.20.13:838][192]LogModuleManager: Shutting down and abandoning module DirectoryWatcher (74)
[2017.05.14-05.20.13:838][192]LogDirectoryWatcher: A directory notification for '../../../Engine/Content/' was aborted.
[2017.05.14-05.20.13:838][192]LogDirectoryWatcher: A directory notification for '../../../../../../GitHub/musicGame/musicGame/musicGame04/Content/' was aborted.
[2017.05.14-05.20.13:838][192]LogDirectoryWatcher: A directory notification for '../../../Engine/Plugins/2D/Paper2D/Content/' was aborted.
[2017.05.14-05.20.13:838][192]LogModuleManager: Shutting down and abandoning module AssetRegistry (73)
[2017.05.14-05.20.14:067][192]LogModuleManager: Shutting down and abandoning module KismetCompiler (72)
[2017.05.14-05.20.14:067][192]LogModuleManager: Shutting down and abandoning module PhysXFormats (71)
[2017.05.14-05.20.14:067][192]LogModuleManager: Shutting down and abandoning module SimplygonSwarm (70)
[2017.05.14-05.20.14:067][192]LogModuleManager: Shutting down and abandoning module SimplygonMeshReduction (69)
[2017.05.14-05.20.14:067][192]LogModuleManager: Shutting down and abandoning module QuadricMeshReduction (68)
[2017.05.14-05.20.14:067][192]LogModuleManager: Shutting down and abandoning module PropertyEditor (67)
[2017.05.14-05.20.14:067][192]LogModuleManager: Shutting down and abandoning module MeshUtilities (66)
[2017.05.14-05.20.14:067][192]LogModuleManager: Shutting down and abandoning module DerivedDataCache (65)
[2017.05.14-05.20.14:146][192]LogDerivedDataCache: Shutdown
[2017.05.14-05.20.14:146][192]LogModuleManager: Shutting down and abandoning module VulkanShaderFormat (64)
[2017.05.14-05.20.14:146][192]LogModuleManager: Shutting down and abandoning module ShaderFormatOpenGL (63)
[2017.05.14-05.20.14:146][192]LogModuleManager: Shutting down and abandoning module ShaderFormatD3D (62)
[2017.05.14-05.20.14:146][192]LogModuleManager: Shutting down and abandoning module MetalShaderFormat (61)
[2017.05.14-05.20.14:146][192]LogModuleManager: Shutting down and abandoning module TextureFormatUncompressed (60)
[2017.05.14-05.20.14:146][192]LogModuleManager: Shutting down and abandoning module TextureFormatPVR (59)
[2017.05.14-05.20.14:146][192]LogModuleManager: Shutting down and abandoning module TextureFormatDXT (58)
[2017.05.14-05.20.14:146][192]LogModuleManager: Shutting down and abandoning module TextureFormatIntelISPCTexComp (57)
[2017.05.14-05.20.14:147][192]LogModuleManager: Shutting down and abandoning module ImageWrapper (56)
[2017.05.14-05.20.14:147][192]LogModuleManager: Shutting down and abandoning module TextureFormatASTC (55)
[2017.05.14-05.20.14:147][192]LogModuleManager: Shutting down and abandoning module TextureFormatAndroid (54)
[2017.05.14-05.20.14:147][192]LogModuleManager: Shutting down and abandoning module AudioFormatOpus (53)
[2017.05.14-05.20.14:147][192]LogModuleManager: Shutting down and abandoning module AudioFormatOgg (52)
[2017.05.14-05.20.14:147][192]LogModuleManager: Shutting down and abandoning module AudioFormatADPCM (51)
[2017.05.14-05.20.14:147][192]LogModuleManager: Shutting down and abandoning module LinuxTargetPlatform (50)
[2017.05.14-05.20.14:147][192]LogModuleManager: Shutting down and abandoning module LinuxServerTargetPlatform (49)
[2017.05.14-05.20.14:147][192]LogModuleManager: Shutting down and abandoning module LinuxNoEditorTargetPlatform (48)
[2017.05.14-05.20.14:147][192]LogModuleManager: Shutting down and abandoning module LinuxClientTargetPlatform (47)
[2017.05.14-05.20.14:147][192]LogModuleManager: Shutting down and abandoning module TVOSTargetPlatform (46)
[2017.05.14-05.20.14:147][192]LogModuleManager: Shutting down and abandoning module Messaging (45)
[2017.05.14-05.20.14:147][192]LogModuleManager: Shutting down and abandoning module IOSTargetPlatform (44)
[2017.05.14-05.20.14:147][192]LogModuleManager: Shutting down and abandoning module HTML5TargetPlatform (43)
[2017.05.14-05.20.14:147][192]LogModuleManager: Shutting down and abandoning module Android_PVRTCTargetPlatform (42)
[2017.05.14-05.20.14:147][192]LogModuleManager: Shutting down and abandoning module Android_MultiTargetPlatform (41)
[2017.05.14-05.20.14:147][192]LogModuleManager: Shutting down and abandoning module Android_ETC2TargetPlatform (40)
[2017.05.14-05.20.14:147][192]LogModuleManager: Shutting down and abandoning module Android_ETC1TargetPlatform (39)
[2017.05.14-05.20.14:147][192]LogModuleManager: Shutting down and abandoning module Android_DXTTargetPlatform (38)
[2017.05.14-05.20.14:147][192]LogModuleManager: Shutting down and abandoning module Android_ATCTargetPlatform (37)
[2017.05.14-05.20.14:147][192]LogModuleManager: Shutting down and abandoning module Android_ASTCTargetPlatform (36)
[2017.05.14-05.20.14:147][192]LogModuleManager: Shutting down and abandoning module AndroidTargetPlatform (35)
[2017.05.14-05.20.14:147][192]LogModuleManager: Shutting down and abandoning module WindowsTargetPlatform (34)
[2017.05.14-05.20.14:147][192]LogModuleManager: Shutting down and abandoning module WindowsServerTargetPlatform (33)
[2017.05.14-05.20.14:147][192]LogModuleManager: Shutting down and abandoning module WindowsNoEditorTargetPlatform (32)
[2017.05.14-05.20.14:147][192]LogModuleManager: Shutting down and abandoning module WindowsClientTargetPlatform (31)
[2017.05.14-05.20.14:147][192]LogModuleManager: Shutting down and abandoning module MacTargetPlatform (30)
[2017.05.14-05.20.14:147][192]LogModuleManager: Shutting down and abandoning module MacServerTargetPlatform (29)
[2017.05.14-05.20.14:147][192]LogModuleManager: Shutting down and abandoning module MacNoEditorTargetPlatform (28)
[2017.05.14-05.20.14:147][192]LogModuleManager: Shutting down and abandoning module MacClientTargetPlatform (27)
[2017.05.14-05.20.14:147][192]LogModuleManager: Shutting down and abandoning module AllDesktopTargetPlatform (26)
[2017.05.14-05.20.14:147][192]LogModuleManager: Shutting down and abandoning module TargetPlatform (25)
[2017.05.14-05.20.14:147][192]LogModuleManager: Shutting down and abandoning module InputCore (24)
[2017.05.14-05.20.14:147][192]LogModuleManager: Shutting down and abandoning module Settings (23)
[2017.05.14-05.20.14:147][192]LogModuleManager: Shutting down and abandoning module OculusRift (22)
[2017.05.14-05.20.14:147][192]LogModuleManager: Shutting down and abandoning module ExampleDeviceProfileSelector (21)
[2017.05.14-05.20.14:147][192]LogModuleManager: Shutting down and abandoning module OnlineBlueprintSupport (20)
[2017.05.14-05.20.14:147][192]LogModuleManager: Shutting down and abandoning module OnlineSubsystem (18)
[2017.05.14-05.20.14:147][192]LogOnline:Display: Unloading online subsystem: NULL
[2017.05.14-05.20.14:147][192]LogModuleManager: Shutting down and abandoning module SSL (17)
[2017.05.14-05.20.14:148][192]LogModuleManager: Shutting down and abandoning module HTTP (16)
[2017.05.14-05.20.14:148][192]LogModuleManager: Shutting down and abandoning module XMPP (15)
[2017.05.14-05.20.14:148][192]LogModuleManager: Shutting down and abandoning module TextureCompressor (14)
[2017.05.14-05.20.14:148][192]LogModuleManager: Shutting down and abandoning module ShaderCore (13)
[2017.05.14-05.20.14:148][192]LogModuleManager: Shutting down and abandoning module Landscape (12)
[2017.05.14-05.20.14:148][192]LogModuleManager: Shutting down and abandoning module SlateRHIRenderer (11)
[2017.05.14-05.20.14:149][192]LogModuleManager: Shutting down and abandoning module OpenGLDrv (10)
[2017.05.14-05.20.14:149][192]LogModuleManager: Shutting down and abandoning module D3D11RHI (9)
[2017.05.14-05.20.14:149][192]LogModuleManager: Shutting down and abandoning module AnimGraphRuntime (8)
[2017.05.14-05.20.14:149][192]LogModuleManager: Shutting down and abandoning module Renderer (7)
[2017.05.14-05.20.14:149][192]LogModuleManager: Shutting down and abandoning module Engine (6)
[2017.05.14-05.20.14:149][192]LogModuleManager: Shutting down and abandoning module CoreUObject (5)
[2017.05.14-05.20.14:149][192]LogModuleManager: Shutting down and abandoning module NetworkFile (4)
[2017.05.14-05.20.14:149][192]LogModuleManager: Shutting down and abandoning module StreamingFile (3)
[2017.05.14-05.20.14:149][192]LogModuleManager: Shutting down and abandoning module SandboxFile (2)
[2017.05.14-05.20.14:149][192]LogModuleManager: Shutting down and abandoning module PakFile (1)
[2017.05.14-05.20.14:150][192]LogExit: Exiting.
[2017.05.14-05.20.14:151][192]Log file closed, 05/14/17 14:50:14
