Log file open, 03/31/17 12:30:52
LogInit:Display: Running engine for game: musicGame04
LogPlatformFile: Not using cached read wrapper
LogInit:Display: RandInit(1258249235) SRandInit(1258249235).
LogTaskGraph: Started task graph with 5 named threads and 8 total threads with 1 sets of task threads.
LogStats: Stats thread started at 0.077517
LogPluginManager: Loaded Plugin Paper2D, From C:/Program Files (x86)/Epic Games/4.14/Engine/Plugins/2D/Paper2D/Paper2D.uplugin
LogPluginManager: Loaded Plugin LightPropagationVolume, From C:/Program Files (x86)/Epic Games/4.14/Engine/Plugins/Blendables/LightPropagationVolume/LightPropagationVolume.uplugin
LogPluginManager: Loaded Plugin BlankPlugin, From C:/Program Files (x86)/Epic Games/4.14/Engine/Plugins/Developer/BlankPlugin/BlankPlugin.uplugin
LogPluginManager: Loaded Plugin CodeLiteSourceCodeAccess, From C:/Program Files (x86)/Epic Games/4.14/Engine/Plugins/Developer/CodeLiteSourceCodeAccess/CodeLiteSourceCodeAccess.uplugin
LogPluginManager: Loaded Plugin GitSourceControl, From C:/Program Files (x86)/Epic Games/4.14/Engine/Plugins/Developer/GitSourceControl/GitSourceControl.uplugin
LogPluginManager: Loaded Plugin KDevelopSourceCodeAccess, From C:/Program Files (x86)/Epic Games/4.14/Engine/Plugins/Developer/KDevelopSourceCodeAccess/KDevelopSourceCodeAccess.uplugin
LogPluginManager: Loaded Plugin NullSourceCodeAccess, From C:/Program Files (x86)/Epic Games/4.14/Engine/Plugins/Developer/NullSourceCodeAccess/NullSourceCodeAccess.uplugin
LogPluginManager: Loaded Plugin OneSkyLocalizationService, From C:/Program Files (x86)/Epic Games/4.14/Engine/Plugins/Developer/OneSkyLocalizationService/OneSkyLocalizationService.uplugin
LogPluginManager: Loaded Plugin PerforceSourceControl, From C:/Program Files (x86)/Epic Games/4.14/Engine/Plugins/Developer/PerforceSourceControl/PerforceSourceControl.uplugin
LogPluginManager: Loaded Plugin SubversionSourceControl, From C:/Program Files (x86)/Epic Games/4.14/Engine/Plugins/Developer/SubversionSourceControl/SubversionSourceControl.uplugin
LogPluginManager: Loaded Plugin UObjectPlugin, From C:/Program Files (x86)/Epic Games/4.14/Engine/Plugins/Developer/UObjectPlugin/UObjectPlugin.uplugin
LogPluginManager: Loaded Plugin VisualStudioSourceCodeAccess, From C:/Program Files (x86)/Epic Games/4.14/Engine/Plugins/Developer/VisualStudioSourceCodeAccess/VisualStudioSourceCodeAccess.uplugin
LogPluginManager: Loaded Plugin XCodeSourceCodeAccess, From C:/Program Files (x86)/Epic Games/4.14/Engine/Plugins/Developer/XCodeSourceCodeAccess/XCodeSourceCodeAccess.uplugin
LogPluginManager: Loaded Plugin AudioCapture, From C:/Program Files (x86)/Epic Games/4.14/Engine/Plugins/Editor/AudioCapture/AudioCapture.uplugin
LogPluginManager: Loaded Plugin EpicSurvey, From C:/Program Files (x86)/Epic Games/4.14/Engine/Plugins/Editor/EpicSurvey/EpicSurvey.uplugin
LogPluginManager: Loaded Plugin MacGraphicsSwitching, From C:/Program Files (x86)/Epic Games/4.14/Engine/Plugins/Editor/MacGraphicsSwitching/MacGraphicsSwitching.uplugin
LogPluginManager: Loaded Plugin MobileLauncherProfileWizard, From C:/Program Files (x86)/Epic Games/4.14/Engine/Plugins/Editor/MobileLauncherProfileWizard/MobileLauncherProfileWizard.uplugin
LogPluginManager: Loaded Plugin PluginBrowser, From C:/Program Files (x86)/Epic Games/4.14/Engine/Plugins/Editor/PluginBrowser/PluginBrowser.uplugin
LogPluginManager: Loaded Plugin SpeedTreeImporter, From C:/Program Files (x86)/Epic Games/4.14/Engine/Plugins/Editor/SpeedTreeImporter/SpeedTreeImporter.uplugin
LogPluginManager: Loaded Plugin SuperSearchEditor, From C:/Program Files (x86)/Epic Games/4.14/Engine/Plugins/Editor/SuperSearchEditor/SuperSearchEditor.uplugin
LogPluginManager: Loaded Plugin AlembicImporter, From C:/Program Files (x86)/Epic Games/4.14/Engine/Plugins/Experimental/AlembicImporter/AlembicImporter.uplugin
LogPluginManager: Loaded Plugin BlueprintStats, From C:/Program Files (x86)/Epic Games/4.14/Engine/Plugins/Experimental/BlueprintStats/BlueprintStats.uplugin
LogPluginManager: Loaded Plugin CharacterAI, From C:/Program Files (x86)/Epic Games/4.14/Engine/Plugins/Experimental/CharacterAI/CharacterAI.uplugin
LogPluginManager: Loaded Plugin CodeEditor, From C:/Program Files (x86)/Epic Games/4.14/Engine/Plugins/Experimental/CodeEditor/CodeEditor.uplugin
LogPluginManager: Loaded Plugin CodeView, From C:/Program Files (x86)/Epic Games/4.14/Engine/Plugins/Experimental/CodeView/CodeView.uplugin
LogPluginManager: Loaded Plugin HTML5Networking, From C:/Program Files (x86)/Epic Games/4.14/Engine/Plugins/Experimental/HTML5Networking/HTML5Networking.uplugin
LogPluginManager: Loaded Plugin OSVR, From C:/Program Files (x86)/Epic Games/4.14/Engine/Plugins/Experimental/OSVR/OSVR.uplugin
LogPluginManager: Loaded Plugin Phya, From C:/Program Files (x86)/Epic Games/4.14/Engine/Plugins/Experimental/Phya/Phya.uplugin
LogPluginManager: Loaded Plugin SignificanceManager, From C:/Program Files (x86)/Epic Games/4.14/Engine/Plugins/Experimental/SignificanceManager/SignificanceManager.uplugin
LogPluginManager: Loaded Plugin SimpleHMD, From C:/Program Files (x86)/Epic Games/4.14/Engine/Plugins/Experimental/SimpleHMD/SimpleHMD.uplugin
LogPluginManager: Loaded Plugin StereoPanorama, From C:/Program Files (x86)/Epic Games/4.14/Engine/Plugins/Experimental/StereoPanorama/StereoPanorama.uplugin
LogPluginManager: Loaded Plugin StructBox, From C:/Program Files (x86)/Epic Games/4.14/Engine/Plugins/Experimental/StructBox/StructBox.uplugin
LogPluginManager: Loaded Plugin InputBuffer, From C:/Program Files (x86)/Epic Games/4.14/Engine/Plugins/Marketplace/InputBuffer/InputBuffer.uplugin
LogPluginManager: Loaded Plugin MidiAsset, From C:/Program Files (x86)/Epic Games/4.14/Engine/Plugins/Marketplace/MidiAsset/MidiAsset.uplugin
LogPluginManager: Loaded Plugin AndroidMedia, From C:/Program Files (x86)/Epic Games/4.14/Engine/Plugins/Media/AndroidMedia/AndroidMedia.uplugin
LogPluginManager: Loaded Plugin AvfMedia, From C:/Program Files (x86)/Epic Games/4.14/Engine/Plugins/Media/AvfMedia/AvfMedia.uplugin
LogPluginManager: Loaded Plugin MediaPlayerEditor, From C:/Program Files (x86)/Epic Games/4.14/Engine/Plugins/Media/MediaPlayerEditor/MediaPlayerEditor.uplugin
LogPluginManager: Loaded Plugin WmfMedia, From C:/Program Files (x86)/Epic Games/4.14/Engine/Plugins/Media/WmfMedia/WmfMedia.uplugin
LogPluginManager: Loaded Plugin MessagingDebugger, From C:/Program Files (x86)/Epic Games/4.14/Engine/Plugins/Messaging/MessagingDebugger/MessagingDebugger.uplugin
LogPluginManager: Loaded Plugin TcpMessaging, From C:/Program Files (x86)/Epic Games/4.14/Engine/Plugins/Messaging/TcpMessaging/TcpMessaging.uplugin
LogPluginManager: Loaded Plugin UdpMessaging, From C:/Program Files (x86)/Epic Games/4.14/Engine/Plugins/Messaging/UdpMessaging/UdpMessaging.uplugin
LogPluginManager: Loaded Plugin LevelSequenceEditor, From C:/Program Files (x86)/Epic Games/4.14/Engine/Plugins/MovieScene/LevelSequenceEditor/LevelSequenceEditor.uplugin
LogPluginManager: Loaded Plugin MatineeToLevelSequence, From C:/Program Files (x86)/Epic Games/4.14/Engine/Plugins/MovieScene/MatineeToLevelSequence/MatineeToLevelSequence.uplugin
LogPluginManager: Loaded Plugin NetcodeUnitTest, From C:/Program Files (x86)/Epic Games/4.14/Engine/Plugins/NetcodeUnitTest/NetcodeUnitTest/NetcodeUnitTest.uplugin
LogPluginManager: Loaded Plugin NUTUnrealEngine4, From C:/Program Files (x86)/Epic Games/4.14/Engine/Plugins/NetcodeUnitTest/NUTUnrealEngine4/NUTUnrealEngine4.uplugin
LogPluginManager: Loaded Plugin OnlineSubsystemGameCircle, From C:/Program Files (x86)/Epic Games/4.14/Engine/Plugins/Online/Android/OnlineSubsystemGameCircle/OnlineSubsystemGameCircle.uplugin
LogPluginManager: Loaded Plugin OnlineSubsystemGooglePlay, From C:/Program Files (x86)/Epic Games/4.14/Engine/Plugins/Online/Android/OnlineSubsystemGooglePlay/OnlineSubsystemGooglePlay.uplugin
LogPluginManager: Loaded Plugin OnlineSubsystemIOS, From C:/Program Files (x86)/Epic Games/4.14/Engine/Plugins/Online/IOS/OnlineSubsystemIOS/OnlineSubsystemIOS.uplugin
LogPluginManager: Loaded Plugin OnlineFramework, From C:/Program Files (x86)/Epic Games/4.14/Engine/Plugins/Online/OnlineFramework/OnlineFramework.uplugin
LogPluginManager: Loaded Plugin OnlineSubsystem, From C:/Program Files (x86)/Epic Games/4.14/Engine/Plugins/Online/OnlineSubsystem/OnlineSubsystem.uplugin
LogPluginManager: Loaded Plugin OnlineSubsystemAmazon, From C:/Program Files (x86)/Epic Games/4.14/Engine/Plugins/Online/OnlineSubsystemAmazon/OnlineSubsystemAmazon.uplugin
LogPluginManager: Loaded Plugin OnlineSubsystemFacebook, From C:/Program Files (x86)/Epic Games/4.14/Engine/Plugins/Online/OnlineSubsystemFacebook/OnlineSubsystemFacebook.uplugin
LogPluginManager: Loaded Plugin OnlineSubsystemNull, From C:/Program Files (x86)/Epic Games/4.14/Engine/Plugins/Online/OnlineSubsystemNull/OnlineSubsystemNull.uplugin
LogPluginManager: Loaded Plugin OnlineSubsystemOculus, From C:/Program Files (x86)/Epic Games/4.14/Engine/Plugins/Online/OnlineSubsystemOculus/OnlineSubsystemOculus.uplugin
LogPluginManager: Loaded Plugin OnlineSubsystemSteam, From C:/Program Files (x86)/Epic Games/4.14/Engine/Plugins/Online/OnlineSubsystemSteam/OnlineSubsystemSteam.uplugin
LogPluginManager: Loaded Plugin OnlineSubsystemUtils, From C:/Program Files (x86)/Epic Games/4.14/Engine/Plugins/Online/OnlineSubsystemUtils/OnlineSubsystemUtils.uplugin
LogPluginManager: Loaded Plugin IOSTapJoy, From C:/Program Files (x86)/Epic Games/4.14/Engine/Plugins/Runtime/Advertising/IOSTapJoy/IOSTapJoy.uplugin
LogPluginManager: Loaded Plugin AnalyticsBlueprintLibrary, From C:/Program Files (x86)/Epic Games/4.14/Engine/Plugins/Runtime/Analytics/AnalyticsBlueprintLibrary/AnalyticsBlueprintLibrary.uplugin
LogPluginManager: Loaded Plugin AnalyticsMulticast, From C:/Program Files (x86)/Epic Games/4.14/Engine/Plugins/Runtime/Analytics/AnalyticsMulticast/AnalyticsMulticast.uplugin
LogPluginManager: Loaded Plugin Apsalar, From C:/Program Files (x86)/Epic Games/4.14/Engine/Plugins/Runtime/Analytics/Apsalar/Apsalar.uplugin
LogPluginManager: Loaded Plugin FileLogging, From C:/Program Files (x86)/Epic Games/4.14/Engine/Plugins/Runtime/Analytics/FileLogging/FileLogging.uplugin
LogPluginManager: Loaded Plugin Flurry, From C:/Program Files (x86)/Epic Games/4.14/Engine/Plugins/Runtime/Analytics/Flurry/Flurry.uplugin
LogPluginManager: Loaded Plugin AndroidDeviceProfileSelector, From C:/Program Files (x86)/Epic Games/4.14/Engine/Plugins/Runtime/AndroidDeviceProfileSelector/AndroidDeviceProfileSelector.uplugin
LogPluginManager: Loaded Plugin AndroidMoviePlayer, From C:/Program Files (x86)/Epic Games/4.14/Engine/Plugins/Runtime/AndroidMoviePlayer/AndroidMoviePlayer.uplugin
LogPluginManager: Loaded Plugin AppleMoviePlayer, From C:/Program Files (x86)/Epic Games/4.14/Engine/Plugins/Runtime/AppleMoviePlayer/AppleMoviePlayer.uplugin
LogPluginManager: Loaded Plugin ArchVisCharacter, From C:/Program Files (x86)/Epic Games/4.14/Engine/Plugins/Runtime/ArchVisCharacter/ArchVisCharacter.uplugin
LogPluginManager: Loaded Plugin CableComponent, From C:/Program Files (x86)/Epic Games/4.14/Engine/Plugins/Runtime/CableComponent/CableComponent.uplugin
LogPluginManager: Loaded Plugin CustomMeshComponent, From C:/Program Files (x86)/Epic Games/4.14/Engine/Plugins/Runtime/CustomMeshComponent/CustomMeshComponent.uplugin
LogPluginManager: Loaded Plugin ExampleDeviceProfileSelector, From C:/Program Files (x86)/Epic Games/4.14/Engine/Plugins/Runtime/ExampleDeviceProfileSelector/ExampleDeviceProfileSelector.uplugin
LogPluginManager: Loaded Plugin GearVR, From C:/Program Files (x86)/Epic Games/4.14/Engine/Plugins/Runtime/GearVR/GearVR.uplugin
LogPluginManager: Loaded Plugin GoogleVRController, From C:/Program Files (x86)/Epic Games/4.14/Engine/Plugins/Runtime/GoogleVR/GoogleVRController/GoogleVRController.uplugin
LogPluginManager: Loaded Plugin GoogleVRHMD, From C:/Program Files (x86)/Epic Games/4.14/Engine/Plugins/Runtime/GoogleVR/GoogleVRHMD/GoogleVRHMD.uplugin
LogPluginManager: Loaded Plugin IOSDeviceProfileSelector, From C:/Program Files (x86)/Epic Games/4.14/Engine/Plugins/Runtime/IOSDeviceProfileSelector/IOSDeviceProfileSelector.uplugin
LogPluginManager: Loaded Plugin LeapMotion, From C:/Program Files (x86)/Epic Games/4.14/Engine/Plugins/Runtime/LeapMotion/LeapMotion.uplugin
LogPluginManager: Loaded Plugin LinuxDeviceProfileSelector, From C:/Program Files (x86)/Epic Games/4.14/Engine/Plugins/Runtime/LinuxDeviceProfileSelector/LinuxDeviceProfileSelector.uplugin
LogPluginManager: Loaded Plugin MIDIDevice, From C:/Program Files (x86)/Epic Games/4.14/Engine/Plugins/Runtime/MIDIDevice/MIDIDevice.uplugin
LogPluginManager: Loaded Plugin MobilePatchingUtils, From C:/Program Files (x86)/Epic Games/4.14/Engine/Plugins/Runtime/MobilePatchingUtils/MobilePatchingUtils.uplugin
LogPluginManager: Loaded Plugin Ansel, From C:/Program Files (x86)/Epic Games/4.14/Engine/Plugins/Runtime/Nvidia/Ansel/Ansel.uplugin
LogPluginManager: Loaded Plugin OculusAudio, From C:/Program Files (x86)/Epic Games/4.14/Engine/Plugins/Runtime/OculusAudio/OculusAudio.uplugin
LogPluginManager: Loaded Plugin OculusInput, From C:/Program Files (x86)/Epic Games/4.14/Engine/Plugins/Runtime/OculusInput/OculusInput.uplugin
LogPluginManager: Loaded Plugin OculusLibrary, From C:/Program Files (x86)/Epic Games/4.14/Engine/Plugins/Runtime/OculusLibrary/OculusLibrary.uplugin
LogPluginManager: Loaded Plugin OculusRift, From C:/Program Files (x86)/Epic Games/4.14/Engine/Plugins/Runtime/OculusRift/OculusRift.uplugin
LogPluginManager: Loaded Plugin Oodle, From C:/Program Files (x86)/Epic Games/4.14/Engine/Plugins/Runtime/PacketHandlers/CompressionComponents/Oodle/Oodle.uplugin
LogPluginManager: Loaded Plugin ProceduralMeshComponent, From C:/Program Files (x86)/Epic Games/4.14/Engine/Plugins/Runtime/ProceduralMeshComponent/ProceduralMeshComponent.uplugin
LogPluginManager: Loaded Plugin SoundMod, From C:/Program Files (x86)/Epic Games/4.14/Engine/Plugins/Runtime/SoundMod/SoundMod.uplugin
LogPluginManager: Loaded Plugin SoundVisualizations, From C:/Program Files (x86)/Epic Games/4.14/Engine/Plugins/Runtime/SoundVisualizations/SoundVisualizations.uplugin
LogPluginManager: Loaded Plugin SteamController, From C:/Program Files (x86)/Epic Games/4.14/Engine/Plugins/Runtime/Steam/SteamController/SteamController.uplugin
LogPluginManager: Loaded Plugin SteamVR, From C:/Program Files (x86)/Epic Games/4.14/Engine/Plugins/Runtime/Steam/SteamVR/SteamVR.uplugin
LogPluginManager: Loaded Plugin WebBrowserWidget, From C:/Program Files (x86)/Epic Games/4.14/Engine/Plugins/Runtime/WebBrowserWidget/WebBrowserWidget.uplugin
LogPluginManager: Loaded Plugin WindowsDeviceProfileSelector, From C:/Program Files (x86)/Epic Games/4.14/Engine/Plugins/Runtime/WindowsDeviceProfileSelector/WindowsDeviceProfileSelector.uplugin
LogPluginManager: Loaded Plugin WindowsMoviePlayer, From C:/Program Files (x86)/Epic Games/4.14/Engine/Plugins/Runtime/WindowsMoviePlayer/WindowsMoviePlayer.uplugin
LogPluginManager: Loaded Plugin ScriptPlugin, From C:/Program Files (x86)/Epic Games/4.14/Engine/Plugins/ScriptPlugin/ScriptPlugin.uplugin
LogPluginManager: Loaded Plugin SlateRemote, From C:/Program Files (x86)/Epic Games/4.14/Engine/Plugins/Slate/SlateRemote/SlateRemote.uplugin
LogPluginManager: Loaded Plugin EditorTests, From C:/Program Files (x86)/Epic Games/4.14/Engine/Plugins/Tests/EditorTests/EditorTests.uplugin
LogPluginManager: Loaded Plugin FbxAutomationTestBuilder, From C:/Program Files (x86)/Epic Games/4.14/Engine/Plugins/Tests/FbxAutomationTestBuilder/FbxAutomationTestBuilder.uplugin
LogPluginManager: Loaded Plugin FunctionalTestingEditor, From C:/Program Files (x86)/Epic Games/4.14/Engine/Plugins/Tests/FunctionalTestingEditor/FunctionalTestingEditor.uplugin
LogPluginManager: Loaded Plugin RuntimeTests, From C:/Program Files (x86)/Epic Games/4.14/Engine/Plugins/Tests/RuntimeTests/RuntimeTests.uplugin
LogPluginManager: Loaded Plugin ScreenshotTools, From C:/Program Files (x86)/Epic Games/4.14/Engine/Plugins/Tests/ScreenshotTools/ScreenshotTools.uplugin
LogInit: Using libcurl 7.47.1
LogInit:  - built for x86_64-pc-win32
LogInit:  - supports SSL with OpenSSL/1.0.2g
LogInit:  - supports HTTP deflate (compression) using libz 1.2.8
LogInit:  - other features:
LogInit:      CURL_VERSION_SSL
LogInit:      CURL_VERSION_LIBZ
LogInit:      CURL_VERSION_IPV6
LogInit:      CURL_VERSION_ASYNCHDNS
LogInit:      CURL_VERSION_LARGEFILE
LogInit:      CURL_VERSION_IDN
LogInit:  CurlRequestOptions (configurable via config and command line):
LogInit:  - bVerifyPeer = false  - Libcurl will NOT verify peer certificate
LogInit:  - bUseHttpProxy = false  - Libcurl will NOT use HTTP proxy
LogInit:  - bDontReuseConnections = false  - Libcurl will reuse connections
LogInit:  - CertBundlePath = nullptr  - Libcurl will use whatever was configured at build time.
LogInit: Build: ++UE4+Release-4.14-CL-3249277
LogInit: Engine Version: 4.14.3-3249277+++UE4+Release-4.14
LogInit: Compatible Engine Version: 4.14.0-3195953+++UE4+Release-4.14
LogInit: Net CL: 3195953
LogDevObjectVersion: Number of dev versions registered: 13
LogDevObjectVersion:   Dev-Blueprints (B0D832E4-1F89-4F0D-ACCF-7EB736FD4AA2): 7
LogDevObjectVersion:   Dev-Build (E1C64328-A22C-4D53-A36C-8E866417BD8C): 0
LogDevObjectVersion:   Dev-Core (375EC13C-06E4-48FB-B500-84F0262A717E): 1
LogDevObjectVersion:   Dev-Editor (E4B068ED-F494-42E9-A231-DA0B2E46BB41): 8
LogDevObjectVersion:   Dev-Framework (CFFC743F-43B0-4480-9391-14DF171D2073): 17
LogDevObjectVersion:   Dev-Mobile (B02B49B5-BB20-44E9-A304-32B752E40360): 0
LogDevObjectVersion:   Dev-Networking (A4E4105C-59A1-49B5-A7C5-40C4547EDFEE): 0
LogDevObjectVersion:   Dev-Online (39C831C9-5AE6-47DC-9A44-9C173E1C8E7C): 0
LogDevObjectVersion:   Dev-Physics (78F01B33-EBEA-4F98-B9B4-84EACCB95AA2): 0
LogDevObjectVersion:   Dev-Platform (6631380F-2D4D-43E0-8009-CF276956A95A): 0
LogDevObjectVersion:   Dev-Rendering (12F88B9F-8875-4AFC-A67C-D90C383ABD29): 12
LogDevObjectVersion:   Dev-Sequencer (7B5AE74C-D270-4C10-A958-57980B212A5A): 1
LogDevObjectVersion:   Dev-VR (D7296918-1DD6-4BDD-9DE2-64A83CC13884): 0
LogInit: Compiled (64-bit): Jan  6 2017 10:49:43
LogInit: Compiled with Visual C++: 19.00.23026.00
LogInit: Build Configuration: Development
LogInit: Branch Name: ++UE4+Release-4.14
LogInit: Command line:  
LogInit: Base directory: C:/Program Files (x86)/Epic Games/4.14/Engine/Binaries/Win64/
LogInit: Installed Engine Build: 1
LogInit: Presizing for max 8388607 objects, including 0 objects not considered by GC, pre-allocating 0 bytes for permanent pool.
LogInit: Object subsystem initialized
[2017.03.31-02.00.52:520][  0]LogInit: Selected Device Profile: [Windows]
[2017.03.31-02.00.52:520][  0]LogInit: Applying CVar settings loaded from the selected device profile: [Windows]
[2017.03.31-02.00.52:528][  0]LogInit: Computer: DESKTOP-Q25OE00
[2017.03.31-02.00.52:528][  0]LogInit: User: Rupret
[2017.03.31-02.00.52:528][  0]LogInit: CPU Page size=65536, Cores=4
[2017.03.31-02.00.52:528][  0]LogInit: High frequency timer resolution =2.533214 MHz
[2017.03.31-02.00.52:528][  0]LogMemory: Memory total: Physical=15.9GB (16GB approx)
[2017.03.31-02.00.52:528][  0]LogMemory: Platform Memory Stats for Windows
[2017.03.31-02.00.52:528][  0]LogMemory: Process Physical Memory: 265.15 MB used, 265.15 MB peak
[2017.03.31-02.00.52:528][  0]LogMemory: Process Virtual Memory: 262.93 MB used, 262.93 MB peak
[2017.03.31-02.00.52:528][  0]LogMemory: Physical Memory: 6441.61 MB used,  9860.17 MB free, 16301.78 MB total
[2017.03.31-02.00.52:528][  0]LogMemory: Virtual Memory: 676.64 MB used,  9860.17 MB free, 134217728.00 MB total
[2017.03.31-02.00.52:557][  0]LogTextLocalizationManager: No specific translations for ('en-AU') exist, so ('en') translations will be used.
[2017.03.31-02.00.53:157][  0]LogD3D11RHI: D3D11 adapters:
[2017.03.31-02.00.53:184][  0]LogD3D11RHI:    0. 'NVIDIA GeForce GTX 970M' (Feature Level 11_0)
[2017.03.31-02.00.53:184][  0]LogD3D11RHI:       3040/0/8150 MB DedicatedVideo/DedicatedSystem/SharedSystem, Outputs:1, VendorId:0x10de
[2017.03.31-02.00.53:190][  0]LogD3D11RHI:    1. 'Intel(R) HD Graphics 4600' (Feature Level 11_0)
[2017.03.31-02.00.53:190][  0]LogD3D11RHI:       112/0/2048 MB DedicatedVideo/DedicatedSystem/SharedSystem, Outputs:0, VendorId:0x8086
[2017.03.31-02.00.53:191][  0]LogD3D11RHI:    2. 'Microsoft Basic Render Driver' (Feature Level 11_0)
[2017.03.31-02.00.53:191][  0]LogD3D11RHI:       0/0/8150 MB DedicatedVideo/DedicatedSystem/SharedSystem, Outputs:0, VendorId:0x1414
[2017.03.31-02.00.53:191][  0]LogD3D11RHI: Chosen D3D11 Adapter: 0
[2017.03.31-02.00.53:196][  0]LogD3D11RHI: Creating new Direct3DDevice
[2017.03.31-02.00.53:196][  0]LogD3D11RHI:     GPU DeviceId: 0x13d8 (for the marketing name, search the web for "GPU Device Id")
[2017.03.31-02.00.53:196][  0]LogWindows: EnumDisplayDevices:
[2017.03.31-02.00.53:196][  0]LogWindows:    0. 'Intel(R) HD Graphics 4600' (P:1 D:1)
[2017.03.31-02.00.53:196][  0]LogWindows:    1. 'Intel(R) HD Graphics 4600' (P:0 D:0)
[2017.03.31-02.00.53:196][  0]LogWindows:    2. 'Intel(R) HD Graphics 4600' (P:0 D:0)
[2017.03.31-02.00.53:196][  0]LogWindows: DebugString: PrimaryIsNotTheChoosenAdapter PrimaryIsNotTheChoosenAdapter PrimaryIsNotTheChoosenAdapter FoundDriverCount:0 
[2017.03.31-02.00.53:196][  0]LogD3D11RHI:     Adapter Name: NVIDIA GeForce GTX 970M
[2017.03.31-02.00.53:196][  0]LogD3D11RHI:   Driver Version: Unknown (internal:Unknown, unified:Unknown)
[2017.03.31-02.00.53:196][  0]LogD3D11RHI:      Driver Date: Unknown
[2017.03.31-02.00.53:196][  0]LogRHI: Texture pool is 1361 MB (70% of 1945 MB)
[2017.03.31-02.00.53:209][  0]LogD3D11RHI: Async texture creation enabled
[2017.03.31-02.00.53:220][  0]LogD3D11RHI: GPU Timing Frequency: 1000.000000 (Debug: 2 1)
[2017.03.31-02.00.53:220][  0]LogShaderCompilers: Guid format shader working directory is -15 characters bigger than the processId version (D:/Users/Rupret/Documents/game concepts/musicGame/musicGame04/Intermediate/Shaders/WorkingDirectory/15956/).
[2017.03.31-02.00.53:221][  0]LogShaderCompilers: Cleaned the shader compiler working directory 'C:/Users/Rupret/AppData/Local/Temp/UnrealShaderWorkingDir/4AAE53E14FE09C056E40C69CE44ACF23/'.
[2017.03.31-02.00.53:221][  0]LogShaderCompilers:Display: Using Local Shader Compiler.
[2017.03.31-02.00.54:243][  0]LogTemp:Display: Loaded TP AllDesktopTargetPlatform
[2017.03.31-02.00.54:298][  0]LogTemp:Display: Loaded TP MacClientTargetPlatform
[2017.03.31-02.00.54:353][  0]LogTemp:Display: Loaded TP MacNoEditorTargetPlatform
[2017.03.31-02.00.54:408][  0]LogTemp:Display: Loaded TP MacServerTargetPlatform
[2017.03.31-02.00.54:462][  0]LogTemp:Display: Loaded TP MacTargetPlatform
[2017.03.31-02.00.54:518][  0]LogTemp:Display: Loaded TP WindowsClientTargetPlatform
[2017.03.31-02.00.54:575][  0]LogTemp:Display: Loaded TP WindowsNoEditorTargetPlatform
[2017.03.31-02.00.54:630][  0]LogTemp:Display: Loaded TP WindowsServerTargetPlatform
[2017.03.31-02.00.54:676][  0]LogTemp:Display: Loaded TP WindowsTargetPlatform
[2017.03.31-02.00.54:730][  0]LogTemp:Display: Loaded TP AndroidTargetPlatform
[2017.03.31-02.00.54:784][  0]LogTemp:Display: Loaded TP Android_ASTCTargetPlatform
[2017.03.31-02.00.54:838][  0]LogTemp:Display: Loaded TP Android_ATCTargetPlatform
[2017.03.31-02.00.54:892][  0]LogTemp:Display: Loaded TP Android_DXTTargetPlatform
[2017.03.31-02.00.54:947][  0]LogTemp:Display: Loaded TP Android_ETC1TargetPlatform
[2017.03.31-02.00.55:001][  0]LogTemp:Display: Loaded TP Android_ETC2TargetPlatform
[2017.03.31-02.00.55:109][  0]LogTemp:Display: Loaded TP Android_MultiTargetPlatform
[2017.03.31-02.00.55:109][  0]LogTemp:Display: Loaded TP Android_PVRTCTargetPlatform
[2017.03.31-02.00.55:150][  0]LogTemp:Display: Loaded TP HTML5TargetPlatform
[2017.03.31-02.00.55:237][  0]LogTemp:Display: Loaded TP IOSTargetPlatform
[2017.03.31-02.00.55:270][  0]LogTemp:Display: Loaded TP TVOSTargetPlatform
[2017.03.31-02.00.55:325][  0]LogTemp:Display: Loaded TP LinuxClientTargetPlatform
[2017.03.31-02.00.55:378][  0]LogTemp:Display: Loaded TP LinuxNoEditorTargetPlatform
[2017.03.31-02.00.55:432][  0]LogTemp:Display: Loaded TP LinuxServerTargetPlatform
[2017.03.31-02.00.55:487][  0]LogTemp:Display: Loaded TP LinuxTargetPlatform
[2017.03.31-02.00.55:487][  0]LogTargetPlatformManager:Display: Building Assets For Windows
[2017.03.31-02.00.55:892][  0]LogDerivedDataCache:Display: Max Cache Size: 512 MB
[2017.03.31-02.00.55:942][  0]LogDerivedDataCache: Loaded boot cache 0.05s 50MB C:/Users/Rupret/AppData/Local/UnrealEngine/4.14/DerivedDataCache/Boot.ddc.
[2017.03.31-02.00.55:942][  0]LogDerivedDataCache:Display: Loaded Boot cache: C:/Users/Rupret/AppData/Local/UnrealEngine/4.14/DerivedDataCache/Boot.ddc
[2017.03.31-02.00.55:942][  0]LogDerivedDataCache: FDerivedDataBackendGraph:  Pak pak cache file D:/Users/Rupret/Documents/game concepts/musicGame/musicGame04/DerivedDataCache/DDC.ddp not found, will not use a pak cache.
[2017.03.31-02.00.55:942][  0]LogDerivedDataCache: Unable to find inner node Pak for hierarchical cache Hierarchy.
[2017.03.31-02.00.55:942][  0]LogDerivedDataCache: FDerivedDataBackendGraph:  CompressedPak pak cache file D:/Users/Rupret/Documents/game concepts/musicGame/musicGame04/DerivedDataCache/Compressed.ddp not found, will not use a pak cache.
[2017.03.31-02.00.55:942][  0]LogDerivedDataCache: Unable to find inner node CompressedPak for hierarchical cache Hierarchy.
[2017.03.31-02.00.55:958][  0]LogDerivedDataCache:Display: Pak cache opened for reading ../../../Engine/DerivedDataCache/Compressed.ddp.
[2017.03.31-02.00.55:971][  0]LogDerivedDataCache: Using Local data cache path C:/Users/Rupret/AppData/Local/UnrealEngine/Common/DerivedDataCache: Writable
[2017.03.31-02.00.56:168][  0]LogInit: Selected Device Profile: [Windows]
[2017.03.31-02.00.56:170][  0]LogContentStreaming: Texture pool size is 0.00 MB
[2017.03.31-02.00.56:370][  0]LogMeshUtilities: Using QuadricMeshReduction for automatic static mesh reduction
[2017.03.31-02.00.56:414][  0]LogSimplygon: Simplygon DLL not present - disabling.
[2017.03.31-02.00.56:462][  0]LogMeshUtilities: Using SimplygonSwarm for distributed automatic mesh merging
[2017.03.31-02.00.56:462][  0]LogMeshUtilities: No automatic skeletal mesh reduction module available
[2017.03.31-02.00.56:462][  0]LogMeshUtilities: No automatic mesh merging module available
[2017.03.31-02.00.56:935][  0]LogNetVersion: GetLocalNetworkVersion: CL: 3195953, ProjectName: musicgame04, ProjectVersion: , EngineNetworkVersion: 2, GameNetworkVersion: 0, NetworkChecksum: 2475016038
[2017.03.31-02.00.56:992][  0]LogAssetRegistry: FAssetRegistry took 0.0221 seconds to start up
[2017.03.31-02.00.57:050][  0]LogPackageLocalizationCache: Processed 4 localized package path(s) for 2 prioritized culture(s) in 0.036766 seconds
[2017.03.31-02.00.57:056][  0]LogUObjectArray: 31946 objects as part of root set at end of initial load.
[2017.03.31-02.00.57:056][  0]LogUObjectAllocator: 6935840 out of 0 bytes used by permanent object pool.
[2017.03.31-02.00.57:056][  0]LogUObjectArray: CloseDisregardForGC: 0/0 objects in disregard for GC pool
[2017.03.31-02.00.57:120][  0]LogInit: WinSock: version 1.1 (2.2), MaxSocks=32767, MaxUdp=65467
[2017.03.31-02.00.57:998][  0]LogSlate: Using Freetype 2.6.0
[2017.03.31-02.00.57:998][  0]LogSlate: SlateFontCache - WITH_FREETYPE: 1, WITH_HARFBUZZ: 1
[2017.03.31-02.00.57:998][  0]LogSlate: SlateFontCache - WITH_FREETYPE: 1, WITH_HARFBUZZ: 1
[2017.03.31-02.00.58:784][  0]LogTcpMessaging: Initializing TcpMessaging bridge
[2017.03.31-02.00.58:822][  0]LogUdpMessaging: Initializing bridge on interface 0.0.0.0:0 to multicast group 230.0.0.1:6666.
[2017.03.31-02.00.59:129][  0]LogMaterial: Uniform references updated for custom material expression Custom.
[2017.03.31-02.00.59:512][  0]SourceControl: Info Source control is disabled
[2017.03.31-02.00.59:513][  0]SourceControl: Info Source control is disabled
[2017.03.31-02.00.59:561][  0]SourceControl: Info Source control is disabled
[2017.03.31-02.00.59:609][  0]SourceControl: Info Source control is disabled
[2017.03.31-02.01.01:214][  0]LogEngine: Initializing Engine...
[2017.03.31-02.01.01:214][  0]LogHMD: Failed to initialize OpenVR with code 110
[2017.03.31-02.01.01:445][  0]LogAIModule: Creating AISystem for world Untitled
[2017.03.31-02.01.01:451][  0]LogInit: XAudio2 using 'Speakers (Realtek High Definition Audio)' : 2 channels at 48 kHz using 32 bits per sample (channel mask 0x3)
[2017.03.31-02.01.01:479][  0]LogInit: FAudioDevice initialized.
[2017.03.31-02.01.01:505][  0]LogDerivedDataCache: Saved boot cache 0.03s 50MB C:/Users/Rupret/AppData/Local/UnrealEngine/4.14/DerivedDataCache/Boot.ddc.
[2017.03.31-02.01.01:511][  0]LogInit: Texture streaming: Enabled
[2017.03.31-02.01.01:703][  0]LogInit: Transaction tracking system initialized
[2017.03.31-02.01.02:061][  0]BlueprintLog: New page: Editor Load
[2017.03.31-02.01.02:965][  0]LocalizationService: Info Localization service is disabled
[2017.03.31-02.01.03:636][  0]LogConsoleResponse:Display: 
[2017.03.31-02.01.03:761][  0]LogCook:Display: Max memory allowance for cook 16384mb min free memory 0mb
[2017.03.31-02.01.03:761][  0]LogCook:Display: Mobile HDR setting 1
[2017.03.31-02.01.03:975][  0]LogFileCache: Scanning file cache for directory 'D:/Users/Rupret/Documents/game concepts/musicGame/musicGame04/Content/' took 0.01s
[2017.03.31-02.01.03:975][  0]LogLinker:Warning: Asset '../../../Engine/Plugins/Marketplace/InputBuffer/Content/T_InputCommandIcon.uasset' has been saved with empty engine version. The asset will be loaded but may be incompatible.
[2017.03.31-02.01.04:771][  0]SourceControl: Info Source control is disabled
[2017.03.31-02.01.04:771][  0]Cmd: MAP LOAD FILE="D:/Users/Rupret/Documents/game concepts/musicGame/musicGame04/Content/Level01.umap" TEMPLATE=0 SHOWPROGRESS=1 FEATURELEVEL=3
[2017.03.31-02.01.04:772][  0]LightingResults: New page: Lighting Build
[2017.03.31-02.01.04:814][  0]MapCheck: New page: Map Check
[2017.03.31-02.01.04:814][  0]LightingResults: New page: Lighting Build
[2017.03.31-02.01.04:883][  0]LogAIModule: Creating AISystem for world Level01
[2017.03.31-02.01.04:892][  0]LogEditorServer: Finished looking for orphan Actors (0.000 secs)
[2017.03.31-02.01.04:893][  0]Cmd: MAP CHECKDEP NOCLEARLOG
[2017.03.31-02.01.04:934][  0]MapCheck: Info Map check complete: 0 Error(s), 0 Warning(s), took 40.928ms to complete.
[2017.03.31-02.01.04:934][  0]LogFileHelpers: Loading map 'Level01' took 0.163
[2017.03.31-02.01.05:000][  0]LogWindowsTextInputMethodSystem:Display: IME system now deactivated.
[2017.03.31-02.01.05:073][  0]LogCollectionManager: Loaded 0 collections in 0.001660 seconds
[2017.03.31-02.01.05:152][  0]LogFileCache: Scanning file cache for directory 'D:/Users/Rupret/Documents/game concepts/musicGame/musicGame04/Saved/Collections/' took 0.01s
[2017.03.31-02.01.05:152][  0]LogFileCache: Scanning file cache for directory 'D:/Users/Rupret/Documents/game concepts/musicGame/musicGame04/Content/Developers/Rupret/Collections/' took 0.01s
[2017.03.31-02.01.05:152][  0]LogFileCache: Scanning file cache for directory 'D:/Users/Rupret/Documents/game concepts/musicGame/musicGame04/Content/Collections/' took 0.01s
[2017.03.31-02.01.05:152][  0]LogCollectionManager: Rebuilt the GUID cache for 0 collections in 0.000002 seconds
[2017.03.31-02.01.05:161][  0]LogContentBrowser: Native class hierarchy populated in 0.0083 seconds. Added 2207 classes and 448 folders.
[2017.03.31-02.01.05:204][  0]LogStats: UGameplayTagsManager::ConstructGameplayTagTree: Construct from data asset -  0.000 s
[2017.03.31-02.01.05:204][  0]LogStats: UGameplayTagsManager::ConstructGameplayTagTree: GameplayTagTreeChangedEvent.Broadcast -  0.000 s
[2017.03.31-02.01.05:205][  0]LogContentBrowser: Native class hierarchy updated for 'GameplayTags' in 0.0009 seconds. Added 13 classes and 0 folders.
[2017.03.31-02.01.05:269][  0]LogContentBrowser: Native class hierarchy updated for 'WidgetCarousel' in 0.0005 seconds. Added 0 classes and 0 folders.
[2017.03.31-02.01.05:306][  0]LogContentBrowser: Native class hierarchy updated for 'AddContentDialog' in 0.0004 seconds. Added 0 classes and 0 folders.
[2017.03.31-02.01.05:350][  0]LogContentBrowser: Native class hierarchy updated for 'SceneOutliner' in 0.0005 seconds. Added 1 classes and 2 folders.
[2017.03.31-02.01.05:390][  0]LogCrashTracker: Crashtracker disabled due to settings.
[2017.03.31-02.01.05:396][  0]LogUObjectGlobals:Warning: Failed to find object 'Class None.'
[2017.03.31-02.01.05:464][  0]LogContentBrowser: Native class hierarchy updated for 'HierarchicalLODOutliner' in 0.0005 seconds. Added 1 classes and 2 folders.
[2017.03.31-02.01.05:464][  0]LogLoad: (Engine Initialization) Total time: 14.31 seconds
[2017.03.31-02.01.05:464][  0]LogLoad: (Engine Initialization) Total Blueprint compile time: 0.05 seconds
[2017.03.31-02.01.05:464][  0]LogExternalProfiler: Found external profiler: VSPerf
[2017.03.31-02.01.05:464][  0]LogExternalProfiler: Using external profiler: VSPerf
[2017.03.31-02.01.05:483][  0]LogOcInput: OculusInput pre-init called
[2017.03.31-02.01.05:502][  0]LogContentStreaming: Texture pool size now 1000 MB
[2017.03.31-02.01.05:641][  0]LogRenderer: Reallocating scene render targets to support 1208x576 NumSamples 1 (Frame:2).
[2017.03.31-02.01.05:700][  1]LogAssetRegistry: Asset discovery search completed in 8.7301 seconds
[2017.03.31-02.01.05:700][  1]LogCollectionManager: Rebuilt the object cache for 0 collections in 0.000001 seconds (found 0 objects)
[2017.03.31-02.01.05:700][  1]LogCollectionManager: Fixed up redirectors for 0 collections in 0.000018 seconds (updated 0 objects)
[2017.03.31-02.01.46:178][381]Cmd: OBJ SAVEPACKAGE PACKAGE="/Game/harrisTest/floorset" FILE="D:/Users/Rupret/Documents/game concepts/musicGame/musicGame04/Content/harrisTest/floorset.uasset" SILENT=true
[2017.03.31-02.01.46:287][381]LogSavePackage: Save=105.99ms
[2017.03.31-02.01.46:287][381]LogSavePackage: Moving 'D:/Users/Rupret/Documents/game concepts/musicGame/musicGame04/Saved/floorset976392EA4F0697B82B93B0A283C015C0.tmp' to 'D:/Users/Rupret/Documents/game concepts/musicGame/musicGame04/Content/harrisTest/floorset.uasset'
[2017.03.31-02.01.46:289][381]LogSavePackage:Display: Finished SavePackage D:/Users/Rupret/Documents/game concepts/musicGame/musicGame04/Content/harrisTest/floorset.uasset
[2017.03.31-02.01.57:345][ 34]LogRenderer: Reallocating scene render targets to support 1208x924 NumSamples 1 (Frame:4431).
[2017.03.31-02.02.46:650][989]Cmd: OBJ SAVEPACKAGE PACKAGE="/Game/harrisTest/floor" FILE="D:/Users/Rupret/Documents/game concepts/musicGame/musicGame04/Content/harrisTest/floor.uasset" SILENT=true
[2017.03.31-02.02.46:660][989]LogSavePackage: Save=7.57ms
[2017.03.31-02.02.46:660][989]LogSavePackage: Moving 'D:/Users/Rupret/Documents/game concepts/musicGame/musicGame04/Saved/floorB5CB43DE4B662E56636890BFCFAE1CCF.tmp' to 'D:/Users/Rupret/Documents/game concepts/musicGame/musicGame04/Content/harrisTest/floor.uasset'
[2017.03.31-02.02.46:661][989]LogSavePackage:Display: Finished SavePackage D:/Users/Rupret/Documents/game concepts/musicGame/musicGame04/Content/harrisTest/floor.uasset
[2017.03.31-02.03.23:744][165]Cmd: OBJ SAVEPACKAGE PACKAGE="/Game/harrisTest/floorset" FILE="D:/Users/Rupret/Documents/game concepts/musicGame/musicGame04/Content/harrisTest/floorset.uasset" SILENT=true
[2017.03.31-02.03.24:051][165]LogSavePackage: Save=36.05ms
[2017.03.31-02.03.24:051][165]LogSavePackage: Moving 'D:/Users/Rupret/Documents/game concepts/musicGame/musicGame04/Saved/floorset4AD975EF4C8087F323D12C84146E1728.tmp' to 'D:/Users/Rupret/Documents/game concepts/musicGame/musicGame04/Content/harrisTest/floorset.uasset'
[2017.03.31-02.03.24:053][165]LogSavePackage:Display: Finished SavePackage D:/Users/Rupret/Documents/game concepts/musicGame/musicGame04/Content/harrisTest/floorset.uasset
[2017.03.31-02.04.28:763][  1]Cmd: OBJ SAVEPACKAGE PACKAGE="/Game/harrisTest/floorset" FILE="D:/Users/Rupret/Documents/game concepts/musicGame/musicGame04/Content/harrisTest/floorset.uasset" SILENT=true
[2017.03.31-02.04.29:210][  1]LogSavePackage: Save=444.76ms
[2017.03.31-02.04.29:210][  1]LogSavePackage: Moving 'D:/Users/Rupret/Documents/game concepts/musicGame/musicGame04/Saved/floorset21A9EADF470B3C36E9124F81E743AD1E.tmp' to 'D:/Users/Rupret/Documents/game concepts/musicGame/musicGame04/Content/harrisTest/floorset.uasset'
[2017.03.31-02.04.29:212][  1]LogSavePackage:Display: Finished SavePackage D:/Users/Rupret/Documents/game concepts/musicGame/musicGame04/Content/harrisTest/floorset.uasset
[2017.03.31-02.07.22:742][410]Cmd: TRANSACTION UNDO
[2017.03.31-02.07.22:742][410]LogEditorTransaction: Undo Tile Painting
[2017.03.31-02.08.02:533][783]Cmd: OBJ SAVEPACKAGE PACKAGE="/Game/harrisTest/floor" FILE="D:/Users/Rupret/Documents/game concepts/musicGame/musicGame04/Content/harrisTest/floor.uasset" SILENT=true
[2017.03.31-02.08.13:113][783]LogSavePackage: Save=10577.57ms
[2017.03.31-02.08.13:113][783]LogSavePackage: Moving 'D:/Users/Rupret/Documents/game concepts/musicGame/musicGame04/Saved/floor881A1E134FA680B7E7F6E3B23CF68E36.tmp' to 'D:/Users/Rupret/Documents/game concepts/musicGame/musicGame04/Content/harrisTest/floor.uasset'
[2017.03.31-02.08.13:114][783]LogSavePackage:Display: Finished SavePackage D:/Users/Rupret/Documents/game concepts/musicGame/musicGame04/Content/harrisTest/floor.uasset
[2017.03.31-02.11.44:057][ 35]Cmd: OBJ SAVEPACKAGE PACKAGE="/Game/harrisTest/floorset" FILE="D:/Users/Rupret/Documents/game concepts/musicGame/musicGame04/Content/harrisTest/floorset.uasset" SILENT=true
[2017.03.31-02.11.44:495][ 35]LogSavePackage: Save=392.36ms
[2017.03.31-02.11.44:495][ 35]LogSavePackage: Moving 'D:/Users/Rupret/Documents/game concepts/musicGame/musicGame04/Saved/floorset95C2069B4ED0E5BF7C08818E06F235CD.tmp' to 'D:/Users/Rupret/Documents/game concepts/musicGame/musicGame04/Content/harrisTest/floorset.uasset'
[2017.03.31-02.11.44:497][ 35]LogSavePackage:Display: Finished SavePackage D:/Users/Rupret/Documents/game concepts/musicGame/musicGame04/Content/harrisTest/floorset.uasset
[2017.03.31-02.13.20:922][414]Cmd: OBJ SAVEPACKAGE PACKAGE="/Game/harrisTest/floor" FILE="D:/Users/Rupret/Documents/game concepts/musicGame/musicGame04/Content/harrisTest/floor.uasset" SILENT=true
[2017.03.31-02.13.43:044][414]LogSavePackage: Save=21786.43ms
[2017.03.31-02.13.43:044][414]LogSavePackage: Moving 'D:/Users/Rupret/Documents/game concepts/musicGame/musicGame04/Saved/floorA74D6BC04A369E8CC99C99A3C643BC13.tmp' to 'D:/Users/Rupret/Documents/game concepts/musicGame/musicGame04/Content/harrisTest/floor.uasset'
[2017.03.31-02.13.43:076][414]LogSavePackage:Display: Finished SavePackage D:/Users/Rupret/Documents/game concepts/musicGame/musicGame04/Content/harrisTest/floor.uasset
[2017.03.31-02.13.58:832][107]Cmd: OBJ SAVEPACKAGE PACKAGE="/Game/harrisTest/floor" FILE="D:/Users/Rupret/Documents/game concepts/musicGame/musicGame04/Content/harrisTest/floor.uasset" SILENT=true
[2017.03.31-02.14.24:771][107]LogSavePackage: Save=25936.09ms
[2017.03.31-02.14.24:771][107]LogSavePackage: Moving 'D:/Users/Rupret/Documents/game concepts/musicGame/musicGame04/Saved/floorFFE071FD46535F95ADD05FA4D6A93283.tmp' to 'D:/Users/Rupret/Documents/game concepts/musicGame/musicGame04/Content/harrisTest/floor.uasset'
[2017.03.31-02.14.24:786][107]LogSavePackage:Display: Finished SavePackage D:/Users/Rupret/Documents/game concepts/musicGame/musicGame04/Content/harrisTest/floor.uasset
[2017.03.31-02.14.30:206][414]LogTemp: Repeting last play command: Selected Viewport
[2017.03.31-02.14.30:219][414]LogBlueprintUserMessages: Early PlayInEditor Detection: Level '/Game/Level01.Level01:PersistentLevel' has LevelScriptBlueprint '/Game/Level01.Level01:PersistentLevel.Level01' with GeneratedClass '/Game/Level01.Level01_C' with ClassGeneratedBy '/Game/Level01.Level01:PersistentLevel.Level01'
[2017.03.31-02.14.30:219][414]LogPlayLevel: PlayLevel: No blueprints needed recompiling
[2017.03.31-02.14.30:219][414]PIE: New page: PIE session: Level01 (31 Mar 2017 11:14:30 pm)
[2017.03.31-02.14.30:219][414]LogPlayLevel: Creating play world package: /Game/UEDPIE_0_Level01
[2017.03.31-02.14.30:234][414]LogPlayLevel: PIE: StaticDuplicateObject took: (0.014205s)
[2017.03.31-02.14.30:234][414]LogAIModule: Creating AISystem for world Level01
[2017.03.31-02.14.30:235][414]LogPlayLevel: PIE: World Init took: (0.000812s)
[2017.03.31-02.14.30:235][414]LogPlayLevel: PIE: Created PIE world by copying editor world from /Game/Level01.Level01 to /Game/UEDPIE_0_Level01.Level01 (0.015367s)
[2017.03.31-02.14.30:291][414]LogInit: XAudio2 using 'Speakers (Realtek High Definition Audio)' : 2 channels at 48 kHz using 32 bits per sample (channel mask 0x3)
[2017.03.31-02.14.30:301][414]LogInit: FAudioDevice initialized.
[2017.03.31-02.14.30:374][414]LogLoad: Game class is 'BasicLevelMode_C'
[2017.03.31-02.14.30:697][414]LogWorld: Bringing World /Game/UEDPIE_0_Level01.Level01 up for play (max tick rate 60) at 2017.03.31-12.44.30
[2017.03.31-02.14.30:794][414]LogWorld: Bringing up level for play took: 0.419292
[2017.03.31-02.14.30:838][414]LogContentBrowser: Native class hierarchy updated for 'MovieSceneCapture' in 0.0006 seconds. Added 11 classes and 0 folders.
[2017.03.31-02.14.30:838][414]LogGameMode:Display: Match State Changed from EnteringMap to WaitingToStart
[2017.03.31-02.14.30:838][414]LogGameState: Match State Changed from EnteringMap to WaitingToStart
[2017.03.31-02.14.30:839][414]LogGameMode:Display: Match State Changed from WaitingToStart to InProgress
[2017.03.31-02.14.30:840][414]LogGameState: Match State Changed from WaitingToStart to InProgress
[2017.03.31-02.14.30:840][414]PIE: Info Play in editor start time for /Game/UEDPIE_0_Level01 -0.102
[2017.03.31-02.14.30:840][414]LogBlueprintUserMessages: Late PlayInEditor Detection: Level '/Game/Level01.Level01:PersistentLevel' has LevelScriptBlueprint '/Game/Level01.Level01:PersistentLevel.Level01' with GeneratedClass '/Game/Level01.Level01_C' with ClassGeneratedBy '/Game/Level01.Level01:PersistentLevel.Level01'
[2017.03.31-02.14.34:596][635]LogBlueprintUserMessages: Early EndPlayMap Detection: Level '/Game/Level01.Level01:PersistentLevel' has LevelScriptBlueprint '/Game/Level01.Level01:PersistentLevel.Level01' with GeneratedClass '/Game/Level01.Level01_C' with ClassGeneratedBy '/Game/Level01.Level01:PersistentLevel.Level01'
[2017.03.31-02.14.34:653][635]LogBlueprintUserMessages: Late EndPlayMap Detection: Level '/Game/Level01.Level01:PersistentLevel' has LevelScriptBlueprint '/Game/Level01.Level01:PersistentLevel.Level01' with GeneratedClass '/Game/Level01.Level01_C' with ClassGeneratedBy '/Game/Level01.Level01:PersistentLevel.Level01'
[2017.03.31-02.14.36:377][737]LogTemp: Repeting last play command: Selected Viewport
[2017.03.31-02.14.36:387][737]LogBlueprintUserMessages: Early PlayInEditor Detection: Level '/Game/Level01.Level01:PersistentLevel' has LevelScriptBlueprint '/Game/Level01.Level01:PersistentLevel.Level01' with GeneratedClass '/Game/Level01.Level01_C' with ClassGeneratedBy '/Game/Level01.Level01:PersistentLevel.Level01'
[2017.03.31-02.14.36:387][737]LogPlayLevel: PlayLevel: No blueprints needed recompiling
[2017.03.31-02.14.36:387][737]PIE: New page: PIE session: Level01 (31 Mar 2017 11:14:36 pm)
[2017.03.31-02.14.36:387][737]LogPlayLevel: Creating play world package: /Game/UEDPIE_0_Level01
[2017.03.31-02.14.36:399][737]LogPlayLevel: PIE: StaticDuplicateObject took: (0.012634s)
[2017.03.31-02.14.36:400][737]LogAIModule: Creating AISystem for world Level01
[2017.03.31-02.14.36:400][737]LogPlayLevel: PIE: World Init took: (0.000491s)
[2017.03.31-02.14.36:400][737]LogPlayLevel: PIE: Created PIE world by copying editor world from /Game/Level01.Level01 to /Game/UEDPIE_0_Level01.Level01 (0.013368s)
[2017.03.31-02.14.36:427][737]LogInit: XAudio2 using 'Speakers (Realtek High Definition Audio)' : 2 channels at 48 kHz using 32 bits per sample (channel mask 0x3)
[2017.03.31-02.14.36:436][737]LogInit: FAudioDevice initialized.
[2017.03.31-02.14.36:471][737]LogLoad: Game class is 'BasicLevelMode_C'
[2017.03.31-02.14.36:890][737]LogWorld: Bringing World /Game/UEDPIE_0_Level01.Level01 up for play (max tick rate 60) at 2017.03.31-12.44.36
[2017.03.31-02.14.36:992][737]LogWorld: Bringing up level for play took: 0.520215
[2017.03.31-02.14.36:993][737]LogGameMode:Display: Match State Changed from EnteringMap to WaitingToStart
[2017.03.31-02.14.36:993][737]LogGameState: Match State Changed from EnteringMap to WaitingToStart
[2017.03.31-02.14.36:993][737]LogGameMode:Display: Match State Changed from WaitingToStart to InProgress
[2017.03.31-02.14.36:994][737]LogGameState: Match State Changed from WaitingToStart to InProgress
[2017.03.31-02.14.36:994][737]PIE: Info Play in editor start time for /Game/UEDPIE_0_Level01 0.052
[2017.03.31-02.14.36:994][737]LogBlueprintUserMessages: Late PlayInEditor Detection: Level '/Game/Level01.Level01:PersistentLevel' has LevelScriptBlueprint '/Game/Level01.Level01:PersistentLevel.Level01' with GeneratedClass '/Game/Level01.Level01_C' with ClassGeneratedBy '/Game/Level01.Level01:PersistentLevel.Level01'
[2017.03.31-02.14.38:441][820]LogBlueprintUserMessages: Early EndPlayMap Detection: Level '/Game/Level01.Level01:PersistentLevel' has LevelScriptBlueprint '/Game/Level01.Level01:PersistentLevel.Level01' with GeneratedClass '/Game/Level01.Level01_C' with ClassGeneratedBy '/Game/Level01.Level01:PersistentLevel.Level01'
[2017.03.31-02.14.38:499][820]LogBlueprintUserMessages: Late EndPlayMap Detection: Level '/Game/Level01.Level01:PersistentLevel' has LevelScriptBlueprint '/Game/Level01.Level01:PersistentLevel.Level01' with GeneratedClass '/Game/Level01.Level01_C' with ClassGeneratedBy '/Game/Level01.Level01:PersistentLevel.Level01'
[2017.03.31-02.14.39:141][857]LogEditorViewport: Clicking on Actor (LMB): PaperTileMapActor (floor)
[2017.03.31-02.14.52:696][617]LogTemp: Repeting last play command: Selected Viewport
[2017.03.31-02.14.52:707][617]LogBlueprintUserMessages: Early PlayInEditor Detection: Level '/Game/Level01.Level01:PersistentLevel' has LevelScriptBlueprint '/Game/Level01.Level01:PersistentLevel.Level01' with GeneratedClass '/Game/Level01.Level01_C' with ClassGeneratedBy '/Game/Level01.Level01:PersistentLevel.Level01'
[2017.03.31-02.14.52:707][617]LogPlayLevel: PlayLevel: No blueprints needed recompiling
[2017.03.31-02.14.52:707][617]PIE: New page: PIE session: Level01 (31 Mar 2017 11:14:52 pm)
[2017.03.31-02.14.52:707][617]LogPlayLevel: Creating play world package: /Game/UEDPIE_0_Level01
[2017.03.31-02.14.52:719][617]LogPlayLevel: PIE: StaticDuplicateObject took: (0.011871s)
[2017.03.31-02.14.52:719][617]LogAIModule: Creating AISystem for world Level01
[2017.03.31-02.14.52:720][617]LogPlayLevel: PIE: World Init took: (0.000484s)
[2017.03.31-02.14.52:720][617]LogPlayLevel: PIE: Created PIE world by copying editor world from /Game/Level01.Level01 to /Game/UEDPIE_0_Level01.Level01 (0.012588s)
[2017.03.31-02.14.52:750][617]LogInit: XAudio2 using 'Speakers (Realtek High Definition Audio)' : 2 channels at 48 kHz using 32 bits per sample (channel mask 0x3)
[2017.03.31-02.14.52:759][617]LogInit: FAudioDevice initialized.
[2017.03.31-02.14.52:787][617]LogLoad: Game class is 'BasicLevelMode_C'
[2017.03.31-02.14.53:101][617]LogWorld: Bringing World /Game/UEDPIE_0_Level01.Level01 up for play (max tick rate 60) at 2017.03.31-12.44.53
[2017.03.31-02.14.53:197][617]LogWorld: Bringing up level for play took: 0.409081
[2017.03.31-02.14.53:198][617]LogGameMode:Display: Match State Changed from EnteringMap to WaitingToStart
[2017.03.31-02.14.53:198][617]LogGameState: Match State Changed from EnteringMap to WaitingToStart
[2017.03.31-02.14.53:198][617]LogGameMode:Display: Match State Changed from WaitingToStart to InProgress
[2017.03.31-02.14.53:199][617]LogGameState: Match State Changed from WaitingToStart to InProgress
[2017.03.31-02.14.53:199][617]PIE: Info Play in editor start time for /Game/UEDPIE_0_Level01 0.257
[2017.03.31-02.14.53:199][617]LogBlueprintUserMessages: Late PlayInEditor Detection: Level '/Game/Level01.Level01:PersistentLevel' has LevelScriptBlueprint '/Game/Level01.Level01:PersistentLevel.Level01' with GeneratedClass '/Game/Level01.Level01_C' with ClassGeneratedBy '/Game/Level01.Level01:PersistentLevel.Level01'
[2017.03.31-02.14.58:696][943]LogBlueprintUserMessages: Early EndPlayMap Detection: Level '/Game/Level01.Level01:PersistentLevel' has LevelScriptBlueprint '/Game/Level01.Level01:PersistentLevel.Level01' with GeneratedClass '/Game/Level01.Level01_C' with ClassGeneratedBy '/Game/Level01.Level01:PersistentLevel.Level01'
[2017.03.31-02.14.59:538][943]LogBlueprintUserMessages: Late EndPlayMap Detection: Level '/Game/Level01.Level01:PersistentLevel' has LevelScriptBlueprint '/Game/Level01.Level01:PersistentLevel.Level01' with GeneratedClass '/Game/Level01.Level01_C' with ClassGeneratedBy '/Game/Level01.Level01:PersistentLevel.Level01'
[2017.03.31-02.15.27:796][945]Cmd: OBJ SAVEPACKAGE PACKAGE="/Game/harrisTest/floor" FILE="D:/Users/Rupret/Documents/game concepts/musicGame/musicGame04/Content/harrisTest/floor.uasset" SILENT=true
[2017.03.31-02.15.50:205][945]LogSavePackage: Save=22406.96ms
[2017.03.31-02.15.50:205][945]LogSavePackage: Moving 'D:/Users/Rupret/Documents/game concepts/musicGame/musicGame04/Saved/floor682251864D89B7ADADBC71AC89975CDF.tmp' to 'D:/Users/Rupret/Documents/game concepts/musicGame/musicGame04/Content/harrisTest/floor.uasset'
[2017.03.31-02.15.50:220][945]LogSavePackage:Display: Finished SavePackage D:/Users/Rupret/Documents/game concepts/musicGame/musicGame04/Content/harrisTest/floor.uasset
[2017.03.31-02.15.58:933][365]LogTemp: Repeting last play command: Selected Viewport
[2017.03.31-02.15.58:943][365]LogBlueprintUserMessages: Early PlayInEditor Detection: Level '/Game/Level01.Level01:PersistentLevel' has LevelScriptBlueprint '/Game/Level01.Level01:PersistentLevel.Level01' with GeneratedClass '/Game/Level01.Level01_C' with ClassGeneratedBy '/Game/Level01.Level01:PersistentLevel.Level01'
[2017.03.31-02.15.58:943][365]LogPlayLevel: PlayLevel: No blueprints needed recompiling
[2017.03.31-02.15.58:943][365]PIE: New page: PIE session: Level01 (31 Mar 2017 11:15:58 pm)
[2017.03.31-02.15.58:943][365]LogPlayLevel: Creating play world package: /Game/UEDPIE_0_Level01
[2017.03.31-02.15.58:956][365]LogPlayLevel: PIE: StaticDuplicateObject took: (0.012839s)
[2017.03.31-02.15.58:956][365]LogAIModule: Creating AISystem for world Level01
[2017.03.31-02.15.58:957][365]LogPlayLevel: PIE: World Init took: (0.000665s)
[2017.03.31-02.15.58:957][365]LogPlayLevel: PIE: Created PIE world by copying editor world from /Game/Level01.Level01 to /Game/UEDPIE_0_Level01.Level01 (0.013814s)
[2017.03.31-02.15.58:979][365]LogInit: XAudio2 using 'Speakers (Realtek High Definition Audio)' : 2 channels at 48 kHz using 32 bits per sample (channel mask 0x3)
[2017.03.31-02.15.58:989][365]LogInit: FAudioDevice initialized.
[2017.03.31-02.15.59:018][365]LogLoad: Game class is 'BasicLevelMode_C'
[2017.03.31-02.15.59:337][365]LogWorld: Bringing World /Game/UEDPIE_0_Level01.Level01 up for play (max tick rate 60) at 2017.03.31-12.45.59
[2017.03.31-02.15.59:436][365]LogWorld: Bringing up level for play took: 0.416470
[2017.03.31-02.15.59:437][365]LogGameMode:Display: Match State Changed from EnteringMap to WaitingToStart
[2017.03.31-02.15.59:437][365]LogGameState: Match State Changed from EnteringMap to WaitingToStart
[2017.03.31-02.15.59:437][365]LogGameMode:Display: Match State Changed from WaitingToStart to InProgress
[2017.03.31-02.15.59:438][365]LogGameState: Match State Changed from WaitingToStart to InProgress
[2017.03.31-02.15.59:438][365]PIE: Info Play in editor start time for /Game/UEDPIE_0_Level01 0.496
[2017.03.31-02.15.59:438][365]LogBlueprintUserMessages: Late PlayInEditor Detection: Level '/Game/Level01.Level01:PersistentLevel' has LevelScriptBlueprint '/Game/Level01.Level01:PersistentLevel.Level01' with GeneratedClass '/Game/Level01.Level01_C' with ClassGeneratedBy '/Game/Level01.Level01:PersistentLevel.Level01'
[2017.03.31-02.16.03:892][629]LogBlueprintUserMessages: Early EndPlayMap Detection: Level '/Game/Level01.Level01:PersistentLevel' has LevelScriptBlueprint '/Game/Level01.Level01:PersistentLevel.Level01' with GeneratedClass '/Game/Level01.Level01_C' with ClassGeneratedBy '/Game/Level01.Level01:PersistentLevel.Level01'
[2017.03.31-02.16.04:760][629]LogBlueprintUserMessages: Late EndPlayMap Detection: Level '/Game/Level01.Level01:PersistentLevel' has LevelScriptBlueprint '/Game/Level01.Level01:PersistentLevel.Level01' with GeneratedClass '/Game/Level01.Level01_C' with ClassGeneratedBy '/Game/Level01.Level01:PersistentLevel.Level01'
[2017.03.31-02.16.17:178][ 86]LogWindows: Windows GetLastError: The operation completed successfully. (0)
